2018-03-28 10:40:19.323 [http-nio-8004-exec-1] ERROR com.fengmangbilu.web.DefaultExceptionHandler - org.springframework.security.access.AccessDeniedException: 不允许访问:Response(code=500, data=null, message=不允许访问, success=false)
2018-03-28 10:42:16.507 [http-nio-8004-exec-5] ERROR com.fengmangbilu.web.DefaultExceptionHandler - org.springframework.security.access.AccessDeniedException: 不允许访问:Response(code=500, data=null, message=不允许访问, success=false)
2018-03-28 10:42:18.843 [http-nio-8004-exec-10] ERROR com.fengmangbilu.web.DefaultExceptionHandler - org.springframework.security.access.AccessDeniedException: 不允许访问:Response(code=500, data=null, message=不允许访问, success=false)
2018-03-28 10:44:35.396 [http-nio-8004-exec-6] ERROR com.fengmangbilu.web.DefaultExceptionHandler - org.springframework.security.access.AccessDeniedException: 不允许访问:Response(code=500, data=null, message=不允许访问, success=false)
2018-03-28 10:44:36.009 [http-nio-8004-exec-7] ERROR com.fengmangbilu.web.DefaultExceptionHandler - org.springframework.security.access.AccessDeniedException: 不允许访问:Response(code=500, data=null, message=不允许访问, success=false)
2018-03-28 10:44:40.916 [http-nio-8004-exec-8] ERROR com.fengmangbilu.web.DefaultExceptionHandler - org.springframework.security.access.AccessDeniedException: 不允许访问:Response(code=500, data=null, message=不允许访问, success=false)
2018-03-28 10:45:08.049 [http-nio-8004-exec-1] ERROR com.fengmangbilu.web.DefaultExceptionHandler - org.springframework.security.access.AccessDeniedException: 不允许访问:Response(code=500, data=null, message=不允许访问, success=false)
2018-03-28 10:45:32.247 [http-nio-8004-exec-2] ERROR com.fengmangbilu.web.DefaultExceptionHandler - org.springframework.security.access.AccessDeniedException: 不允许访问:Response(code=500, data=null, message=不允许访问, success=false)
2018-03-28 10:47:49.834 [http-nio-8004-exec-4] ERROR com.fengmangbilu.web.DefaultExceptionHandler - org.springframework.security.access.AccessDeniedException: 不允许访问:Response(code=500, data=null, message=不允许访问, success=false)
2018-03-28 10:48:27.692 [http-nio-8004-exec-9] ERROR com.fengmangbilu.web.DefaultExceptionHandler - org.springframework.security.access.AccessDeniedException: 不允许访问:Response(code=500, data=null, message=不允许访问, success=false)
2018-03-28 10:51:02.241 [http-nio-8004-exec-1] ERROR com.fengmangbilu.web.DefaultExceptionHandler - org.springframework.security.access.AccessDeniedException: 不允许访问:Response(code=500, data=null, message=不允许访问, success=false)
2018-03-28 10:54:08.515 [http-nio-8004-exec-2] ERROR com.fengmangbilu.web.DefaultExceptionHandler - org.springframework.security.access.AccessDeniedException: 不允许访问:Response(code=500, data=null, message=不允许访问, success=false)
2018-03-28 10:54:35.495 [http-nio-8004-exec-3] ERROR com.fengmangbilu.web.DefaultExceptionHandler - org.springframework.security.access.AccessDeniedException: 不允许访问:Response(code=500, data=null, message=不允许访问, success=false)
2018-03-28 11:03:51.691 [http-nio-8004-exec-10] ERROR com.fengmangbilu.web.DefaultExceptionHandler - org.springframework.security.access.AccessDeniedException: 不允许访问:Response(code=500, data=null, message=不允许访问, success=false)
2018-03-28 11:05:21.168 [http-nio-8004-exec-1] ERROR com.fengmangbilu.web.DefaultExceptionHandler - org.springframework.security.access.AccessDeniedException: 不允许访问:Response(code=500, data=null, message=不允许访问, success=false)
2018-03-28 11:06:03.150 [http-nio-8004-exec-2] ERROR com.fengmangbilu.web.DefaultExceptionHandler - org.springframework.security.access.AccessDeniedException: 不允许访问:Response(code=500, data=null, message=不允许访问, success=false)
2018-03-28 11:06:30.379 [http-nio-8004-exec-3] ERROR com.fengmangbilu.web.DefaultExceptionHandler - org.springframework.security.access.AccessDeniedException: 不允许访问:Response(code=500, data=null, message=不允许访问, success=false)
2018-03-28 11:06:58.129 [http-nio-8004-exec-4] ERROR com.fengmangbilu.web.DefaultExceptionHandler - org.springframework.security.access.AccessDeniedException: 不允许访问:Response(code=500, data=null, message=不允许访问, success=false)
2018-03-28 11:09:59.813 [http-nio-8004-exec-5] ERROR com.fengmangbilu.web.DefaultExceptionHandler - org.springframework.security.access.AccessDeniedException: 不允许访问:Response(code=500, data=null, message=不允许访问, success=false)
2018-03-28 11:11:35.766 [http-nio-8004-exec-6] ERROR com.fengmangbilu.web.DefaultExceptionHandler - org.springframework.security.access.AccessDeniedException: 不允许访问:Response(code=500, data=null, message=不允许访问, success=false)
2018-03-28 16:00:04.712 [DiscoveryClient-CacheRefreshExecutor-0] ERROR com.netflix.discovery.shared.transport.decorator.RedirectingEurekaHttpClient - Request execution error
com.sun.jersey.api.client.ClientHandlerException: org.apache.http.conn.ConnectTimeoutException: Connect to 120.25.235.28:8761 timed out
	at com.sun.jersey.client.apache4.ApacheHttpClient4Handler.handle(ApacheHttpClient4Handler.java:187)
	at com.sun.jersey.api.client.filter.GZIPContentEncodingFilter.handle(GZIPContentEncodingFilter.java:123)
	at com.netflix.discovery.EurekaIdentityHeaderFilter.handle(EurekaIdentityHeaderFilter.java:27)
	at com.sun.jersey.api.client.Client.handle(Client.java:652)
	at com.sun.jersey.api.client.WebResource.handle(WebResource.java:682)
	at com.sun.jersey.api.client.WebResource.access$200(WebResource.java:74)
	at com.sun.jersey.api.client.WebResource$Builder.get(WebResource.java:509)
	at com.netflix.discovery.shared.transport.jersey.AbstractJerseyEurekaHttpClient.getApplicationsInternal(AbstractJerseyEurekaHttpClient.java:194)
	at com.netflix.discovery.shared.transport.jersey.AbstractJerseyEurekaHttpClient.getDelta(AbstractJerseyEurekaHttpClient.java:170)
	at com.netflix.discovery.shared.transport.decorator.EurekaHttpClientDecorator$7.execute(EurekaHttpClientDecorator.java:152)
	at com.netflix.discovery.shared.transport.decorator.MetricsCollectingEurekaHttpClient.execute(MetricsCollectingEurekaHttpClient.java:73)
	at com.netflix.discovery.shared.transport.decorator.EurekaHttpClientDecorator.getDelta(EurekaHttpClientDecorator.java:149)
	at com.netflix.discovery.shared.transport.decorator.EurekaHttpClientDecorator$7.execute(EurekaHttpClientDecorator.java:152)
	at com.netflix.discovery.shared.transport.decorator.RedirectingEurekaHttpClient.execute(RedirectingEurekaHttpClient.java:89)
	at com.netflix.discovery.shared.transport.decorator.EurekaHttpClientDecorator.getDelta(EurekaHttpClientDecorator.java:149)
	at com.netflix.discovery.shared.transport.decorator.EurekaHttpClientDecorator$7.execute(EurekaHttpClientDecorator.java:152)
	at com.netflix.discovery.shared.transport.decorator.RetryableEurekaHttpClient.execute(RetryableEurekaHttpClient.java:119)
	at com.netflix.discovery.shared.transport.decorator.EurekaHttpClientDecorator.getDelta(EurekaHttpClientDecorator.java:149)
	at com.netflix.discovery.shared.transport.decorator.EurekaHttpClientDecorator$7.execute(EurekaHttpClientDecorator.java:152)
	at com.netflix.discovery.shared.transport.decorator.SessionedEurekaHttpClient.execute(SessionedEurekaHttpClient.java:77)
	at com.netflix.discovery.shared.transport.decorator.EurekaHttpClientDecorator.getDelta(EurekaHttpClientDecorator.java:149)
	at com.netflix.discovery.DiscoveryClient.getAndUpdateDelta(DiscoveryClient.java:1056)
	at com.netflix.discovery.DiscoveryClient.fetchRegistry(DiscoveryClient.java:938)
	at com.netflix.discovery.DiscoveryClient.refreshRegistry(DiscoveryClient.java:1460)
	at com.netflix.discovery.DiscoveryClient$CacheRefreshThread.run(DiscoveryClient.java:1427)
	at java.util.concurrent.Executors$RunnableAdapter.call(Executors.java:511)
	at java.util.concurrent.FutureTask.run(FutureTask.java:266)
	at java.util.concurrent.ThreadPoolExecutor.runWorker(ThreadPoolExecutor.java:1142)
	at java.util.concurrent.ThreadPoolExecutor$Worker.run(ThreadPoolExecutor.java:617)
	at java.lang.Thread.run(Thread.java:748)
Caused by: org.apache.http.conn.ConnectTimeoutException: Connect to 120.25.235.28:8761 timed out
	at org.apache.http.conn.scheme.PlainSocketFactory.connectSocket(PlainSocketFactory.java:123)
	at org.apache.http.impl.conn.DefaultClientConnectionOperator.openConnection(DefaultClientConnectionOperator.java:180)
	at org.apache.http.impl.conn.AbstractPoolEntry.open(AbstractPoolEntry.java:144)
	at org.apache.http.impl.conn.AbstractPooledConnAdapter.open(AbstractPooledConnAdapter.java:134)
	at org.apache.http.impl.client.DefaultRequestDirector.tryConnect(DefaultRequestDirector.java:610)
	at org.apache.http.impl.client.DefaultRequestDirector.execute(DefaultRequestDirector.java:445)
	at org.apache.http.impl.client.AbstractHttpClient.doExecute(AbstractHttpClient.java:835)
	at org.apache.http.impl.client.CloseableHttpClient.execute(CloseableHttpClient.java:118)
	at org.apache.http.impl.client.CloseableHttpClient.execute(CloseableHttpClient.java:56)
	at com.sun.jersey.client.apache4.ApacheHttpClient4Handler.handle(ApacheHttpClient4Handler.java:173)
	... 29 common frames omitted
