2018-04-02 13:07:23.152 [main] INFO  org.springframework.context.annotation.AnnotationConfigApplicationContext - Refreshing org.springframework.context.annotation.AnnotationConfigApplicationContext@2c532cd8: startup date [Mon Apr 02 13:07:23 CST 2018]; root of context hierarchy
2018-04-02 13:07:23.385 [background-preinit] INFO  org.hibernate.validator.internal.util.Version - HV000001: Hibernate Validator 5.3.6.Final
2018-04-02 13:07:23.405 [main] INFO  org.springframework.beans.factory.annotation.AutowiredAnnotationBeanPostProcessor - JSR-330 'javax.inject.Inject' annotation found and supported for autowiring
2018-04-02 13:07:23.466 [main] INFO  org.springframework.context.support.PostProcessorRegistrationDelegate$BeanPostProcessorChecker - Bean 'configurationPropertiesRebinderAutoConfiguration' of type [org.springframework.cloud.autoconfigure.ConfigurationPropertiesRebinderAutoConfiguration$$EnhancerBySpringCGLIB$$f4ba589] is not eligible for getting processed by all BeanPostProcessors (for example: not eligible for auto-proxying)
2018-04-02 13:07:23.673 [main] INFO  org.hibernate.validator.internal.xml.ValidationXmlParser - HV000007: META-INF/validation.xml found. Parsing XML based configuration.
2018-04-02 13:07:23.727 [main] INFO  org.hibernate.validator.internal.xml.ValidationBootstrapParameters - HV000004: Using com.fengmangbilu.validator.i18n.ValidationMessageInterpolator as message interpolator.
2018-04-02 13:07:23.728 [main] INFO  org.hibernate.validator.internal.xml.ValidationBootstrapParameters - HV000119: Using com.fengmangbilu.validator.provider.ReportOnParameterNameProvider as parameter name provider.
2018-04-02 13:07:24.051 [main] INFO  com.fengmangbilu.microservice.oa.OaApplication - No active profile set, falling back to default profiles: default
2018-04-02 13:07:24.090 [main] INFO  org.springframework.boot.context.embedded.AnnotationConfigEmbeddedWebApplicationContext - Refreshing org.springframework.boot.context.embedded.AnnotationConfigEmbeddedWebApplicationContext@b8e246c: startup date [Mon Apr 02 13:07:24 CST 2018]; parent: org.springframework.context.annotation.AnnotationConfigApplicationContext@2c532cd8
2018-04-02 13:07:25.294 [main] INFO  org.springframework.data.repository.config.RepositoryConfigurationDelegate - Multiple Spring Data modules found, entering strict repository configuration mode!
2018-04-02 13:07:25.690 [main] INFO  org.springframework.integration.config.IntegrationRegistrar - No bean named 'integrationHeaderChannelRegistry' has been explicitly defined. Therefore, a default DefaultHeaderChannelRegistry will be created.
2018-04-02 13:07:25.786 [main] INFO  org.springframework.data.repository.config.RepositoryConfigurationDelegate - Multiple Spring Data modules found, entering strict repository configuration mode!
2018-04-02 13:07:25.851 [main] INFO  org.springframework.data.repository.config.RepositoryConfigurationExtensionSupport - Spring Data Redis - Could not safely identify store assignment for repository candidate interface com.fengmangbilu.microservice.oa.repositories.CorporateShareholderRepository.
2018-04-02 13:07:25.852 [main] INFO  org.springframework.data.repository.config.RepositoryConfigurationExtensionSupport - Spring Data Redis - Could not safely identify store assignment for repository candidate interface com.fengmangbilu.microservice.oa.repositories.CorporateManagerRepository.
2018-04-02 13:07:25.852 [main] INFO  org.springframework.data.repository.config.RepositoryConfigurationExtensionSupport - Spring Data Redis - Could not safely identify store assignment for repository candidate interface com.fengmangbilu.microservice.oa.repositories.IdCardInfoRepository.
2018-04-02 13:07:25.853 [main] INFO  org.springframework.data.repository.config.RepositoryConfigurationExtensionSupport - Spring Data Redis - Could not safely identify store assignment for repository candidate interface com.fengmangbilu.microservice.oa.repositories.RiskZxsInfoRepository.
2018-04-02 13:07:25.853 [main] INFO  org.springframework.data.repository.config.RepositoryConfigurationExtensionSupport - Spring Data Redis - Could not safely identify store assignment for repository candidate interface com.fengmangbilu.microservice.oa.repositories.EducationInfoRepository.
2018-04-02 13:07:25.854 [main] INFO  org.springframework.data.repository.config.RepositoryConfigurationExtensionSupport - Spring Data Redis - Could not safely identify store assignment for repository candidate interface com.fengmangbilu.microservice.oa.repositories.OstaInfoRepository.
2018-04-02 13:07:25.854 [main] INFO  org.springframework.data.repository.config.RepositoryConfigurationExtensionSupport - Spring Data Redis - Could not safely identify store assignment for repository candidate interface com.fengmangbilu.microservice.oa.repositories.DeptInfoRepository.
2018-04-02 13:07:25.854 [main] INFO  org.springframework.data.repository.config.RepositoryConfigurationExtensionSupport - Spring Data Redis - Could not safely identify store assignment for repository candidate interface com.fengmangbilu.microservice.oa.repositories.CompanyInfoRepository.
2018-04-02 13:07:25.855 [main] INFO  org.springframework.data.repository.config.RepositoryConfigurationExtensionSupport - Spring Data Redis - Could not safely identify store assignment for repository candidate interface com.fengmangbilu.microservice.oa.repositories.RiskInfoRepository.
2018-04-02 13:07:25.855 [main] INFO  org.springframework.data.repository.config.RepositoryConfigurationExtensionSupport - Spring Data Redis - Could not safely identify store assignment for repository candidate interface com.fengmangbilu.microservice.oa.repositories.RiskSwsInfoRepository.
2018-04-02 13:07:25.856 [main] INFO  org.springframework.data.repository.config.RepositoryConfigurationExtensionSupport - Spring Data Redis - Could not safely identify store assignment for repository candidate interface com.fengmangbilu.microservice.oa.repositories.SchoolInfoRepository.
2018-04-02 13:07:25.856 [main] INFO  org.springframework.data.repository.config.RepositoryConfigurationExtensionSupport - Spring Data Redis - Could not safely identify store assignment for repository candidate interface com.fengmangbilu.microservice.oa.repositories.CorporateRepository.
2018-04-02 13:07:25.857 [main] INFO  org.springframework.data.repository.config.RepositoryConfigurationExtensionSupport - Spring Data Redis - Could not safely identify store assignment for repository candidate interface com.fengmangbilu.microservice.oa.repositories.ReportPushInfoRepository.
2018-04-02 13:07:25.857 [main] INFO  org.springframework.data.repository.config.RepositoryConfigurationExtensionSupport - Spring Data Redis - Could not safely identify store assignment for repository candidate interface com.fengmangbilu.microservice.oa.repositories.PersonInfoRepository.
2018-04-02 13:07:25.857 [main] INFO  org.springframework.data.repository.config.RepositoryConfigurationExtensionSupport - Spring Data Redis - Could not safely identify store assignment for repository candidate interface com.fengmangbilu.microservice.oa.repositories.CompanyAuthRepository.
2018-04-02 13:07:25.858 [main] INFO  org.springframework.data.repository.config.RepositoryConfigurationExtensionSupport - Spring Data Redis - Could not safely identify store assignment for repository candidate interface com.fengmangbilu.microservice.oa.repositories.ReportInfoRepository.
2018-04-02 13:07:25.859 [main] INFO  org.springframework.data.repository.config.RepositoryConfigurationExtensionSupport - Spring Data Redis - Could not safely identify store assignment for repository candidate interface com.fengmangbilu.microservice.oa.repositories.RiskAssessInfoRepository.
2018-04-02 13:07:25.859 [main] INFO  org.springframework.data.repository.config.RepositoryConfigurationExtensionSupport - Spring Data Redis - Could not safely identify store assignment for repository candidate interface com.fengmangbilu.microservice.oa.repositories.RiskAlsInfoRepository.
2018-04-02 13:07:25.859 [main] INFO  org.springframework.data.repository.config.RepositoryConfigurationExtensionSupport - Spring Data Redis - Could not safely identify store assignment for repository candidate interface com.fengmangbilu.microservice.oa.repositories.MobileInfoRepository.
2018-04-02 13:07:25.860 [main] INFO  org.springframework.data.repository.config.RepositoryConfigurationExtensionSupport - Spring Data Redis - Could not safely identify store assignment for repository candidate interface com.fengmangbilu.microservice.oa.repositories.EnterpriseInfoRepository.
2018-04-02 13:07:25.860 [main] INFO  org.springframework.data.repository.config.RepositoryConfigurationExtensionSupport - Spring Data Redis - Could not safely identify store assignment for repository candidate interface com.fengmangbilu.microservice.oa.repositories.CorporateCaseInfoRepository.
2018-04-02 13:07:25.861 [main] INFO  org.springframework.data.repository.config.RepositoryConfigurationExtensionSupport - Spring Data Redis - Could not safely identify store assignment for repository candidate interface com.fengmangbilu.microservice.oa.repositories.RiskCqsInfoRepository.
2018-04-02 13:07:25.861 [main] INFO  org.springframework.data.repository.config.RepositoryConfigurationExtensionSupport - Spring Data Redis - Could not safely identify store assignment for repository candidate interface com.fengmangbilu.microservice.oa.repositories.RiskWdyqsInfoRepository.
2018-04-02 13:07:25.861 [main] INFO  org.springframework.data.repository.config.RepositoryConfigurationExtensionSupport - Spring Data Redis - Could not safely identify store assignment for repository candidate interface com.fengmangbilu.microservice.oa.repositories.StaffInfoRepository.
2018-04-02 13:07:25.862 [main] INFO  org.springframework.data.repository.config.RepositoryConfigurationExtensionSupport - Spring Data Redis - Could not safely identify store assignment for repository candidate interface com.fengmangbilu.microservice.oa.repositories.RiskSxsInfoRepository.
2018-04-02 13:07:26.984 [main] INFO  org.springframework.cloud.context.scope.GenericScope - BeanFactory id=2850120d-2b25-3884-ac5b-5704cd78925d
2018-04-02 13:07:27.036 [main] INFO  org.springframework.integration.config.DefaultConfiguringBeanFactoryPostProcessor - No bean named 'errorChannel' has been explicitly defined. Therefore, a default PublishSubscribeChannel will be created.
2018-04-02 13:07:27.039 [main] INFO  org.springframework.integration.config.DefaultConfiguringBeanFactoryPostProcessor - No bean named 'taskScheduler' has been explicitly defined. Therefore, a default ThreadPoolTaskScheduler will be created.
2018-04-02 13:07:27.052 [main] INFO  org.springframework.beans.factory.annotation.AutowiredAnnotationBeanPostProcessor - JSR-330 'javax.inject.Inject' annotation found and supported for autowiring
2018-04-02 13:07:27.162 [main] INFO  org.springframework.context.support.PostProcessorRegistrationDelegate$BeanPostProcessorChecker - Bean 'com.fengmangbilu.microservice.oa.clients.UserClient' of type [org.springframework.cloud.netflix.feign.FeignClientFactoryBean] is not eligible for getting processed by all BeanPostProcessors (for example: not eligible for auto-proxying)
2018-04-02 13:07:27.212 [main] INFO  org.springframework.context.support.PostProcessorRegistrationDelegate$BeanPostProcessorChecker - Bean 'org.springframework.amqp.rabbit.annotation.RabbitBootstrapConfiguration' of type [org.springframework.amqp.rabbit.annotation.RabbitBootstrapConfiguration$$EnhancerBySpringCGLIB$$b99d60ba] is not eligible for getting processed by all BeanPostProcessors (for example: not eligible for auto-proxying)
2018-04-02 13:07:27.412 [main] INFO  org.springframework.context.support.PostProcessorRegistrationDelegate$BeanPostProcessorChecker - Bean 'org.springframework.transaction.annotation.ProxyTransactionManagementConfiguration' of type [org.springframework.transaction.annotation.ProxyTransactionManagementConfiguration$$EnhancerBySpringCGLIB$$f331a28c] is not eligible for getting processed by all BeanPostProcessors (for example: not eligible for auto-proxying)
2018-04-02 13:07:27.643 [main] INFO  org.springframework.context.support.PostProcessorRegistrationDelegate$BeanPostProcessorChecker - Bean 'org.springframework.security.config.annotation.configuration.ObjectPostProcessorConfiguration' of type [org.springframework.security.config.annotation.configuration.ObjectPostProcessorConfiguration$$EnhancerBySpringCGLIB$$8bdf6ac6] is not eligible for getting processed by all BeanPostProcessors (for example: not eligible for auto-proxying)
2018-04-02 13:07:27.662 [main] INFO  org.springframework.context.support.PostProcessorRegistrationDelegate$BeanPostProcessorChecker - Bean 'objectPostProcessor' of type [org.springframework.security.config.annotation.configuration.AutowireBeanFactoryObjectPostProcessor] is not eligible for getting processed by all BeanPostProcessors (for example: not eligible for auto-proxying)
2018-04-02 13:07:27.665 [main] INFO  org.springframework.context.support.PostProcessorRegistrationDelegate$BeanPostProcessorChecker - Bean 'org.springframework.security.access.expression.method.DefaultMethodSecurityExpressionHandler@74a5bef0' of type [org.springframework.security.access.expression.method.DefaultMethodSecurityExpressionHandler] is not eligible for getting processed by all BeanPostProcessors (for example: not eligible for auto-proxying)
2018-04-02 13:07:27.679 [main] INFO  org.springframework.context.support.PostProcessorRegistrationDelegate$BeanPostProcessorChecker - Bean 'org.springframework.security.config.annotation.method.configuration.Jsr250MetadataSourceConfiguration' of type [org.springframework.security.config.annotation.method.configuration.Jsr250MetadataSourceConfiguration$$EnhancerBySpringCGLIB$$d609258e] is not eligible for getting processed by all BeanPostProcessors (for example: not eligible for auto-proxying)
2018-04-02 13:07:27.688 [main] INFO  org.springframework.context.support.PostProcessorRegistrationDelegate$BeanPostProcessorChecker - Bean 'jsr250MethodSecurityMetadataSource' of type [org.springframework.security.access.annotation.Jsr250MethodSecurityMetadataSource] is not eligible for getting processed by all BeanPostProcessors (for example: not eligible for auto-proxying)
2018-04-02 13:07:27.695 [main] INFO  org.springframework.context.support.PostProcessorRegistrationDelegate$BeanPostProcessorChecker - Bean 'org.springframework.security.config.annotation.method.configuration.GlobalMethodSecurityConfiguration' of type [org.springframework.security.config.annotation.method.configuration.GlobalMethodSecurityConfiguration$$EnhancerBySpringCGLIB$$b0b40d78] is not eligible for getting processed by all BeanPostProcessors (for example: not eligible for auto-proxying)
2018-04-02 13:07:27.713 [main] INFO  org.springframework.context.support.PostProcessorRegistrationDelegate$BeanPostProcessorChecker - Bean 'methodSecurityMetadataSource' of type [org.springframework.security.access.method.DelegatingMethodSecurityMetadataSource] is not eligible for getting processed by all BeanPostProcessors (for example: not eligible for auto-proxying)
2018-04-02 13:07:27.742 [main] INFO  org.springframework.context.support.PostProcessorRegistrationDelegate$BeanPostProcessorChecker - Bean 'org.springframework.cloud.netflix.metrics.MetricsInterceptorConfiguration$MetricsRestTemplateConfiguration' of type [org.springframework.cloud.netflix.metrics.MetricsInterceptorConfiguration$MetricsRestTemplateConfiguration$$EnhancerBySpringCGLIB$$255e48cd] is not eligible for getting processed by all BeanPostProcessors (for example: not eligible for auto-proxying)
2018-04-02 13:07:27.811 [main] INFO  org.springframework.context.support.PostProcessorRegistrationDelegate$BeanPostProcessorChecker - Bean 'integrationGlobalProperties' of type [org.springframework.beans.factory.config.PropertiesFactoryBean] is not eligible for getting processed by all BeanPostProcessors (for example: not eligible for auto-proxying)
2018-04-02 13:07:27.817 [main] INFO  org.springframework.context.support.PostProcessorRegistrationDelegate$BeanPostProcessorChecker - Bean 'integrationGlobalProperties' of type [java.util.Properties] is not eligible for getting processed by all BeanPostProcessors (for example: not eligible for auto-proxying)
2018-04-02 13:07:27.898 [main] INFO  org.springframework.context.support.PostProcessorRegistrationDelegate$BeanPostProcessorChecker - Bean 'org.springframework.cloud.autoconfigure.ConfigurationPropertiesRebinderAutoConfiguration' of type [org.springframework.cloud.autoconfigure.ConfigurationPropertiesRebinderAutoConfiguration$$EnhancerBySpringCGLIB$$f4ba589] is not eligible for getting processed by all BeanPostProcessors (for example: not eligible for auto-proxying)
2018-04-02 13:07:27.920 [main] INFO  org.springframework.context.support.PostProcessorRegistrationDelegate$BeanPostProcessorChecker - Bean 'org.springframework.cloud.stream.config.BindingServiceConfiguration$PostProcessorConfiguration' of type [org.springframework.cloud.stream.config.BindingServiceConfiguration$PostProcessorConfiguration$$EnhancerBySpringCGLIB$$b4f94091] is not eligible for getting processed by all BeanPostProcessors (for example: not eligible for auto-proxying)
2018-04-02 13:07:27.938 [main] INFO  org.hibernate.validator.internal.xml.ValidationXmlParser - HV000007: META-INF/validation.xml found. Parsing XML based configuration.
2018-04-02 13:07:27.945 [main] INFO  org.hibernate.validator.internal.xml.ValidationBootstrapParameters - HV000004: Using com.fengmangbilu.validator.i18n.ValidationMessageInterpolator as message interpolator.
2018-04-02 13:07:27.945 [main] INFO  org.hibernate.validator.internal.xml.ValidationBootstrapParameters - HV000119: Using com.fengmangbilu.validator.provider.ReportOnParameterNameProvider as parameter name provider.
2018-04-02 13:07:27.957 [main] INFO  org.springframework.context.support.PostProcessorRegistrationDelegate$BeanPostProcessorChecker - Bean 'org.springframework.cloud.stream.config.SpelExpressionConverterConfiguration' of type [org.springframework.cloud.stream.config.SpelExpressionConverterConfiguration$$EnhancerBySpringCGLIB$$f36dfa81] is not eligible for getting processed by all BeanPostProcessors (for example: not eligible for auto-proxying)
2018-04-02 13:07:27.968 [main] INFO  org.springframework.context.support.PostProcessorRegistrationDelegate$BeanPostProcessorChecker - Bean 'spelConverter' of type [org.springframework.cloud.stream.config.SpelExpressionConverterConfiguration$SpelConverter] is not eligible for getting processed by all BeanPostProcessors (for example: not eligible for auto-proxying)
2018-04-02 13:07:27.983 [main] INFO  org.springframework.context.support.PostProcessorRegistrationDelegate$BeanPostProcessorChecker - Bean 'spring.cloud.stream.integration-org.springframework.cloud.stream.config.SpringIntegrationProperties' of type [org.springframework.cloud.stream.config.SpringIntegrationProperties] is not eligible for getting processed by all BeanPostProcessors (for example: not eligible for auto-proxying)
2018-04-02 13:07:28.561 [main] INFO  org.springframework.boot.context.embedded.tomcat.TomcatEmbeddedServletContainer - Tomcat initialized with port(s): 8004 (http)
2018-04-02 13:07:28.575 [main] INFO  org.apache.catalina.core.StandardService - Starting service [Tomcat]
2018-04-02 13:07:28.577 [main] INFO  org.apache.catalina.core.StandardEngine - Starting Servlet Engine: Apache Tomcat/8.5.27
2018-04-02 13:07:28.733 [localhost-startStop-1] INFO  org.apache.catalina.core.ContainerBase.[Tomcat].[localhost].[/] - Initializing Spring embedded WebApplicationContext
2018-04-02 13:07:28.734 [localhost-startStop-1] INFO  org.springframework.web.context.ContextLoader - Root WebApplicationContext: initialization completed in 4644 ms
2018-04-02 13:07:29.427 [localhost-startStop-1] INFO  org.springframework.boot.web.servlet.FilterRegistrationBean - Mapping filter: 'metricsFilter' to: [/*]
2018-04-02 13:07:29.428 [localhost-startStop-1] INFO  org.springframework.boot.web.servlet.FilterRegistrationBean - Mapping filter: 'characterEncodingFilter' to: [/*]
2018-04-02 13:07:29.428 [localhost-startStop-1] INFO  org.springframework.boot.web.servlet.FilterRegistrationBean - Mapping filter: 'hiddenHttpMethodFilter' to: [/*]
2018-04-02 13:07:29.428 [localhost-startStop-1] INFO  org.springframework.boot.web.servlet.FilterRegistrationBean - Mapping filter: 'httpPutFormContentFilter' to: [/*]
2018-04-02 13:07:29.429 [localhost-startStop-1] INFO  org.springframework.boot.web.servlet.FilterRegistrationBean - Mapping filter: 'requestContextFilter' to: [/*]
2018-04-02 13:07:29.430 [localhost-startStop-1] INFO  org.springframework.boot.web.servlet.DelegatingFilterProxyRegistrationBean - Mapping filter: 'springSecurityFilterChain' to: [/*]
2018-04-02 13:07:29.430 [localhost-startStop-1] INFO  org.springframework.boot.web.servlet.FilterRegistrationBean - Mapping filter: 'webRequestLoggingFilter' to: [/*]
2018-04-02 13:07:29.430 [localhost-startStop-1] INFO  org.springframework.boot.web.servlet.FilterRegistrationBean - Mapping filter: 'webStatFilter' to urls: [/*]
2018-04-02 13:07:29.430 [localhost-startStop-1] INFO  org.springframework.boot.web.servlet.FilterRegistrationBean - Mapping filter: 'applicationContextIdFilter' to: [/*]
2018-04-02 13:07:29.431 [localhost-startStop-1] INFO  org.springframework.boot.web.servlet.ServletRegistrationBean - Mapping servlet: 'dispatcherServlet' to [/]
2018-04-02 13:07:29.432 [localhost-startStop-1] INFO  org.springframework.boot.web.servlet.ServletRegistrationBean - Mapping servlet: 'statViewServlet' to [/druid/*]
2018-04-02 13:07:29.531 [main] INFO  com.alibaba.druid.spring.boot.autoconfigure.DruidDataSourceAutoConfigure - Init DruidDataSource
2018-04-02 13:07:30.985 [main] INFO  p6spy - |12|statement|connection0|SELECT 1 FROM DUAL
2018-04-02 13:07:31.095 [main] INFO  p6spy - |9|statement|connection1|SELECT 1 FROM DUAL
2018-04-02 13:07:31.181 [main] INFO  p6spy - |6|statement|connection2|SELECT 1 FROM DUAL
2018-04-02 13:07:31.258 [main] INFO  p6spy - |6|statement|connection3|SELECT 1 FROM DUAL
2018-04-02 13:07:31.341 [main] INFO  p6spy - |5|statement|connection4|SELECT 1 FROM DUAL
2018-04-02 13:07:31.357 [main] INFO  com.alibaba.druid.pool.DruidDataSource - {dataSource-1} inited
2018-04-02 13:07:31.757 [main] INFO  org.springframework.orm.jpa.LocalContainerEntityManagerFactoryBean - Building JPA container EntityManagerFactory for persistence unit 'default'
2018-04-02 13:07:31.774 [main] INFO  org.hibernate.jpa.internal.util.LogHelper - HHH000204: Processing PersistenceUnitInfo [
	name: default
	...]
2018-04-02 13:07:31.854 [main] INFO  org.hibernate.Version - HHH000412: Hibernate Core {5.0.12.Final}
2018-04-02 13:07:31.857 [main] INFO  org.hibernate.cfg.Environment - HHH000206: hibernate.properties not found
2018-04-02 13:07:31.859 [main] INFO  org.hibernate.cfg.Environment - HHH000021: Bytecode provider name : javassist
2018-04-02 13:07:31.910 [main] INFO  org.hibernate.annotations.common.Version - HCANN000001: Hibernate Commons Annotations {5.0.1.Final}
2018-04-02 13:07:32.166 [main] INFO  org.hibernate.dialect.Dialect - HHH000400: Using dialect: org.hibernate.dialect.MySQL5Dialect
2018-04-02 13:07:33.272 [main] INFO  org.hibernate.tool.hbm2ddl.SchemaUpdate - HHH000228: Running hbm2ddl schema update
2018-04-02 13:07:42.692 [main] INFO  org.springframework.orm.jpa.LocalContainerEntityManagerFactoryBean - Initialized JPA EntityManagerFactory for persistence unit 'default'
2018-04-02 13:07:42.776 [main] INFO  org.springframework.context.annotation.AnnotationConfigApplicationContext - Refreshing org.springframework.context.annotation.AnnotationConfigApplicationContext@3bced0d2: startup date [Mon Apr 02 13:07:42 CST 2018]; parent: org.springframework.boot.context.embedded.AnnotationConfigEmbeddedWebApplicationContext@b8e246c
2018-04-02 13:07:42.799 [main] INFO  org.springframework.beans.factory.annotation.AutowiredAnnotationBeanPostProcessor - JSR-330 'javax.inject.Inject' annotation found and supported for autowiring
2018-04-02 13:07:43.594 [main] INFO  org.hibernate.validator.internal.xml.ValidationXmlParser - HV000007: META-INF/validation.xml found. Parsing XML based configuration.
2018-04-02 13:07:43.602 [main] INFO  org.hibernate.validator.internal.xml.ValidationBootstrapParameters - HV000004: Using com.fengmangbilu.validator.i18n.ValidationMessageInterpolator as message interpolator.
2018-04-02 13:07:43.602 [main] INFO  org.hibernate.validator.internal.xml.ValidationBootstrapParameters - HV000119: Using com.fengmangbilu.validator.provider.ReportOnParameterNameProvider as parameter name provider.
2018-04-02 13:07:43.657 [main] INFO  org.hibernate.validator.internal.xml.ValidationXmlParser - HV000007: META-INF/validation.xml found. Parsing XML based configuration.
2018-04-02 13:07:43.666 [main] INFO  org.hibernate.validator.internal.xml.ValidationBootstrapParameters - HV000004: Using com.fengmangbilu.validator.i18n.ValidationMessageInterpolator as message interpolator.
2018-04-02 13:07:43.666 [main] INFO  org.hibernate.validator.internal.xml.ValidationBootstrapParameters - HV000119: Using com.fengmangbilu.validator.provider.ReportOnParameterNameProvider as parameter name provider.
2018-04-02 13:07:45.298 [main] INFO  org.hibernate.hql.internal.QueryTranslatorFactoryInitiator - HHH000397: Using ASTQueryTranslatorFactory
2018-04-02 13:07:47.451 [main] INFO  org.springframework.web.servlet.mvc.method.annotation.RequestMappingHandlerMapping - Mapped "{[/company/submit],methods=[POST]}" onto public com.fengmangbilu.web.Response com.fengmangbilu.microservice.oa.controllers.CompanyController.submit(java.lang.String,com.fengmangbilu.microservice.oa.endpoints.CompanyRequest) throws java.lang.Exception
2018-04-02 13:07:47.453 [main] INFO  org.springframework.web.servlet.mvc.method.annotation.RequestMappingHandlerMapping - Mapped "{[/company/audit],methods=[POST]}" onto public com.fengmangbilu.web.Response com.fengmangbilu.microservice.oa.controllers.CompanyController.audit(java.lang.String,java.lang.String,com.fengmangbilu.microservice.oa.endpoints.AuthRequest) throws java.lang.Exception
2018-04-02 13:07:47.453 [main] INFO  org.springframework.web.servlet.mvc.method.annotation.RequestMappingHandlerMapping - Mapped "{[/company/upload],methods=[POST]}" onto public com.fengmangbilu.web.Response com.fengmangbilu.microservice.oa.controllers.CompanyController.upload(org.springframework.web.multipart.MultipartFile) throws java.lang.Exception
2018-04-02 13:07:47.453 [main] INFO  org.springframework.web.servlet.mvc.method.annotation.RequestMappingHandlerMapping - Mapped "{[/company/addDeptInfo],methods=[POST]}" onto public com.fengmangbilu.web.Response com.fengmangbilu.microservice.oa.controllers.CompanyController.addDeptInfo(java.lang.String,java.lang.String) throws java.lang.Exception
2018-04-02 13:07:47.454 [main] INFO  org.springframework.web.servlet.mvc.method.annotation.RequestMappingHandlerMapping - Mapped "{[/company/editDeptInfo],methods=[POST]}" onto public com.fengmangbilu.web.Response com.fengmangbilu.microservice.oa.controllers.CompanyController.editDeptInfo(java.lang.String,java.lang.Long,java.lang.String) throws java.lang.Exception
2018-04-02 13:07:47.454 [main] INFO  org.springframework.web.servlet.mvc.method.annotation.RequestMappingHandlerMapping - Mapped "{[/company/delDeptInfo],methods=[POST]}" onto public com.fengmangbilu.web.Response com.fengmangbilu.microservice.oa.controllers.CompanyController.delDeptInfo(java.lang.String,java.lang.Long) throws java.lang.Exception
2018-04-02 13:07:47.454 [main] INFO  org.springframework.web.servlet.mvc.method.annotation.RequestMappingHandlerMapping - Mapped "{[/company/getQrCode],methods=[GET]}" onto public com.fengmangbilu.web.Response com.fengmangbilu.microservice.oa.controllers.CompanyController.getQrCode(java.lang.String,com.fengmangbilu.microservice.oa.enums.ReportType) throws java.lang.Exception
2018-04-02 13:07:47.454 [main] INFO  org.springframework.web.servlet.mvc.method.annotation.RequestMappingHandlerMapping - Mapped "{[/company/getCompanyStatus],methods=[GET]}" onto public com.fengmangbilu.web.Response com.fengmangbilu.microservice.oa.controllers.CompanyController.getCompanyAuth(java.lang.String) throws java.lang.Exception
2018-04-02 13:07:47.454 [main] INFO  org.springframework.web.servlet.mvc.method.annotation.RequestMappingHandlerMapping - Mapped "{[/company/getCompanyInfo],methods=[GET]}" onto public com.fengmangbilu.web.Response com.fengmangbilu.microservice.oa.controllers.CompanyController.getCompanyInfo(java.lang.String) throws java.lang.Exception
2018-04-02 13:07:47.455 [main] INFO  org.springframework.web.servlet.mvc.method.annotation.RequestMappingHandlerMapping - Mapped "{[/company/getDeptInfos],methods=[GET]}" onto public com.fengmangbilu.web.Response com.fengmangbilu.microservice.oa.controllers.CompanyController.getDeptInfo(java.lang.String) throws java.lang.Exception
2018-04-02 13:07:47.455 [main] INFO  org.springframework.web.servlet.mvc.method.annotation.RequestMappingHandlerMapping - Mapped "{[/company/getStaffInfo],methods=[GET]}" onto public com.fengmangbilu.web.Response com.fengmangbilu.microservice.oa.controllers.CompanyController.getStaffInfo(java.lang.String) throws java.lang.Exception
2018-04-02 13:07:47.456 [main] INFO  org.springframework.web.servlet.mvc.method.annotation.RequestMappingHandlerMapping - Mapped "{[/company/editStaffInfo],methods=[POST]}" onto public com.fengmangbilu.web.Response com.fengmangbilu.microservice.oa.controllers.CompanyController.editStaffInfo(java.lang.String,com.fengmangbilu.microservice.oa.endpoints.StaffRequest) throws java.lang.Exception
2018-04-02 13:07:47.456 [main] INFO  org.springframework.web.servlet.mvc.method.annotation.RequestMappingHandlerMapping - Mapped "{[/company/getStaffInfos],methods=[GET]}" onto public org.springframework.data.jpa.datatables.mapping.DataTablesOutput<com.fengmangbilu.microservice.oa.entities.StaffInfo> com.fengmangbilu.microservice.oa.controllers.CompanyController.getStaffInfos(java.lang.String,java.lang.Long,java.util.Date,java.util.Date,org.springframework.data.jpa.datatables.mapping.DataTablesInput) throws java.lang.Exception
2018-04-02 13:07:47.457 [main] INFO  org.springframework.web.servlet.mvc.method.annotation.RequestMappingHandlerMapping - Mapped "{[/company/getReportInfo],methods=[GET]}" onto public com.fengmangbilu.web.Response com.fengmangbilu.microservice.oa.controllers.CompanyController.getReportInfo(java.lang.String,java.lang.String)
2018-04-02 13:07:47.457 [main] INFO  org.springframework.web.servlet.mvc.method.annotation.RequestMappingHandlerMapping - Mapped "{[/company/exportStaffInfos],methods=[GET]}" onto public void com.fengmangbilu.microservice.oa.controllers.CompanyController.exportStaffInfos(java.lang.String,java.lang.Long,java.util.Date,java.util.Date,javax.servlet.http.HttpServletRequest,javax.servlet.http.HttpServletResponse) throws java.lang.Exception
2018-04-02 13:07:47.457 [main] INFO  org.springframework.web.servlet.mvc.method.annotation.RequestMappingHandlerMapping - Mapped "{[/company/delReportPushInfo],methods=[POST]}" onto public com.fengmangbilu.web.Response com.fengmangbilu.microservice.oa.controllers.CompanyController.delReportPushInfo(java.lang.String,java.lang.Long)
2018-04-02 13:07:47.457 [main] INFO  org.springframework.web.servlet.mvc.method.annotation.RequestMappingHandlerMapping - Mapped "{[/company/agreeReportPushInfo],methods=[POST]}" onto public com.fengmangbilu.web.Response com.fengmangbilu.microservice.oa.controllers.CompanyController.agreeReportPushInfo(java.lang.String,java.lang.String,java.lang.Long)
2018-04-02 13:07:47.458 [main] INFO  org.springframework.web.servlet.mvc.method.annotation.RequestMappingHandlerMapping - Mapped "{[/company/getReportPushInfos],methods=[GET]}" onto public org.springframework.data.jpa.datatables.mapping.DataTablesOutput<com.fengmangbilu.microservice.oa.entities.ReportPushInfo> com.fengmangbilu.microservice.oa.controllers.CompanyController.getReportPushInfos(java.lang.String,org.springframework.data.jpa.datatables.mapping.DataTablesInput)
2018-04-02 13:07:47.459 [main] INFO  org.springframework.web.servlet.mvc.method.annotation.RequestMappingHandlerMapping - Mapped "{[/error]}" onto public com.fengmangbilu.web.Response com.fengmangbilu.microservice.oa.controllers.ErrorController.error(javax.servlet.http.HttpServletRequest)
2018-04-02 13:07:47.465 [main] INFO  org.springframework.web.servlet.mvc.method.annotation.RequestMappingHandlerMapping - Mapped "{[/report/push],methods=[POST]}" onto public com.fengmangbilu.web.Response com.fengmangbilu.microservice.oa.controllers.ReportController.push(java.lang.String,com.fengmangbilu.microservice.oa.endpoints.PushRequest) throws java.lang.Exception
2018-04-02 13:07:47.465 [main] INFO  org.springframework.web.servlet.mvc.method.annotation.RequestMappingHandlerMapping - Mapped "{[/report/getIdCard],methods=[POST]}" onto public com.fengmangbilu.web.Response com.fengmangbilu.microservice.oa.controllers.ReportController.getIdCard(com.fengmangbilu.microservice.oa.endpoints.IdCardRequest) throws java.lang.Exception
2018-04-02 13:07:47.465 [main] INFO  org.springframework.web.servlet.mvc.method.annotation.RequestMappingHandlerMapping - Mapped "{[/report/getCompanyInfo],methods=[GET]}" onto public com.fengmangbilu.web.Response com.fengmangbilu.microservice.oa.controllers.ReportController.getCompanyInfo(java.lang.Long) throws java.lang.Exception
2018-04-02 13:07:47.466 [main] INFO  org.springframework.web.servlet.mvc.method.annotation.RequestMappingHandlerMapping - Mapped "{[/report/getDeptInfos],methods=[GET]}" onto public com.fengmangbilu.web.Response com.fengmangbilu.microservice.oa.controllers.ReportController.getDeptInfos(java.lang.String) throws java.lang.Exception
2018-04-02 13:07:47.467 [main] INFO  org.springframework.web.servlet.mvc.method.annotation.RequestMappingHandlerMapping - Mapped "{[/report/getReportInfo],methods=[GET]}" onto public com.fengmangbilu.web.Response com.fengmangbilu.microservice.oa.controllers.ReportController.getReportInfo(java.lang.String,java.lang.String)
2018-04-02 13:07:47.467 [main] INFO  org.springframework.web.servlet.mvc.method.annotation.RequestMappingHandlerMapping - Mapped "{[/report/getReportInfos],methods=[GET]}" onto public com.fengmangbilu.web.Response com.fengmangbilu.microservice.oa.controllers.ReportController.getReportInfos(java.lang.String)
2018-04-02 13:07:47.468 [main] INFO  org.springframework.web.servlet.mvc.method.annotation.RequestMappingHandlerMapping - Mapped "{[/report/getUpToken],methods=[GET]}" onto public com.fengmangbilu.web.Response com.fengmangbilu.microservice.oa.controllers.ReportController.getUpToken()
2018-04-02 13:07:47.468 [main] INFO  org.springframework.web.servlet.mvc.method.annotation.RequestMappingHandlerMapping - Mapped "{[/report/getBasic],methods=[POST]}" onto public com.fengmangbilu.web.Response com.fengmangbilu.microservice.oa.controllers.ReportController.getBasic(com.fengmangbilu.microservice.oa.endpoints.ReportRequest) throws java.lang.Exception
2018-04-02 13:07:47.468 [main] INFO  org.springframework.web.servlet.mvc.method.annotation.RequestMappingHandlerMapping - Mapped "{[/report/getStandard],methods=[POST]}" onto public com.fengmangbilu.web.Response com.fengmangbilu.microservice.oa.controllers.ReportController.getStandard(com.fengmangbilu.microservice.oa.endpoints.ReportRequest) throws java.lang.Exception
2018-04-02 13:07:47.469 [main] INFO  org.springframework.web.servlet.mvc.method.annotation.RequestMappingHandlerMapping - Mapped "{[/report/getSenior],methods=[POST]}" onto public com.fengmangbilu.web.Response com.fengmangbilu.microservice.oa.controllers.ReportController.getSenior(com.fengmangbilu.microservice.oa.endpoints.ReportRequest) throws java.lang.Exception
2018-04-02 13:07:47.469 [main] INFO  org.springframework.web.servlet.mvc.method.annotation.RequestMappingHandlerMapping - Mapped "{[/report/getReportPushInfos],methods=[GET]}" onto public com.fengmangbilu.web.Response com.fengmangbilu.microservice.oa.controllers.ReportController.getReportPushInfos(java.lang.String,int,int)
2018-04-02 13:07:47.472 [main] INFO  org.springframework.web.servlet.mvc.method.annotation.RequestMappingHandlerMapping - Mapped "{[/swagger-resources/configuration/security]}" onto public org.springframework.http.ResponseEntity<springfox.documentation.swagger.web.SecurityConfiguration> springfox.documentation.swagger.web.ApiResourceController.securityConfiguration()
2018-04-02 13:07:47.473 [main] INFO  org.springframework.web.servlet.mvc.method.annotation.RequestMappingHandlerMapping - Mapped "{[/swagger-resources/configuration/ui]}" onto public org.springframework.http.ResponseEntity<springfox.documentation.swagger.web.UiConfiguration> springfox.documentation.swagger.web.ApiResourceController.uiConfiguration()
2018-04-02 13:07:47.474 [main] INFO  org.springframework.web.servlet.mvc.method.annotation.RequestMappingHandlerMapping - Mapped "{[/swagger-resources]}" onto public org.springframework.http.ResponseEntity<java.util.List<springfox.documentation.swagger.web.SwaggerResource>> springfox.documentation.swagger.web.ApiResourceController.swaggerResources()
2018-04-02 13:07:47.611 [main] INFO  com.netflix.config.sources.URLConfigurationSource - To enable URLs as dynamic configuration sources, define System property archaius.configurationSource.additionalUrls or make config.properties available on classpath.
2018-04-02 13:07:47.621 [main] INFO  com.netflix.config.DynamicPropertyFactory - DynamicPropertyFactory is initialized with configuration sources: com.netflix.config.ConcurrentCompositeConfiguration@6bddd4ce
2018-04-02 13:07:49.613 [main] INFO  org.springframework.boot.actuate.endpoint.mvc.EndpointHandlerMapping - Mapped "{[/actuator/info || /actuator/info.json],methods=[GET],produces=[application/vnd.spring-boot.actuator.v1+json || application/json]}" onto public java.lang.Object org.springframework.boot.actuate.endpoint.mvc.EndpointMvcAdapter.invoke()
2018-04-02 13:07:49.614 [main] INFO  org.springframework.boot.actuate.endpoint.mvc.EndpointHandlerMapping - Mapped "{[/actuator/mappings || /actuator/mappings.json],methods=[GET],produces=[application/vnd.spring-boot.actuator.v1+json || application/json]}" onto public java.lang.Object org.springframework.boot.actuate.endpoint.mvc.EndpointMvcAdapter.invoke()
2018-04-02 13:07:49.615 [main] INFO  org.springframework.boot.actuate.endpoint.mvc.EndpointHandlerMapping - Mapped "{[/actuator/configprops || /actuator/configprops.json],methods=[GET],produces=[application/vnd.spring-boot.actuator.v1+json || application/json]}" onto public java.lang.Object org.springframework.boot.actuate.endpoint.mvc.EndpointMvcAdapter.invoke()
2018-04-02 13:07:49.616 [main] INFO  org.springframework.boot.actuate.endpoint.mvc.EndpointHandlerMapping - Mapped "{[/actuator/auditevents || /actuator/auditevents.json],methods=[GET],produces=[application/vnd.spring-boot.actuator.v1+json || application/json]}" onto public org.springframework.http.ResponseEntity<?> org.springframework.boot.actuate.endpoint.mvc.AuditEventsMvcEndpoint.findByPrincipalAndAfterAndType(java.lang.String,java.util.Date,java.lang.String)
2018-04-02 13:07:49.617 [main] INFO  org.springframework.boot.actuate.endpoint.mvc.EndpointHandlerMapping - Mapped "{[/actuator/service-registry/instance-status],methods=[POST]}" onto public org.springframework.http.ResponseEntity<?> org.springframework.cloud.client.serviceregistry.endpoint.ServiceRegistryEndpoint.setStatus(java.lang.String)
2018-04-02 13:07:49.617 [main] INFO  org.springframework.boot.actuate.endpoint.mvc.EndpointHandlerMapping - Mapped "{[/actuator/service-registry/instance-status],methods=[GET]}" onto public org.springframework.http.ResponseEntity org.springframework.cloud.client.serviceregistry.endpoint.ServiceRegistryEndpoint.getStatus()
2018-04-02 13:07:49.617 [main] INFO  org.springframework.boot.actuate.endpoint.mvc.EndpointHandlerMapping - Mapped "{[/actuator/trace || /actuator/trace.json],methods=[GET],produces=[application/vnd.spring-boot.actuator.v1+json || application/json]}" onto public java.lang.Object org.springframework.boot.actuate.endpoint.mvc.EndpointMvcAdapter.invoke()
2018-04-02 13:07:49.618 [main] INFO  org.springframework.boot.actuate.endpoint.mvc.EndpointHandlerMapping - Mapped "{[/actuator/env],methods=[POST]}" onto public java.lang.Object org.springframework.cloud.context.environment.EnvironmentManagerMvcEndpoint.value(java.util.Map<java.lang.String, java.lang.String>)
2018-04-02 13:07:49.618 [main] INFO  org.springframework.boot.actuate.endpoint.mvc.EndpointHandlerMapping - Mapped "{[/actuator/env/reset],methods=[POST]}" onto public java.util.Map<java.lang.String, java.lang.Object> org.springframework.cloud.context.environment.EnvironmentManagerMvcEndpoint.reset()
2018-04-02 13:07:49.619 [main] INFO  org.springframework.boot.actuate.endpoint.mvc.EndpointHandlerMapping - Mapped "{[/actuator/channels || /actuator/channels.json],methods=[GET],produces=[application/vnd.spring-boot.actuator.v1+json || application/json]}" onto public java.lang.Object org.springframework.boot.actuate.endpoint.mvc.EndpointMvcAdapter.invoke()
2018-04-02 13:07:49.619 [main] INFO  org.springframework.boot.actuate.endpoint.mvc.EndpointHandlerMapping - Mapped "{[/actuator/autoconfig || /actuator/autoconfig.json],methods=[GET],produces=[application/vnd.spring-boot.actuator.v1+json || application/json]}" onto public java.lang.Object org.springframework.boot.actuate.endpoint.mvc.EndpointMvcAdapter.invoke()
2018-04-02 13:07:49.620 [main] INFO  org.springframework.boot.actuate.endpoint.mvc.EndpointHandlerMapping - Mapped "{[/actuator/health || /actuator/health.json],methods=[GET],produces=[application/vnd.spring-boot.actuator.v1+json || application/json]}" onto public java.lang.Object org.springframework.boot.actuate.endpoint.mvc.HealthMvcEndpoint.invoke(javax.servlet.http.HttpServletRequest,java.security.Principal)
2018-04-02 13:07:49.620 [main] INFO  org.springframework.boot.actuate.endpoint.mvc.EndpointHandlerMapping - Mapped "{[/actuator/refresh || /actuator/refresh.json],methods=[POST]}" onto public java.lang.Object org.springframework.cloud.endpoint.GenericPostableMvcEndpoint.invoke()
2018-04-02 13:07:49.621 [main] INFO  org.springframework.boot.actuate.endpoint.mvc.EndpointHandlerMapping - Mapped "{[/actuator/env/{name:.*}],methods=[GET],produces=[application/vnd.spring-boot.actuator.v1+json || application/json]}" onto public java.lang.Object org.springframework.boot.actuate.endpoint.mvc.EnvironmentMvcEndpoint.value(java.lang.String)
2018-04-02 13:07:49.622 [main] INFO  org.springframework.boot.actuate.endpoint.mvc.EndpointHandlerMapping - Mapped "{[/actuator/env || /actuator/env.json],methods=[GET],produces=[application/vnd.spring-boot.actuator.v1+json || application/json]}" onto public java.lang.Object org.springframework.boot.actuate.endpoint.mvc.EndpointMvcAdapter.invoke()
2018-04-02 13:07:49.622 [main] INFO  org.springframework.boot.actuate.endpoint.mvc.EndpointHandlerMapping - Mapped "{[/actuator/hystrix.stream/**]}" onto public org.springframework.web.servlet.ModelAndView org.springframework.cloud.netflix.endpoint.ServletWrappingEndpoint.handle(javax.servlet.http.HttpServletRequest,javax.servlet.http.HttpServletResponse) throws java.lang.Exception
2018-04-02 13:07:49.622 [main] INFO  org.springframework.boot.actuate.endpoint.mvc.EndpointHandlerMapping - Mapped "{[/actuator/beans || /actuator/beans.json],methods=[GET],produces=[application/vnd.spring-boot.actuator.v1+json || application/json]}" onto public java.lang.Object org.springframework.boot.actuate.endpoint.mvc.EndpointMvcAdapter.invoke()
2018-04-02 13:07:49.623 [main] INFO  org.springframework.boot.actuate.endpoint.mvc.EndpointHandlerMapping - Mapped "{[/actuator/metrics/{name:.*}],methods=[GET],produces=[application/vnd.spring-boot.actuator.v1+json || application/json]}" onto public java.lang.Object org.springframework.boot.actuate.endpoint.mvc.MetricsMvcEndpoint.value(java.lang.String)
2018-04-02 13:07:49.623 [main] INFO  org.springframework.boot.actuate.endpoint.mvc.EndpointHandlerMapping - Mapped "{[/actuator/metrics || /actuator/metrics.json],methods=[GET],produces=[application/vnd.spring-boot.actuator.v1+json || application/json]}" onto public java.lang.Object org.springframework.boot.actuate.endpoint.mvc.EndpointMvcAdapter.invoke()
2018-04-02 13:07:49.623 [main] INFO  org.springframework.boot.actuate.endpoint.mvc.EndpointHandlerMapping - Mapped "{[/actuator/archaius || /actuator/archaius.json],methods=[GET],produces=[application/vnd.spring-boot.actuator.v1+json || application/json]}" onto public java.lang.Object org.springframework.boot.actuate.endpoint.mvc.EndpointMvcAdapter.invoke()
2018-04-02 13:07:49.624 [main] INFO  org.springframework.boot.actuate.endpoint.mvc.EndpointHandlerMapping - Mapped "{[/actuator/dump || /actuator/dump.json],methods=[GET],produces=[application/vnd.spring-boot.actuator.v1+json || application/json]}" onto public java.lang.Object org.springframework.boot.actuate.endpoint.mvc.EndpointMvcAdapter.invoke()
2018-04-02 13:07:49.625 [main] INFO  org.springframework.boot.actuate.endpoint.mvc.EndpointHandlerMapping - Mapped "{[/actuator/heapdump || /actuator/heapdump.json],methods=[GET],produces=[application/octet-stream]}" onto public void org.springframework.boot.actuate.endpoint.mvc.HeapdumpMvcEndpoint.invoke(boolean,javax.servlet.http.HttpServletRequest,javax.servlet.http.HttpServletResponse) throws java.io.IOException,javax.servlet.ServletException
2018-04-02 13:07:49.626 [main] INFO  org.springframework.boot.actuate.endpoint.mvc.EndpointHandlerMapping - Mapped "{[/actuator/features || /actuator/features.json],methods=[GET],produces=[application/vnd.spring-boot.actuator.v1+json || application/json]}" onto public java.lang.Object org.springframework.boot.actuate.endpoint.mvc.EndpointMvcAdapter.invoke()
2018-04-02 13:07:49.627 [main] INFO  org.springframework.boot.actuate.endpoint.mvc.EndpointHandlerMapping - Mapped "{[/actuator/loggers/{name:.*}],methods=[GET],produces=[application/vnd.spring-boot.actuator.v1+json || application/json]}" onto public java.lang.Object org.springframework.boot.actuate.endpoint.mvc.LoggersMvcEndpoint.get(java.lang.String)
2018-04-02 13:07:49.628 [main] INFO  org.springframework.boot.actuate.endpoint.mvc.EndpointHandlerMapping - Mapped "{[/actuator/loggers/{name:.*}],methods=[POST],consumes=[application/vnd.spring-boot.actuator.v1+json || application/json],produces=[application/vnd.spring-boot.actuator.v1+json || application/json]}" onto public java.lang.Object org.springframework.boot.actuate.endpoint.mvc.LoggersMvcEndpoint.set(java.lang.String,java.util.Map<java.lang.String, java.lang.String>)
2018-04-02 13:07:49.628 [main] INFO  org.springframework.boot.actuate.endpoint.mvc.EndpointHandlerMapping - Mapped "{[/actuator/loggers || /actuator/loggers.json],methods=[GET],produces=[application/vnd.spring-boot.actuator.v1+json || application/json]}" onto public java.lang.Object org.springframework.boot.actuate.endpoint.mvc.EndpointMvcAdapter.invoke()
2018-04-02 13:07:50.077 [main] INFO  springfox.documentation.spring.web.PropertySourcedRequestMappingHandlerMapping - Mapped URL path [/v2/api-docs] onto method [public org.springframework.http.ResponseEntity<springfox.documentation.spring.web.json.Json> springfox.documentation.swagger2.web.Swagger2Controller.getDocumentation(java.lang.String,javax.servlet.http.HttpServletRequest)]
2018-04-02 13:07:50.555 [main] INFO  com.netflix.config.sources.URLConfigurationSource - To enable URLs as dynamic configuration sources, define System property archaius.configurationSource.additionalUrls or make config.properties available on classpath.
2018-04-02 13:07:50.621 [main] INFO  org.hibernate.validator.internal.xml.ValidationXmlParser - HV000007: META-INF/validation.xml found. Parsing XML based configuration.
2018-04-02 13:07:50.627 [main] INFO  org.hibernate.validator.internal.xml.ValidationBootstrapParameters - HV000004: Using com.fengmangbilu.validator.i18n.ValidationMessageInterpolator as message interpolator.
2018-04-02 13:07:50.628 [main] INFO  org.hibernate.validator.internal.xml.ValidationBootstrapParameters - HV000119: Using com.fengmangbilu.validator.provider.ReportOnParameterNameProvider as parameter name provider.
2018-04-02 13:07:50.820 [main] INFO  org.springframework.web.servlet.mvc.method.annotation.RequestMappingHandlerAdapter - Looking for @ControllerAdvice: org.springframework.boot.context.embedded.AnnotationConfigEmbeddedWebApplicationContext@b8e246c: startup date [Mon Apr 02 13:07:24 CST 2018]; parent: org.springframework.context.annotation.AnnotationConfigApplicationContext@2c532cd8
2018-04-02 13:07:50.831 [main] INFO  org.springframework.web.servlet.mvc.method.annotation.RequestMappingHandlerAdapter - Detected ResponseBodyAdvice bean in jsonFilterResponseBodyAdvice
2018-04-02 13:07:51.054 [main] INFO  org.springframework.web.servlet.handler.SimpleUrlHandlerMapping - Mapped URL path [/webjars/**] onto handler of type [class org.springframework.web.servlet.resource.ResourceHttpRequestHandler]
2018-04-02 13:07:51.055 [main] INFO  org.springframework.web.servlet.handler.SimpleUrlHandlerMapping - Mapped URL path [/**] onto handler of type [class org.springframework.web.servlet.resource.ResourceHttpRequestHandler]
2018-04-02 13:07:51.127 [main] INFO  org.springframework.web.servlet.mvc.method.annotation.ExceptionHandlerExceptionResolver - Detected @ExceptionHandler methods in errorController
2018-04-02 13:07:51.127 [main] INFO  org.springframework.web.servlet.mvc.method.annotation.ExceptionHandlerExceptionResolver - Detected ResponseBodyAdvice implementation in jsonFilterResponseBodyAdvice
2018-04-02 13:07:51.128 [main] INFO  org.springframework.web.servlet.mvc.method.annotation.ExceptionHandlerExceptionResolver - Detected @ExceptionHandler methods in defaultExceptionHandler
2018-04-02 13:07:51.211 [main] INFO  org.springframework.web.servlet.handler.SimpleUrlHandlerMapping - Mapped URL path [/**/favicon.ico] onto handler of type [class org.springframework.web.servlet.resource.ResourceHttpRequestHandler]
2018-04-02 13:07:51.795 [main] INFO  org.springframework.boot.autoconfigure.security.AuthenticationManagerConfiguration - 

Using default security password: ee6c25e5-812e-4a10-bed0-fd932ac67dfc

2018-04-02 13:07:51.909 [main] INFO  org.springframework.security.web.DefaultSecurityFilterChain - Creating filter chain: OrRequestMatcher [requestMatchers=[Ant [pattern='/css/**'], Ant [pattern='/js/**'], Ant [pattern='/images/**'], Ant [pattern='/webjars/**'], Ant [pattern='/**/favicon.ico'], Ant [pattern='/error']]], []
2018-04-02 13:07:51.910 [main] INFO  org.springframework.security.web.DefaultSecurityFilterChain - Creating filter chain: Ant [pattern='/actuator/**'], []
2018-04-02 13:07:51.910 [main] INFO  org.springframework.security.web.DefaultSecurityFilterChain - Creating filter chain: Ant [pattern='/v2/api-docs/**'], []
2018-04-02 13:07:51.910 [main] INFO  org.springframework.security.web.DefaultSecurityFilterChain - Creating filter chain: Ant [pattern='/swagger-resources/**'], []
2018-04-02 13:07:51.910 [main] INFO  org.springframework.security.web.DefaultSecurityFilterChain - Creating filter chain: Ant [pattern='/swagger-ui.html'], []
2018-04-02 13:07:51.910 [main] INFO  org.springframework.security.web.DefaultSecurityFilterChain - Creating filter chain: Ant [pattern='/webjars/**'], []
2018-04-02 13:07:51.911 [main] INFO  org.springframework.security.web.DefaultSecurityFilterChain - Creating filter chain: Ant [pattern='/actuator/**'], []
2018-04-02 13:07:51.911 [main] INFO  org.springframework.security.web.DefaultSecurityFilterChain - Creating filter chain: Ant [pattern='/druid/**'], []
2018-04-02 13:07:52.073 [main] INFO  org.springframework.security.web.DefaultSecurityFilterChain - Creating filter chain: org.springframework.security.web.util.matcher.AnyRequestMatcher@1, [org.springframework.security.web.context.request.async.WebAsyncManagerIntegrationFilter@7d9c448f, org.springframework.security.web.context.SecurityContextPersistenceFilter@50e7ee70, org.springframework.security.web.header.HeaderWriterFilter@5ee29735, org.springframework.security.web.authentication.logout.LogoutFilter@749e4d40, com.fengmangbilu.security.authentication.TokenAuthenticationProcessingFilter@14aa12c5, org.springframework.security.web.savedrequest.RequestCacheAwareFilter@287e35df, org.springframework.security.web.servletapi.SecurityContextHolderAwareRequestFilter@352e8cb3, org.springframework.security.web.authentication.AnonymousAuthenticationFilter@6d1bbd00, org.springframework.security.web.session.SessionManagementFilter@5a83be9, org.springframework.security.web.access.ExceptionTranslationFilter@5fdd9b96, org.springframework.security.web.access.intercept.FilterSecurityInterceptor@1ad7892]
2018-04-02 13:07:52.109 [main] INFO  org.springframework.security.web.DefaultSecurityFilterChain - Creating filter chain: org.springframework.boot.autoconfigure.security.SpringBootWebSecurityConfiguration$ApplicationNoWebSecurityConfigurerAdapter$1@66fb1627, [org.springframework.security.web.context.request.async.WebAsyncManagerIntegrationFilter@1cbd2c1a, org.springframework.security.web.context.SecurityContextPersistenceFilter@5e9ae46f, org.springframework.security.web.header.HeaderWriterFilter@5a13b931, org.springframework.security.web.csrf.CsrfFilter@1bf18ca8, org.springframework.security.web.authentication.logout.LogoutFilter@6fcb2e2d, org.springframework.security.web.savedrequest.RequestCacheAwareFilter@4efca68, org.springframework.security.web.servletapi.SecurityContextHolderAwareRequestFilter@437231f5, org.springframework.security.web.authentication.AnonymousAuthenticationFilter@4e125be1, org.springframework.security.web.session.SessionManagementFilter@904b224, org.springframework.security.web.access.ExceptionTranslationFilter@317d7a5e]
2018-04-02 13:07:52.754 [main] INFO  org.springframework.scheduling.concurrent.ThreadPoolTaskScheduler - Initializing ExecutorService  'taskScheduler'
2018-04-02 13:07:53.689 [main] INFO  org.springframework.integration.codec.kryo.CompositeKryoRegistrar - configured Kryo registration [40, java.io.File] with serializer org.springframework.integration.codec.kryo.FileSerializer
2018-04-02 13:07:54.186 [main] INFO  org.springframework.jmx.export.annotation.AnnotationMBeanExporter - Registering beans for JMX exposure on startup
2018-04-02 13:07:54.188 [main] INFO  org.springframework.jmx.export.annotation.AnnotationMBeanExporter - Bean with name 'statFilter' has been autodetected for JMX exposure
2018-04-02 13:07:54.188 [main] INFO  org.springframework.jmx.export.annotation.AnnotationMBeanExporter - Bean with name 'dataSource' has been autodetected for JMX exposure
2018-04-02 13:07:54.196 [main] INFO  org.springframework.jmx.export.annotation.AnnotationMBeanExporter - Bean with name 'environmentManager' has been autodetected for JMX exposure
2018-04-02 13:07:54.197 [main] INFO  org.springframework.jmx.export.annotation.AnnotationMBeanExporter - Bean with name 'rabbitConnectionFactory' has been autodetected for JMX exposure
2018-04-02 13:07:54.198 [main] INFO  org.springframework.jmx.export.annotation.AnnotationMBeanExporter - Bean with name 'integrationMbeanExporter' has been autodetected for JMX exposure
2018-04-02 13:07:54.200 [main] INFO  org.springframework.jmx.export.annotation.AnnotationMBeanExporter - Bean with name 'configurationPropertiesRebinder' has been autodetected for JMX exposure
2018-04-02 13:07:54.200 [main] INFO  org.springframework.jmx.export.annotation.AnnotationMBeanExporter - Bean with name 'refreshEndpoint' has been autodetected for JMX exposure
2018-04-02 13:07:54.201 [main] INFO  org.springframework.jmx.export.annotation.AnnotationMBeanExporter - Bean with name 'serviceRegistryEndpoint' has been autodetected for JMX exposure
2018-04-02 13:07:54.202 [main] INFO  org.springframework.jmx.export.annotation.AnnotationMBeanExporter - Bean with name 'refreshScope' has been autodetected for JMX exposure
2018-04-02 13:07:54.205 [main] INFO  org.springframework.jmx.export.annotation.AnnotationMBeanExporter - Located managed bean 'environmentManager': registering with JMX server as MBean [org.springframework.cloud.context.environment:name=environmentManager,type=EnvironmentManager]
2018-04-02 13:07:54.218 [main] INFO  org.springframework.jmx.export.annotation.AnnotationMBeanExporter - Located managed bean 'serviceRegistryEndpoint': registering with JMX server as MBean [org.springframework.cloud.client.serviceregistry.endpoint:name=serviceRegistryEndpoint,type=ServiceRegistryEndpoint]
2018-04-02 13:07:54.224 [main] INFO  org.springframework.jmx.export.annotation.AnnotationMBeanExporter - Located managed bean 'refreshScope': registering with JMX server as MBean [org.springframework.cloud.context.scope.refresh:name=refreshScope,type=RefreshScope]
2018-04-02 13:07:54.240 [main] INFO  org.springframework.jmx.export.annotation.AnnotationMBeanExporter - Located managed bean 'integrationMbeanExporter': registering with JMX server as MBean [org.springframework.integration.monitor:name=integrationMbeanExporter,type=IntegrationMBeanExporter]
2018-04-02 13:07:54.267 [main] INFO  org.springframework.jmx.export.annotation.AnnotationMBeanExporter - Located managed bean 'configurationPropertiesRebinder': registering with JMX server as MBean [org.springframework.cloud.context.properties:name=configurationPropertiesRebinder,context=b8e246c,type=ConfigurationPropertiesRebinder]
2018-04-02 13:07:54.270 [main] INFO  org.springframework.jmx.export.annotation.AnnotationMBeanExporter - Located MBean 'dataSource': registering with JMX server as MBean [com.alibaba.druid.spring.boot.autoconfigure:name=dataSource,type=DruidDataSourceWrapper]
2018-04-02 13:07:54.272 [main] INFO  org.springframework.jmx.export.annotation.AnnotationMBeanExporter - Located managed bean 'rabbitConnectionFactory': registering with JMX server as MBean [org.springframework.amqp.rabbit.connection:name=rabbitConnectionFactory,type=CachingConnectionFactory]
2018-04-02 13:07:54.281 [main] INFO  org.springframework.jmx.export.annotation.AnnotationMBeanExporter - Located managed bean 'refreshEndpoint': registering with JMX server as MBean [org.springframework.cloud.endpoint:name=refreshEndpoint,type=RefreshEndpoint]
2018-04-02 13:07:54.286 [main] INFO  org.springframework.jmx.export.annotation.AnnotationMBeanExporter - Located MBean 'statFilter': registering with JMX server as MBean [com.alibaba.druid.filter.stat:name=statFilter,type=StatFilter]
2018-04-02 13:07:54.294 [main] INFO  org.springframework.integration.monitor.IntegrationMBeanExporter - Registering beans for JMX exposure on startup
2018-04-02 13:07:54.295 [main] INFO  org.springframework.integration.monitor.IntegrationMBeanExporter - Registering MessageChannel hystrixStreamOutput
2018-04-02 13:07:54.299 [main] INFO  org.springframework.integration.monitor.IntegrationMBeanExporter - Located managed bean 'org.springframework.integration:type=MessageChannel,name=hystrixStreamOutput': registering with JMX server as MBean [org.springframework.integration:type=MessageChannel,name=hystrixStreamOutput]
2018-04-02 13:07:54.340 [main] INFO  org.springframework.integration.monitor.IntegrationMBeanExporter - Registering MessageChannel errorChannel
2018-04-02 13:07:54.342 [main] INFO  org.springframework.integration.monitor.IntegrationMBeanExporter - Located managed bean 'org.springframework.integration:type=MessageChannel,name=errorChannel': registering with JMX server as MBean [org.springframework.integration:type=MessageChannel,name=errorChannel]
2018-04-02 13:07:54.377 [main] INFO  org.springframework.integration.monitor.IntegrationMBeanExporter - Registering MessageChannel nullChannel
2018-04-02 13:07:54.379 [main] INFO  org.springframework.integration.monitor.IntegrationMBeanExporter - Located managed bean 'org.springframework.integration:type=MessageChannel,name=nullChannel': registering with JMX server as MBean [org.springframework.integration:type=MessageChannel,name=nullChannel]
2018-04-02 13:07:54.399 [main] INFO  org.springframework.integration.monitor.IntegrationMBeanExporter - Registering MessageHandler errorLogger
2018-04-02 13:07:54.401 [main] INFO  org.springframework.integration.monitor.IntegrationMBeanExporter - Located managed bean 'org.springframework.integration:type=MessageHandler,name=errorLogger,bean=internal': registering with JMX server as MBean [org.springframework.integration:type=MessageHandler,name=errorLogger,bean=internal]
2018-04-02 13:07:54.422 [main] INFO  org.springframework.boot.actuate.endpoint.jmx.EndpointMBeanExporter - Registering beans for JMX exposure on startup
2018-04-02 13:07:55.216 [main] INFO  org.hibernate.validator.internal.xml.ValidationXmlParser - HV000007: META-INF/validation.xml found. Parsing XML based configuration.
2018-04-02 13:07:55.223 [main] INFO  org.hibernate.validator.internal.xml.ValidationBootstrapParameters - HV000004: Using com.fengmangbilu.validator.i18n.ValidationMessageInterpolator as message interpolator.
2018-04-02 13:07:55.224 [main] INFO  org.hibernate.validator.internal.xml.ValidationBootstrapParameters - HV000119: Using com.fengmangbilu.validator.provider.ReportOnParameterNameProvider as parameter name provider.
2018-04-02 13:07:55.231 [main] INFO  org.springframework.context.support.DefaultLifecycleProcessor - Starting beans in phase -2147482648
2018-04-02 13:07:55.402 [main] INFO  com.fengmangbilu.microservice.oa.OaApplication - No active profile set, falling back to default profiles: default
2018-04-02 13:07:55.406 [main] INFO  org.springframework.context.annotation.AnnotationConfigApplicationContext - Refreshing org.springframework.context.annotation.AnnotationConfigApplicationContext@59a62b0e: startup date [Mon Apr 02 13:07:55 CST 2018]; parent: org.springframework.boot.context.embedded.AnnotationConfigEmbeddedWebApplicationContext@b8e246c
2018-04-02 13:07:55.460 [main] INFO  org.springframework.beans.factory.annotation.AutowiredAnnotationBeanPostProcessor - JSR-330 'javax.inject.Inject' annotation found and supported for autowiring
2018-04-02 13:07:55.532 [main] INFO  org.hibernate.validator.internal.xml.ValidationXmlParser - HV000007: META-INF/validation.xml found. Parsing XML based configuration.
2018-04-02 13:07:55.540 [main] INFO  org.hibernate.validator.internal.xml.ValidationBootstrapParameters - HV000004: Using com.fengmangbilu.validator.i18n.ValidationMessageInterpolator as message interpolator.
2018-04-02 13:07:55.540 [main] INFO  org.hibernate.validator.internal.xml.ValidationBootstrapParameters - HV000119: Using com.fengmangbilu.validator.provider.ReportOnParameterNameProvider as parameter name provider.
2018-04-02 13:07:55.592 [main] INFO  org.springframework.context.support.GenericApplicationContext - Refreshing org.springframework.context.support.GenericApplicationContext@59065952: startup date [Mon Apr 02 13:07:55 CST 2018]; root of context hierarchy
2018-04-02 13:07:55.638 [main] INFO  org.springframework.context.annotation.AnnotationConfigApplicationContext - Refreshing org.springframework.context.annotation.AnnotationConfigApplicationContext@5ceafd4b: startup date [Mon Apr 02 13:07:55 CST 2018]; parent: org.springframework.boot.context.embedded.AnnotationConfigEmbeddedWebApplicationContext@b8e246c
2018-04-02 13:07:55.680 [main] INFO  org.springframework.beans.factory.annotation.AutowiredAnnotationBeanPostProcessor - JSR-330 'javax.inject.Inject' annotation found and supported for autowiring
2018-04-02 13:07:56.066 [main] INFO  com.netflix.config.ChainedDynamicProperty - Flipping property: user.ribbon.ActiveConnectionsLimit to use NEXT property: niws.loadbalancer.availabilityFilteringRule.activeConnectionsLimit = 2147483647
2018-04-02 13:07:56.090 [main] INFO  com.netflix.util.concurrent.ShutdownEnabledTimer - Shutdown hook installed for: NFLoadBalancer-PingTimer-user
2018-04-02 13:07:56.097 [main] INFO  com.netflix.loadbalancer.BaseLoadBalancer - Client: user instantiated a LoadBalancer: DynamicServerListLoadBalancer:{NFLoadBalancer:name=user,current list of Servers=[],Load balancer stats=Zone stats: {},Server stats: []}ServerList:null
2018-04-02 13:07:56.104 [main] INFO  com.netflix.loadbalancer.DynamicServerListLoadBalancer - Using serverListUpdater PollingServerListUpdater
2018-04-02 13:07:56.121 [main] INFO  org.springframework.cloud.netflix.eureka.InstanceInfoFactory - Setting initial instance status as: STARTING
2018-04-02 13:07:56.137 [main] INFO  com.netflix.discovery.DiscoveryClient - Initializing Eureka in region us-east-1
2018-04-02 13:07:56.378 [main] INFO  com.netflix.discovery.provider.DiscoveryJerseyProvider - Using JSON encoding codec LegacyJacksonJson
2018-04-02 13:07:56.379 [main] INFO  com.netflix.discovery.provider.DiscoveryJerseyProvider - Using JSON decoding codec LegacyJacksonJson
2018-04-02 13:07:56.537 [main] INFO  com.netflix.discovery.provider.DiscoveryJerseyProvider - Using XML encoding codec XStreamXml
2018-04-02 13:07:56.537 [main] INFO  com.netflix.discovery.provider.DiscoveryJerseyProvider - Using XML decoding codec XStreamXml
2018-04-02 13:07:56.815 [main] INFO  com.netflix.discovery.shared.resolver.aws.ConfigClusterResolver - Resolving eureka endpoints via configuration
2018-04-02 13:07:56.873 [main] INFO  com.netflix.discovery.DiscoveryClient - Disable delta property : false
2018-04-02 13:07:56.874 [main] INFO  com.netflix.discovery.DiscoveryClient - Single vip registry refresh property : null
2018-04-02 13:07:56.874 [main] INFO  com.netflix.discovery.DiscoveryClient - Force full registry fetch : false
2018-04-02 13:07:56.874 [main] INFO  com.netflix.discovery.DiscoveryClient - Application is null : false
2018-04-02 13:07:56.874 [main] INFO  com.netflix.discovery.DiscoveryClient - Registered Applications size is zero : true
2018-04-02 13:07:56.875 [main] INFO  com.netflix.discovery.DiscoveryClient - Application version is -1: true
2018-04-02 13:07:56.875 [main] INFO  com.netflix.discovery.DiscoveryClient - Getting all instance registry info from the eureka server
2018-04-02 13:07:57.043 [main] INFO  com.netflix.discovery.DiscoveryClient - The response status is 200
2018-04-02 13:07:57.045 [main] INFO  com.netflix.discovery.DiscoveryClient - Starting heartbeat executor: renew interval is: 30
2018-04-02 13:07:57.048 [main] INFO  com.netflix.discovery.InstanceInfoReplicator - InstanceInfoReplicator onDemand update allowed rate per min is 4
2018-04-02 13:07:57.051 [main] INFO  com.netflix.discovery.DiscoveryClient - Discovery Client initialized at timestamp 1522645677050 with initial instances count: 8
2018-04-02 13:07:57.093 [main] INFO  com.netflix.config.ChainedDynamicProperty - Flipping property: user.ribbon.ActiveConnectionsLimit to use NEXT property: niws.loadbalancer.availabilityFilteringRule.activeConnectionsLimit = 2147483647
2018-04-02 13:07:57.095 [main] INFO  com.netflix.loadbalancer.DynamicServerListLoadBalancer - DynamicServerListLoadBalancer for client user initialized: DynamicServerListLoadBalancer:{NFLoadBalancer:name=user,current list of Servers=[120.76.44.152:8001, 120.76.44.152:8001],Load balancer stats=Zone stats: {defaultzone=[Zone:defaultzone;	Instance count:2;	Active connections count: 0;	Circuit breaker tripped count: 0;	Active connections per server: 0.0;]
},Server stats: [[Server:120.76.44.152:8001;	Zone:defaultZone;	Total Requests:0;	Successive connection failure:0;	Total blackout seconds:0;	Last connection made:Thu Jan 01 08:00:00 CST 1970;	First connection made: Thu Jan 01 08:00:00 CST 1970;	Active Connections:0;	total failure count in last (1000) msecs:0;	average resp time:0.0;	90 percentile resp time:0.0;	95 percentile resp time:0.0;	min resp time:0.0;	max resp time:0.0;	stddev resp time:0.0]
]}ServerList:org.springframework.cloud.netflix.ribbon.eureka.DomainExtractingServerList@f32afbe
2018-04-02 13:07:57.109 [PollingServerListUpdater-0] INFO  com.netflix.config.ChainedDynamicProperty - Flipping property: user.ribbon.ActiveConnectionsLimit to use NEXT property: niws.loadbalancer.availabilityFilteringRule.activeConnectionsLimit = 2147483647
2018-04-02 13:07:57.160 [main] INFO  com.fengmangbilu.microservice.oa.OaApplication - Started OaApplication in 1.915 seconds (JVM running for 35.187)
2018-04-02 13:07:57.230 [main] INFO  org.springframework.amqp.rabbit.connection.CachingConnectionFactory - Attempting to connect to: [localhost:5672]
2018-04-02 13:07:57.284 [main] INFO  org.springframework.amqp.rabbit.connection.CachingConnectionFactory - Created new connection: rabbitConnectionFactory#4c18a316:0/SimpleConnection@15682f4a [delegate=amqp://admin@127.0.0.1:5672/, localPort= 63201]
2018-04-02 13:07:57.329 [main] INFO  org.springframework.integration.channel.DirectChannel - Channel 'oa:8004.hystrixStreamOutput' has 1 subscriber(s).
2018-04-02 13:07:57.330 [main] INFO  org.springframework.context.support.DefaultLifecycleProcessor - Starting beans in phase 0
2018-04-02 13:07:57.330 [main] INFO  org.springframework.cloud.netflix.eureka.serviceregistry.EurekaServiceRegistry - Registering application oa with eureka with status UP
2018-04-02 13:07:57.331 [main] INFO  com.netflix.discovery.DiscoveryClient - Saw local status change event StatusChangeEvent [timestamp=1522645677331, current=UP, previous=STARTING]
2018-04-02 13:07:57.333 [DiscoveryClient-InstanceInfoReplicator-0] INFO  com.netflix.discovery.DiscoveryClient - DiscoveryClient_OA/Zx-PC:oa:8004: registering service...
2018-04-02 13:07:57.336 [main] INFO  org.springframework.boot.actuate.endpoint.jmx.EndpointMBeanExporter - Located managed bean 'auditEventsEndpoint': registering with JMX server as MBean [org.springframework.boot:type=Endpoint,name=auditEventsEndpoint]
2018-04-02 13:07:57.349 [main] INFO  org.springframework.boot.actuate.endpoint.jmx.EndpointMBeanExporter - Located managed bean 'archaiusEndpoint': registering with JMX server as MBean [org.springframework.boot:type=Endpoint,name=archaiusEndpoint]
2018-04-02 13:07:57.359 [main] INFO  org.springframework.boot.actuate.endpoint.jmx.EndpointMBeanExporter - Located managed bean 'featuresEndpoint': registering with JMX server as MBean [org.springframework.boot:type=Endpoint,name=featuresEndpoint]
2018-04-02 13:07:57.362 [main] INFO  org.springframework.boot.actuate.endpoint.jmx.EndpointMBeanExporter - Located managed bean 'requestMappingEndpoint': registering with JMX server as MBean [org.springframework.boot:type=Endpoint,name=requestMappingEndpoint]
2018-04-02 13:07:57.364 [main] INFO  org.springframework.boot.actuate.endpoint.jmx.EndpointMBeanExporter - Located managed bean 'environmentEndpoint': registering with JMX server as MBean [org.springframework.boot:type=Endpoint,name=environmentEndpoint]
2018-04-02 13:07:57.366 [DiscoveryClient-InstanceInfoReplicator-0] INFO  com.netflix.discovery.DiscoveryClient - DiscoveryClient_OA/Zx-PC:oa:8004 - registration status: 204
2018-04-02 13:07:57.367 [main] INFO  org.springframework.boot.actuate.endpoint.jmx.EndpointMBeanExporter - Located managed bean 'healthEndpoint': registering with JMX server as MBean [org.springframework.boot:type=Endpoint,name=healthEndpoint]
2018-04-02 13:07:57.370 [main] INFO  org.springframework.boot.actuate.endpoint.jmx.EndpointMBeanExporter - Located managed bean 'beansEndpoint': registering with JMX server as MBean [org.springframework.boot:type=Endpoint,name=beansEndpoint]
2018-04-02 13:07:57.373 [main] INFO  org.springframework.boot.actuate.endpoint.jmx.EndpointMBeanExporter - Located managed bean 'infoEndpoint': registering with JMX server as MBean [org.springframework.boot:type=Endpoint,name=infoEndpoint]
2018-04-02 13:07:57.375 [main] INFO  org.springframework.boot.actuate.endpoint.jmx.EndpointMBeanExporter - Located managed bean 'loggersEndpoint': registering with JMX server as MBean [org.springframework.boot:type=Endpoint,name=loggersEndpoint]
2018-04-02 13:07:57.382 [main] INFO  org.springframework.boot.actuate.endpoint.jmx.EndpointMBeanExporter - Located managed bean 'metricsEndpoint': registering with JMX server as MBean [org.springframework.boot:type=Endpoint,name=metricsEndpoint]
2018-04-02 13:07:57.385 [main] INFO  org.springframework.boot.actuate.endpoint.jmx.EndpointMBeanExporter - Located managed bean 'traceEndpoint': registering with JMX server as MBean [org.springframework.boot:type=Endpoint,name=traceEndpoint]
2018-04-02 13:07:57.387 [main] INFO  org.springframework.boot.actuate.endpoint.jmx.EndpointMBeanExporter - Located managed bean 'dumpEndpoint': registering with JMX server as MBean [org.springframework.boot:type=Endpoint,name=dumpEndpoint]
2018-04-02 13:07:57.391 [main] INFO  org.springframework.boot.actuate.endpoint.jmx.EndpointMBeanExporter - Located managed bean 'autoConfigurationReportEndpoint': registering with JMX server as MBean [org.springframework.boot:type=Endpoint,name=autoConfigurationReportEndpoint]
2018-04-02 13:07:57.393 [main] INFO  org.springframework.boot.actuate.endpoint.jmx.EndpointMBeanExporter - Located managed bean 'configurationPropertiesReportEndpoint': registering with JMX server as MBean [org.springframework.boot:type=Endpoint,name=configurationPropertiesReportEndpoint]
2018-04-02 13:07:57.395 [main] INFO  org.springframework.boot.actuate.endpoint.jmx.EndpointMBeanExporter - Located managed bean 'channelsEndpoint': registering with JMX server as MBean [org.springframework.boot:type=Endpoint,name=channelsEndpoint]
2018-04-02 13:07:57.396 [main] INFO  org.springframework.integration.endpoint.EventDrivenConsumer - Adding {logging-channel-adapter:_org.springframework.integration.errorLogger} as a subscriber to the 'errorChannel' channel
2018-04-02 13:07:57.396 [main] INFO  org.springframework.integration.channel.PublishSubscribeChannel - Channel 'oa:8004.errorChannel' has 1 subscriber(s).
2018-04-02 13:07:57.396 [main] INFO  org.springframework.integration.endpoint.EventDrivenConsumer - started _org.springframework.integration.errorLogger
2018-04-02 13:07:57.396 [main] INFO  org.springframework.context.support.DefaultLifecycleProcessor - Starting beans in phase 2147482647
2018-04-02 13:07:57.396 [main] INFO  org.springframework.context.support.DefaultLifecycleProcessor - Starting beans in phase 2147483647
2018-04-02 13:07:57.396 [main] INFO  springfox.documentation.spring.web.plugins.DocumentationPluginsBootstrapper - Context refreshed
2018-04-02 13:07:57.416 [main] INFO  springfox.documentation.spring.web.plugins.DocumentationPluginsBootstrapper - Found 1 custom documentation plugin(s)
2018-04-02 13:07:57.452 [main] INFO  springfox.documentation.spring.web.scanners.ApiListingReferenceScanner - Scanning for api listing references
2018-04-02 13:07:57.663 [main] INFO  springfox.documentation.spring.web.readers.operation.CachingOperationNameGenerator - Generating unique operation named: getCompanyInfoUsingGET_1
2018-04-02 13:07:57.666 [main] INFO  springfox.documentation.spring.web.readers.operation.CachingOperationNameGenerator - Generating unique operation named: getReportInfoUsingGET_1
2018-04-02 13:07:57.669 [main] INFO  springfox.documentation.spring.web.readers.operation.CachingOperationNameGenerator - Generating unique operation named: getReportPushInfosUsingGET_1
2018-04-02 13:07:57.693 [main] INFO  org.springframework.cloud.netflix.hystrix.HystrixCircuitBreakerConfiguration$HystrixMetricsPollerConfiguration - Starting poller
2018-04-02 13:07:57.719 [main] INFO  org.apache.coyote.http11.Http11NioProtocol - Initializing ProtocolHandler ["http-nio-8004"]
2018-04-02 13:07:57.734 [main] INFO  org.apache.coyote.http11.Http11NioProtocol - Starting ProtocolHandler ["http-nio-8004"]
2018-04-02 13:07:57.749 [main] INFO  org.apache.tomcat.util.net.NioSelectorPool - Using a shared selector for servlet write/read
2018-04-02 13:07:57.776 [main] INFO  org.springframework.boot.context.embedded.tomcat.TomcatEmbeddedServletContainer - Tomcat started on port(s): 8004 (http)
2018-04-02 13:07:57.777 [main] INFO  org.springframework.cloud.netflix.eureka.serviceregistry.EurekaAutoServiceRegistration - Updating port to 8004
2018-04-02 13:07:57.781 [main] INFO  com.fengmangbilu.microservice.oa.OaApplication - Started OaApplication in 35.206 seconds (JVM running for 35.808)
2018-04-02 13:09:43.219 [http-nio-8004-exec-1] INFO  org.apache.catalina.core.ContainerBase.[Tomcat].[localhost].[/] - Initializing Spring FrameworkServlet 'dispatcherServlet'
2018-04-02 13:09:43.219 [http-nio-8004-exec-1] INFO  org.springframework.web.servlet.DispatcherServlet - FrameworkServlet 'dispatcherServlet': initialization started
2018-04-02 13:09:43.242 [http-nio-8004-exec-1] INFO  org.springframework.web.servlet.DispatcherServlet - FrameworkServlet 'dispatcherServlet': initialization completed in 23 ms
2018-04-02 13:11:42.920 [http-nio-8004-exec-6] INFO  p6spy - |6|statement|connection3|SELECT 1 FROM DUAL
2018-04-02 13:11:42.998 [http-nio-8004-exec-6] INFO  p6spy - |9|statement|connection3|select staffinfo0_.id as id1_24_, staffinfo0_.created_date as created_2_24_, staffinfo0_.last_modified_date as last_mod3_24_, staffinfo0_.created_by as created_4_24_, staffinfo0_.last_modified_by as last_mod5_24_, staffinfo0_.company_id as company_6_24_, staffinfo0_.dept_id as dept_id7_24_, staffinfo0_.dimission_date as dimissio8_24_, staffinfo0_.entry_date as entry_da9_24_, staffinfo0_.id_card as id_card10_24_, staffinfo0_.is_active as is_acti11_24_, staffinfo0_.is_leave as is_leav12_24_, staffinfo0_.mobile as mobile13_24_, staffinfo0_.name as name14_24_, staffinfo0_.position as positio15_24_, staffinfo0_.user_id as user_id16_24_, (select r.al_count from fengmangbilu_risk_info r where r.id_card = staffinfo0_.id_card limit 1) as formula5_, (select i.back_image from fengmangbilu_idcard_info i where i.id_card = staffinfo0_.id_card limit 1) as formula6_, (select c.name from fengmangbilu_company_info c where c.id = staffinfo0_.company_id) as formula7_, (select r.cqgg_count from fengmangbilu_risk_info r where r.id_card = staffinfo0_.id_card limit 1) as formula8_, (select d.name from fengmangbilu_dept_info d where d.dept_id = staffinfo0_.dept_id) as formula9_, (select e.education_degree from fengmangbilu_education_info e where e.id_card = staffinfo0_.id_card limit 1) as formula10_, (select i.front_image from fengmangbilu_idcard_info i where i.id_card = staffinfo0_.id_card limit 1) as formula11_, (select e.graduate from fengmangbilu_education_info e where e.id_card = staffinfo0_.id_card limit 1) as formula12_, (select i.head_image from fengmangbilu_idcard_info i where i.id_card = staffinfo0_.id_card limit 1) as formula13_, (select r.leave_prove from fengmangbilu_report_push_info r where r.id_card = staffinfo0_.id_card and r.mobile = staffinfo0_.mobile limit 1) as formula14_, (select e.speciality_name from fengmangbilu_education_info e where e.id_card = staffinfo0_.id_card limit 1) as formula15_, (select r.sw_count from fengmangbilu_risk_info r where r.id_card = staffinfo0_.id_card limit 1) as formula16_, (select r.sx_count from fengmangbilu_risk_info r where r.id_card = staffinfo0_.id_card limit 1) as formula17_, (select r.wdyq_count from fengmangbilu_risk_info r where r.id_card = staffinfo0_.id_card limit 1) as formula18_, (select r.zx_count from fengmangbilu_risk_info r where r.id_card = staffinfo0_.id_card limit 1) as formula19_, (select count(DISTINCT o.certificateID) from fengmangbilu_osta_info o where o.id_card = staffinfo0_.id_card limit 1) as formula20_ from fengmangbilu_staff_info staffinfo0_ where staffinfo0_.is_leave=0 and staffinfo0_.user_id='28313629220016128'
2018-04-02 13:11:43.075 [http-nio-8004-exec-6] INFO  p6spy - |8|statement|connection3|select companyinf0_.id as id1_1_0_, companyinf0_.created_date as created_2_1_0_, companyinf0_.last_modified_date as last_mod3_1_0_, companyinf0_.created_by as created_4_1_0_, companyinf0_.last_modified_by as last_mod5_1_0_, companyinf0_.actual_capital as actual_c6_1_0_, companyinf0_.approved_time as approved7_1_0_, companyinf0_.business_license as business8_1_0_, companyinf0_.business_scope as business9_1_0_, companyinf0_.category_score as categor10_1_0_, companyinf0_.company_id as company11_1_0_, companyinf0_.company_org_type as company12_1_0_, companyinf0_.compay_scale as compay_13_1_0_, companyinf0_.credit_code as credit_14_1_0_, companyinf0_.estiblish_time as estibli15_1_0_, companyinf0_.from_time as from_ti16_1_0_, companyinf0_.industry as industr17_1_0_, companyinf0_.legal_person_id as legal_p18_1_0_, companyinf0_.legal_person_name as legal_p19_1_0_, companyinf0_.name as name20_1_0_, companyinf0_.org_approved_institute as org_app21_1_0_, companyinf0_.org_number as org_num22_1_0_, companyinf0_.percentile_score as percent23_1_0_, companyinf0_.phone_number as phone_n24_1_0_, companyinf0_.reg_capital as reg_cap25_1_0_, companyinf0_.reg_institute as reg_ins26_1_0_, companyinf0_.reg_location as reg_loc27_1_0_, companyinf0_.reg_number as reg_num28_1_0_, companyinf0_.reg_status as reg_sta29_1_0_, companyinf0_.to_time as to_time30_1_0_, companyinf0_.type as type31_1_0_, companyinf0_.website_list as website32_1_0_ from fengmangbilu_company_info companyinf0_ where companyinf0_.id=1
2018-04-02 13:11:43.088 [http-nio-8004-exec-6] INFO  p6spy - |5|commit|connection3|
2018-04-02 13:12:56.881 [AsyncResolver-bootstrap-executor-0] INFO  com.netflix.discovery.shared.resolver.aws.ConfigClusterResolver - Resolving eureka endpoints via configuration
2018-04-02 13:17:56.887 [AsyncResolver-bootstrap-executor-0] INFO  com.netflix.discovery.shared.resolver.aws.ConfigClusterResolver - Resolving eureka endpoints via configuration
2018-04-02 13:22:56.892 [AsyncResolver-bootstrap-executor-0] INFO  com.netflix.discovery.shared.resolver.aws.ConfigClusterResolver - Resolving eureka endpoints via configuration
2018-04-02 13:23:09.177 [http-nio-8004-exec-1] INFO  p6spy - |6|statement|connection3|SELECT 1 FROM DUAL
2018-04-02 13:23:09.189 [http-nio-8004-exec-1] INFO  p6spy - |10|statement|connection3|select staffinfo0_.id as id1_24_, staffinfo0_.created_date as created_2_24_, staffinfo0_.last_modified_date as last_mod3_24_, staffinfo0_.created_by as created_4_24_, staffinfo0_.last_modified_by as last_mod5_24_, staffinfo0_.company_id as company_6_24_, staffinfo0_.dept_id as dept_id7_24_, staffinfo0_.dimission_date as dimissio8_24_, staffinfo0_.entry_date as entry_da9_24_, staffinfo0_.id_card as id_card10_24_, staffinfo0_.is_active as is_acti11_24_, staffinfo0_.is_leave as is_leav12_24_, staffinfo0_.mobile as mobile13_24_, staffinfo0_.name as name14_24_, staffinfo0_.position as positio15_24_, staffinfo0_.user_id as user_id16_24_, (select r.al_count from fengmangbilu_risk_info r where r.id_card = staffinfo0_.id_card limit 1) as formula5_, (select i.back_image from fengmangbilu_idcard_info i where i.id_card = staffinfo0_.id_card limit 1) as formula6_, (select c.name from fengmangbilu_company_info c where c.id = staffinfo0_.company_id) as formula7_, (select r.cqgg_count from fengmangbilu_risk_info r where r.id_card = staffinfo0_.id_card limit 1) as formula8_, (select d.name from fengmangbilu_dept_info d where d.dept_id = staffinfo0_.dept_id) as formula9_, (select e.education_degree from fengmangbilu_education_info e where e.id_card = staffinfo0_.id_card limit 1) as formula10_, (select i.front_image from fengmangbilu_idcard_info i where i.id_card = staffinfo0_.id_card limit 1) as formula11_, (select e.graduate from fengmangbilu_education_info e where e.id_card = staffinfo0_.id_card limit 1) as formula12_, (select i.head_image from fengmangbilu_idcard_info i where i.id_card = staffinfo0_.id_card limit 1) as formula13_, (select r.leave_prove from fengmangbilu_report_push_info r where r.id_card = staffinfo0_.id_card and r.mobile = staffinfo0_.mobile limit 1) as formula14_, (select e.speciality_name from fengmangbilu_education_info e where e.id_card = staffinfo0_.id_card limit 1) as formula15_, (select r.sw_count from fengmangbilu_risk_info r where r.id_card = staffinfo0_.id_card limit 1) as formula16_, (select r.sx_count from fengmangbilu_risk_info r where r.id_card = staffinfo0_.id_card limit 1) as formula17_, (select r.wdyq_count from fengmangbilu_risk_info r where r.id_card = staffinfo0_.id_card limit 1) as formula18_, (select r.zx_count from fengmangbilu_risk_info r where r.id_card = staffinfo0_.id_card limit 1) as formula19_, (select count(DISTINCT o.certificateID) from fengmangbilu_osta_info o where o.id_card = staffinfo0_.id_card limit 1) as formula20_ from fengmangbilu_staff_info staffinfo0_ where staffinfo0_.is_leave=0 and staffinfo0_.user_id='31034003428216832'
2018-04-02 13:23:22.839 [http-nio-8004-exec-3] INFO  p6spy - |10|statement|connection3|select staffinfo0_.id as id1_24_, staffinfo0_.created_date as created_2_24_, staffinfo0_.last_modified_date as last_mod3_24_, staffinfo0_.created_by as created_4_24_, staffinfo0_.last_modified_by as last_mod5_24_, staffinfo0_.company_id as company_6_24_, staffinfo0_.dept_id as dept_id7_24_, staffinfo0_.dimission_date as dimissio8_24_, staffinfo0_.entry_date as entry_da9_24_, staffinfo0_.id_card as id_card10_24_, staffinfo0_.is_active as is_acti11_24_, staffinfo0_.is_leave as is_leav12_24_, staffinfo0_.mobile as mobile13_24_, staffinfo0_.name as name14_24_, staffinfo0_.position as positio15_24_, staffinfo0_.user_id as user_id16_24_, (select r.al_count from fengmangbilu_risk_info r where r.id_card = staffinfo0_.id_card limit 1) as formula5_, (select i.back_image from fengmangbilu_idcard_info i where i.id_card = staffinfo0_.id_card limit 1) as formula6_, (select c.name from fengmangbilu_company_info c where c.id = staffinfo0_.company_id) as formula7_, (select r.cqgg_count from fengmangbilu_risk_info r where r.id_card = staffinfo0_.id_card limit 1) as formula8_, (select d.name from fengmangbilu_dept_info d where d.dept_id = staffinfo0_.dept_id) as formula9_, (select e.education_degree from fengmangbilu_education_info e where e.id_card = staffinfo0_.id_card limit 1) as formula10_, (select i.front_image from fengmangbilu_idcard_info i where i.id_card = staffinfo0_.id_card limit 1) as formula11_, (select e.graduate from fengmangbilu_education_info e where e.id_card = staffinfo0_.id_card limit 1) as formula12_, (select i.head_image from fengmangbilu_idcard_info i where i.id_card = staffinfo0_.id_card limit 1) as formula13_, (select r.leave_prove from fengmangbilu_report_push_info r where r.id_card = staffinfo0_.id_card and r.mobile = staffinfo0_.mobile limit 1) as formula14_, (select e.speciality_name from fengmangbilu_education_info e where e.id_card = staffinfo0_.id_card limit 1) as formula15_, (select r.sw_count from fengmangbilu_risk_info r where r.id_card = staffinfo0_.id_card limit 1) as formula16_, (select r.sx_count from fengmangbilu_risk_info r where r.id_card = staffinfo0_.id_card limit 1) as formula17_, (select r.wdyq_count from fengmangbilu_risk_info r where r.id_card = staffinfo0_.id_card limit 1) as formula18_, (select r.zx_count from fengmangbilu_risk_info r where r.id_card = staffinfo0_.id_card limit 1) as formula19_, (select count(DISTINCT o.certificateID) from fengmangbilu_osta_info o where o.id_card = staffinfo0_.id_card limit 1) as formula20_ from fengmangbilu_staff_info staffinfo0_ where staffinfo0_.is_leave=0 and staffinfo0_.user_id='28313629220016128'
2018-04-02 13:23:23.154 [http-nio-8004-exec-3] INFO  p6spy - |8|statement|connection3|select reportpush0_.push_id as push_id1_14_, reportpush0_.created_date as created_2_14_, reportpush0_.last_modified_date as last_mod3_14_, reportpush0_.created_by as created_4_14_, reportpush0_.last_modified_by as last_mod5_14_, reportpush0_.company_id as company_6_14_, reportpush0_.dept_id as dept_id7_14_, reportpush0_.id_card as id_card8_14_, reportpush0_.leave_prove as leave_pr9_14_, reportpush0_.mobile as mobile10_14_, reportpush0_.name as name11_14_, reportpush0_.position as positio12_14_, reportpush0_.report_id as report_13_14_, reportpush0_.status as status14_14_, reportpush0_.type as type15_14_, reportpush0_.user_id as user_id16_14_, (select i.back_image from fengmangbilu_idcard_info i where i.id_card = reportpush0_.id_card limit 1) as formula0_, (select c.name from fengmangbilu_company_info c where c.id = reportpush0_.company_id) as formula1_, (select d.name from fengmangbilu_dept_info d where d.dept_id = reportpush0_.dept_id) as formula2_, (select i.front_image from fengmangbilu_idcard_info i where i.id_card = reportpush0_.id_card limit 1) as formula3_, (select i.head_image from fengmangbilu_idcard_info i where i.id_card = reportpush0_.id_card limit 1) as formula4_ from fengmangbilu_report_push_info reportpush0_ where reportpush0_.user_id='28313629220016128' and reportpush0_.push_id=2 and reportpush0_.status=0 order by reportpush0_.created_date desc
2018-04-02 13:23:23.161 [http-nio-8004-exec-3] INFO  p6spy - |5|commit|connection3|
2018-04-02 13:23:23.188 [http-nio-8004-exec-3] INFO  p6spy - |8|statement|connection3|select staffinfo0_.id as id1_24_, staffinfo0_.created_date as created_2_24_, staffinfo0_.last_modified_date as last_mod3_24_, staffinfo0_.created_by as created_4_24_, staffinfo0_.last_modified_by as last_mod5_24_, staffinfo0_.company_id as company_6_24_, staffinfo0_.dept_id as dept_id7_24_, staffinfo0_.dimission_date as dimissio8_24_, staffinfo0_.entry_date as entry_da9_24_, staffinfo0_.id_card as id_card10_24_, staffinfo0_.is_active as is_acti11_24_, staffinfo0_.is_leave as is_leav12_24_, staffinfo0_.mobile as mobile13_24_, staffinfo0_.name as name14_24_, staffinfo0_.position as positio15_24_, staffinfo0_.user_id as user_id16_24_, (select r.al_count from fengmangbilu_risk_info r where r.id_card = staffinfo0_.id_card limit 1) as formula5_, (select i.back_image from fengmangbilu_idcard_info i where i.id_card = staffinfo0_.id_card limit 1) as formula6_, (select c.name from fengmangbilu_company_info c where c.id = staffinfo0_.company_id) as formula7_, (select r.cqgg_count from fengmangbilu_risk_info r where r.id_card = staffinfo0_.id_card limit 1) as formula8_, (select d.name from fengmangbilu_dept_info d where d.dept_id = staffinfo0_.dept_id) as formula9_, (select e.education_degree from fengmangbilu_education_info e where e.id_card = staffinfo0_.id_card limit 1) as formula10_, (select i.front_image from fengmangbilu_idcard_info i where i.id_card = staffinfo0_.id_card limit 1) as formula11_, (select e.graduate from fengmangbilu_education_info e where e.id_card = staffinfo0_.id_card limit 1) as formula12_, (select i.head_image from fengmangbilu_idcard_info i where i.id_card = staffinfo0_.id_card limit 1) as formula13_, (select r.leave_prove from fengmangbilu_report_push_info r where r.id_card = staffinfo0_.id_card and r.mobile = staffinfo0_.mobile limit 1) as formula14_, (select e.speciality_name from fengmangbilu_education_info e where e.id_card = staffinfo0_.id_card limit 1) as formula15_, (select r.sw_count from fengmangbilu_risk_info r where r.id_card = staffinfo0_.id_card limit 1) as formula16_, (select r.sx_count from fengmangbilu_risk_info r where r.id_card = staffinfo0_.id_card limit 1) as formula17_, (select r.wdyq_count from fengmangbilu_risk_info r where r.id_card = staffinfo0_.id_card limit 1) as formula18_, (select r.zx_count from fengmangbilu_risk_info r where r.id_card = staffinfo0_.id_card limit 1) as formula19_, (select count(DISTINCT o.certificateID) from fengmangbilu_osta_info o where o.id_card = staffinfo0_.id_card limit 1) as formula20_ from fengmangbilu_staff_info staffinfo0_ where staffinfo0_.is_leave=0 and staffinfo0_.user_id='31034003428216832'
2018-04-02 13:23:23.350 [http-nio-8004-exec-3] INFO  p6spy - |7|statement|connection3|insert into fengmangbilu_staff_info (created_date, last_modified_date, created_by, last_modified_by, company_id, dept_id, dimission_date, entry_date, id_card, is_active, is_leave, mobile, name, position, user_id) values ('02--18', '02--18', '28313629220016128', '28313629220016128', 1, 1, NULL, '02--18', '350122199104135212', true, false, '18038008370', '', 'iOS', '31034003428216832')
2018-04-02 13:23:23.362 [http-nio-8004-exec-3] INFO  p6spy - |5|commit|connection3|
2018-04-02 13:27:56.897 [AsyncResolver-bootstrap-executor-0] INFO  com.netflix.discovery.shared.resolver.aws.ConfigClusterResolver - Resolving eureka endpoints via configuration
2018-04-02 13:32:56.903 [AsyncResolver-bootstrap-executor-0] INFO  com.netflix.discovery.shared.resolver.aws.ConfigClusterResolver - Resolving eureka endpoints via configuration
2018-04-02 13:37:56.910 [AsyncResolver-bootstrap-executor-0] INFO  com.netflix.discovery.shared.resolver.aws.ConfigClusterResolver - Resolving eureka endpoints via configuration
2018-04-02 13:42:56.915 [AsyncResolver-bootstrap-executor-0] INFO  com.netflix.discovery.shared.resolver.aws.ConfigClusterResolver - Resolving eureka endpoints via configuration
2018-04-02 13:47:56.920 [AsyncResolver-bootstrap-executor-0] INFO  com.netflix.discovery.shared.resolver.aws.ConfigClusterResolver - Resolving eureka endpoints via configuration
2018-04-02 13:52:56.926 [AsyncResolver-bootstrap-executor-0] INFO  com.netflix.discovery.shared.resolver.aws.ConfigClusterResolver - Resolving eureka endpoints via configuration
2018-04-02 13:57:56.931 [AsyncResolver-bootstrap-executor-0] INFO  com.netflix.discovery.shared.resolver.aws.ConfigClusterResolver - Resolving eureka endpoints via configuration
2018-04-02 14:02:56.937 [AsyncResolver-bootstrap-executor-0] INFO  com.netflix.discovery.shared.resolver.aws.ConfigClusterResolver - Resolving eureka endpoints via configuration
2018-04-02 14:07:56.944 [AsyncResolver-bootstrap-executor-0] INFO  com.netflix.discovery.shared.resolver.aws.ConfigClusterResolver - Resolving eureka endpoints via configuration
2018-04-02 14:12:56.949 [AsyncResolver-bootstrap-executor-0] INFO  com.netflix.discovery.shared.resolver.aws.ConfigClusterResolver - Resolving eureka endpoints via configuration
2018-04-02 14:17:56.954 [AsyncResolver-bootstrap-executor-0] INFO  com.netflix.discovery.shared.resolver.aws.ConfigClusterResolver - Resolving eureka endpoints via configuration
2018-04-02 14:22:56.959 [AsyncResolver-bootstrap-executor-0] INFO  com.netflix.discovery.shared.resolver.aws.ConfigClusterResolver - Resolving eureka endpoints via configuration
2018-04-02 14:27:56.964 [AsyncResolver-bootstrap-executor-0] INFO  com.netflix.discovery.shared.resolver.aws.ConfigClusterResolver - Resolving eureka endpoints via configuration
2018-04-02 14:32:56.969 [AsyncResolver-bootstrap-executor-0] INFO  com.netflix.discovery.shared.resolver.aws.ConfigClusterResolver - Resolving eureka endpoints via configuration
2018-04-02 14:37:56.975 [AsyncResolver-bootstrap-executor-0] INFO  com.netflix.discovery.shared.resolver.aws.ConfigClusterResolver - Resolving eureka endpoints via configuration
2018-04-02 14:42:56.980 [AsyncResolver-bootstrap-executor-0] INFO  com.netflix.discovery.shared.resolver.aws.ConfigClusterResolver - Resolving eureka endpoints via configuration
2018-04-02 14:47:56.985 [AsyncResolver-bootstrap-executor-0] INFO  com.netflix.discovery.shared.resolver.aws.ConfigClusterResolver - Resolving eureka endpoints via configuration
2018-04-02 14:52:56.990 [AsyncResolver-bootstrap-executor-0] INFO  com.netflix.discovery.shared.resolver.aws.ConfigClusterResolver - Resolving eureka endpoints via configuration
2018-04-02 14:57:56.995 [AsyncResolver-bootstrap-executor-0] INFO  com.netflix.discovery.shared.resolver.aws.ConfigClusterResolver - Resolving eureka endpoints via configuration
2018-04-02 15:02:57.000 [AsyncResolver-bootstrap-executor-0] INFO  com.netflix.discovery.shared.resolver.aws.ConfigClusterResolver - Resolving eureka endpoints via configuration
2018-04-02 15:07:57.012 [AsyncResolver-bootstrap-executor-0] INFO  com.netflix.discovery.shared.resolver.aws.ConfigClusterResolver - Resolving eureka endpoints via configuration
2018-04-02 15:12:57.018 [AsyncResolver-bootstrap-executor-0] INFO  com.netflix.discovery.shared.resolver.aws.ConfigClusterResolver - Resolving eureka endpoints via configuration
2018-04-02 15:17:57.023 [AsyncResolver-bootstrap-executor-0] INFO  com.netflix.discovery.shared.resolver.aws.ConfigClusterResolver - Resolving eureka endpoints via configuration
2018-04-02 15:22:57.028 [AsyncResolver-bootstrap-executor-0] INFO  com.netflix.discovery.shared.resolver.aws.ConfigClusterResolver - Resolving eureka endpoints via configuration
2018-04-02 15:27:57.033 [AsyncResolver-bootstrap-executor-0] INFO  com.netflix.discovery.shared.resolver.aws.ConfigClusterResolver - Resolving eureka endpoints via configuration
2018-04-02 15:32:57.038 [AsyncResolver-bootstrap-executor-0] INFO  com.netflix.discovery.shared.resolver.aws.ConfigClusterResolver - Resolving eureka endpoints via configuration
