2018-03-22 19:08:28.587 [main] INFO  org.springframework.context.annotation.AnnotationConfigApplicationContext - Refreshing org.springframework.context.annotation.AnnotationConfigApplicationContext@fade1fc: startup date [Thu Mar 22 19:08:28 CST 2018]; root of context hierarchy
2018-03-22 19:08:28.788 [background-preinit] INFO  org.hibernate.validator.internal.util.Version - HV000001: Hibernate Validator 5.3.6.Final
2018-03-22 19:08:28.815 [main] INFO  org.springframework.beans.factory.annotation.AutowiredAnnotationBeanPostProcessor - JSR-330 'javax.inject.Inject' annotation found and supported for autowiring
2018-03-22 19:08:28.877 [main] INFO  org.springframework.context.support.PostProcessorRegistrationDelegate$BeanPostProcessorChecker - Bean 'configurationPropertiesRebinderAutoConfiguration' of type [org.springframework.cloud.autoconfigure.ConfigurationPropertiesRebinderAutoConfiguration$$EnhancerBySpringCGLIB$$cf672b66] is not eligible for getting processed by all BeanPostProcessors (for example: not eligible for auto-proxying)
2018-03-22 19:08:29.084 [main] INFO  org.hibernate.validator.internal.xml.ValidationXmlParser - HV000007: META-INF/validation.xml found. Parsing XML based configuration.
2018-03-22 19:08:29.136 [main] INFO  org.hibernate.validator.internal.xml.ValidationBootstrapParameters - HV000004: Using com.fengmangbilu.validator.i18n.ValidationMessageInterpolator as message interpolator.
2018-03-22 19:08:29.137 [main] INFO  org.hibernate.validator.internal.xml.ValidationBootstrapParameters - HV000119: Using com.fengmangbilu.validator.provider.ReportOnParameterNameProvider as parameter name provider.
2018-03-22 19:08:29.448 [main] INFO  com.fengmangbilu.microservice.oa.OaApplication - No active profile set, falling back to default profiles: default
2018-03-22 19:08:29.490 [main] INFO  org.springframework.boot.context.embedded.AnnotationConfigEmbeddedWebApplicationContext - Refreshing org.springframework.boot.context.embedded.AnnotationConfigEmbeddedWebApplicationContext@3fbfbf84: startup date [Thu Mar 22 19:08:29 CST 2018]; parent: org.springframework.context.annotation.AnnotationConfigApplicationContext@fade1fc
2018-03-22 19:08:30.598 [main] INFO  org.springframework.data.repository.config.RepositoryConfigurationDelegate - Multiple Spring Data modules found, entering strict repository configuration mode!
2018-03-22 19:08:30.957 [main] INFO  org.springframework.integration.config.IntegrationRegistrar - No bean named 'integrationHeaderChannelRegistry' has been explicitly defined. Therefore, a default DefaultHeaderChannelRegistry will be created.
2018-03-22 19:08:31.048 [main] INFO  org.springframework.data.repository.config.RepositoryConfigurationDelegate - Multiple Spring Data modules found, entering strict repository configuration mode!
2018-03-22 19:08:31.101 [main] INFO  org.springframework.data.repository.config.RepositoryConfigurationExtensionSupport - Spring Data Redis - Could not safely identify store assignment for repository candidate interface com.fengmangbilu.microservice.oa.repositories.CorporateShareholderRepository.
2018-03-22 19:08:31.102 [main] INFO  org.springframework.data.repository.config.RepositoryConfigurationExtensionSupport - Spring Data Redis - Could not safely identify store assignment for repository candidate interface com.fengmangbilu.microservice.oa.repositories.CorporateManagerRepository.
2018-03-22 19:08:31.103 [main] INFO  org.springframework.data.repository.config.RepositoryConfigurationExtensionSupport - Spring Data Redis - Could not safely identify store assignment for repository candidate interface com.fengmangbilu.microservice.oa.repositories.RiskZxsInfoRepository.
2018-03-22 19:08:31.103 [main] INFO  org.springframework.data.repository.config.RepositoryConfigurationExtensionSupport - Spring Data Redis - Could not safely identify store assignment for repository candidate interface com.fengmangbilu.microservice.oa.repositories.CorporateRepository.
2018-03-22 19:08:31.104 [main] INFO  org.springframework.data.repository.config.RepositoryConfigurationExtensionSupport - Spring Data Redis - Could not safely identify store assignment for repository candidate interface com.fengmangbilu.microservice.oa.repositories.PersonInfoRepository.
2018-03-22 19:08:31.104 [main] INFO  org.springframework.data.repository.config.RepositoryConfigurationExtensionSupport - Spring Data Redis - Could not safely identify store assignment for repository candidate interface com.fengmangbilu.microservice.oa.repositories.CompanyAuthRepository.
2018-03-22 19:08:31.104 [main] INFO  org.springframework.data.repository.config.RepositoryConfigurationExtensionSupport - Spring Data Redis - Could not safely identify store assignment for repository candidate interface com.fengmangbilu.microservice.oa.repositories.EducationInfoRepository.
2018-03-22 19:08:31.105 [main] INFO  org.springframework.data.repository.config.RepositoryConfigurationExtensionSupport - Spring Data Redis - Could not safely identify store assignment for repository candidate interface com.fengmangbilu.microservice.oa.repositories.OstaInfoRepository.
2018-03-22 19:08:31.105 [main] INFO  org.springframework.data.repository.config.RepositoryConfigurationExtensionSupport - Spring Data Redis - Could not safely identify store assignment for repository candidate interface com.fengmangbilu.microservice.oa.repositories.DeptInfoRepository.
2018-03-22 19:08:31.106 [main] INFO  org.springframework.data.repository.config.RepositoryConfigurationExtensionSupport - Spring Data Redis - Could not safely identify store assignment for repository candidate interface com.fengmangbilu.microservice.oa.repositories.ReportInfoRepository.
2018-03-22 19:08:31.106 [main] INFO  org.springframework.data.repository.config.RepositoryConfigurationExtensionSupport - Spring Data Redis - Could not safely identify store assignment for repository candidate interface com.fengmangbilu.microservice.oa.repositories.RiskAssessInfoRepository.
2018-03-22 19:08:31.107 [main] INFO  org.springframework.data.repository.config.RepositoryConfigurationExtensionSupport - Spring Data Redis - Could not safely identify store assignment for repository candidate interface com.fengmangbilu.microservice.oa.repositories.RiskAlsInfoRepository.
2018-03-22 19:08:31.107 [main] INFO  org.springframework.data.repository.config.RepositoryConfigurationExtensionSupport - Spring Data Redis - Could not safely identify store assignment for repository candidate interface com.fengmangbilu.microservice.oa.repositories.MobileInfoRepository.
2018-03-22 19:08:31.108 [main] INFO  org.springframework.data.repository.config.RepositoryConfigurationExtensionSupport - Spring Data Redis - Could not safely identify store assignment for repository candidate interface com.fengmangbilu.microservice.oa.repositories.CompanyInfoRepository.
2018-03-22 19:08:31.108 [main] INFO  org.springframework.data.repository.config.RepositoryConfigurationExtensionSupport - Spring Data Redis - Could not safely identify store assignment for repository candidate interface com.fengmangbilu.microservice.oa.repositories.RiskInfoRepository.
2018-03-22 19:08:31.109 [main] INFO  org.springframework.data.repository.config.RepositoryConfigurationExtensionSupport - Spring Data Redis - Could not safely identify store assignment for repository candidate interface com.fengmangbilu.microservice.oa.repositories.EnterpriseInfoRepository.
2018-03-22 19:08:31.110 [main] INFO  org.springframework.data.repository.config.RepositoryConfigurationExtensionSupport - Spring Data Redis - Could not safely identify store assignment for repository candidate interface com.fengmangbilu.microservice.oa.repositories.RiskSwsInfoRepository.
2018-03-22 19:08:31.110 [main] INFO  org.springframework.data.repository.config.RepositoryConfigurationExtensionSupport - Spring Data Redis - Could not safely identify store assignment for repository candidate interface com.fengmangbilu.microservice.oa.repositories.SchoolInfoRepository.
2018-03-22 19:08:31.111 [main] INFO  org.springframework.data.repository.config.RepositoryConfigurationExtensionSupport - Spring Data Redis - Could not safely identify store assignment for repository candidate interface com.fengmangbilu.microservice.oa.repositories.CorporateCaseInfoRepository.
2018-03-22 19:08:31.112 [main] INFO  org.springframework.data.repository.config.RepositoryConfigurationExtensionSupport - Spring Data Redis - Could not safely identify store assignment for repository candidate interface com.fengmangbilu.microservice.oa.repositories.RiskCqsInfoRepository.
2018-03-22 19:08:31.112 [main] INFO  org.springframework.data.repository.config.RepositoryConfigurationExtensionSupport - Spring Data Redis - Could not safely identify store assignment for repository candidate interface com.fengmangbilu.microservice.oa.repositories.RiskWdyqsInfoRepository.
2018-03-22 19:08:31.113 [main] INFO  org.springframework.data.repository.config.RepositoryConfigurationExtensionSupport - Spring Data Redis - Could not safely identify store assignment for repository candidate interface com.fengmangbilu.microservice.oa.repositories.StaffInfoRepository.
2018-03-22 19:08:31.113 [main] INFO  org.springframework.data.repository.config.RepositoryConfigurationExtensionSupport - Spring Data Redis - Could not safely identify store assignment for repository candidate interface com.fengmangbilu.microservice.oa.repositories.RiskSxsInfoRepository.
2018-03-22 19:08:31.661 [main] INFO  org.springframework.cloud.context.scope.GenericScope - BeanFactory id=fd7916d8-0f78-3ddb-91b7-31a486bbcd7c
2018-03-22 19:08:31.699 [main] INFO  org.springframework.integration.config.DefaultConfiguringBeanFactoryPostProcessor - No bean named 'errorChannel' has been explicitly defined. Therefore, a default PublishSubscribeChannel will be created.
2018-03-22 19:08:31.702 [main] INFO  org.springframework.integration.config.DefaultConfiguringBeanFactoryPostProcessor - No bean named 'taskScheduler' has been explicitly defined. Therefore, a default ThreadPoolTaskScheduler will be created.
2018-03-22 19:08:31.712 [main] INFO  org.springframework.beans.factory.annotation.AutowiredAnnotationBeanPostProcessor - JSR-330 'javax.inject.Inject' annotation found and supported for autowiring
2018-03-22 19:08:31.791 [main] INFO  org.springframework.context.support.PostProcessorRegistrationDelegate$BeanPostProcessorChecker - Bean 'org.springframework.amqp.rabbit.annotation.RabbitBootstrapConfiguration' of type [org.springframework.amqp.rabbit.annotation.RabbitBootstrapConfiguration$$EnhancerBySpringCGLIB$$79b8e697] is not eligible for getting processed by all BeanPostProcessors (for example: not eligible for auto-proxying)
2018-03-22 19:08:31.966 [main] INFO  org.springframework.context.support.PostProcessorRegistrationDelegate$BeanPostProcessorChecker - Bean 'org.springframework.transaction.annotation.ProxyTransactionManagementConfiguration' of type [org.springframework.transaction.annotation.ProxyTransactionManagementConfiguration$$EnhancerBySpringCGLIB$$b34d2869] is not eligible for getting processed by all BeanPostProcessors (for example: not eligible for auto-proxying)
2018-03-22 19:08:32.180 [main] INFO  org.springframework.context.support.PostProcessorRegistrationDelegate$BeanPostProcessorChecker - Bean 'org.springframework.security.config.annotation.configuration.ObjectPostProcessorConfiguration' of type [org.springframework.security.config.annotation.configuration.ObjectPostProcessorConfiguration$$EnhancerBySpringCGLIB$$4bfaf0a3] is not eligible for getting processed by all BeanPostProcessors (for example: not eligible for auto-proxying)
2018-03-22 19:08:32.195 [main] INFO  org.springframework.context.support.PostProcessorRegistrationDelegate$BeanPostProcessorChecker - Bean 'objectPostProcessor' of type [org.springframework.security.config.annotation.configuration.AutowireBeanFactoryObjectPostProcessor] is not eligible for getting processed by all BeanPostProcessors (for example: not eligible for auto-proxying)
2018-03-22 19:08:32.198 [main] INFO  org.springframework.context.support.PostProcessorRegistrationDelegate$BeanPostProcessorChecker - Bean 'org.springframework.security.access.expression.method.DefaultMethodSecurityExpressionHandler@174b8d0e' of type [org.springframework.security.access.expression.method.DefaultMethodSecurityExpressionHandler] is not eligible for getting processed by all BeanPostProcessors (for example: not eligible for auto-proxying)
2018-03-22 19:08:32.215 [main] INFO  org.springframework.context.support.PostProcessorRegistrationDelegate$BeanPostProcessorChecker - Bean 'org.springframework.security.config.annotation.method.configuration.Jsr250MetadataSourceConfiguration' of type [org.springframework.security.config.annotation.method.configuration.Jsr250MetadataSourceConfiguration$$EnhancerBySpringCGLIB$$9624ab6b] is not eligible for getting processed by all BeanPostProcessors (for example: not eligible for auto-proxying)
2018-03-22 19:08:32.228 [main] INFO  org.springframework.context.support.PostProcessorRegistrationDelegate$BeanPostProcessorChecker - Bean 'jsr250MethodSecurityMetadataSource' of type [org.springframework.security.access.annotation.Jsr250MethodSecurityMetadataSource] is not eligible for getting processed by all BeanPostProcessors (for example: not eligible for auto-proxying)
2018-03-22 19:08:32.235 [main] INFO  org.springframework.context.support.PostProcessorRegistrationDelegate$BeanPostProcessorChecker - Bean 'org.springframework.security.config.annotation.method.configuration.GlobalMethodSecurityConfiguration' of type [org.springframework.security.config.annotation.method.configuration.GlobalMethodSecurityConfiguration$$EnhancerBySpringCGLIB$$70cf9355] is not eligible for getting processed by all BeanPostProcessors (for example: not eligible for auto-proxying)
2018-03-22 19:08:32.260 [main] INFO  org.springframework.context.support.PostProcessorRegistrationDelegate$BeanPostProcessorChecker - Bean 'methodSecurityMetadataSource' of type [org.springframework.security.access.method.DelegatingMethodSecurityMetadataSource] is not eligible for getting processed by all BeanPostProcessors (for example: not eligible for auto-proxying)
2018-03-22 19:08:32.293 [main] INFO  org.springframework.context.support.PostProcessorRegistrationDelegate$BeanPostProcessorChecker - Bean 'org.springframework.cloud.netflix.metrics.MetricsInterceptorConfiguration$MetricsRestTemplateConfiguration' of type [org.springframework.cloud.netflix.metrics.MetricsInterceptorConfiguration$MetricsRestTemplateConfiguration$$EnhancerBySpringCGLIB$$e579ceaa] is not eligible for getting processed by all BeanPostProcessors (for example: not eligible for auto-proxying)
2018-03-22 19:08:32.357 [main] INFO  org.springframework.context.support.PostProcessorRegistrationDelegate$BeanPostProcessorChecker - Bean 'integrationGlobalProperties' of type [org.springframework.beans.factory.config.PropertiesFactoryBean] is not eligible for getting processed by all BeanPostProcessors (for example: not eligible for auto-proxying)
2018-03-22 19:08:32.364 [main] INFO  org.springframework.context.support.PostProcessorRegistrationDelegate$BeanPostProcessorChecker - Bean 'integrationGlobalProperties' of type [java.util.Properties] is not eligible for getting processed by all BeanPostProcessors (for example: not eligible for auto-proxying)
2018-03-22 19:08:32.447 [main] INFO  org.springframework.context.support.PostProcessorRegistrationDelegate$BeanPostProcessorChecker - Bean 'org.springframework.cloud.autoconfigure.ConfigurationPropertiesRebinderAutoConfiguration' of type [org.springframework.cloud.autoconfigure.ConfigurationPropertiesRebinderAutoConfiguration$$EnhancerBySpringCGLIB$$cf672b66] is not eligible for getting processed by all BeanPostProcessors (for example: not eligible for auto-proxying)
2018-03-22 19:08:32.473 [main] INFO  org.springframework.context.support.PostProcessorRegistrationDelegate$BeanPostProcessorChecker - Bean 'org.springframework.cloud.stream.config.BindingServiceConfiguration$PostProcessorConfiguration' of type [org.springframework.cloud.stream.config.BindingServiceConfiguration$PostProcessorConfiguration$$EnhancerBySpringCGLIB$$7514c66e] is not eligible for getting processed by all BeanPostProcessors (for example: not eligible for auto-proxying)
2018-03-22 19:08:32.494 [main] INFO  org.hibernate.validator.internal.xml.ValidationXmlParser - HV000007: META-INF/validation.xml found. Parsing XML based configuration.
2018-03-22 19:08:32.503 [main] INFO  org.hibernate.validator.internal.xml.ValidationBootstrapParameters - HV000004: Using com.fengmangbilu.validator.i18n.ValidationMessageInterpolator as message interpolator.
2018-03-22 19:08:32.504 [main] INFO  org.hibernate.validator.internal.xml.ValidationBootstrapParameters - HV000119: Using com.fengmangbilu.validator.provider.ReportOnParameterNameProvider as parameter name provider.
2018-03-22 19:08:32.522 [main] INFO  org.springframework.context.support.PostProcessorRegistrationDelegate$BeanPostProcessorChecker - Bean 'org.springframework.cloud.stream.config.SpelExpressionConverterConfiguration' of type [org.springframework.cloud.stream.config.SpelExpressionConverterConfiguration$$EnhancerBySpringCGLIB$$b389805e] is not eligible for getting processed by all BeanPostProcessors (for example: not eligible for auto-proxying)
2018-03-22 19:08:32.536 [main] INFO  org.springframework.context.support.PostProcessorRegistrationDelegate$BeanPostProcessorChecker - Bean 'spelConverter' of type [org.springframework.cloud.stream.config.SpelExpressionConverterConfiguration$SpelConverter] is not eligible for getting processed by all BeanPostProcessors (for example: not eligible for auto-proxying)
2018-03-22 19:08:32.541 [main] INFO  org.springframework.context.support.PostProcessorRegistrationDelegate$BeanPostProcessorChecker - Bean 'spring.cloud.stream.integration-org.springframework.cloud.stream.config.SpringIntegrationProperties' of type [org.springframework.cloud.stream.config.SpringIntegrationProperties] is not eligible for getting processed by all BeanPostProcessors (for example: not eligible for auto-proxying)
2018-03-22 19:08:33.155 [main] INFO  org.springframework.boot.context.embedded.tomcat.TomcatEmbeddedServletContainer - Tomcat initialized with port(s): 8004 (http)
2018-03-22 19:08:33.166 [main] INFO  org.apache.catalina.core.StandardService - Starting service [Tomcat]
2018-03-22 19:08:33.167 [main] INFO  org.apache.catalina.core.StandardEngine - Starting Servlet Engine: Apache Tomcat/8.5.27
2018-03-22 19:08:33.314 [localhost-startStop-1] INFO  org.apache.catalina.core.ContainerBase.[Tomcat].[localhost].[/] - Initializing Spring embedded WebApplicationContext
2018-03-22 19:08:33.315 [localhost-startStop-1] INFO  org.springframework.web.context.ContextLoader - Root WebApplicationContext: initialization completed in 3825 ms
2018-03-22 19:08:33.952 [localhost-startStop-1] INFO  org.springframework.boot.web.servlet.FilterRegistrationBean - Mapping filter: 'metricsFilter' to: [/*]
2018-03-22 19:08:33.953 [localhost-startStop-1] INFO  org.springframework.boot.web.servlet.FilterRegistrationBean - Mapping filter: 'characterEncodingFilter' to: [/*]
2018-03-22 19:08:33.953 [localhost-startStop-1] INFO  org.springframework.boot.web.servlet.FilterRegistrationBean - Mapping filter: 'hiddenHttpMethodFilter' to: [/*]
2018-03-22 19:08:33.953 [localhost-startStop-1] INFO  org.springframework.boot.web.servlet.FilterRegistrationBean - Mapping filter: 'httpPutFormContentFilter' to: [/*]
2018-03-22 19:08:33.953 [localhost-startStop-1] INFO  org.springframework.boot.web.servlet.FilterRegistrationBean - Mapping filter: 'requestContextFilter' to: [/*]
2018-03-22 19:08:33.954 [localhost-startStop-1] INFO  org.springframework.boot.web.servlet.DelegatingFilterProxyRegistrationBean - Mapping filter: 'springSecurityFilterChain' to: [/*]
2018-03-22 19:08:33.955 [localhost-startStop-1] INFO  org.springframework.boot.web.servlet.FilterRegistrationBean - Mapping filter: 'webRequestLoggingFilter' to: [/*]
2018-03-22 19:08:33.955 [localhost-startStop-1] INFO  org.springframework.boot.web.servlet.FilterRegistrationBean - Mapping filter: 'webStatFilter' to urls: [/*]
2018-03-22 19:08:33.955 [localhost-startStop-1] INFO  org.springframework.boot.web.servlet.FilterRegistrationBean - Mapping filter: 'applicationContextIdFilter' to: [/*]
2018-03-22 19:08:33.955 [localhost-startStop-1] INFO  org.springframework.boot.web.servlet.ServletRegistrationBean - Mapping servlet: 'dispatcherServlet' to [/]
2018-03-22 19:08:33.956 [localhost-startStop-1] INFO  org.springframework.boot.web.servlet.ServletRegistrationBean - Mapping servlet: 'statViewServlet' to [/druid/*]
2018-03-22 19:08:34.052 [main] INFO  com.alibaba.druid.spring.boot.autoconfigure.DruidDataSourceAutoConfigure - Init DruidDataSource
2018-03-22 19:08:35.628 [main] INFO  p6spy - |13|statement|connection0|SELECT 1 FROM DUAL
2018-03-22 19:08:35.710 [main] INFO  p6spy - |5|statement|connection1|SELECT 1 FROM DUAL
2018-03-22 19:08:35.779 [main] INFO  p6spy - |5|statement|connection2|SELECT 1 FROM DUAL
2018-03-22 19:08:35.886 [main] INFO  p6spy - |9|statement|connection3|SELECT 1 FROM DUAL
2018-03-22 19:08:35.997 [main] INFO  p6spy - |8|statement|connection4|SELECT 1 FROM DUAL
2018-03-22 19:08:36.020 [main] INFO  com.alibaba.druid.pool.DruidDataSource - {dataSource-1} inited
2018-03-22 19:08:36.465 [main] INFO  org.springframework.orm.jpa.LocalContainerEntityManagerFactoryBean - Building JPA container EntityManagerFactory for persistence unit 'default'
2018-03-22 19:08:36.484 [main] INFO  org.hibernate.jpa.internal.util.LogHelper - HHH000204: Processing PersistenceUnitInfo [
	name: default
	...]
2018-03-22 19:08:36.561 [main] INFO  org.hibernate.Version - HHH000412: Hibernate Core {5.0.12.Final}
2018-03-22 19:08:36.563 [main] INFO  org.hibernate.cfg.Environment - HHH000206: hibernate.properties not found
2018-03-22 19:08:36.565 [main] INFO  org.hibernate.cfg.Environment - HHH000021: Bytecode provider name : javassist
2018-03-22 19:08:36.611 [main] INFO  org.hibernate.annotations.common.Version - HCANN000001: Hibernate Commons Annotations {5.0.1.Final}
2018-03-22 19:08:36.873 [main] INFO  org.hibernate.dialect.Dialect - HHH000400: Using dialect: org.hibernate.dialect.MySQL5Dialect
2018-03-22 19:08:37.895 [main] INFO  org.hibernate.tool.hbm2ddl.SchemaUpdate - HHH000228: Running hbm2ddl schema update
2018-03-22 19:08:50.920 [main] INFO  org.springframework.orm.jpa.LocalContainerEntityManagerFactoryBean - Initialized JPA EntityManagerFactory for persistence unit 'default'
2018-03-22 19:08:52.372 [main] INFO  org.hibernate.hql.internal.QueryTranslatorFactoryInitiator - HHH000397: Using ASTQueryTranslatorFactory
2018-03-22 19:08:54.714 [main] INFO  org.springframework.web.servlet.mvc.method.annotation.RequestMappingHandlerMapping - Mapped "{[/company/audit],methods=[POST]}" onto public com.fengmangbilu.web.Response com.fengmangbilu.microservice.oa.controllers.CompanyController.audit(java.lang.String,com.fengmangbilu.microservice.oa.endpoints.AuthRequest) throws java.lang.Exception
2018-03-22 19:08:54.716 [main] INFO  org.springframework.web.servlet.mvc.method.annotation.RequestMappingHandlerMapping - Mapped "{[/company/upload],methods=[POST]}" onto public com.fengmangbilu.web.Response com.fengmangbilu.microservice.oa.controllers.CompanyController.upload(org.springframework.web.multipart.MultipartFile) throws java.lang.Exception
2018-03-22 19:08:54.716 [main] INFO  org.springframework.web.servlet.mvc.method.annotation.RequestMappingHandlerMapping - Mapped "{[/company/sumbit],methods=[POST]}" onto public com.fengmangbilu.web.Response com.fengmangbilu.microservice.oa.controllers.CompanyController.sumbit(com.fengmangbilu.microservice.oa.endpoints.CompanyRequest) throws java.lang.Exception
2018-03-22 19:08:54.717 [main] INFO  org.springframework.web.servlet.mvc.method.annotation.RequestMappingHandlerMapping - Mapped "{[/error]}" onto public com.fengmangbilu.web.Response com.fengmangbilu.microservice.oa.controllers.ErrorController.error(javax.servlet.http.HttpServletRequest)
2018-03-22 19:08:54.720 [main] INFO  org.springframework.web.servlet.mvc.method.annotation.RequestMappingHandlerMapping - Mapped "{[/report/getBasic],methods=[POST]}" onto public com.fengmangbilu.web.Response com.fengmangbilu.microservice.oa.controllers.ReportController.getBasic(com.fengmangbilu.microservice.oa.endpoints.ReportRequest) throws java.lang.Exception
2018-03-22 19:08:54.721 [main] INFO  org.springframework.web.servlet.mvc.method.annotation.RequestMappingHandlerMapping - Mapped "{[/report/checkIdCard],methods=[POST]}" onto public com.fengmangbilu.web.Response com.fengmangbilu.microservice.oa.controllers.ReportController.checkIdCard(com.fengmangbilu.microservice.oa.endpoints.ReportRequest) throws java.lang.Exception
2018-03-22 19:08:54.721 [main] INFO  org.springframework.web.servlet.mvc.method.annotation.RequestMappingHandlerMapping - Mapped "{[/report/getStandard],methods=[POST]}" onto public com.fengmangbilu.web.Response com.fengmangbilu.microservice.oa.controllers.ReportController.getStandard(com.fengmangbilu.microservice.oa.endpoints.ReportRequest) throws java.lang.Exception
2018-03-22 19:08:54.721 [main] INFO  org.springframework.web.servlet.mvc.method.annotation.RequestMappingHandlerMapping - Mapped "{[/report/getSenior],methods=[POST]}" onto public com.fengmangbilu.web.Response com.fengmangbilu.microservice.oa.controllers.ReportController.getSenior(com.fengmangbilu.microservice.oa.endpoints.ReportRequest) throws java.lang.Exception
2018-03-22 19:08:54.725 [main] INFO  org.springframework.web.servlet.mvc.method.annotation.RequestMappingHandlerMapping - Mapped "{[/swagger-resources]}" onto public org.springframework.http.ResponseEntity<java.util.List<springfox.documentation.swagger.web.SwaggerResource>> springfox.documentation.swagger.web.ApiResourceController.swaggerResources()
2018-03-22 19:08:54.726 [main] INFO  org.springframework.web.servlet.mvc.method.annotation.RequestMappingHandlerMapping - Mapped "{[/swagger-resources/configuration/ui]}" onto public org.springframework.http.ResponseEntity<springfox.documentation.swagger.web.UiConfiguration> springfox.documentation.swagger.web.ApiResourceController.uiConfiguration()
2018-03-22 19:08:54.728 [main] INFO  org.springframework.web.servlet.mvc.method.annotation.RequestMappingHandlerMapping - Mapped "{[/swagger-resources/configuration/security]}" onto public org.springframework.http.ResponseEntity<springfox.documentation.swagger.web.SecurityConfiguration> springfox.documentation.swagger.web.ApiResourceController.securityConfiguration()
2018-03-22 19:08:54.881 [main] INFO  com.netflix.config.sources.URLConfigurationSource - To enable URLs as dynamic configuration sources, define System property archaius.configurationSource.additionalUrls or make config.properties available on classpath.
2018-03-22 19:08:54.892 [main] INFO  com.netflix.config.DynamicPropertyFactory - DynamicPropertyFactory is initialized with configuration sources: com.netflix.config.ConcurrentCompositeConfiguration@3b5299a3
2018-03-22 19:08:57.114 [main] INFO  org.springframework.boot.actuate.endpoint.mvc.EndpointHandlerMapping - Mapped "{[/actuator/loggers/{name:.*}],methods=[GET],produces=[application/vnd.spring-boot.actuator.v1+json || application/json]}" onto public java.lang.Object org.springframework.boot.actuate.endpoint.mvc.LoggersMvcEndpoint.get(java.lang.String)
2018-03-22 19:08:57.115 [main] INFO  org.springframework.boot.actuate.endpoint.mvc.EndpointHandlerMapping - Mapped "{[/actuator/loggers/{name:.*}],methods=[POST],consumes=[application/vnd.spring-boot.actuator.v1+json || application/json],produces=[application/vnd.spring-boot.actuator.v1+json || application/json]}" onto public java.lang.Object org.springframework.boot.actuate.endpoint.mvc.LoggersMvcEndpoint.set(java.lang.String,java.util.Map<java.lang.String, java.lang.String>)
2018-03-22 19:08:57.116 [main] INFO  org.springframework.boot.actuate.endpoint.mvc.EndpointHandlerMapping - Mapped "{[/actuator/loggers || /actuator/loggers.json],methods=[GET],produces=[application/vnd.spring-boot.actuator.v1+json || application/json]}" onto public java.lang.Object org.springframework.boot.actuate.endpoint.mvc.EndpointMvcAdapter.invoke()
2018-03-22 19:08:57.117 [main] INFO  org.springframework.boot.actuate.endpoint.mvc.EndpointHandlerMapping - Mapped "{[/actuator/metrics/{name:.*}],methods=[GET],produces=[application/vnd.spring-boot.actuator.v1+json || application/json]}" onto public java.lang.Object org.springframework.boot.actuate.endpoint.mvc.MetricsMvcEndpoint.value(java.lang.String)
2018-03-22 19:08:57.117 [main] INFO  org.springframework.boot.actuate.endpoint.mvc.EndpointHandlerMapping - Mapped "{[/actuator/metrics || /actuator/metrics.json],methods=[GET],produces=[application/vnd.spring-boot.actuator.v1+json || application/json]}" onto public java.lang.Object org.springframework.boot.actuate.endpoint.mvc.EndpointMvcAdapter.invoke()
2018-03-22 19:08:57.118 [main] INFO  org.springframework.boot.actuate.endpoint.mvc.EndpointHandlerMapping - Mapped "{[/actuator/features || /actuator/features.json],methods=[GET],produces=[application/vnd.spring-boot.actuator.v1+json || application/json]}" onto public java.lang.Object org.springframework.boot.actuate.endpoint.mvc.EndpointMvcAdapter.invoke()
2018-03-22 19:08:57.119 [main] INFO  org.springframework.boot.actuate.endpoint.mvc.EndpointHandlerMapping - Mapped "{[/actuator/archaius || /actuator/archaius.json],methods=[GET],produces=[application/vnd.spring-boot.actuator.v1+json || application/json]}" onto public java.lang.Object org.springframework.boot.actuate.endpoint.mvc.EndpointMvcAdapter.invoke()
2018-03-22 19:08:57.119 [main] INFO  org.springframework.boot.actuate.endpoint.mvc.EndpointHandlerMapping - Mapped "{[/actuator/service-registry/instance-status],methods=[POST]}" onto public org.springframework.http.ResponseEntity<?> org.springframework.cloud.client.serviceregistry.endpoint.ServiceRegistryEndpoint.setStatus(java.lang.String)
2018-03-22 19:08:57.120 [main] INFO  org.springframework.boot.actuate.endpoint.mvc.EndpointHandlerMapping - Mapped "{[/actuator/service-registry/instance-status],methods=[GET]}" onto public org.springframework.http.ResponseEntity org.springframework.cloud.client.serviceregistry.endpoint.ServiceRegistryEndpoint.getStatus()
2018-03-22 19:08:57.120 [main] INFO  org.springframework.boot.actuate.endpoint.mvc.EndpointHandlerMapping - Mapped "{[/actuator/trace || /actuator/trace.json],methods=[GET],produces=[application/vnd.spring-boot.actuator.v1+json || application/json]}" onto public java.lang.Object org.springframework.boot.actuate.endpoint.mvc.EndpointMvcAdapter.invoke()
2018-03-22 19:08:57.121 [main] INFO  org.springframework.boot.actuate.endpoint.mvc.EndpointHandlerMapping - Mapped "{[/actuator/hystrix.stream/**]}" onto public org.springframework.web.servlet.ModelAndView org.springframework.cloud.netflix.endpoint.ServletWrappingEndpoint.handle(javax.servlet.http.HttpServletRequest,javax.servlet.http.HttpServletResponse) throws java.lang.Exception
2018-03-22 19:08:57.122 [main] INFO  org.springframework.boot.actuate.endpoint.mvc.EndpointHandlerMapping - Mapped "{[/actuator/heapdump || /actuator/heapdump.json],methods=[GET],produces=[application/octet-stream]}" onto public void org.springframework.boot.actuate.endpoint.mvc.HeapdumpMvcEndpoint.invoke(boolean,javax.servlet.http.HttpServletRequest,javax.servlet.http.HttpServletResponse) throws java.io.IOException,javax.servlet.ServletException
2018-03-22 19:08:57.123 [main] INFO  org.springframework.boot.actuate.endpoint.mvc.EndpointHandlerMapping - Mapped "{[/actuator/auditevents || /actuator/auditevents.json],methods=[GET],produces=[application/vnd.spring-boot.actuator.v1+json || application/json]}" onto public org.springframework.http.ResponseEntity<?> org.springframework.boot.actuate.endpoint.mvc.AuditEventsMvcEndpoint.findByPrincipalAndAfterAndType(java.lang.String,java.util.Date,java.lang.String)
2018-03-22 19:08:57.124 [main] INFO  org.springframework.boot.actuate.endpoint.mvc.EndpointHandlerMapping - Mapped "{[/actuator/health || /actuator/health.json],methods=[GET],produces=[application/vnd.spring-boot.actuator.v1+json || application/json]}" onto public java.lang.Object org.springframework.boot.actuate.endpoint.mvc.HealthMvcEndpoint.invoke(javax.servlet.http.HttpServletRequest,java.security.Principal)
2018-03-22 19:08:57.125 [main] INFO  org.springframework.boot.actuate.endpoint.mvc.EndpointHandlerMapping - Mapped "{[/actuator/refresh || /actuator/refresh.json],methods=[POST]}" onto public java.lang.Object org.springframework.cloud.endpoint.GenericPostableMvcEndpoint.invoke()
2018-03-22 19:08:57.126 [main] INFO  org.springframework.boot.actuate.endpoint.mvc.EndpointHandlerMapping - Mapped "{[/actuator/beans || /actuator/beans.json],methods=[GET],produces=[application/vnd.spring-boot.actuator.v1+json || application/json]}" onto public java.lang.Object org.springframework.boot.actuate.endpoint.mvc.EndpointMvcAdapter.invoke()
2018-03-22 19:08:57.126 [main] INFO  org.springframework.boot.actuate.endpoint.mvc.EndpointHandlerMapping - Mapped "{[/actuator/info || /actuator/info.json],methods=[GET],produces=[application/vnd.spring-boot.actuator.v1+json || application/json]}" onto public java.lang.Object org.springframework.boot.actuate.endpoint.mvc.EndpointMvcAdapter.invoke()
2018-03-22 19:08:57.127 [main] INFO  org.springframework.boot.actuate.endpoint.mvc.EndpointHandlerMapping - Mapped "{[/actuator/autoconfig || /actuator/autoconfig.json],methods=[GET],produces=[application/vnd.spring-boot.actuator.v1+json || application/json]}" onto public java.lang.Object org.springframework.boot.actuate.endpoint.mvc.EndpointMvcAdapter.invoke()
2018-03-22 19:08:57.128 [main] INFO  org.springframework.boot.actuate.endpoint.mvc.EndpointHandlerMapping - Mapped "{[/actuator/env],methods=[POST]}" onto public java.lang.Object org.springframework.cloud.context.environment.EnvironmentManagerMvcEndpoint.value(java.util.Map<java.lang.String, java.lang.String>)
2018-03-22 19:08:57.128 [main] INFO  org.springframework.boot.actuate.endpoint.mvc.EndpointHandlerMapping - Mapped "{[/actuator/env/reset],methods=[POST]}" onto public java.util.Map<java.lang.String, java.lang.Object> org.springframework.cloud.context.environment.EnvironmentManagerMvcEndpoint.reset()
2018-03-22 19:08:57.129 [main] INFO  org.springframework.boot.actuate.endpoint.mvc.EndpointHandlerMapping - Mapped "{[/actuator/dump || /actuator/dump.json],methods=[GET],produces=[application/vnd.spring-boot.actuator.v1+json || application/json]}" onto public java.lang.Object org.springframework.boot.actuate.endpoint.mvc.EndpointMvcAdapter.invoke()
2018-03-22 19:08:57.129 [main] INFO  org.springframework.boot.actuate.endpoint.mvc.EndpointHandlerMapping - Mapped "{[/actuator/channels || /actuator/channels.json],methods=[GET],produces=[application/vnd.spring-boot.actuator.v1+json || application/json]}" onto public java.lang.Object org.springframework.boot.actuate.endpoint.mvc.EndpointMvcAdapter.invoke()
2018-03-22 19:08:57.130 [main] INFO  org.springframework.boot.actuate.endpoint.mvc.EndpointHandlerMapping - Mapped "{[/actuator/env/{name:.*}],methods=[GET],produces=[application/vnd.spring-boot.actuator.v1+json || application/json]}" onto public java.lang.Object org.springframework.boot.actuate.endpoint.mvc.EnvironmentMvcEndpoint.value(java.lang.String)
2018-03-22 19:08:57.131 [main] INFO  org.springframework.boot.actuate.endpoint.mvc.EndpointHandlerMapping - Mapped "{[/actuator/env || /actuator/env.json],methods=[GET],produces=[application/vnd.spring-boot.actuator.v1+json || application/json]}" onto public java.lang.Object org.springframework.boot.actuate.endpoint.mvc.EndpointMvcAdapter.invoke()
2018-03-22 19:08:57.131 [main] INFO  org.springframework.boot.actuate.endpoint.mvc.EndpointHandlerMapping - Mapped "{[/actuator/configprops || /actuator/configprops.json],methods=[GET],produces=[application/vnd.spring-boot.actuator.v1+json || application/json]}" onto public java.lang.Object org.springframework.boot.actuate.endpoint.mvc.EndpointMvcAdapter.invoke()
2018-03-22 19:08:57.132 [main] INFO  org.springframework.boot.actuate.endpoint.mvc.EndpointHandlerMapping - Mapped "{[/actuator/mappings || /actuator/mappings.json],methods=[GET],produces=[application/vnd.spring-boot.actuator.v1+json || application/json]}" onto public java.lang.Object org.springframework.boot.actuate.endpoint.mvc.EndpointMvcAdapter.invoke()
2018-03-22 19:08:57.562 [main] INFO  springfox.documentation.spring.web.PropertySourcedRequestMappingHandlerMapping - Mapped URL path [/v2/api-docs] onto method [public org.springframework.http.ResponseEntity<springfox.documentation.spring.web.json.Json> springfox.documentation.swagger2.web.Swagger2Controller.getDocumentation(java.lang.String,javax.servlet.http.HttpServletRequest)]
2018-03-22 19:08:58.071 [main] INFO  com.netflix.config.sources.URLConfigurationSource - To enable URLs as dynamic configuration sources, define System property archaius.configurationSource.additionalUrls or make config.properties available on classpath.
2018-03-22 19:08:58.140 [main] INFO  org.hibernate.validator.internal.xml.ValidationXmlParser - HV000007: META-INF/validation.xml found. Parsing XML based configuration.
2018-03-22 19:08:58.149 [main] INFO  org.hibernate.validator.internal.xml.ValidationBootstrapParameters - HV000004: Using com.fengmangbilu.validator.i18n.ValidationMessageInterpolator as message interpolator.
2018-03-22 19:08:58.149 [main] INFO  org.hibernate.validator.internal.xml.ValidationBootstrapParameters - HV000119: Using com.fengmangbilu.validator.provider.ReportOnParameterNameProvider as parameter name provider.
2018-03-22 19:08:58.334 [main] INFO  org.springframework.web.servlet.mvc.method.annotation.RequestMappingHandlerAdapter - Looking for @ControllerAdvice: org.springframework.boot.context.embedded.AnnotationConfigEmbeddedWebApplicationContext@3fbfbf84: startup date [Thu Mar 22 19:08:29 CST 2018]; parent: org.springframework.context.annotation.AnnotationConfigApplicationContext@fade1fc
2018-03-22 19:08:58.344 [main] INFO  org.springframework.web.servlet.mvc.method.annotation.RequestMappingHandlerAdapter - Detected ResponseBodyAdvice bean in jsonFilterResponseBodyAdvice
2018-03-22 19:08:58.543 [main] INFO  org.springframework.web.servlet.handler.SimpleUrlHandlerMapping - Mapped URL path [/webjars/**] onto handler of type [class org.springframework.web.servlet.resource.ResourceHttpRequestHandler]
2018-03-22 19:08:58.543 [main] INFO  org.springframework.web.servlet.handler.SimpleUrlHandlerMapping - Mapped URL path [/**] onto handler of type [class org.springframework.web.servlet.resource.ResourceHttpRequestHandler]
2018-03-22 19:08:58.603 [main] INFO  org.springframework.web.servlet.mvc.method.annotation.ExceptionHandlerExceptionResolver - Detected @ExceptionHandler methods in errorController
2018-03-22 19:08:58.603 [main] INFO  org.springframework.web.servlet.mvc.method.annotation.ExceptionHandlerExceptionResolver - Detected ResponseBodyAdvice implementation in jsonFilterResponseBodyAdvice
2018-03-22 19:08:58.604 [main] INFO  org.springframework.web.servlet.mvc.method.annotation.ExceptionHandlerExceptionResolver - Detected @ExceptionHandler methods in defaultExceptionHandler
2018-03-22 19:08:58.691 [main] INFO  org.springframework.web.servlet.handler.SimpleUrlHandlerMapping - Mapped URL path [/**/favicon.ico] onto handler of type [class org.springframework.web.servlet.resource.ResourceHttpRequestHandler]
2018-03-22 19:08:59.263 [main] INFO  org.springframework.boot.autoconfigure.security.AuthenticationManagerConfiguration - 

Using default security password: ada39280-e971-40ba-894e-9d86d08e8433

2018-03-22 19:08:59.385 [main] INFO  org.springframework.security.web.DefaultSecurityFilterChain - Creating filter chain: OrRequestMatcher [requestMatchers=[Ant [pattern='/report/**'], Ant [pattern='/error']]], []
2018-03-22 19:08:59.385 [main] INFO  org.springframework.security.web.DefaultSecurityFilterChain - Creating filter chain: Ant [pattern='/actuator/**'], []
2018-03-22 19:08:59.385 [main] INFO  org.springframework.security.web.DefaultSecurityFilterChain - Creating filter chain: Ant [pattern='/v2/api-docs/**'], []
2018-03-22 19:08:59.386 [main] INFO  org.springframework.security.web.DefaultSecurityFilterChain - Creating filter chain: Ant [pattern='/swagger-resources/**'], []
2018-03-22 19:08:59.386 [main] INFO  org.springframework.security.web.DefaultSecurityFilterChain - Creating filter chain: Ant [pattern='/swagger-ui.html'], []
2018-03-22 19:08:59.386 [main] INFO  org.springframework.security.web.DefaultSecurityFilterChain - Creating filter chain: Ant [pattern='/webjars/**'], []
2018-03-22 19:08:59.386 [main] INFO  org.springframework.security.web.DefaultSecurityFilterChain - Creating filter chain: Ant [pattern='/actuator/**'], []
2018-03-22 19:08:59.386 [main] INFO  org.springframework.security.web.DefaultSecurityFilterChain - Creating filter chain: Ant [pattern='/druid/**'], []
2018-03-22 19:08:59.386 [main] INFO  org.springframework.security.web.DefaultSecurityFilterChain - Creating filter chain: Ant [pattern='/report/**'], []
2018-03-22 19:08:59.557 [main] INFO  org.springframework.security.web.DefaultSecurityFilterChain - Creating filter chain: org.springframework.security.web.util.matcher.AnyRequestMatcher@1, [org.springframework.security.web.context.request.async.WebAsyncManagerIntegrationFilter@67e321e0, org.springframework.security.web.context.SecurityContextPersistenceFilter@386643e, org.springframework.security.web.header.HeaderWriterFilter@71ca6a60, org.springframework.security.web.authentication.logout.LogoutFilter@1a7e6989, com.fengmangbilu.security.authentication.TokenAuthenticationProcessingFilter@434d5eb9, org.springframework.security.web.savedrequest.RequestCacheAwareFilter@50ad030a, org.springframework.security.web.servletapi.SecurityContextHolderAwareRequestFilter@68d93913, org.springframework.security.web.authentication.AnonymousAuthenticationFilter@14150a0a, org.springframework.security.web.session.SessionManagementFilter@5c2fd20c, org.springframework.security.web.access.ExceptionTranslationFilter@680882bd, org.springframework.security.web.access.intercept.FilterSecurityInterceptor@10dad714]
2018-03-22 19:08:59.589 [main] INFO  org.springframework.security.web.DefaultSecurityFilterChain - Creating filter chain: org.springframework.boot.autoconfigure.security.SpringBootWebSecurityConfiguration$ApplicationNoWebSecurityConfigurerAdapter$1@3b00a7b9, [org.springframework.security.web.context.request.async.WebAsyncManagerIntegrationFilter@29cbdd86, org.springframework.security.web.context.SecurityContextPersistenceFilter@30bb4248, org.springframework.security.web.header.HeaderWriterFilter@7e41619d, org.springframework.security.web.csrf.CsrfFilter@1a420390, org.springframework.security.web.authentication.logout.LogoutFilter@51c316cb, org.springframework.security.web.savedrequest.RequestCacheAwareFilter@65beeceb, org.springframework.security.web.servletapi.SecurityContextHolderAwareRequestFilter@10063448, org.springframework.security.web.authentication.AnonymousAuthenticationFilter@84e1883, org.springframework.security.web.session.SessionManagementFilter@49e11ca7, org.springframework.security.web.access.ExceptionTranslationFilter@4512085c]
2018-03-22 19:09:00.180 [main] INFO  org.springframework.scheduling.concurrent.ThreadPoolTaskScheduler - Initializing ExecutorService  'taskScheduler'
2018-03-22 19:09:00.927 [main] INFO  org.hibernate.validator.internal.xml.ValidationXmlParser - HV000007: META-INF/validation.xml found. Parsing XML based configuration.
2018-03-22 19:09:00.937 [main] INFO  org.hibernate.validator.internal.xml.ValidationBootstrapParameters - HV000004: Using com.fengmangbilu.validator.i18n.ValidationMessageInterpolator as message interpolator.
2018-03-22 19:09:00.937 [main] INFO  org.hibernate.validator.internal.xml.ValidationBootstrapParameters - HV000119: Using com.fengmangbilu.validator.provider.ReportOnParameterNameProvider as parameter name provider.
2018-03-22 19:09:01.064 [main] INFO  org.springframework.integration.codec.kryo.CompositeKryoRegistrar - configured Kryo registration [40, java.io.File] with serializer org.springframework.integration.codec.kryo.FileSerializer
2018-03-22 19:09:01.533 [main] INFO  org.springframework.jmx.export.annotation.AnnotationMBeanExporter - Registering beans for JMX exposure on startup
2018-03-22 19:09:01.536 [main] INFO  org.springframework.jmx.export.annotation.AnnotationMBeanExporter - Bean with name 'statFilter' has been autodetected for JMX exposure
2018-03-22 19:09:01.536 [main] INFO  org.springframework.jmx.export.annotation.AnnotationMBeanExporter - Bean with name 'dataSource' has been autodetected for JMX exposure
2018-03-22 19:09:01.542 [main] INFO  org.springframework.jmx.export.annotation.AnnotationMBeanExporter - Bean with name 'environmentManager' has been autodetected for JMX exposure
2018-03-22 19:09:01.543 [main] INFO  org.springframework.jmx.export.annotation.AnnotationMBeanExporter - Bean with name 'rabbitConnectionFactory' has been autodetected for JMX exposure
2018-03-22 19:09:01.544 [main] INFO  org.springframework.jmx.export.annotation.AnnotationMBeanExporter - Bean with name 'integrationMbeanExporter' has been autodetected for JMX exposure
2018-03-22 19:09:01.545 [main] INFO  org.springframework.jmx.export.annotation.AnnotationMBeanExporter - Bean with name 'configurationPropertiesRebinder' has been autodetected for JMX exposure
2018-03-22 19:09:01.545 [main] INFO  org.springframework.jmx.export.annotation.AnnotationMBeanExporter - Bean with name 'refreshEndpoint' has been autodetected for JMX exposure
2018-03-22 19:09:01.546 [main] INFO  org.springframework.jmx.export.annotation.AnnotationMBeanExporter - Bean with name 'serviceRegistryEndpoint' has been autodetected for JMX exposure
2018-03-22 19:09:01.546 [main] INFO  org.springframework.jmx.export.annotation.AnnotationMBeanExporter - Bean with name 'refreshScope' has been autodetected for JMX exposure
2018-03-22 19:09:01.550 [main] INFO  org.springframework.jmx.export.annotation.AnnotationMBeanExporter - Located managed bean 'environmentManager': registering with JMX server as MBean [org.springframework.cloud.context.environment:name=environmentManager,type=EnvironmentManager]
2018-03-22 19:09:01.561 [main] INFO  org.springframework.jmx.export.annotation.AnnotationMBeanExporter - Located managed bean 'serviceRegistryEndpoint': registering with JMX server as MBean [org.springframework.cloud.client.serviceregistry.endpoint:name=serviceRegistryEndpoint,type=ServiceRegistryEndpoint]
2018-03-22 19:09:01.567 [main] INFO  org.springframework.jmx.export.annotation.AnnotationMBeanExporter - Located managed bean 'refreshScope': registering with JMX server as MBean [org.springframework.cloud.context.scope.refresh:name=refreshScope,type=RefreshScope]
2018-03-22 19:09:01.583 [main] INFO  org.springframework.jmx.export.annotation.AnnotationMBeanExporter - Located managed bean 'integrationMbeanExporter': registering with JMX server as MBean [org.springframework.integration.monitor:name=integrationMbeanExporter,type=IntegrationMBeanExporter]
2018-03-22 19:09:01.606 [main] INFO  org.springframework.jmx.export.annotation.AnnotationMBeanExporter - Located managed bean 'configurationPropertiesRebinder': registering with JMX server as MBean [org.springframework.cloud.context.properties:name=configurationPropertiesRebinder,context=3fbfbf84,type=ConfigurationPropertiesRebinder]
2018-03-22 19:09:01.609 [main] INFO  org.springframework.jmx.export.annotation.AnnotationMBeanExporter - Located MBean 'dataSource': registering with JMX server as MBean [com.alibaba.druid.spring.boot.autoconfigure:name=dataSource,type=DruidDataSourceWrapper]
2018-03-22 19:09:01.611 [main] INFO  org.springframework.jmx.export.annotation.AnnotationMBeanExporter - Located managed bean 'rabbitConnectionFactory': registering with JMX server as MBean [org.springframework.amqp.rabbit.connection:name=rabbitConnectionFactory,type=CachingConnectionFactory]
2018-03-22 19:09:01.620 [main] INFO  org.springframework.jmx.export.annotation.AnnotationMBeanExporter - Located managed bean 'refreshEndpoint': registering with JMX server as MBean [org.springframework.cloud.endpoint:name=refreshEndpoint,type=RefreshEndpoint]
2018-03-22 19:09:01.625 [main] INFO  org.springframework.jmx.export.annotation.AnnotationMBeanExporter - Located MBean 'statFilter': registering with JMX server as MBean [com.alibaba.druid.filter.stat:name=statFilter,type=StatFilter]
2018-03-22 19:09:01.633 [main] INFO  org.springframework.integration.monitor.IntegrationMBeanExporter - Registering beans for JMX exposure on startup
2018-03-22 19:09:01.634 [main] INFO  org.springframework.integration.monitor.IntegrationMBeanExporter - Registering MessageChannel hystrixStreamOutput
2018-03-22 19:09:01.637 [main] INFO  org.springframework.integration.monitor.IntegrationMBeanExporter - Located managed bean 'org.springframework.integration:type=MessageChannel,name=hystrixStreamOutput': registering with JMX server as MBean [org.springframework.integration:type=MessageChannel,name=hystrixStreamOutput]
2018-03-22 19:09:01.675 [main] INFO  org.springframework.integration.monitor.IntegrationMBeanExporter - Registering MessageChannel errorChannel
2018-03-22 19:09:01.677 [main] INFO  org.springframework.integration.monitor.IntegrationMBeanExporter - Located managed bean 'org.springframework.integration:type=MessageChannel,name=errorChannel': registering with JMX server as MBean [org.springframework.integration:type=MessageChannel,name=errorChannel]
2018-03-22 19:09:01.708 [main] INFO  org.springframework.integration.monitor.IntegrationMBeanExporter - Registering MessageChannel nullChannel
2018-03-22 19:09:01.710 [main] INFO  org.springframework.integration.monitor.IntegrationMBeanExporter - Located managed bean 'org.springframework.integration:type=MessageChannel,name=nullChannel': registering with JMX server as MBean [org.springframework.integration:type=MessageChannel,name=nullChannel]
2018-03-22 19:09:01.728 [main] INFO  org.springframework.integration.monitor.IntegrationMBeanExporter - Registering MessageHandler errorLogger
2018-03-22 19:09:01.730 [main] INFO  org.springframework.integration.monitor.IntegrationMBeanExporter - Located managed bean 'org.springframework.integration:type=MessageHandler,name=errorLogger,bean=internal': registering with JMX server as MBean [org.springframework.integration:type=MessageHandler,name=errorLogger,bean=internal]
2018-03-22 19:09:01.747 [main] INFO  org.springframework.boot.actuate.endpoint.jmx.EndpointMBeanExporter - Registering beans for JMX exposure on startup
2018-03-22 19:09:02.127 [main] INFO  org.hibernate.validator.internal.xml.ValidationXmlParser - HV000007: META-INF/validation.xml found. Parsing XML based configuration.
2018-03-22 19:09:02.134 [main] INFO  org.hibernate.validator.internal.xml.ValidationBootstrapParameters - HV000004: Using com.fengmangbilu.validator.i18n.ValidationMessageInterpolator as message interpolator.
2018-03-22 19:09:02.134 [main] INFO  org.hibernate.validator.internal.xml.ValidationBootstrapParameters - HV000119: Using com.fengmangbilu.validator.provider.ReportOnParameterNameProvider as parameter name provider.
2018-03-22 19:09:02.141 [main] INFO  org.springframework.context.support.DefaultLifecycleProcessor - Starting beans in phase -2147482648
2018-03-22 19:09:02.299 [main] INFO  com.fengmangbilu.microservice.oa.OaApplication - No active profile set, falling back to default profiles: default
2018-03-22 19:09:02.303 [main] INFO  org.springframework.context.annotation.AnnotationConfigApplicationContext - Refreshing org.springframework.context.annotation.AnnotationConfigApplicationContext@62c2a477: startup date [Thu Mar 22 19:09:02 CST 2018]; parent: org.springframework.boot.context.embedded.AnnotationConfigEmbeddedWebApplicationContext@3fbfbf84
2018-03-22 19:09:02.335 [main] INFO  org.springframework.beans.factory.annotation.AutowiredAnnotationBeanPostProcessor - JSR-330 'javax.inject.Inject' annotation found and supported for autowiring
2018-03-22 19:09:02.350 [main] INFO  org.hibernate.validator.internal.xml.ValidationXmlParser - HV000007: META-INF/validation.xml found. Parsing XML based configuration.
2018-03-22 19:09:02.356 [main] INFO  org.hibernate.validator.internal.xml.ValidationBootstrapParameters - HV000004: Using com.fengmangbilu.validator.i18n.ValidationMessageInterpolator as message interpolator.
2018-03-22 19:09:02.357 [main] INFO  org.hibernate.validator.internal.xml.ValidationBootstrapParameters - HV000119: Using com.fengmangbilu.validator.provider.ReportOnParameterNameProvider as parameter name provider.
2018-03-22 19:09:02.398 [main] INFO  org.springframework.context.support.GenericApplicationContext - Refreshing org.springframework.context.support.GenericApplicationContext@82d6e07: startup date [Thu Mar 22 19:09:02 CST 2018]; root of context hierarchy
2018-03-22 19:09:02.443 [main] INFO  com.fengmangbilu.microservice.oa.OaApplication - Started OaApplication in 0.285 seconds (JVM running for 34.83)
2018-03-22 19:09:02.505 [main] INFO  org.springframework.amqp.rabbit.connection.CachingConnectionFactory - Attempting to connect to: [localhost:5672]
2018-03-22 19:09:02.646 [main] INFO  org.springframework.amqp.rabbit.connection.CachingConnectionFactory - Created new connection: rabbitConnectionFactory#7b6bf8c1:0/SimpleConnection@329b6556 [delegate=amqp://admin@127.0.0.1:5672/, localPort= 63265]
2018-03-22 19:09:02.704 [main] INFO  org.springframework.integration.channel.DirectChannel - Channel 'oa:8004.hystrixStreamOutput' has 1 subscriber(s).
2018-03-22 19:09:02.706 [main] INFO  org.springframework.context.support.DefaultLifecycleProcessor - Starting beans in phase 0
2018-03-22 19:09:02.717 [main] INFO  org.springframework.cloud.netflix.eureka.InstanceInfoFactory - Setting initial instance status as: STARTING
2018-03-22 19:09:02.754 [main] INFO  com.netflix.discovery.DiscoveryClient - Initializing Eureka in region us-east-1
2018-03-22 19:09:03.027 [main] INFO  com.netflix.discovery.provider.DiscoveryJerseyProvider - Using JSON encoding codec LegacyJacksonJson
2018-03-22 19:09:03.027 [main] INFO  com.netflix.discovery.provider.DiscoveryJerseyProvider - Using JSON decoding codec LegacyJacksonJson
2018-03-22 19:09:03.152 [main] INFO  com.netflix.discovery.provider.DiscoveryJerseyProvider - Using XML encoding codec XStreamXml
2018-03-22 19:09:03.152 [main] INFO  com.netflix.discovery.provider.DiscoveryJerseyProvider - Using XML decoding codec XStreamXml
2018-03-22 19:09:03.453 [main] INFO  com.netflix.discovery.shared.resolver.aws.ConfigClusterResolver - Resolving eureka endpoints via configuration
2018-03-22 19:09:03.513 [main] INFO  com.netflix.discovery.DiscoveryClient - Disable delta property : false
2018-03-22 19:09:03.514 [main] INFO  com.netflix.discovery.DiscoveryClient - Single vip registry refresh property : null
2018-03-22 19:09:03.514 [main] INFO  com.netflix.discovery.DiscoveryClient - Force full registry fetch : false
2018-03-22 19:09:03.514 [main] INFO  com.netflix.discovery.DiscoveryClient - Application is null : false
2018-03-22 19:09:03.514 [main] INFO  com.netflix.discovery.DiscoveryClient - Registered Applications size is zero : true
2018-03-22 19:09:03.514 [main] INFO  com.netflix.discovery.DiscoveryClient - Application version is -1: true
2018-03-22 19:09:03.514 [main] INFO  com.netflix.discovery.DiscoveryClient - Getting all instance registry info from the eureka server
2018-03-22 19:09:03.722 [main] INFO  com.netflix.discovery.DiscoveryClient - The response status is 200
2018-03-22 19:09:03.723 [main] INFO  com.netflix.discovery.DiscoveryClient - Starting heartbeat executor: renew interval is: 30
2018-03-22 19:09:03.726 [main] INFO  com.netflix.discovery.InstanceInfoReplicator - InstanceInfoReplicator onDemand update allowed rate per min is 4
2018-03-22 19:09:03.728 [main] INFO  com.netflix.discovery.DiscoveryClient - Discovery Client initialized at timestamp 1521716943728 with initial instances count: 8
2018-03-22 19:09:03.747 [main] INFO  org.springframework.cloud.netflix.eureka.serviceregistry.EurekaServiceRegistry - Registering application oa with eureka with status UP
2018-03-22 19:09:03.748 [main] INFO  com.netflix.discovery.DiscoveryClient - Saw local status change event StatusChangeEvent [timestamp=1521716943748, current=UP, previous=STARTING]
2018-03-22 19:09:03.750 [DiscoveryClient-InstanceInfoReplicator-0] INFO  com.netflix.discovery.DiscoveryClient - DiscoveryClient_OA/Zx-PC:oa:8004: registering service...
2018-03-22 19:09:03.756 [main] INFO  org.springframework.boot.actuate.endpoint.jmx.EndpointMBeanExporter - Located managed bean 'auditEventsEndpoint': registering with JMX server as MBean [org.springframework.boot:type=Endpoint,name=auditEventsEndpoint]
2018-03-22 19:09:03.772 [main] INFO  org.springframework.boot.actuate.endpoint.jmx.EndpointMBeanExporter - Located managed bean 'archaiusEndpoint': registering with JMX server as MBean [org.springframework.boot:type=Endpoint,name=archaiusEndpoint]
2018-03-22 19:09:03.783 [main] INFO  org.springframework.boot.actuate.endpoint.jmx.EndpointMBeanExporter - Located managed bean 'featuresEndpoint': registering with JMX server as MBean [org.springframework.boot:type=Endpoint,name=featuresEndpoint]
2018-03-22 19:09:03.786 [main] INFO  org.springframework.boot.actuate.endpoint.jmx.EndpointMBeanExporter - Located managed bean 'requestMappingEndpoint': registering with JMX server as MBean [org.springframework.boot:type=Endpoint,name=requestMappingEndpoint]
2018-03-22 19:09:03.787 [DiscoveryClient-InstanceInfoReplicator-0] INFO  com.netflix.discovery.DiscoveryClient - DiscoveryClient_OA/Zx-PC:oa:8004 - registration status: 204
2018-03-22 19:09:03.790 [main] INFO  org.springframework.boot.actuate.endpoint.jmx.EndpointMBeanExporter - Located managed bean 'environmentEndpoint': registering with JMX server as MBean [org.springframework.boot:type=Endpoint,name=environmentEndpoint]
2018-03-22 19:09:03.796 [main] INFO  org.springframework.boot.actuate.endpoint.jmx.EndpointMBeanExporter - Located managed bean 'healthEndpoint': registering with JMX server as MBean [org.springframework.boot:type=Endpoint,name=healthEndpoint]
2018-03-22 19:09:03.800 [main] INFO  org.springframework.boot.actuate.endpoint.jmx.EndpointMBeanExporter - Located managed bean 'beansEndpoint': registering with JMX server as MBean [org.springframework.boot:type=Endpoint,name=beansEndpoint]
2018-03-22 19:09:03.807 [main] INFO  org.springframework.boot.actuate.endpoint.jmx.EndpointMBeanExporter - Located managed bean 'infoEndpoint': registering with JMX server as MBean [org.springframework.boot:type=Endpoint,name=infoEndpoint]
2018-03-22 19:09:03.810 [main] INFO  org.springframework.boot.actuate.endpoint.jmx.EndpointMBeanExporter - Located managed bean 'loggersEndpoint': registering with JMX server as MBean [org.springframework.boot:type=Endpoint,name=loggersEndpoint]
2018-03-22 19:09:03.818 [main] INFO  org.springframework.boot.actuate.endpoint.jmx.EndpointMBeanExporter - Located managed bean 'metricsEndpoint': registering with JMX server as MBean [org.springframework.boot:type=Endpoint,name=metricsEndpoint]
2018-03-22 19:09:03.821 [main] INFO  org.springframework.boot.actuate.endpoint.jmx.EndpointMBeanExporter - Located managed bean 'traceEndpoint': registering with JMX server as MBean [org.springframework.boot:type=Endpoint,name=traceEndpoint]
2018-03-22 19:09:03.825 [main] INFO  org.springframework.boot.actuate.endpoint.jmx.EndpointMBeanExporter - Located managed bean 'dumpEndpoint': registering with JMX server as MBean [org.springframework.boot:type=Endpoint,name=dumpEndpoint]
2018-03-22 19:09:03.827 [main] INFO  org.springframework.boot.actuate.endpoint.jmx.EndpointMBeanExporter - Located managed bean 'autoConfigurationReportEndpoint': registering with JMX server as MBean [org.springframework.boot:type=Endpoint,name=autoConfigurationReportEndpoint]
2018-03-22 19:09:03.830 [main] INFO  org.springframework.boot.actuate.endpoint.jmx.EndpointMBeanExporter - Located managed bean 'configurationPropertiesReportEndpoint': registering with JMX server as MBean [org.springframework.boot:type=Endpoint,name=configurationPropertiesReportEndpoint]
2018-03-22 19:09:03.833 [main] INFO  org.springframework.boot.actuate.endpoint.jmx.EndpointMBeanExporter - Located managed bean 'channelsEndpoint': registering with JMX server as MBean [org.springframework.boot:type=Endpoint,name=channelsEndpoint]
2018-03-22 19:09:03.835 [main] INFO  org.springframework.integration.endpoint.EventDrivenConsumer - Adding {logging-channel-adapter:_org.springframework.integration.errorLogger} as a subscriber to the 'errorChannel' channel
2018-03-22 19:09:03.835 [main] INFO  org.springframework.integration.channel.PublishSubscribeChannel - Channel 'oa:8004.errorChannel' has 1 subscriber(s).
2018-03-22 19:09:03.835 [main] INFO  org.springframework.integration.endpoint.EventDrivenConsumer - started _org.springframework.integration.errorLogger
2018-03-22 19:09:03.835 [main] INFO  org.springframework.context.support.DefaultLifecycleProcessor - Starting beans in phase 2147482647
2018-03-22 19:09:03.836 [main] INFO  org.springframework.context.support.DefaultLifecycleProcessor - Starting beans in phase 2147483647
2018-03-22 19:09:03.836 [main] INFO  springfox.documentation.spring.web.plugins.DocumentationPluginsBootstrapper - Context refreshed
2018-03-22 19:09:03.874 [main] INFO  springfox.documentation.spring.web.plugins.DocumentationPluginsBootstrapper - Found 1 custom documentation plugin(s)
2018-03-22 19:09:03.959 [main] INFO  springfox.documentation.spring.web.scanners.ApiListingReferenceScanner - Scanning for api listing references
2018-03-22 19:09:04.111 [main] INFO  org.springframework.cloud.netflix.hystrix.HystrixCircuitBreakerConfiguration$HystrixMetricsPollerConfiguration - Starting poller
2018-03-22 19:09:04.145 [main] INFO  org.apache.coyote.http11.Http11NioProtocol - Initializing ProtocolHandler ["http-nio-8004"]
2018-03-22 19:09:04.157 [main] INFO  org.apache.coyote.http11.Http11NioProtocol - Starting ProtocolHandler ["http-nio-8004"]
2018-03-22 19:09:04.170 [main] INFO  org.apache.tomcat.util.net.NioSelectorPool - Using a shared selector for servlet write/read
2018-03-22 19:09:04.202 [main] INFO  org.springframework.boot.context.embedded.tomcat.TomcatEmbeddedServletContainer - Tomcat started on port(s): 8004 (http)
2018-03-22 19:09:04.204 [main] INFO  org.springframework.cloud.netflix.eureka.serviceregistry.EurekaAutoServiceRegistration - Updating port to 8004
2018-03-22 19:09:04.208 [main] INFO  com.fengmangbilu.microservice.oa.OaApplication - Started OaApplication in 36.17 seconds (JVM running for 36.595)
