2018-03-23 03:57:43.485 [AMQP Connection 120.76.44.152:5672] ERROR org.springframework.amqp.rabbit.connection.CachingConnectionFactory - Channel shutdown: connection error
2018-03-23 03:57:52.544 [AMQP Connection 120.76.44.152:5672] ERROR org.springframework.amqp.rabbit.connection.CachingConnectionFactory - Channel shutdown: connection error
2018-03-23 10:22:30.160 [http-nio-8001-exec-10] ERROR com.fengmangbilu.web.DefaultExceptionHandler - com.netflix.hystrix.exception.HystrixRuntimeException: OaClient#getPoliceInfo(ReportRequest) failed and no fallback available.:Response(code=500, data=null, message=OaClient#getPoliceInfo(ReportRequest) failed and no fallback available., success=false)
2018-03-23 10:23:06.107 [http-nio-8001-exec-9] ERROR com.fengmangbilu.web.DefaultExceptionHandler - com.netflix.hystrix.exception.HystrixRuntimeException: OaClient#getPoliceInfo(ReportRequest) timed-out and no fallback available.:Response(code=500, data=null, message=OaClient#getPoliceInfo(ReportRequest) timed-out and no fallback available., success=false)
2018-03-23 10:23:48.706 [http-nio-8001-exec-1] ERROR com.fengmangbilu.web.DefaultExceptionHandler - com.netflix.hystrix.exception.HystrixRuntimeException: OaClient#getPoliceInfo(ReportRequest) timed-out and no fallback available.:Response(code=500, data=null, message=OaClient#getPoliceInfo(ReportRequest) timed-out and no fallback available., success=false)
2018-03-23 10:24:14.569 [http-nio-8001-exec-5] ERROR com.fengmangbilu.web.DefaultExceptionHandler - com.netflix.hystrix.exception.HystrixRuntimeException: OaClient#getPoliceInfo(ReportRequest) timed-out and no fallback available.:Response(code=500, data=null, message=OaClient#getPoliceInfo(ReportRequest) timed-out and no fallback available., success=false)
2018-03-23 10:24:36.261 [http-nio-8001-exec-6] ERROR com.fengmangbilu.web.DefaultExceptionHandler - com.netflix.hystrix.exception.HystrixRuntimeException: OaClient#getPoliceInfo(ReportRequest) timed-out and no fallback available.:Response(code=500, data=null, message=OaClient#getPoliceInfo(ReportRequest) timed-out and no fallback available., success=false)
2018-03-23 10:26:23.746 [http-nio-8001-exec-3] ERROR com.fengmangbilu.web.DefaultExceptionHandler - com.netflix.hystrix.exception.HystrixRuntimeException: OaClient#getPoliceInfo(ReportRequest) timed-out and no fallback available.:Response(code=500, data=null, message=OaClient#getPoliceInfo(ReportRequest) timed-out and no fallback available., success=false)
2018-03-23 10:26:44.235 [http-nio-8001-exec-4] ERROR com.fengmangbilu.web.DefaultExceptionHandler - com.netflix.hystrix.exception.HystrixRuntimeException: OaClient#getPoliceInfo(ReportRequest) timed-out and no fallback available.:Response(code=500, data=null, message=OaClient#getPoliceInfo(ReportRequest) timed-out and no fallback available., success=false)
2018-03-23 10:32:24.367 [http-nio-8001-exec-1] ERROR com.fengmangbilu.web.DefaultExceptionHandler - com.netflix.hystrix.exception.HystrixRuntimeException: OaClient#getPoliceInfo(ReportRequest) timed-out and no fallback available.:Response(code=500, data=null, message=OaClient#getPoliceInfo(ReportRequest) timed-out and no fallback available., success=false)
2018-03-23 10:32:29.840 [http-nio-8001-exec-2] ERROR com.fengmangbilu.web.DefaultExceptionHandler - com.netflix.hystrix.exception.HystrixRuntimeException: OaClient#getPoliceInfo(ReportRequest) timed-out and no fallback available.:Response(code=500, data=null, message=OaClient#getPoliceInfo(ReportRequest) timed-out and no fallback available., success=false)
2018-03-23 10:36:01.223 [http-nio-8001-exec-1] ERROR com.fengmangbilu.web.DefaultExceptionHandler - com.netflix.hystrix.exception.HystrixRuntimeException: OaClient#getPoliceInfo(ReportRequest) timed-out and no fallback available.:Response(code=500, data=null, message=OaClient#getPoliceInfo(ReportRequest) timed-out and no fallback available., success=false)
2018-03-23 10:36:20.798 [http-nio-8001-exec-2] ERROR com.fengmangbilu.web.DefaultExceptionHandler - com.netflix.hystrix.exception.HystrixRuntimeException: OaClient#getPoliceInfo(ReportRequest) timed-out and no fallback available.:Response(code=500, data=null, message=OaClient#getPoliceInfo(ReportRequest) timed-out and no fallback available., success=false)
2018-03-23 10:36:34.220 [http-nio-8001-exec-3] ERROR com.fengmangbilu.web.DefaultExceptionHandler - com.netflix.hystrix.exception.HystrixRuntimeException: OaClient#getPoliceInfo(ReportRequest) timed-out and no fallback available.:Response(code=500, data=null, message=OaClient#getPoliceInfo(ReportRequest) timed-out and no fallback available., success=false)
2018-03-23 10:39:44.027 [http-nio-8001-exec-4] ERROR com.fengmangbilu.web.DefaultExceptionHandler - com.netflix.hystrix.exception.HystrixRuntimeException: OaClient#getPoliceInfo(ReportRequest) timed-out and no fallback available.:Response(code=500, data=null, message=OaClient#getPoliceInfo(ReportRequest) timed-out and no fallback available., success=false)
2018-03-23 10:39:44.063 [main] ERROR org.apache.catalina.core.StandardService - Failed to start connector [Connector[HTTP/1.1-8001]]
org.apache.catalina.LifecycleException: Failed to start component [Connector[HTTP/1.1-8001]]
	at org.apache.catalina.util.LifecycleBase.start(LifecycleBase.java:167)
	at org.apache.catalina.core.StandardService.addConnector(StandardService.java:225)
	at org.springframework.boot.context.embedded.tomcat.TomcatEmbeddedServletContainer.addPreviouslyRemovedConnectors(TomcatEmbeddedServletContainer.java:250)
	at org.springframework.boot.context.embedded.tomcat.TomcatEmbeddedServletContainer.start(TomcatEmbeddedServletContainer.java:193)
	at org.springframework.boot.context.embedded.EmbeddedWebApplicationContext.startEmbeddedServletContainer(EmbeddedWebApplicationContext.java:297)
	at org.springframework.boot.context.embedded.EmbeddedWebApplicationContext.finishRefresh(EmbeddedWebApplicationContext.java:145)
	at org.springframework.context.support.AbstractApplicationContext.refresh(AbstractApplicationContext.java:546)
	at org.springframework.boot.context.embedded.EmbeddedWebApplicationContext.refresh(EmbeddedWebApplicationContext.java:122)
	at org.springframework.boot.SpringApplication.refresh(SpringApplication.java:693)
	at org.springframework.boot.SpringApplication.refreshContext(SpringApplication.java:360)
	at org.springframework.boot.SpringApplication.run(SpringApplication.java:303)
	at org.springframework.boot.SpringApplication.run(SpringApplication.java:1118)
	at org.springframework.boot.SpringApplication.run(SpringApplication.java:1107)
	at com.fengmangbilu.microservice.user.UserApplication.main(UserApplication.java:40)
Caused by: org.apache.catalina.LifecycleException: Protocol handler start failed
	at org.apache.catalina.connector.Connector.startInternal(Connector.java:1021)
	at org.apache.catalina.util.LifecycleBase.start(LifecycleBase.java:150)
	... 13 common frames omitted
Caused by: java.net.BindException: Address already in use: bind
	at sun.nio.ch.Net.bind0(Native Method)
	at sun.nio.ch.Net.bind(Net.java:433)
	at sun.nio.ch.Net.bind(Net.java:425)
	at sun.nio.ch.ServerSocketChannelImpl.bind(ServerSocketChannelImpl.java:223)
	at sun.nio.ch.ServerSocketAdaptor.bind(ServerSocketAdaptor.java:74)
	at org.apache.tomcat.util.net.NioEndpoint.bind(NioEndpoint.java:210)
	at org.apache.tomcat.util.net.AbstractEndpoint.start(AbstractEndpoint.java:1150)
	at org.apache.coyote.AbstractProtocol.start(AbstractProtocol.java:591)
	at org.apache.catalina.connector.Connector.startInternal(Connector.java:1018)
	... 14 common frames omitted
2018-03-23 10:39:44.098 [main] ERROR org.springframework.boot.diagnostics.LoggingFailureAnalysisReporter - 

***************************
APPLICATION FAILED TO START
***************************

Description:

The Tomcat connector configured to listen on port 8001 failed to start. The port may already be in use or the connector may be misconfigured.

Action:

Verify the connector's configuration, identify and stop any process that's listening on port 8001, or configure this application to listen on another port.

2018-03-23 10:40:02.887 [http-nio-8001-exec-5] ERROR com.fengmangbilu.web.DefaultExceptionHandler - com.netflix.hystrix.exception.HystrixRuntimeException: OaClient#getPoliceInfo(ReportRequest) timed-out and no fallback available.:Response(code=500, data=null, message=OaClient#getPoliceInfo(ReportRequest) timed-out and no fallback available., success=false)
2018-03-23 10:40:05.088 [http-nio-8001-exec-6] ERROR com.fengmangbilu.web.DefaultExceptionHandler - com.netflix.hystrix.exception.HystrixRuntimeException: OaClient#getPoliceInfo(ReportRequest) timed-out and no fallback available.:Response(code=500, data=null, message=OaClient#getPoliceInfo(ReportRequest) timed-out and no fallback available., success=false)
2018-03-23 10:40:07.015 [http-nio-8001-exec-7] ERROR com.fengmangbilu.web.DefaultExceptionHandler - com.netflix.hystrix.exception.HystrixRuntimeException: OaClient#getPoliceInfo(ReportRequest) timed-out and no fallback available.:Response(code=500, data=null, message=OaClient#getPoliceInfo(ReportRequest) timed-out and no fallback available., success=false)
2018-03-23 10:41:01.459 [http-nio-8001-exec-8] ERROR com.fengmangbilu.web.DefaultExceptionHandler - com.netflix.hystrix.exception.HystrixRuntimeException: OaClient#getPoliceInfo(ReportRequest) timed-out and no fallback available.:Response(code=500, data=null, message=OaClient#getPoliceInfo(ReportRequest) timed-out and no fallback available., success=false)
2018-03-23 10:42:32.223 [http-nio-8001-exec-2] ERROR com.fengmangbilu.web.DefaultExceptionHandler - com.netflix.hystrix.exception.HystrixRuntimeException: OaClient#getPoliceInfo(ReportRequest) timed-out and no fallback available.:Response(code=500, data=null, message=OaClient#getPoliceInfo(ReportRequest) timed-out and no fallback available., success=false)
2018-03-23 10:42:39.902 [http-nio-8001-exec-3] ERROR com.fengmangbilu.web.DefaultExceptionHandler - com.netflix.hystrix.exception.HystrixRuntimeException: OaClient#getPoliceInfo(ReportRequest) timed-out and no fallback available.:Response(code=500, data=null, message=OaClient#getPoliceInfo(ReportRequest) timed-out and no fallback available., success=false)
2018-03-23 10:42:42.743 [http-nio-8001-exec-4] ERROR com.fengmangbilu.web.DefaultExceptionHandler - com.netflix.hystrix.exception.HystrixRuntimeException: OaClient#getPoliceInfo(ReportRequest) timed-out and no fallback available.:Response(code=500, data=null, message=OaClient#getPoliceInfo(ReportRequest) timed-out and no fallback available., success=false)
2018-03-23 11:30:37.230 [http-nio-8001-exec-5] ERROR com.fengmangbilu.web.DefaultExceptionHandler - java.lang.NullPointerException:Response(code=500, data=null, message=Internal Server Error, success=false)
