2018-03-19 17:41:11.749 [http-nio-8001-exec-1] ERROR com.fengmangbilu.web.DefaultExceptionHandler - org.springframework.dao.InvalidDataAccessApiUsageException: Executing an update/delete query; nested exception is javax.persistence.TransactionRequiredException: Executing an update/delete query:Response(code=500, data=null, message=Executing an update/delete query; nested exception is javax.persistence.TransactionRequiredException: Executing an update/delete query, success=false)
2018-03-19 17:41:13.614 [http-nio-8001-exec-2] ERROR com.fengmangbilu.web.DefaultExceptionHandler - org.springframework.dao.InvalidDataAccessApiUsageException: Executing an update/delete query; nested exception is javax.persistence.TransactionRequiredException: Executing an update/delete query:Response(code=500, data=null, message=Executing an update/delete query; nested exception is javax.persistence.TransactionRequiredException: Executing an update/delete query, success=false)
2018-03-19 17:41:14.516 [http-nio-8001-exec-3] ERROR com.fengmangbilu.web.DefaultExceptionHandler - org.springframework.dao.InvalidDataAccessApiUsageException: Executing an update/delete query; nested exception is javax.persistence.TransactionRequiredException: Executing an update/delete query:Response(code=500, data=null, message=Executing an update/delete query; nested exception is javax.persistence.TransactionRequiredException: Executing an update/delete query, success=false)
2018-03-19 17:41:15.036 [http-nio-8001-exec-4] ERROR com.fengmangbilu.web.DefaultExceptionHandler - org.springframework.dao.InvalidDataAccessApiUsageException: Executing an update/delete query; nested exception is javax.persistence.TransactionRequiredException: Executing an update/delete query:Response(code=500, data=null, message=Executing an update/delete query; nested exception is javax.persistence.TransactionRequiredException: Executing an update/delete query, success=false)
2018-03-19 17:41:15.451 [http-nio-8001-exec-5] ERROR com.fengmangbilu.web.DefaultExceptionHandler - org.springframework.dao.InvalidDataAccessApiUsageException: Executing an update/delete query; nested exception is javax.persistence.TransactionRequiredException: Executing an update/delete query:Response(code=500, data=null, message=Executing an update/delete query; nested exception is javax.persistence.TransactionRequiredException: Executing an update/delete query, success=false)
2018-03-19 17:51:09.690 [http-nio-8001-exec-7] ERROR com.fengmangbilu.web.DefaultExceptionHandler - org.springframework.web.HttpRequestMethodNotSupportedException: Request method 'GET' not supported:Response(code=405, data=null, message=Request method 'GET' not supported, success=false)
2018-03-19 17:55:57.065 [task-scheduler-3] ERROR org.springframework.aop.interceptor.SimpleAsyncUncaughtExceptionHandler - Unexpected error occurred invoking async method 'public void com.fengmangbilu.microservice.user.listeners.AuthenticationSuccessListener.onApplicationEvent(org.springframework.security.authentication.event.AuthenticationSuccessEvent)'.
org.springframework.dao.InvalidDataAccessApiUsageException: Parameter value [1] did not match expected type [java.lang.Long (n/a)]; nested exception is java.lang.IllegalArgumentException: Parameter value [1] did not match expected type [java.lang.Long (n/a)]
	at org.springframework.orm.jpa.EntityManagerFactoryUtils.convertJpaAccessExceptionIfPossible(EntityManagerFactoryUtils.java:384)
	at org.springframework.orm.jpa.vendor.HibernateJpaDialect.translateExceptionIfPossible(HibernateJpaDialect.java:246)
	at org.springframework.orm.jpa.AbstractEntityManagerFactoryBean.translateExceptionIfPossible(AbstractEntityManagerFactoryBean.java:503)
	at org.springframework.dao.support.ChainedPersistenceExceptionTranslator.translateExceptionIfPossible(ChainedPersistenceExceptionTranslator.java:59)
	at org.springframework.dao.support.DataAccessUtils.translateIfNecessary(DataAccessUtils.java:209)
	at org.springframework.dao.support.PersistenceExceptionTranslationInterceptor.invoke(PersistenceExceptionTranslationInterceptor.java:147)
	at org.springframework.aop.framework.ReflectiveMethodInvocation.proceed(ReflectiveMethodInvocation.java:179)
	at org.springframework.data.jpa.repository.support.CrudMethodMetadataPostProcessor$CrudMethodMetadataPopulatingMethodInterceptor.invoke(CrudMethodMetadataPostProcessor.java:133)
	at org.springframework.aop.framework.ReflectiveMethodInvocation.proceed(ReflectiveMethodInvocation.java:179)
	at org.springframework.aop.interceptor.ExposeInvocationInterceptor.invoke(ExposeInvocationInterceptor.java:92)
	at org.springframework.aop.framework.ReflectiveMethodInvocation.proceed(ReflectiveMethodInvocation.java:179)
	at org.springframework.data.repository.core.support.SurroundingTransactionDetectorMethodInterceptor.invoke(SurroundingTransactionDetectorMethodInterceptor.java:57)
	at org.springframework.aop.framework.ReflectiveMethodInvocation.proceed(ReflectiveMethodInvocation.java:179)
	at org.springframework.aop.framework.JdkDynamicAopProxy.invoke(JdkDynamicAopProxy.java:213)
	at com.sun.proxy.$Proxy178.setLastLoginDateFor(Unknown Source)
	at com.fengmangbilu.microservice.user.listeners.AuthenticationSuccessListener.onApplicationEvent(AuthenticationSuccessListener.java:24)
	at com.fengmangbilu.microservice.user.listeners.AuthenticationSuccessListener.onApplicationEvent(AuthenticationSuccessListener.java:1)
	at com.fengmangbilu.microservice.user.listeners.AuthenticationSuccessListener$$FastClassBySpringCGLIB$$157323de.invoke(<generated>)
	at org.springframework.cglib.proxy.MethodProxy.invoke(MethodProxy.java:204)
	at org.springframework.aop.framework.CglibAopProxy$CglibMethodInvocation.invokeJoinpoint(CglibAopProxy.java:738)
	at org.springframework.aop.framework.ReflectiveMethodInvocation.proceed(ReflectiveMethodInvocation.java:157)
	at org.springframework.transaction.interceptor.TransactionInterceptor$1.proceedWithInvocation(TransactionInterceptor.java:99)
	at org.springframework.transaction.interceptor.TransactionAspectSupport.invokeWithinTransaction(TransactionAspectSupport.java:282)
	at org.springframework.transaction.interceptor.TransactionInterceptor.invoke(TransactionInterceptor.java:96)
	at org.springframework.aop.framework.ReflectiveMethodInvocation.proceed(ReflectiveMethodInvocation.java:179)
	at org.springframework.aop.interceptor.AsyncExecutionInterceptor$1.call(AsyncExecutionInterceptor.java:115)
	at org.springframework.scheduling.concurrent.ThreadPoolTaskScheduler$DelegatingErrorHandlingCallable.call(ThreadPoolTaskScheduler.java:386)
	at java.util.concurrent.FutureTask.run(FutureTask.java:266)
	at java.util.concurrent.ScheduledThreadPoolExecutor$ScheduledFutureTask.access$201(ScheduledThreadPoolExecutor.java:180)
	at java.util.concurrent.ScheduledThreadPoolExecutor$ScheduledFutureTask.run(ScheduledThreadPoolExecutor.java:293)
	at java.util.concurrent.ThreadPoolExecutor.runWorker(ThreadPoolExecutor.java:1142)
	at java.util.concurrent.ThreadPoolExecutor$Worker.run(ThreadPoolExecutor.java:617)
	at java.lang.Thread.run(Thread.java:748)
Caused by: java.lang.IllegalArgumentException: Parameter value [1] did not match expected type [java.lang.Long (n/a)]
	at org.hibernate.jpa.spi.BaseQueryImpl.validateBinding(BaseQueryImpl.java:897)
	at org.hibernate.jpa.internal.QueryImpl.access$000(QueryImpl.java:61)
	at org.hibernate.jpa.internal.QueryImpl$ParameterRegistrationImpl.bindValue(QueryImpl.java:235)
	at org.hibernate.jpa.internal.QueryImpl$JpaPositionalParameterRegistrationImpl.bindValue(QueryImpl.java:371)
	at org.hibernate.jpa.spi.BaseQueryImpl.setParameter(BaseQueryImpl.java:692)
	at org.hibernate.jpa.spi.AbstractQueryImpl.setParameter(AbstractQueryImpl.java:181)
	at org.hibernate.jpa.spi.AbstractQueryImpl.setParameter(AbstractQueryImpl.java:32)
	at org.springframework.data.jpa.repository.query.ParameterBinder.bind(ParameterBinder.java:141)
	at org.springframework.data.jpa.repository.query.StringQueryParameterBinder.bind(StringQueryParameterBinder.java:61)
	at org.springframework.data.jpa.repository.query.ParameterBinder.bind(ParameterBinder.java:101)
	at org.springframework.data.jpa.repository.query.SpelExpressionStringQueryParameterBinder.bind(SpelExpressionStringQueryParameterBinder.java:76)
	at org.springframework.data.jpa.repository.query.ParameterBinder.bindAndPrepare(ParameterBinder.java:161)
	at org.springframework.data.jpa.repository.query.ParameterBinder.bindAndPrepare(ParameterBinder.java:152)
	at org.springframework.data.jpa.repository.query.AbstractStringBasedJpaQuery.doCreateQuery(AbstractStringBasedJpaQuery.java:81)
	at org.springframework.data.jpa.repository.query.AbstractJpaQuery.createQuery(AbstractJpaQuery.java:190)
	at org.springframework.data.jpa.repository.query.JpaQueryExecution$ModifyingExecution.doExecute(JpaQueryExecution.java:240)
	at org.springframework.data.jpa.repository.query.JpaQueryExecution.execute(JpaQueryExecution.java:87)
	at org.springframework.data.jpa.repository.query.AbstractJpaQuery.doExecute(AbstractJpaQuery.java:116)
	at org.springframework.data.jpa.repository.query.AbstractJpaQuery.execute(AbstractJpaQuery.java:106)
	at org.springframework.data.repository.core.support.RepositoryFactorySupport$QueryExecutorMethodInterceptor.doInvoke(RepositoryFactorySupport.java:492)
	at org.springframework.data.repository.core.support.RepositoryFactorySupport$QueryExecutorMethodInterceptor.invoke(RepositoryFactorySupport.java:475)
	at org.springframework.aop.framework.ReflectiveMethodInvocation.proceed(ReflectiveMethodInvocation.java:179)
	at org.springframework.data.projection.DefaultMethodInvokingMethodInterceptor.invoke(DefaultMethodInvokingMethodInterceptor.java:56)
	at org.springframework.aop.framework.ReflectiveMethodInvocation.proceed(ReflectiveMethodInvocation.java:179)
	at org.springframework.transaction.interceptor.TransactionInterceptor$1.proceedWithInvocation(TransactionInterceptor.java:99)
	at org.springframework.transaction.interceptor.TransactionAspectSupport.invokeWithinTransaction(TransactionAspectSupport.java:282)
	at org.springframework.transaction.interceptor.TransactionInterceptor.invoke(TransactionInterceptor.java:96)
	at org.springframework.aop.framework.ReflectiveMethodInvocation.proceed(ReflectiveMethodInvocation.java:179)
	at org.springframework.dao.support.PersistenceExceptionTranslationInterceptor.invoke(PersistenceExceptionTranslationInterceptor.java:136)
	... 27 common frames omitted
2018-03-19 17:56:00.122 [http-nio-8001-exec-1] ERROR com.fengmangbilu.web.DefaultExceptionHandler - org.springframework.dao.InvalidDataAccessApiUsageException: Parameter value [1] did not match expected type [java.lang.Long (n/a)]; nested exception is java.lang.IllegalArgumentException: Parameter value [1] did not match expected type [java.lang.Long (n/a)]:Response(code=500, data=null, message=Parameter value [1] did not match expected type [java.lang.Long (n/a)]; nested exception is java.lang.IllegalArgumentException: Parameter value [1] did not match expected type [java.lang.Long (n/a)], success=false)
2018-03-19 17:57:03.792 [task-scheduler-10] ERROR org.springframework.aop.interceptor.SimpleAsyncUncaughtExceptionHandler - Unexpected error occurred invoking async method 'public void com.fengmangbilu.microservice.user.listeners.AuthenticationSuccessListener.onApplicationEvent(org.springframework.security.authentication.event.AuthenticationSuccessEvent)'.
org.springframework.dao.InvalidDataAccessApiUsageException: Parameter value [1] did not match expected type [java.lang.Long (n/a)]; nested exception is java.lang.IllegalArgumentException: Parameter value [1] did not match expected type [java.lang.Long (n/a)]
	at org.springframework.orm.jpa.EntityManagerFactoryUtils.convertJpaAccessExceptionIfPossible(EntityManagerFactoryUtils.java:384)
	at org.springframework.orm.jpa.vendor.HibernateJpaDialect.translateExceptionIfPossible(HibernateJpaDialect.java:246)
	at org.springframework.orm.jpa.AbstractEntityManagerFactoryBean.translateExceptionIfPossible(AbstractEntityManagerFactoryBean.java:503)
	at org.springframework.dao.support.ChainedPersistenceExceptionTranslator.translateExceptionIfPossible(ChainedPersistenceExceptionTranslator.java:59)
	at org.springframework.dao.support.DataAccessUtils.translateIfNecessary(DataAccessUtils.java:209)
	at org.springframework.dao.support.PersistenceExceptionTranslationInterceptor.invoke(PersistenceExceptionTranslationInterceptor.java:147)
	at org.springframework.aop.framework.ReflectiveMethodInvocation.proceed(ReflectiveMethodInvocation.java:179)
	at org.springframework.data.jpa.repository.support.CrudMethodMetadataPostProcessor$CrudMethodMetadataPopulatingMethodInterceptor.invoke(CrudMethodMetadataPostProcessor.java:133)
	at org.springframework.aop.framework.ReflectiveMethodInvocation.proceed(ReflectiveMethodInvocation.java:179)
	at org.springframework.aop.interceptor.ExposeInvocationInterceptor.invoke(ExposeInvocationInterceptor.java:92)
	at org.springframework.aop.framework.ReflectiveMethodInvocation.proceed(ReflectiveMethodInvocation.java:179)
	at org.springframework.data.repository.core.support.SurroundingTransactionDetectorMethodInterceptor.invoke(SurroundingTransactionDetectorMethodInterceptor.java:57)
	at org.springframework.aop.framework.ReflectiveMethodInvocation.proceed(ReflectiveMethodInvocation.java:179)
	at org.springframework.aop.framework.JdkDynamicAopProxy.invoke(JdkDynamicAopProxy.java:213)
	at com.sun.proxy.$Proxy178.setLastLoginDateFor(Unknown Source)
	at com.fengmangbilu.microservice.user.listeners.AuthenticationSuccessListener.onApplicationEvent(AuthenticationSuccessListener.java:24)
	at com.fengmangbilu.microservice.user.listeners.AuthenticationSuccessListener.onApplicationEvent(AuthenticationSuccessListener.java:1)
	at com.fengmangbilu.microservice.user.listeners.AuthenticationSuccessListener$$FastClassBySpringCGLIB$$157323de.invoke(<generated>)
	at org.springframework.cglib.proxy.MethodProxy.invoke(MethodProxy.java:204)
	at org.springframework.aop.framework.CglibAopProxy$CglibMethodInvocation.invokeJoinpoint(CglibAopProxy.java:738)
	at org.springframework.aop.framework.ReflectiveMethodInvocation.proceed(ReflectiveMethodInvocation.java:157)
	at org.springframework.transaction.interceptor.TransactionInterceptor$1.proceedWithInvocation(TransactionInterceptor.java:99)
	at org.springframework.transaction.interceptor.TransactionAspectSupport.invokeWithinTransaction(TransactionAspectSupport.java:282)
	at org.springframework.transaction.interceptor.TransactionInterceptor.invoke(TransactionInterceptor.java:96)
	at org.springframework.aop.framework.ReflectiveMethodInvocation.proceed(ReflectiveMethodInvocation.java:179)
	at org.springframework.aop.interceptor.AsyncExecutionInterceptor$1.call(AsyncExecutionInterceptor.java:115)
	at org.springframework.scheduling.concurrent.ThreadPoolTaskScheduler$DelegatingErrorHandlingCallable.call(ThreadPoolTaskScheduler.java:386)
	at java.util.concurrent.FutureTask.run(FutureTask.java:266)
	at java.util.concurrent.ScheduledThreadPoolExecutor$ScheduledFutureTask.access$201(ScheduledThreadPoolExecutor.java:180)
	at java.util.concurrent.ScheduledThreadPoolExecutor$ScheduledFutureTask.run(ScheduledThreadPoolExecutor.java:293)
	at java.util.concurrent.ThreadPoolExecutor.runWorker(ThreadPoolExecutor.java:1142)
	at java.util.concurrent.ThreadPoolExecutor$Worker.run(ThreadPoolExecutor.java:617)
	at java.lang.Thread.run(Thread.java:748)
Caused by: java.lang.IllegalArgumentException: Parameter value [1] did not match expected type [java.lang.Long (n/a)]
	at org.hibernate.jpa.spi.BaseQueryImpl.validateBinding(BaseQueryImpl.java:897)
	at org.hibernate.jpa.internal.QueryImpl.access$000(QueryImpl.java:61)
	at org.hibernate.jpa.internal.QueryImpl$ParameterRegistrationImpl.bindValue(QueryImpl.java:235)
	at org.hibernate.jpa.internal.QueryImpl$JpaPositionalParameterRegistrationImpl.bindValue(QueryImpl.java:371)
	at org.hibernate.jpa.spi.BaseQueryImpl.setParameter(BaseQueryImpl.java:692)
	at org.hibernate.jpa.spi.AbstractQueryImpl.setParameter(AbstractQueryImpl.java:181)
	at org.hibernate.jpa.spi.AbstractQueryImpl.setParameter(AbstractQueryImpl.java:32)
	at org.springframework.data.jpa.repository.query.ParameterBinder.bind(ParameterBinder.java:141)
	at org.springframework.data.jpa.repository.query.StringQueryParameterBinder.bind(StringQueryParameterBinder.java:61)
	at org.springframework.data.jpa.repository.query.ParameterBinder.bind(ParameterBinder.java:101)
	at org.springframework.data.jpa.repository.query.SpelExpressionStringQueryParameterBinder.bind(SpelExpressionStringQueryParameterBinder.java:76)
	at org.springframework.data.jpa.repository.query.ParameterBinder.bindAndPrepare(ParameterBinder.java:161)
	at org.springframework.data.jpa.repository.query.ParameterBinder.bindAndPrepare(ParameterBinder.java:152)
	at org.springframework.data.jpa.repository.query.AbstractStringBasedJpaQuery.doCreateQuery(AbstractStringBasedJpaQuery.java:81)
	at org.springframework.data.jpa.repository.query.AbstractJpaQuery.createQuery(AbstractJpaQuery.java:190)
	at org.springframework.data.jpa.repository.query.JpaQueryExecution$ModifyingExecution.doExecute(JpaQueryExecution.java:240)
	at org.springframework.data.jpa.repository.query.JpaQueryExecution.execute(JpaQueryExecution.java:87)
	at org.springframework.data.jpa.repository.query.AbstractJpaQuery.doExecute(AbstractJpaQuery.java:116)
	at org.springframework.data.jpa.repository.query.AbstractJpaQuery.execute(AbstractJpaQuery.java:106)
	at org.springframework.data.repository.core.support.RepositoryFactorySupport$QueryExecutorMethodInterceptor.doInvoke(RepositoryFactorySupport.java:492)
	at org.springframework.data.repository.core.support.RepositoryFactorySupport$QueryExecutorMethodInterceptor.invoke(RepositoryFactorySupport.java:475)
	at org.springframework.aop.framework.ReflectiveMethodInvocation.proceed(ReflectiveMethodInvocation.java:179)
	at org.springframework.data.projection.DefaultMethodInvokingMethodInterceptor.invoke(DefaultMethodInvokingMethodInterceptor.java:56)
	at org.springframework.aop.framework.ReflectiveMethodInvocation.proceed(ReflectiveMethodInvocation.java:179)
	at org.springframework.transaction.interceptor.TransactionInterceptor$1.proceedWithInvocation(TransactionInterceptor.java:99)
	at org.springframework.transaction.interceptor.TransactionAspectSupport.invokeWithinTransaction(TransactionAspectSupport.java:282)
	at org.springframework.transaction.interceptor.TransactionInterceptor.invoke(TransactionInterceptor.java:96)
	at org.springframework.aop.framework.ReflectiveMethodInvocation.proceed(ReflectiveMethodInvocation.java:179)
	at org.springframework.dao.support.PersistenceExceptionTranslationInterceptor.invoke(PersistenceExceptionTranslationInterceptor.java:136)
	... 27 common frames omitted
2018-03-19 17:57:09.379 [http-nio-8001-exec-2] ERROR com.fengmangbilu.web.DefaultExceptionHandler - org.springframework.dao.InvalidDataAccessApiUsageException: Parameter value [1] did not match expected type [java.lang.Long (n/a)]; nested exception is java.lang.IllegalArgumentException: Parameter value [1] did not match expected type [java.lang.Long (n/a)]:Response(code=500, data=null, message=Parameter value [1] did not match expected type [java.lang.Long (n/a)]; nested exception is java.lang.IllegalArgumentException: Parameter value [1] did not match expected type [java.lang.Long (n/a)], success=false)
