2018-03-08 16:13:51.394 [main] INFO  com.fengmangbilu.blog.BlogApplication - Starting BlogApplication on Zx-PC with PID 11556 (E:\workspace\fengmangbilu-web-blog\target\classes started by Zx in E:\workspace\fengmangbilu-web-blog)
2018-03-08 16:13:51.399 [main] INFO  com.fengmangbilu.blog.BlogApplication - No active profile set, falling back to default profiles: default
2018-03-08 16:13:51.581 [main] INFO  org.springframework.boot.context.embedded.AnnotationConfigEmbeddedWebApplicationContext - Refreshing org.springframework.boot.context.embedded.AnnotationConfigEmbeddedWebApplicationContext@d278d2b: startup date [Thu Mar 08 16:13:51 CST 2018]; root of context hierarchy
2018-03-08 16:13:51.930 [background-preinit] INFO  org.hibernate.validator.internal.util.Version - HV000001: Hibernate Validator 5.3.6.Final
2018-03-08 16:13:52.867 [main] INFO  org.springframework.data.repository.config.RepositoryConfigurationDelegate - Multiple Spring Data modules found, entering strict repository configuration mode!
2018-03-08 16:13:53.125 [main] INFO  org.springframework.data.repository.config.RepositoryConfigurationDelegate - Multiple Spring Data modules found, entering strict repository configuration mode!
2018-03-08 16:13:53.158 [main] INFO  org.springframework.data.repository.config.RepositoryConfigurationExtensionSupport - Spring Data Redis - Could not safely identify store assignment for repository candidate interface com.fengmangbilu.blog.repositories.BlogRepository.
2018-03-08 16:13:53.159 [main] INFO  org.springframework.data.repository.config.RepositoryConfigurationExtensionSupport - Spring Data Redis - Could not safely identify store assignment for repository candidate interface com.fengmangbilu.blog.repositories.TagRepository.
2018-03-08 16:13:53.605 [main] INFO  org.springframework.beans.factory.annotation.AutowiredAnnotationBeanPostProcessor - JSR-330 'javax.inject.Inject' annotation found and supported for autowiring
2018-03-08 16:13:53.753 [main] INFO  org.springframework.context.support.PostProcessorRegistrationDelegate$BeanPostProcessorChecker - Bean 'org.springframework.transaction.annotation.ProxyTransactionManagementConfiguration' of type [org.springframework.transaction.annotation.ProxyTransactionManagementConfiguration$$EnhancerBySpringCGLIB$$3fabf660] is not eligible for getting processed by all BeanPostProcessors (for example: not eligible for auto-proxying)
2018-03-08 16:13:53.949 [main] INFO  org.hibernate.validator.internal.xml.ValidationXmlParser - HV000007: META-INF/validation.xml found. Parsing XML based configuration.
2018-03-08 16:13:54.049 [main] INFO  org.hibernate.validator.internal.xml.ValidationBootstrapParameters - HV000004: Using com.fengmangbilu.validator.i18n.ValidationMessageInterpolator as message interpolator.
2018-03-08 16:13:54.050 [main] INFO  org.hibernate.validator.internal.xml.ValidationBootstrapParameters - HV000119: Using com.fengmangbilu.validator.provider.ReportOnParameterNameProvider as parameter name provider.
2018-03-08 16:13:54.560 [main] INFO  org.springframework.boot.context.embedded.tomcat.TomcatEmbeddedServletContainer - Tomcat initialized with port(s): 8080 (http)
2018-03-08 16:13:54.579 [main] INFO  org.apache.catalina.core.StandardService - Starting service [Tomcat]
2018-03-08 16:13:54.581 [main] INFO  org.apache.catalina.core.StandardEngine - Starting Servlet Engine: Apache Tomcat/8.5.23
2018-03-08 16:13:54.724 [localhost-startStop-1] INFO  org.apache.catalina.core.ContainerBase.[Tomcat].[localhost].[/] - Initializing Spring embedded WebApplicationContext
2018-03-08 16:13:54.724 [localhost-startStop-1] INFO  org.springframework.web.context.ContextLoader - Root WebApplicationContext: initialization completed in 3143 ms
2018-03-08 16:13:54.920 [localhost-startStop-1] INFO  org.springframework.boot.web.servlet.ServletRegistrationBean - Mapping servlet: 'dispatcherServlet' to [/]
2018-03-08 16:13:54.927 [localhost-startStop-1] INFO  org.springframework.boot.web.servlet.FilterRegistrationBean - Mapping filter: 'characterEncodingFilter' to: [/*]
2018-03-08 16:13:54.928 [localhost-startStop-1] INFO  org.springframework.boot.web.servlet.FilterRegistrationBean - Mapping filter: 'hiddenHttpMethodFilter' to: [/*]
2018-03-08 16:13:54.928 [localhost-startStop-1] INFO  org.springframework.boot.web.servlet.FilterRegistrationBean - Mapping filter: 'httpPutFormContentFilter' to: [/*]
2018-03-08 16:13:54.928 [localhost-startStop-1] INFO  org.springframework.boot.web.servlet.FilterRegistrationBean - Mapping filter: 'requestContextFilter' to: [/*]
2018-03-08 16:13:54.928 [localhost-startStop-1] INFO  org.springframework.boot.web.servlet.FilterRegistrationBean - Mapping filter: 'resourceUrlEncodingFilter' to: [/*]
2018-03-08 16:13:55.427 [main] INFO  org.springframework.orm.jpa.LocalContainerEntityManagerFactoryBean - Building JPA container EntityManagerFactory for persistence unit 'default'
2018-03-08 16:13:55.455 [main] INFO  org.hibernate.jpa.internal.util.LogHelper - HHH000204: Processing PersistenceUnitInfo [
	name: default
	...]
2018-03-08 16:13:55.627 [main] INFO  org.hibernate.Version - HHH000412: Hibernate Core {5.0.12.Final}
2018-03-08 16:13:55.628 [main] INFO  org.hibernate.cfg.Environment - HHH000206: hibernate.properties not found
2018-03-08 16:13:55.630 [main] INFO  org.hibernate.cfg.Environment - HHH000021: Bytecode provider name : javassist
2018-03-08 16:13:55.710 [main] INFO  org.hibernate.annotations.common.Version - HCANN000001: Hibernate Commons Annotations {5.0.1.Final}
2018-03-08 16:13:57.212 [main] INFO  org.hibernate.dialect.Dialect - HHH000400: Using dialect: org.hibernate.dialect.MySQL5Dialect
2018-03-08 16:13:57.930 [main] INFO  org.hibernate.tool.hbm2ddl.SchemaUpdate - HHH000228: Running hbm2ddl schema update
2018-03-08 16:13:58.760 [main] INFO  org.springframework.orm.jpa.LocalContainerEntityManagerFactoryBean - Initialized JPA EntityManagerFactory for persistence unit 'default'
2018-03-08 16:13:59.226 [main] INFO  org.hibernate.hql.internal.QueryTranslatorFactoryInitiator - HHH000397: Using ASTQueryTranslatorFactory
2018-03-08 16:14:00.113 [main] INFO  org.hibernate.validator.internal.xml.ValidationXmlParser - HV000007: META-INF/validation.xml found. Parsing XML based configuration.
2018-03-08 16:14:00.124 [main] INFO  org.hibernate.validator.internal.xml.ValidationBootstrapParameters - HV000004: Using com.fengmangbilu.validator.i18n.ValidationMessageInterpolator as message interpolator.
2018-03-08 16:14:00.124 [main] INFO  org.hibernate.validator.internal.xml.ValidationBootstrapParameters - HV000119: Using com.fengmangbilu.validator.provider.ReportOnParameterNameProvider as parameter name provider.
2018-03-08 16:14:00.329 [main] INFO  org.springframework.web.servlet.mvc.method.annotation.RequestMappingHandlerAdapter - Looking for @ControllerAdvice: org.springframework.boot.context.embedded.AnnotationConfigEmbeddedWebApplicationContext@d278d2b: startup date [Thu Mar 08 16:13:51 CST 2018]; root of context hierarchy
2018-03-08 16:14:00.337 [main] INFO  org.springframework.web.servlet.mvc.method.annotation.RequestMappingHandlerAdapter - Detected @ModelAttribute methods in resourceUrlController
2018-03-08 16:14:00.338 [main] INFO  org.springframework.web.servlet.mvc.method.annotation.RequestMappingHandlerAdapter - Detected ResponseBodyAdvice bean in jsonFilterResponseBodyAdvice
2018-03-08 16:14:00.407 [main] INFO  org.springframework.web.servlet.mvc.method.annotation.RequestMappingHandlerMapping - Mapped "{[],methods=[GET]}" onto public java.lang.String com.fengmangbilu.blog.controllers.IndexController.index(org.springframework.ui.Model)
2018-03-08 16:14:00.408 [main] INFO  org.springframework.web.servlet.mvc.method.annotation.RequestMappingHandlerMapping - Mapped "{[/next/{p}],methods=[GET]}" onto public java.lang.String com.fengmangbilu.blog.controllers.IndexController.next(int,org.springframework.ui.Model)
2018-03-08 16:14:00.409 [main] INFO  org.springframework.web.servlet.mvc.method.annotation.RequestMappingHandlerMapping - Mapped "{[/month/{date}],methods=[GET]}" onto public java.lang.String com.fengmangbilu.blog.controllers.IndexController.month(java.lang.String,org.springframework.ui.Model)
2018-03-08 16:14:00.409 [main] INFO  org.springframework.web.servlet.mvc.method.annotation.RequestMappingHandlerMapping - Mapped "{[/blog/{id}],methods=[GET]}" onto public java.lang.String com.fengmangbilu.blog.controllers.IndexController.blog(com.fengmangbilu.blog.entities.Blog,org.springframework.ui.Model)
2018-03-08 16:14:00.409 [main] INFO  org.springframework.web.servlet.mvc.method.annotation.RequestMappingHandlerMapping - Mapped "{[/tags/{id}],methods=[GET]}" onto public java.lang.String com.fengmangbilu.blog.controllers.IndexController.tags(java.lang.Long,org.springframework.ui.Model)
2018-03-08 16:14:00.410 [main] INFO  org.springframework.web.servlet.mvc.method.annotation.RequestMappingHandlerMapping - Mapped "{[/about],methods=[GET]}" onto public java.lang.String com.fengmangbilu.blog.controllers.IndexController.about()
2018-03-08 16:14:00.412 [main] INFO  org.springframework.web.servlet.mvc.method.annotation.RequestMappingHandlerMapping - Mapped "{[/error]}" onto public org.springframework.http.ResponseEntity<java.util.Map<java.lang.String, java.lang.Object>> org.springframework.boot.autoconfigure.web.BasicErrorController.error(javax.servlet.http.HttpServletRequest)
2018-03-08 16:14:00.413 [main] INFO  org.springframework.web.servlet.mvc.method.annotation.RequestMappingHandlerMapping - Mapped "{[/error],produces=[text/html]}" onto public org.springframework.web.servlet.ModelAndView org.springframework.boot.autoconfigure.web.BasicErrorController.errorHtml(javax.servlet.http.HttpServletRequest,javax.servlet.http.HttpServletResponse)
2018-03-08 16:14:00.471 [main] INFO  org.springframework.web.servlet.handler.SimpleUrlHandlerMapping - Mapped URL path [/webjars/**] onto handler of type [class org.springframework.web.servlet.resource.ResourceHttpRequestHandler]
2018-03-08 16:14:00.471 [main] INFO  org.springframework.web.servlet.handler.SimpleUrlHandlerMapping - Mapped URL path [/**] onto handler of type [class org.springframework.web.servlet.resource.ResourceHttpRequestHandler]
2018-03-08 16:14:00.487 [main] INFO  org.springframework.web.servlet.mvc.method.annotation.ExceptionHandlerExceptionResolver - Detected ResponseBodyAdvice implementation in jsonFilterResponseBodyAdvice
2018-03-08 16:14:00.487 [main] INFO  org.springframework.web.servlet.mvc.method.annotation.ExceptionHandlerExceptionResolver - Detected @ExceptionHandler methods in defaultExceptionHandler
2018-03-08 16:14:00.901 [main] INFO  org.springframework.web.servlet.view.freemarker.FreeMarkerConfigurer - ClassTemplateLoader for Spring macros added to FreeMarker configuration
2018-03-08 16:14:01.242 [main] INFO  org.springframework.jmx.export.annotation.AnnotationMBeanExporter - Registering beans for JMX exposure on startup
2018-03-08 16:14:01.357 [main] INFO  org.apache.coyote.http11.Http11NioProtocol - Initializing ProtocolHandler ["http-nio-8080"]
2018-03-08 16:14:01.379 [main] INFO  org.apache.coyote.http11.Http11NioProtocol - Starting ProtocolHandler ["http-nio-8080"]
2018-03-08 16:14:01.398 [main] INFO  org.apache.tomcat.util.net.NioSelectorPool - Using a shared selector for servlet write/read
2018-03-08 16:14:01.493 [main] INFO  org.springframework.boot.context.embedded.tomcat.TomcatEmbeddedServletContainer - Tomcat started on port(s): 8080 (http)
2018-03-08 16:14:01.501 [main] INFO  com.fengmangbilu.blog.BlogApplication - Started BlogApplication in 10.732 seconds (JVM running for 11.228)
2018-03-08 16:14:09.501 [http-nio-8080-exec-1] INFO  org.apache.catalina.core.ContainerBase.[Tomcat].[localhost].[/] - Initializing Spring FrameworkServlet 'dispatcherServlet'
2018-03-08 16:14:09.501 [http-nio-8080-exec-1] INFO  org.springframework.web.servlet.DispatcherServlet - FrameworkServlet 'dispatcherServlet': initialization started
2018-03-08 16:14:09.522 [http-nio-8080-exec-1] INFO  org.springframework.web.servlet.DispatcherServlet - FrameworkServlet 'dispatcherServlet': initialization completed in 21 ms
2018-03-08 16:14:09.847 [http-nio-8080-exec-1] INFO  p6spy - |17|statement|connection8|select blog0_.id as id1_0_, blog0_.created_date as created_2_0_, blog0_.last_modified_date as last_mod3_0_, blog0_.author as author4_0_, blog0_.content as content5_0_, blog0_.summary as summary6_0_, blog0_.title as title7_0_ from fengmangbilu_blog blog0_ order by blog0_.created_date asc limit 5
2018-03-08 16:14:09.909 [http-nio-8080-exec-1] INFO  p6spy - |9|statement|connection8|select count(blog0_.id) as col_0_0_ from fengmangbilu_blog blog0_
2018-03-08 16:14:09.919 [http-nio-8080-exec-1] INFO  p6spy - |8|commit|connection8|
2018-03-08 16:14:10.009 [http-nio-8080-exec-1] INFO  p6spy - |9|statement|connection8|select tag0_.id as id1_2_, tag0_.created_date as created_2_2_, tag0_.last_modified_date as last_mod3_2_, tag0_.name as name4_2_ from fengmangbilu_tag tag0_
2018-03-08 16:14:10.020 [http-nio-8080-exec-1] INFO  p6spy - |8|commit|connection8|
2018-03-08 16:14:10.060 [http-nio-8080-exec-1] INFO  p6spy - |9|statement|connection8|select blog0_.created_date as col_0_0_, count(*) as col_1_0_ from fengmangbilu_blog blog0_ group by date_format(blog0_.created_date, '%Y-%m') order by blog0_.created_date asc
2018-03-08 16:14:12.444 [http-nio-8080-exec-3] INFO  p6spy - |9|statement|connection8|select blog0_.id as id1_0_, blog0_.created_date as created_2_0_, blog0_.last_modified_date as last_mod3_0_, blog0_.author as author4_0_, blog0_.content as content5_0_, blog0_.summary as summary6_0_, blog0_.title as title7_0_ from fengmangbilu_blog blog0_ order by blog0_.created_date asc limit 5, 5
2018-03-08 16:14:12.456 [http-nio-8080-exec-3] INFO  p6spy - |9|statement|connection8|select count(blog0_.id) as col_0_0_ from fengmangbilu_blog blog0_
2018-03-08 16:14:12.465 [http-nio-8080-exec-3] INFO  p6spy - |7|commit|connection8|
2018-03-08 16:14:13.521 [http-nio-8080-exec-6] INFO  p6spy - |9|statement|connection8|select blog0_.id as id1_0_, blog0_.created_date as created_2_0_, blog0_.last_modified_date as last_mod3_0_, blog0_.author as author4_0_, blog0_.content as content5_0_, blog0_.summary as summary6_0_, blog0_.title as title7_0_ from fengmangbilu_blog blog0_ order by blog0_.created_date asc limit 10, 5
2018-03-08 16:14:13.533 [http-nio-8080-exec-6] INFO  p6spy - |8|commit|connection8|
2018-03-08 16:14:14.078 [http-nio-8080-exec-2] INFO  p6spy - |10|statement|connection8|select blog0_.id as id1_0_, blog0_.created_date as created_2_0_, blog0_.last_modified_date as last_mod3_0_, blog0_.author as author4_0_, blog0_.content as content5_0_, blog0_.summary as summary6_0_, blog0_.title as title7_0_ from fengmangbilu_blog blog0_ order by blog0_.created_date asc limit 15, 5
2018-03-08 16:14:14.091 [http-nio-8080-exec-2] INFO  p6spy - |9|statement|connection8|select count(blog0_.id) as col_0_0_ from fengmangbilu_blog blog0_
2018-03-08 16:14:14.102 [http-nio-8080-exec-2] INFO  p6spy - |8|commit|connection8|
2018-03-08 16:14:14.728 [http-nio-8080-exec-5] INFO  p6spy - |10|statement|connection8|select blog0_.id as id1_0_0_, blog0_.created_date as created_2_0_0_, blog0_.last_modified_date as last_mod3_0_0_, blog0_.author as author4_0_0_, blog0_.content as content5_0_0_, blog0_.summary as summary6_0_0_, blog0_.title as title7_0_0_ from fengmangbilu_blog blog0_ where blog0_.id=12
2018-03-08 16:14:14.741 [http-nio-8080-exec-5] INFO  p6spy - |8|commit|connection8|
2018-03-08 16:14:22.142 [http-nio-8080-exec-1] INFO  p6spy - |9|statement|connection8|select blog0_.id as id1_0_, blog0_.created_date as created_2_0_, blog0_.last_modified_date as last_mod3_0_, blog0_.author as author4_0_, blog0_.content as content5_0_, blog0_.summary as summary6_0_, blog0_.title as title7_0_ from fengmangbilu_blog blog0_ order by blog0_.created_date asc limit 5
2018-03-08 16:14:22.155 [http-nio-8080-exec-1] INFO  p6spy - |8|statement|connection8|select count(blog0_.id) as col_0_0_ from fengmangbilu_blog blog0_
2018-03-08 16:14:22.165 [http-nio-8080-exec-1] INFO  p6spy - |8|commit|connection8|
2018-03-08 16:14:22.220 [http-nio-8080-exec-1] INFO  p6spy - |9|statement|connection8|select tag0_.id as id1_2_, tag0_.created_date as created_2_2_, tag0_.last_modified_date as last_mod3_2_, tag0_.name as name4_2_ from fengmangbilu_tag tag0_
2018-03-08 16:14:22.231 [http-nio-8080-exec-1] INFO  p6spy - |8|commit|connection8|
2018-03-08 16:14:22.270 [http-nio-8080-exec-1] INFO  p6spy - |9|statement|connection8|select blog0_.created_date as col_0_0_, count(*) as col_1_0_ from fengmangbilu_blog blog0_ group by date_format(blog0_.created_date, '%Y-%m') order by blog0_.created_date asc
2018-03-08 16:14:23.338 [http-nio-8080-exec-3] INFO  p6spy - |9|statement|connection8|select blog0_.id as id1_0_, blog0_.created_date as created_2_0_, blog0_.last_modified_date as last_mod3_0_, blog0_.author as author4_0_, blog0_.content as content5_0_, blog0_.summary as summary6_0_, blog0_.title as title7_0_ from fengmangbilu_blog blog0_ order by blog0_.created_date asc limit 5, 5
2018-03-08 16:14:23.353 [http-nio-8080-exec-3] INFO  p6spy - |9|statement|connection8|select count(blog0_.id) as col_0_0_ from fengmangbilu_blog blog0_
2018-03-08 16:14:23.364 [http-nio-8080-exec-3] INFO  p6spy - |8|commit|connection8|
2018-03-08 16:14:25.952 [http-nio-8080-exec-2] INFO  p6spy - |10|statement|connection8|select blog0_.id as id1_0_, blog0_.created_date as created_2_0_, blog0_.last_modified_date as last_mod3_0_, blog0_.author as author4_0_, blog0_.content as content5_0_, blog0_.summary as summary6_0_, blog0_.title as title7_0_ from fengmangbilu_blog blog0_ left outer join fengmangbilu_blog_tags tags1_ on blog0_.id=tags1_.blog_id left outer join fengmangbilu_tag tag2_ on tags1_.tags_id=tag2_.id where tag2_.id in (1) order by blog0_.created_date asc
2018-03-08 16:14:25.984 [http-nio-8080-exec-2] INFO  p6spy - |10|statement|connection8|select tag0_.id as id1_2_, tag0_.created_date as created_2_2_, tag0_.last_modified_date as last_mod3_2_, tag0_.name as name4_2_ from fengmangbilu_tag tag0_
2018-03-08 16:14:25.996 [http-nio-8080-exec-2] INFO  p6spy - |9|commit|connection8|
2018-03-08 16:14:26.033 [http-nio-8080-exec-2] INFO  p6spy - |8|statement|connection8|select blog0_.created_date as col_0_0_, count(*) as col_1_0_ from fengmangbilu_blog blog0_ group by date_format(blog0_.created_date, '%Y-%m') order by blog0_.created_date asc
2018-03-08 16:14:27.854 [http-nio-8080-exec-5] INFO  p6spy - |10|statement|connection8|select blog0_.id as id1_0_, blog0_.created_date as created_2_0_, blog0_.last_modified_date as last_mod3_0_, blog0_.author as author4_0_, blog0_.content as content5_0_, blog0_.summary as summary6_0_, blog0_.title as title7_0_ from fengmangbilu_blog blog0_ order by blog0_.created_date asc limit 5
2018-03-08 16:14:27.870 [http-nio-8080-exec-5] INFO  p6spy - |9|statement|connection8|select count(blog0_.id) as col_0_0_ from fengmangbilu_blog blog0_
2018-03-08 16:14:27.880 [http-nio-8080-exec-5] INFO  p6spy - |8|commit|connection8|
2018-03-08 16:14:27.937 [http-nio-8080-exec-5] INFO  p6spy - |9|statement|connection8|select tag0_.id as id1_2_, tag0_.created_date as created_2_2_, tag0_.last_modified_date as last_mod3_2_, tag0_.name as name4_2_ from fengmangbilu_tag tag0_
2018-03-08 16:14:27.948 [http-nio-8080-exec-5] INFO  p6spy - |8|commit|connection8|
2018-03-08 16:14:27.986 [http-nio-8080-exec-5] INFO  p6spy - |10|statement|connection8|select blog0_.created_date as col_0_0_, count(*) as col_1_0_ from fengmangbilu_blog blog0_ group by date_format(blog0_.created_date, '%Y-%m') order by blog0_.created_date asc
2018-03-08 16:14:28.892 [http-nio-8080-exec-4] INFO  p6spy - |10|statement|connection8|select blog0_.id as id1_0_, blog0_.created_date as created_2_0_, blog0_.last_modified_date as last_mod3_0_, blog0_.author as author4_0_, blog0_.content as content5_0_, blog0_.summary as summary6_0_, blog0_.title as title7_0_ from fengmangbilu_blog blog0_ order by blog0_.created_date asc limit 5, 5
2018-03-08 16:14:28.905 [http-nio-8080-exec-4] INFO  p6spy - |7|statement|connection8|select count(blog0_.id) as col_0_0_ from fengmangbilu_blog blog0_
2018-03-08 16:14:28.914 [http-nio-8080-exec-4] INFO  p6spy - |8|commit|connection8|
2018-03-08 16:14:29.607 [http-nio-8080-exec-9] INFO  p6spy - |10|statement|connection8|select blog0_.id as id1_0_, blog0_.created_date as created_2_0_, blog0_.last_modified_date as last_mod3_0_, blog0_.author as author4_0_, blog0_.content as content5_0_, blog0_.summary as summary6_0_, blog0_.title as title7_0_ from fengmangbilu_blog blog0_ left outer join fengmangbilu_blog_tags tags1_ on blog0_.id=tags1_.blog_id left outer join fengmangbilu_tag tag2_ on tags1_.tags_id=tag2_.id where tag2_.id in (2) order by blog0_.created_date asc
2018-03-08 16:14:29.636 [http-nio-8080-exec-9] INFO  p6spy - |8|statement|connection8|select tag0_.id as id1_2_, tag0_.created_date as created_2_2_, tag0_.last_modified_date as last_mod3_2_, tag0_.name as name4_2_ from fengmangbilu_tag tag0_
2018-03-08 16:14:29.646 [http-nio-8080-exec-9] INFO  p6spy - |8|commit|connection8|
2018-03-08 16:14:29.684 [http-nio-8080-exec-9] INFO  p6spy - |9|statement|connection8|select blog0_.created_date as col_0_0_, count(*) as col_1_0_ from fengmangbilu_blog blog0_ group by date_format(blog0_.created_date, '%Y-%m') order by blog0_.created_date asc
2018-03-08 16:14:30.640 [http-nio-8080-exec-7] INFO  p6spy - |9|statement|connection8|select blog0_.id as id1_0_, blog0_.created_date as created_2_0_, blog0_.last_modified_date as last_mod3_0_, blog0_.author as author4_0_, blog0_.content as content5_0_, blog0_.summary as summary6_0_, blog0_.title as title7_0_ from fengmangbilu_blog blog0_ order by blog0_.created_date asc limit 5
2018-03-08 16:14:30.653 [http-nio-8080-exec-7] INFO  p6spy - |9|statement|connection8|select count(blog0_.id) as col_0_0_ from fengmangbilu_blog blog0_
2018-03-08 16:14:30.663 [http-nio-8080-exec-7] INFO  p6spy - |8|commit|connection8|
2018-03-08 16:14:30.725 [http-nio-8080-exec-7] INFO  p6spy - |10|statement|connection8|select tag0_.id as id1_2_, tag0_.created_date as created_2_2_, tag0_.last_modified_date as last_mod3_2_, tag0_.name as name4_2_ from fengmangbilu_tag tag0_
2018-03-08 16:14:30.736 [http-nio-8080-exec-7] INFO  p6spy - |8|commit|connection8|
2018-03-08 16:14:30.773 [http-nio-8080-exec-7] INFO  p6spy - |8|statement|connection8|select blog0_.created_date as col_0_0_, count(*) as col_1_0_ from fengmangbilu_blog blog0_ group by date_format(blog0_.created_date, '%Y-%m') order by blog0_.created_date asc
2018-03-08 16:14:31.715 [http-nio-8080-exec-10] INFO  p6spy - |10|statement|connection8|select blog0_.id as id1_0_, blog0_.created_date as created_2_0_, blog0_.last_modified_date as last_mod3_0_, blog0_.author as author4_0_, blog0_.content as content5_0_, blog0_.summary as summary6_0_, blog0_.title as title7_0_ from fengmangbilu_blog blog0_ order by blog0_.created_date asc limit 5, 5
2018-03-08 16:14:31.728 [http-nio-8080-exec-10] INFO  p6spy - |9|statement|connection8|select count(blog0_.id) as col_0_0_ from fengmangbilu_blog blog0_
2018-03-08 16:14:31.738 [http-nio-8080-exec-10] INFO  p6spy - |8|commit|connection8|
2018-03-08 16:14:34.378 [http-nio-8080-exec-8] INFO  p6spy - |10|statement|connection8|select blog0_.id as id1_0_, blog0_.created_date as created_2_0_, blog0_.last_modified_date as last_mod3_0_, blog0_.author as author4_0_, blog0_.content as content5_0_, blog0_.summary as summary6_0_, blog0_.title as title7_0_ from fengmangbilu_blog blog0_ left outer join fengmangbilu_blog_tags tags1_ on blog0_.id=tags1_.blog_id left outer join fengmangbilu_tag tag2_ on tags1_.tags_id=tag2_.id where tag2_.id in (1) order by blog0_.created_date asc
2018-03-08 16:14:34.410 [http-nio-8080-exec-8] INFO  p6spy - |10|statement|connection8|select tag0_.id as id1_2_, tag0_.created_date as created_2_2_, tag0_.last_modified_date as last_mod3_2_, tag0_.name as name4_2_ from fengmangbilu_tag tag0_
2018-03-08 16:14:34.420 [http-nio-8080-exec-8] INFO  p6spy - |8|commit|connection8|
2018-03-08 16:14:34.457 [http-nio-8080-exec-8] INFO  p6spy - |9|statement|connection8|select blog0_.created_date as col_0_0_, count(*) as col_1_0_ from fengmangbilu_blog blog0_ group by date_format(blog0_.created_date, '%Y-%m') order by blog0_.created_date asc
2018-03-08 16:14:35.407 [http-nio-8080-exec-1] INFO  p6spy - |8|statement|connection8|select blog0_.id as id1_0_, blog0_.created_date as created_2_0_, blog0_.last_modified_date as last_mod3_0_, blog0_.author as author4_0_, blog0_.content as content5_0_, blog0_.summary as summary6_0_, blog0_.title as title7_0_ from fengmangbilu_blog blog0_ order by blog0_.created_date asc limit 5
2018-03-08 16:14:35.419 [http-nio-8080-exec-1] INFO  p6spy - |9|statement|connection8|select count(blog0_.id) as col_0_0_ from fengmangbilu_blog blog0_
2018-03-08 16:14:35.429 [http-nio-8080-exec-1] INFO  p6spy - |8|commit|connection8|
2018-03-08 16:14:35.485 [http-nio-8080-exec-1] INFO  p6spy - |9|statement|connection8|select tag0_.id as id1_2_, tag0_.created_date as created_2_2_, tag0_.last_modified_date as last_mod3_2_, tag0_.name as name4_2_ from fengmangbilu_tag tag0_
2018-03-08 16:14:35.495 [http-nio-8080-exec-1] INFO  p6spy - |8|commit|connection8|
2018-03-08 16:14:35.535 [http-nio-8080-exec-1] INFO  p6spy - |9|statement|connection8|select blog0_.created_date as col_0_0_, count(*) as col_1_0_ from fengmangbilu_blog blog0_ group by date_format(blog0_.created_date, '%Y-%m') order by blog0_.created_date asc
2018-03-08 16:14:36.405 [http-nio-8080-exec-3] INFO  p6spy - |11|statement|connection8|select blog0_.id as id1_0_, blog0_.created_date as created_2_0_, blog0_.last_modified_date as last_mod3_0_, blog0_.author as author4_0_, blog0_.content as content5_0_, blog0_.summary as summary6_0_, blog0_.title as title7_0_ from fengmangbilu_blog blog0_ order by blog0_.created_date asc limit 5, 5
2018-03-08 16:14:36.417 [http-nio-8080-exec-3] INFO  p6spy - |9|statement|connection8|select count(blog0_.id) as col_0_0_ from fengmangbilu_blog blog0_
2018-03-08 16:14:36.426 [http-nio-8080-exec-3] INFO  p6spy - |8|commit|connection8|
2018-03-08 16:14:36.960 [http-nio-8080-exec-6] INFO  p6spy - |10|statement|connection8|select blog0_.id as id1_0_, blog0_.created_date as created_2_0_, blog0_.last_modified_date as last_mod3_0_, blog0_.author as author4_0_, blog0_.content as content5_0_, blog0_.summary as summary6_0_, blog0_.title as title7_0_ from fengmangbilu_blog blog0_ left outer join fengmangbilu_blog_tags tags1_ on blog0_.id=tags1_.blog_id left outer join fengmangbilu_tag tag2_ on tags1_.tags_id=tag2_.id where tag2_.id in (2) order by blog0_.created_date asc
2018-03-08 16:14:36.988 [http-nio-8080-exec-6] INFO  p6spy - |9|statement|connection8|select tag0_.id as id1_2_, tag0_.created_date as created_2_2_, tag0_.last_modified_date as last_mod3_2_, tag0_.name as name4_2_ from fengmangbilu_tag tag0_
2018-03-08 16:14:36.998 [http-nio-8080-exec-6] INFO  p6spy - |7|commit|connection8|
2018-03-08 16:14:37.035 [http-nio-8080-exec-6] INFO  p6spy - |10|statement|connection8|select blog0_.created_date as col_0_0_, count(*) as col_1_0_ from fengmangbilu_blog blog0_ group by date_format(blog0_.created_date, '%Y-%m') order by blog0_.created_date asc
2018-03-08 16:14:38.529 [http-nio-8080-exec-2] INFO  p6spy - |10|statement|connection8|select blog0_.id as id1_0_, blog0_.created_date as created_2_0_, blog0_.last_modified_date as last_mod3_0_, blog0_.author as author4_0_, blog0_.content as content5_0_, blog0_.summary as summary6_0_, blog0_.title as title7_0_ from fengmangbilu_blog blog0_ order by blog0_.created_date asc limit 5
2018-03-08 16:14:38.543 [http-nio-8080-exec-2] INFO  p6spy - |9|statement|connection8|select count(blog0_.id) as col_0_0_ from fengmangbilu_blog blog0_
2018-03-08 16:14:38.554 [http-nio-8080-exec-2] INFO  p6spy - |9|commit|connection8|
2018-03-08 16:14:38.611 [http-nio-8080-exec-2] INFO  p6spy - |8|statement|connection8|select tag0_.id as id1_2_, tag0_.created_date as created_2_2_, tag0_.last_modified_date as last_mod3_2_, tag0_.name as name4_2_ from fengmangbilu_tag tag0_
2018-03-08 16:14:38.622 [http-nio-8080-exec-2] INFO  p6spy - |8|commit|connection8|
2018-03-08 16:14:38.660 [http-nio-8080-exec-2] INFO  p6spy - |9|statement|connection8|select blog0_.created_date as col_0_0_, count(*) as col_1_0_ from fengmangbilu_blog blog0_ group by date_format(blog0_.created_date, '%Y-%m') order by blog0_.created_date asc
2018-03-08 16:14:39.821 [http-nio-8080-exec-5] INFO  p6spy - |9|statement|connection8|select blog0_.id as id1_0_0_, blog0_.created_date as created_2_0_0_, blog0_.last_modified_date as last_mod3_0_0_, blog0_.author as author4_0_0_, blog0_.content as content5_0_0_, blog0_.summary as summary6_0_0_, blog0_.title as title7_0_0_ from fengmangbilu_blog blog0_ where blog0_.id=5
2018-03-08 16:14:39.842 [http-nio-8080-exec-5] INFO  p6spy - |19|commit|connection8|
2018-03-08 16:14:42.033 [http-nio-8080-exec-4] INFO  p6spy - |9|statement|connection8|select blog0_.id as id1_0_, blog0_.created_date as created_2_0_, blog0_.last_modified_date as last_mod3_0_, blog0_.author as author4_0_, blog0_.content as content5_0_, blog0_.summary as summary6_0_, blog0_.title as title7_0_ from fengmangbilu_blog blog0_ order by blog0_.created_date asc limit 5
2018-03-08 16:14:42.045 [http-nio-8080-exec-4] INFO  p6spy - |8|statement|connection8|select count(blog0_.id) as col_0_0_ from fengmangbilu_blog blog0_
2018-03-08 16:14:42.054 [http-nio-8080-exec-4] INFO  p6spy - |8|commit|connection8|
2018-03-08 16:14:42.112 [http-nio-8080-exec-4] INFO  p6spy - |10|statement|connection8|select tag0_.id as id1_2_, tag0_.created_date as created_2_2_, tag0_.last_modified_date as last_mod3_2_, tag0_.name as name4_2_ from fengmangbilu_tag tag0_
2018-03-08 16:14:42.123 [http-nio-8080-exec-4] INFO  p6spy - |7|commit|connection8|
2018-03-08 16:14:42.161 [http-nio-8080-exec-4] INFO  p6spy - |9|statement|connection8|select blog0_.created_date as col_0_0_, count(*) as col_1_0_ from fengmangbilu_blog blog0_ group by date_format(blog0_.created_date, '%Y-%m') order by blog0_.created_date asc
2018-03-08 16:14:43.303 [http-nio-8080-exec-9] INFO  p6spy - |10|statement|connection8|select blog0_.id as id1_0_, blog0_.created_date as created_2_0_, blog0_.last_modified_date as last_mod3_0_, blog0_.author as author4_0_, blog0_.content as content5_0_, blog0_.summary as summary6_0_, blog0_.title as title7_0_ from fengmangbilu_blog blog0_ order by blog0_.created_date asc limit 5, 5
2018-03-08 16:14:43.316 [http-nio-8080-exec-9] INFO  p6spy - |9|statement|connection8|select count(blog0_.id) as col_0_0_ from fengmangbilu_blog blog0_
2018-03-08 16:14:43.326 [http-nio-8080-exec-9] INFO  p6spy - |8|commit|connection8|
2018-03-08 16:14:44.654 [http-nio-8080-exec-7] INFO  p6spy - |10|statement|connection8|select blog0_.id as id1_0_, blog0_.created_date as created_2_0_, blog0_.last_modified_date as last_mod3_0_, blog0_.author as author4_0_, blog0_.content as content5_0_, blog0_.summary as summary6_0_, blog0_.title as title7_0_ from fengmangbilu_blog blog0_ order by blog0_.created_date asc limit 10, 5
2018-03-08 16:14:44.664 [http-nio-8080-exec-7] INFO  p6spy - |8|commit|connection8|
2018-03-08 16:14:45.306 [http-nio-8080-exec-8] INFO  p6spy - |10|statement|connection8|select blog0_.id as id1_0_, blog0_.created_date as created_2_0_, blog0_.last_modified_date as last_mod3_0_, blog0_.author as author4_0_, blog0_.content as content5_0_, blog0_.summary as summary6_0_, blog0_.title as title7_0_ from fengmangbilu_blog blog0_ order by blog0_.created_date asc limit 15, 5
2018-03-08 16:14:45.317 [http-nio-8080-exec-8] INFO  p6spy - |9|statement|connection8|select count(blog0_.id) as col_0_0_ from fengmangbilu_blog blog0_
2018-03-08 16:14:45.327 [http-nio-8080-exec-8] INFO  p6spy - |8|commit|connection8|
