2018-02-01 09:47:27.622 [main] INFO  com.fengmangbilu.blog.BlogApplication - Starting BlogApplication on Zx-PC with PID 4316 (E:\workspace\fengmangbilu-web-blog\target\classes started by Zx in E:\workspace\fengmangbilu-web-blog)
2018-02-01 09:47:27.622 [main] INFO  com.fengmangbilu.blog.BlogApplication - No active profile set, falling back to default profiles: default
2018-02-01 09:47:27.727 [main] INFO  org.springframework.boot.context.embedded.AnnotationConfigEmbeddedWebApplicationContext - Refreshing org.springframework.boot.context.embedded.AnnotationConfigEmbeddedWebApplicationContext@488d1cd7: startup date [Thu Feb 01 09:47:27 CST 2018]; root of context hierarchy
2018-02-01 09:47:27.896 [background-preinit] INFO  org.hibernate.validator.internal.util.Version - HV000001: Hibernate Validator 5.3.6.Final
2018-02-01 09:47:28.550 [main] INFO  org.springframework.data.repository.config.RepositoryConfigurationDelegate - Multiple Spring Data modules found, entering strict repository configuration mode!
2018-02-01 09:47:28.688 [main] INFO  org.springframework.data.repository.config.RepositoryConfigurationDelegate - Multiple Spring Data modules found, entering strict repository configuration mode!
2018-02-01 09:47:28.947 [main] INFO  org.springframework.beans.factory.annotation.AutowiredAnnotationBeanPostProcessor - JSR-330 'javax.inject.Inject' annotation found and supported for autowiring
2018-02-01 09:47:29.255 [main] INFO  org.hibernate.validator.internal.xml.ValidationXmlParser - HV000007: META-INF/validation.xml found. Parsing XML based configuration.
2018-02-01 09:47:29.343 [main] INFO  org.hibernate.validator.internal.xml.ValidationBootstrapParameters - HV000004: Using com.fengmangbilu.validator.i18n.ValidationMessageInterpolator as message interpolator.
2018-02-01 09:47:29.344 [main] INFO  org.hibernate.validator.internal.xml.ValidationBootstrapParameters - HV000119: Using com.fengmangbilu.validator.provider.ReportOnParameterNameProvider as parameter name provider.
2018-02-01 09:47:29.812 [main] INFO  org.springframework.boot.context.embedded.tomcat.TomcatEmbeddedServletContainer - Tomcat initialized with port(s): 8080 (http)
2018-02-01 09:47:29.828 [main] INFO  org.apache.catalina.core.StandardService - Starting service [Tomcat]
2018-02-01 09:47:29.829 [main] INFO  org.apache.catalina.core.StandardEngine - Starting Servlet Engine: Apache Tomcat/8.5.23
2018-02-01 09:47:29.964 [localhost-startStop-1] INFO  org.apache.catalina.core.ContainerBase.[Tomcat].[localhost].[/] - Initializing Spring embedded WebApplicationContext
2018-02-01 09:47:29.964 [localhost-startStop-1] INFO  org.springframework.web.context.ContextLoader - Root WebApplicationContext: initialization completed in 2237 ms
2018-02-01 09:47:30.227 [localhost-startStop-1] INFO  org.springframework.boot.web.servlet.ServletRegistrationBean - Mapping servlet: 'dispatcherServlet' to [/]
2018-02-01 09:47:30.232 [localhost-startStop-1] INFO  org.springframework.boot.web.servlet.FilterRegistrationBean - Mapping filter: 'characterEncodingFilter' to: [/*]
2018-02-01 09:47:30.239 [localhost-startStop-1] INFO  org.springframework.boot.web.servlet.FilterRegistrationBean - Mapping filter: 'hiddenHttpMethodFilter' to: [/*]
2018-02-01 09:47:30.240 [localhost-startStop-1] INFO  org.springframework.boot.web.servlet.FilterRegistrationBean - Mapping filter: 'httpPutFormContentFilter' to: [/*]
2018-02-01 09:47:30.240 [localhost-startStop-1] INFO  org.springframework.boot.web.servlet.FilterRegistrationBean - Mapping filter: 'requestContextFilter' to: [/*]
2018-02-01 09:47:30.240 [localhost-startStop-1] INFO  org.springframework.boot.web.servlet.FilterRegistrationBean - Mapping filter: 'resourceUrlEncodingFilter' to: [/*]
2018-02-01 09:47:30.634 [main] INFO  org.springframework.orm.jpa.LocalContainerEntityManagerFactoryBean - Building JPA container EntityManagerFactory for persistence unit 'default'
2018-02-01 09:47:30.711 [main] INFO  org.hibernate.jpa.internal.util.LogHelper - HHH000204: Processing PersistenceUnitInfo [
	name: default
	...]
2018-02-01 09:47:30.818 [main] INFO  org.hibernate.Version - HHH000412: Hibernate Core {5.0.12.Final}
2018-02-01 09:47:30.819 [main] INFO  org.hibernate.cfg.Environment - HHH000206: hibernate.properties not found
2018-02-01 09:47:30.821 [main] INFO  org.hibernate.cfg.Environment - HHH000021: Bytecode provider name : javassist
2018-02-01 09:47:30.873 [main] INFO  org.hibernate.annotations.common.Version - HCANN000001: Hibernate Commons Annotations {5.0.1.Final}
2018-02-01 09:47:32.359 [main] INFO  org.hibernate.dialect.Dialect - HHH000400: Using dialect: org.hibernate.dialect.MySQL5Dialect
2018-02-01 09:47:32.960 [main] INFO  org.hibernate.tool.hbm2ddl.SchemaUpdate - HHH000228: Running hbm2ddl schema update
2018-02-01 09:47:33.735 [main] INFO  org.springframework.orm.jpa.LocalContainerEntityManagerFactoryBean - Initialized JPA EntityManagerFactory for persistence unit 'default'
2018-02-01 09:47:34.171 [main] INFO  org.hibernate.validator.internal.xml.ValidationXmlParser - HV000007: META-INF/validation.xml found. Parsing XML based configuration.
2018-02-01 09:47:34.177 [main] INFO  org.hibernate.validator.internal.xml.ValidationBootstrapParameters - HV000004: Using com.fengmangbilu.validator.i18n.ValidationMessageInterpolator as message interpolator.
2018-02-01 09:47:34.177 [main] INFO  org.hibernate.validator.internal.xml.ValidationBootstrapParameters - HV000119: Using com.fengmangbilu.validator.provider.ReportOnParameterNameProvider as parameter name provider.
2018-02-01 09:47:34.315 [main] INFO  org.springframework.web.servlet.mvc.method.annotation.RequestMappingHandlerAdapter - Looking for @ControllerAdvice: org.springframework.boot.context.embedded.AnnotationConfigEmbeddedWebApplicationContext@488d1cd7: startup date [Thu Feb 01 09:47:27 CST 2018]; root of context hierarchy
2018-02-01 09:47:34.315 [main] INFO  org.springframework.web.servlet.mvc.method.annotation.RequestMappingHandlerAdapter - Detected ResponseBodyAdvice bean in jsonFilterResponseBodyAdvice
2018-02-01 09:47:34.315 [main] INFO  org.springframework.web.servlet.mvc.method.annotation.RequestMappingHandlerAdapter - Detected @ModelAttribute methods in resourceUrlController
2018-02-01 09:47:34.407 [main] INFO  org.springframework.web.servlet.mvc.method.annotation.RequestMappingHandlerMapping - Mapped "{[],methods=[GET]}" onto public java.lang.String com.fengmangbilu.blog.controllers.IndexController.index()
2018-02-01 09:47:34.408 [main] INFO  org.springframework.web.servlet.mvc.method.annotation.RequestMappingHandlerMapping - Mapped "{[/p],methods=[GET]}" onto public java.lang.String com.fengmangbilu.blog.controllers.IndexController.p()
2018-02-01 09:47:34.408 [main] INFO  org.springframework.web.servlet.mvc.method.annotation.RequestMappingHandlerMapping - Mapped "{[/about],methods=[GET]}" onto public java.lang.String com.fengmangbilu.blog.controllers.IndexController.about()
2018-02-01 09:47:34.411 [main] INFO  org.springframework.web.servlet.mvc.method.annotation.RequestMappingHandlerMapping - Mapped "{[/error]}" onto public org.springframework.http.ResponseEntity<java.util.Map<java.lang.String, java.lang.Object>> org.springframework.boot.autoconfigure.web.BasicErrorController.error(javax.servlet.http.HttpServletRequest)
2018-02-01 09:47:34.411 [main] INFO  org.springframework.web.servlet.mvc.method.annotation.RequestMappingHandlerMapping - Mapped "{[/error],produces=[text/html]}" onto public org.springframework.web.servlet.ModelAndView org.springframework.boot.autoconfigure.web.BasicErrorController.errorHtml(javax.servlet.http.HttpServletRequest,javax.servlet.http.HttpServletResponse)
2018-02-01 09:47:34.466 [main] INFO  org.springframework.web.servlet.handler.SimpleUrlHandlerMapping - Mapped URL path [/webjars/**] onto handler of type [class org.springframework.web.servlet.resource.ResourceHttpRequestHandler]
2018-02-01 09:47:34.466 [main] INFO  org.springframework.web.servlet.handler.SimpleUrlHandlerMapping - Mapped URL path [/**] onto handler of type [class org.springframework.web.servlet.resource.ResourceHttpRequestHandler]
2018-02-01 09:47:34.481 [main] INFO  org.springframework.web.servlet.mvc.method.annotation.ExceptionHandlerExceptionResolver - Detected ResponseBodyAdvice implementation in jsonFilterResponseBodyAdvice
2018-02-01 09:47:34.481 [main] INFO  org.springframework.web.servlet.mvc.method.annotation.ExceptionHandlerExceptionResolver - Detected @ExceptionHandler methods in defaultErrorController
2018-02-01 09:47:34.841 [main] INFO  org.springframework.web.servlet.view.freemarker.FreeMarkerConfigurer - ClassTemplateLoader for Spring macros added to FreeMarker configuration
2018-02-01 09:47:35.108 [main] INFO  org.springframework.jmx.export.annotation.AnnotationMBeanExporter - Registering beans for JMX exposure on startup
2018-02-01 09:47:35.139 [main] INFO  org.apache.coyote.http11.Http11NioProtocol - Initializing ProtocolHandler ["http-nio-8080"]
2018-02-01 09:47:35.151 [main] INFO  org.apache.coyote.http11.Http11NioProtocol - Starting ProtocolHandler ["http-nio-8080"]
2018-02-01 09:47:35.168 [main] INFO  org.apache.tomcat.util.net.NioSelectorPool - Using a shared selector for servlet write/read
2018-02-01 09:47:35.190 [main] INFO  org.springframework.boot.context.embedded.tomcat.TomcatEmbeddedServletContainer - Tomcat started on port(s): 8080 (http)
2018-02-01 09:47:35.194 [main] INFO  com.fengmangbilu.blog.BlogApplication - Started BlogApplication in 8.045 seconds (JVM running for 8.563)
2018-02-01 09:47:42.108 [http-nio-8080-exec-1] INFO  org.apache.catalina.core.ContainerBase.[Tomcat].[localhost].[/] - Initializing Spring FrameworkServlet 'dispatcherServlet'
2018-02-01 09:47:42.109 [http-nio-8080-exec-1] INFO  org.springframework.web.servlet.DispatcherServlet - FrameworkServlet 'dispatcherServlet': initialization started
2018-02-01 09:47:42.124 [http-nio-8080-exec-1] INFO  org.springframework.web.servlet.DispatcherServlet - FrameworkServlet 'dispatcherServlet': initialization completed in 15 ms
2018-02-01 11:37:29.388 [main] INFO  com.fengmangbilu.blog.BlogApplication - Starting BlogApplication on Zx-PC with PID 12252 (E:\workspace\fengmangbilu-web-blog\target\classes started by Zx in E:\workspace\fengmangbilu-web-blog)
2018-02-01 11:37:29.393 [main] INFO  com.fengmangbilu.blog.BlogApplication - No active profile set, falling back to default profiles: default
2018-02-01 11:37:29.470 [main] INFO  org.springframework.boot.context.embedded.AnnotationConfigEmbeddedWebApplicationContext - Refreshing org.springframework.boot.context.embedded.AnnotationConfigEmbeddedWebApplicationContext@488d1cd7: startup date [Thu Feb 01 11:37:29 CST 2018]; root of context hierarchy
2018-02-01 11:37:29.633 [background-preinit] INFO  org.hibernate.validator.internal.util.Version - HV000001: Hibernate Validator 5.3.6.Final
2018-02-01 11:37:30.262 [main] INFO  org.springframework.data.repository.config.RepositoryConfigurationDelegate - Multiple Spring Data modules found, entering strict repository configuration mode!
2018-02-01 11:37:30.388 [main] INFO  org.springframework.data.repository.config.RepositoryConfigurationDelegate - Multiple Spring Data modules found, entering strict repository configuration mode!
2018-02-01 11:37:30.438 [main] INFO  org.springframework.data.repository.config.RepositoryConfigurationExtensionSupport - Spring Data Redis - Could not safely identify store assignment for repository candidate interface com.fengmangbilu.blog.repositories.BlogRepository.
2018-02-01 11:37:30.441 [main] INFO  org.springframework.data.repository.config.RepositoryConfigurationExtensionSupport - Spring Data Redis - Could not safely identify store assignment for repository candidate interface com.fengmangbilu.blog.repositories.TagRepository.
2018-02-01 11:37:30.724 [main] INFO  org.springframework.beans.factory.annotation.AutowiredAnnotationBeanPostProcessor - JSR-330 'javax.inject.Inject' annotation found and supported for autowiring
2018-02-01 11:37:31.057 [main] INFO  org.hibernate.validator.internal.xml.ValidationXmlParser - HV000007: META-INF/validation.xml found. Parsing XML based configuration.
2018-02-01 11:37:31.162 [main] INFO  org.hibernate.validator.internal.xml.ValidationBootstrapParameters - HV000004: Using com.fengmangbilu.validator.i18n.ValidationMessageInterpolator as message interpolator.
2018-02-01 11:37:31.163 [main] INFO  org.hibernate.validator.internal.xml.ValidationBootstrapParameters - HV000119: Using com.fengmangbilu.validator.provider.ReportOnParameterNameProvider as parameter name provider.
2018-02-01 11:37:31.697 [main] INFO  org.springframework.boot.context.embedded.tomcat.TomcatEmbeddedServletContainer - Tomcat initialized with port(s): 8080 (http)
2018-02-01 11:37:31.717 [main] INFO  org.apache.catalina.core.StandardService - Starting service [Tomcat]
2018-02-01 11:37:31.718 [main] INFO  org.apache.catalina.core.StandardEngine - Starting Servlet Engine: Apache Tomcat/8.5.23
2018-02-01 11:37:31.858 [localhost-startStop-1] INFO  org.apache.catalina.core.ContainerBase.[Tomcat].[localhost].[/] - Initializing Spring embedded WebApplicationContext
2018-02-01 11:37:31.858 [localhost-startStop-1] INFO  org.springframework.web.context.ContextLoader - Root WebApplicationContext: initialization completed in 2388 ms
2018-02-01 11:37:32.046 [localhost-startStop-1] INFO  org.springframework.boot.web.servlet.ServletRegistrationBean - Mapping servlet: 'dispatcherServlet' to [/]
2018-02-01 11:37:32.051 [localhost-startStop-1] INFO  org.springframework.boot.web.servlet.FilterRegistrationBean - Mapping filter: 'characterEncodingFilter' to: [/*]
2018-02-01 11:37:32.058 [localhost-startStop-1] INFO  org.springframework.boot.web.servlet.FilterRegistrationBean - Mapping filter: 'hiddenHttpMethodFilter' to: [/*]
2018-02-01 11:37:32.058 [localhost-startStop-1] INFO  org.springframework.boot.web.servlet.FilterRegistrationBean - Mapping filter: 'httpPutFormContentFilter' to: [/*]
2018-02-01 11:37:32.059 [localhost-startStop-1] INFO  org.springframework.boot.web.servlet.FilterRegistrationBean - Mapping filter: 'requestContextFilter' to: [/*]
2018-02-01 11:37:32.059 [localhost-startStop-1] INFO  org.springframework.boot.web.servlet.FilterRegistrationBean - Mapping filter: 'resourceUrlEncodingFilter' to: [/*]
2018-02-01 11:37:32.435 [main] INFO  org.springframework.orm.jpa.LocalContainerEntityManagerFactoryBean - Building JPA container EntityManagerFactory for persistence unit 'default'
2018-02-01 11:37:32.529 [main] INFO  org.hibernate.jpa.internal.util.LogHelper - HHH000204: Processing PersistenceUnitInfo [
	name: default
	...]
2018-02-01 11:37:32.625 [main] INFO  org.hibernate.Version - HHH000412: Hibernate Core {5.0.12.Final}
2018-02-01 11:37:32.626 [main] INFO  org.hibernate.cfg.Environment - HHH000206: hibernate.properties not found
2018-02-01 11:37:32.629 [main] INFO  org.hibernate.cfg.Environment - HHH000021: Bytecode provider name : javassist
2018-02-01 11:37:32.684 [main] INFO  org.hibernate.annotations.common.Version - HCANN000001: Hibernate Commons Annotations {5.0.1.Final}
2018-02-01 11:37:34.183 [main] INFO  org.hibernate.dialect.Dialect - HHH000400: Using dialect: org.hibernate.dialect.MySQL5Dialect
2018-02-01 11:37:34.817 [main] INFO  org.hibernate.tool.hbm2ddl.SchemaUpdate - HHH000228: Running hbm2ddl schema update
2018-02-01 11:37:35.552 [main] INFO  org.springframework.orm.jpa.LocalContainerEntityManagerFactoryBean - Initialized JPA EntityManagerFactory for persistence unit 'default'
2018-02-01 11:37:35.582 [main] INFO  org.springframework.orm.jpa.LocalContainerEntityManagerFactoryBean - Closing JPA EntityManagerFactory for persistence unit 'default'
2018-02-01 11:37:35.599 [main] INFO  org.apache.catalina.core.StandardService - Stopping service [Tomcat]
2018-02-01 11:37:35.618 [main] INFO  org.springframework.boot.autoconfigure.logging.AutoConfigurationReportLoggingInitializer - 

Error starting ApplicationContext. To display the auto-configuration report re-run your application with 'debug' enabled.
2018-02-01 12:06:07.849 [main] INFO  com.fengmangbilu.blog.BlogApplication - Starting BlogApplication on Zx-PC with PID 5340 (E:\workspace\fengmangbilu-web-blog\target\classes started by Zx in E:\workspace\fengmangbilu-web-blog)
2018-02-01 12:06:07.874 [main] INFO  com.fengmangbilu.blog.BlogApplication - No active profile set, falling back to default profiles: default
2018-02-01 12:06:08.018 [main] INFO  org.springframework.boot.context.embedded.AnnotationConfigEmbeddedWebApplicationContext - Refreshing org.springframework.boot.context.embedded.AnnotationConfigEmbeddedWebApplicationContext@488d1cd7: startup date [Thu Feb 01 12:06:08 CST 2018]; root of context hierarchy
2018-02-01 12:06:08.200 [background-preinit] INFO  org.hibernate.validator.internal.util.Version - HV000001: Hibernate Validator 5.3.6.Final
2018-02-01 12:06:08.865 [main] INFO  org.springframework.data.repository.config.RepositoryConfigurationDelegate - Multiple Spring Data modules found, entering strict repository configuration mode!
2018-02-01 12:06:09.059 [main] INFO  org.springframework.data.repository.config.RepositoryConfigurationDelegate - Multiple Spring Data modules found, entering strict repository configuration mode!
2018-02-01 12:06:09.117 [main] INFO  org.springframework.data.repository.config.RepositoryConfigurationExtensionSupport - Spring Data Redis - Could not safely identify store assignment for repository candidate interface com.fengmangbilu.blog.repositories.BlogRepository.
2018-02-01 12:06:09.118 [main] INFO  org.springframework.data.repository.config.RepositoryConfigurationExtensionSupport - Spring Data Redis - Could not safely identify store assignment for repository candidate interface com.fengmangbilu.blog.repositories.TagRepository.
2018-02-01 12:06:09.452 [main] INFO  org.springframework.beans.factory.annotation.AutowiredAnnotationBeanPostProcessor - JSR-330 'javax.inject.Inject' annotation found and supported for autowiring
2018-02-01 12:06:09.783 [main] INFO  org.hibernate.validator.internal.xml.ValidationXmlParser - HV000007: META-INF/validation.xml found. Parsing XML based configuration.
2018-02-01 12:06:09.878 [main] INFO  org.hibernate.validator.internal.xml.ValidationBootstrapParameters - HV000004: Using com.fengmangbilu.validator.i18n.ValidationMessageInterpolator as message interpolator.
2018-02-01 12:06:09.879 [main] INFO  org.hibernate.validator.internal.xml.ValidationBootstrapParameters - HV000119: Using com.fengmangbilu.validator.provider.ReportOnParameterNameProvider as parameter name provider.
2018-02-01 12:06:10.395 [main] INFO  org.springframework.boot.context.embedded.tomcat.TomcatEmbeddedServletContainer - Tomcat initialized with port(s): 8080 (http)
2018-02-01 12:06:10.409 [main] INFO  org.apache.catalina.core.StandardService - Starting service [Tomcat]
2018-02-01 12:06:10.411 [main] INFO  org.apache.catalina.core.StandardEngine - Starting Servlet Engine: Apache Tomcat/8.5.23
2018-02-01 12:06:10.543 [localhost-startStop-1] INFO  org.apache.catalina.core.ContainerBase.[Tomcat].[localhost].[/] - Initializing Spring embedded WebApplicationContext
2018-02-01 12:06:10.544 [localhost-startStop-1] INFO  org.springframework.web.context.ContextLoader - Root WebApplicationContext: initialization completed in 2526 ms
2018-02-01 12:06:10.770 [localhost-startStop-1] INFO  org.springframework.boot.web.servlet.ServletRegistrationBean - Mapping servlet: 'dispatcherServlet' to [/]
2018-02-01 12:06:10.775 [localhost-startStop-1] INFO  org.springframework.boot.web.servlet.FilterRegistrationBean - Mapping filter: 'characterEncodingFilter' to: [/*]
2018-02-01 12:06:10.776 [localhost-startStop-1] INFO  org.springframework.boot.web.servlet.FilterRegistrationBean - Mapping filter: 'hiddenHttpMethodFilter' to: [/*]
2018-02-01 12:06:10.776 [localhost-startStop-1] INFO  org.springframework.boot.web.servlet.FilterRegistrationBean - Mapping filter: 'httpPutFormContentFilter' to: [/*]
2018-02-01 12:06:10.776 [localhost-startStop-1] INFO  org.springframework.boot.web.servlet.FilterRegistrationBean - Mapping filter: 'requestContextFilter' to: [/*]
2018-02-01 12:06:10.776 [localhost-startStop-1] INFO  org.springframework.boot.web.servlet.FilterRegistrationBean - Mapping filter: 'resourceUrlEncodingFilter' to: [/*]
2018-02-01 12:06:11.208 [main] INFO  org.springframework.orm.jpa.LocalContainerEntityManagerFactoryBean - Building JPA container EntityManagerFactory for persistence unit 'default'
2018-02-01 12:06:11.282 [main] INFO  org.hibernate.jpa.internal.util.LogHelper - HHH000204: Processing PersistenceUnitInfo [
	name: default
	...]
2018-02-01 12:06:11.395 [main] INFO  org.hibernate.Version - HHH000412: Hibernate Core {5.0.12.Final}
2018-02-01 12:06:11.397 [main] INFO  org.hibernate.cfg.Environment - HHH000206: hibernate.properties not found
2018-02-01 12:06:11.399 [main] INFO  org.hibernate.cfg.Environment - HHH000021: Bytecode provider name : javassist
2018-02-01 12:06:11.456 [main] INFO  org.hibernate.annotations.common.Version - HCANN000001: Hibernate Commons Annotations {5.0.1.Final}
2018-02-01 12:06:12.904 [main] INFO  org.hibernate.dialect.Dialect - HHH000400: Using dialect: org.hibernate.dialect.MySQL5Dialect
2018-02-01 12:06:13.540 [main] INFO  org.hibernate.tool.hbm2ddl.SchemaUpdate - HHH000228: Running hbm2ddl schema update
2018-02-01 12:06:14.369 [main] INFO  org.springframework.orm.jpa.LocalContainerEntityManagerFactoryBean - Initialized JPA EntityManagerFactory for persistence unit 'default'
2018-02-01 12:06:14.397 [main] INFO  org.springframework.orm.jpa.LocalContainerEntityManagerFactoryBean - Closing JPA EntityManagerFactory for persistence unit 'default'
2018-02-01 12:06:14.402 [main] INFO  org.apache.catalina.core.StandardService - Stopping service [Tomcat]
2018-02-01 12:06:14.440 [main] INFO  org.springframework.boot.autoconfigure.logging.AutoConfigurationReportLoggingInitializer - 

Error starting ApplicationContext. To display the auto-configuration report re-run your application with 'debug' enabled.
2018-02-01 12:06:51.952 [main] INFO  com.fengmangbilu.blog.BlogApplication - Starting BlogApplication on Zx-PC with PID 4636 (E:\workspace\fengmangbilu-web-blog\target\classes started by Zx in E:\workspace\fengmangbilu-web-blog)
2018-02-01 12:06:51.958 [main] INFO  com.fengmangbilu.blog.BlogApplication - No active profile set, falling back to default profiles: default
2018-02-01 12:06:52.013 [main] INFO  org.springframework.boot.context.embedded.AnnotationConfigEmbeddedWebApplicationContext - Refreshing org.springframework.boot.context.embedded.AnnotationConfigEmbeddedWebApplicationContext@488d1cd7: startup date [Thu Feb 01 12:06:52 CST 2018]; root of context hierarchy
2018-02-01 12:06:52.187 [background-preinit] INFO  org.hibernate.validator.internal.util.Version - HV000001: Hibernate Validator 5.3.6.Final
2018-02-01 12:06:52.631 [main] INFO  org.springframework.data.repository.config.RepositoryConfigurationDelegate - Multiple Spring Data modules found, entering strict repository configuration mode!
2018-02-01 12:06:52.749 [main] INFO  org.springframework.data.repository.config.RepositoryConfigurationDelegate - Multiple Spring Data modules found, entering strict repository configuration mode!
2018-02-01 12:06:52.775 [main] INFO  org.springframework.data.repository.config.RepositoryConfigurationExtensionSupport - Spring Data Redis - Could not safely identify store assignment for repository candidate interface com.fengmangbilu.blog.repositories.BlogRepository.
2018-02-01 12:06:52.778 [main] INFO  org.springframework.data.repository.config.RepositoryConfigurationExtensionSupport - Spring Data Redis - Could not safely identify store assignment for repository candidate interface com.fengmangbilu.blog.repositories.TagRepository.
2018-02-01 12:06:53.048 [main] INFO  org.springframework.beans.factory.annotation.AutowiredAnnotationBeanPostProcessor - JSR-330 'javax.inject.Inject' annotation found and supported for autowiring
2018-02-01 12:06:53.299 [main] INFO  org.hibernate.validator.internal.xml.ValidationXmlParser - HV000007: META-INF/validation.xml found. Parsing XML based configuration.
2018-02-01 12:06:53.359 [main] INFO  org.hibernate.validator.internal.xml.ValidationBootstrapParameters - HV000004: Using com.fengmangbilu.validator.i18n.ValidationMessageInterpolator as message interpolator.
2018-02-01 12:06:53.360 [main] INFO  org.hibernate.validator.internal.xml.ValidationBootstrapParameters - HV000119: Using com.fengmangbilu.validator.provider.ReportOnParameterNameProvider as parameter name provider.
2018-02-01 12:06:53.828 [main] INFO  org.springframework.boot.context.embedded.tomcat.TomcatEmbeddedServletContainer - Tomcat initialized with port(s): 8080 (http)
2018-02-01 12:06:53.847 [main] INFO  org.apache.catalina.core.StandardService - Starting service [Tomcat]
2018-02-01 12:06:53.849 [main] INFO  org.apache.catalina.core.StandardEngine - Starting Servlet Engine: Apache Tomcat/8.5.23
2018-02-01 12:06:53.991 [localhost-startStop-1] INFO  org.apache.catalina.core.ContainerBase.[Tomcat].[localhost].[/] - Initializing Spring embedded WebApplicationContext
2018-02-01 12:06:53.991 [localhost-startStop-1] INFO  org.springframework.web.context.ContextLoader - Root WebApplicationContext: initialization completed in 1978 ms
2018-02-01 12:06:54.226 [localhost-startStop-1] INFO  org.springframework.boot.web.servlet.ServletRegistrationBean - Mapping servlet: 'dispatcherServlet' to [/]
2018-02-01 12:06:54.231 [localhost-startStop-1] INFO  org.springframework.boot.web.servlet.FilterRegistrationBean - Mapping filter: 'characterEncodingFilter' to: [/*]
2018-02-01 12:06:54.232 [localhost-startStop-1] INFO  org.springframework.boot.web.servlet.FilterRegistrationBean - Mapping filter: 'hiddenHttpMethodFilter' to: [/*]
2018-02-01 12:06:54.232 [localhost-startStop-1] INFO  org.springframework.boot.web.servlet.FilterRegistrationBean - Mapping filter: 'httpPutFormContentFilter' to: [/*]
2018-02-01 12:06:54.232 [localhost-startStop-1] INFO  org.springframework.boot.web.servlet.FilterRegistrationBean - Mapping filter: 'requestContextFilter' to: [/*]
2018-02-01 12:06:54.232 [localhost-startStop-1] INFO  org.springframework.boot.web.servlet.FilterRegistrationBean - Mapping filter: 'resourceUrlEncodingFilter' to: [/*]
2018-02-01 12:06:54.552 [main] INFO  org.springframework.orm.jpa.LocalContainerEntityManagerFactoryBean - Building JPA container EntityManagerFactory for persistence unit 'default'
2018-02-01 12:06:54.671 [main] INFO  org.hibernate.jpa.internal.util.LogHelper - HHH000204: Processing PersistenceUnitInfo [
	name: default
	...]
2018-02-01 12:06:54.731 [main] INFO  org.hibernate.Version - HHH000412: Hibernate Core {5.0.12.Final}
2018-02-01 12:06:54.732 [main] INFO  org.hibernate.cfg.Environment - HHH000206: hibernate.properties not found
2018-02-01 12:06:54.734 [main] INFO  org.hibernate.cfg.Environment - HHH000021: Bytecode provider name : javassist
2018-02-01 12:06:54.773 [main] INFO  org.hibernate.annotations.common.Version - HCANN000001: Hibernate Commons Annotations {5.0.1.Final}
2018-02-01 12:06:56.023 [main] INFO  org.hibernate.dialect.Dialect - HHH000400: Using dialect: org.hibernate.dialect.MySQL5Dialect
2018-02-01 12:06:56.442 [main] INFO  org.hibernate.tool.hbm2ddl.SchemaUpdate - HHH000228: Running hbm2ddl schema update
2018-02-01 12:06:57.121 [main] INFO  org.springframework.orm.jpa.LocalContainerEntityManagerFactoryBean - Initialized JPA EntityManagerFactory for persistence unit 'default'
2018-02-01 12:06:57.161 [main] INFO  org.springframework.orm.jpa.LocalContainerEntityManagerFactoryBean - Closing JPA EntityManagerFactory for persistence unit 'default'
2018-02-01 12:06:57.165 [main] INFO  org.apache.catalina.core.StandardService - Stopping service [Tomcat]
2018-02-01 12:06:57.178 [main] INFO  org.springframework.boot.autoconfigure.logging.AutoConfigurationReportLoggingInitializer - 

Error starting ApplicationContext. To display the auto-configuration report re-run your application with 'debug' enabled.
2018-02-01 12:09:46.906 [main] INFO  com.fengmangbilu.blog.BlogApplication - Starting BlogApplication on Zx-PC with PID 8688 (E:\workspace\fengmangbilu-web-blog\target\classes started by Zx in E:\workspace\fengmangbilu-web-blog)
2018-02-01 12:09:46.911 [main] INFO  com.fengmangbilu.blog.BlogApplication - No active profile set, falling back to default profiles: default
2018-02-01 12:09:46.977 [main] INFO  org.springframework.boot.context.embedded.AnnotationConfigEmbeddedWebApplicationContext - Refreshing org.springframework.boot.context.embedded.AnnotationConfigEmbeddedWebApplicationContext@488d1cd7: startup date [Thu Feb 01 12:09:46 CST 2018]; root of context hierarchy
2018-02-01 12:09:47.178 [background-preinit] INFO  org.hibernate.validator.internal.util.Version - HV000001: Hibernate Validator 5.3.6.Final
2018-02-01 12:09:47.680 [main] INFO  org.springframework.data.repository.config.RepositoryConfigurationDelegate - Multiple Spring Data modules found, entering strict repository configuration mode!
2018-02-01 12:09:47.803 [main] INFO  org.springframework.data.repository.config.RepositoryConfigurationDelegate - Multiple Spring Data modules found, entering strict repository configuration mode!
2018-02-01 12:09:47.834 [main] INFO  org.springframework.data.repository.config.RepositoryConfigurationExtensionSupport - Spring Data Redis - Could not safely identify store assignment for repository candidate interface com.fengmangbilu.blog.repositories.BlogRepository.
2018-02-01 12:09:47.836 [main] INFO  org.springframework.data.repository.config.RepositoryConfigurationExtensionSupport - Spring Data Redis - Could not safely identify store assignment for repository candidate interface com.fengmangbilu.blog.repositories.TagRepository.
2018-02-01 12:09:48.101 [main] INFO  org.springframework.beans.factory.annotation.AutowiredAnnotationBeanPostProcessor - JSR-330 'javax.inject.Inject' annotation found and supported for autowiring
2018-02-01 12:09:48.351 [main] INFO  org.hibernate.validator.internal.xml.ValidationXmlParser - HV000007: META-INF/validation.xml found. Parsing XML based configuration.
2018-02-01 12:09:48.409 [main] INFO  org.hibernate.validator.internal.xml.ValidationBootstrapParameters - HV000004: Using com.fengmangbilu.validator.i18n.ValidationMessageInterpolator as message interpolator.
2018-02-01 12:09:48.410 [main] INFO  org.hibernate.validator.internal.xml.ValidationBootstrapParameters - HV000119: Using com.fengmangbilu.validator.provider.ReportOnParameterNameProvider as parameter name provider.
2018-02-01 12:09:48.899 [main] INFO  org.springframework.boot.context.embedded.tomcat.TomcatEmbeddedServletContainer - Tomcat initialized with port(s): 8080 (http)
2018-02-01 12:09:48.916 [main] INFO  org.apache.catalina.core.StandardService - Starting service [Tomcat]
2018-02-01 12:09:48.917 [main] INFO  org.apache.catalina.core.StandardEngine - Starting Servlet Engine: Apache Tomcat/8.5.23
2018-02-01 12:09:49.050 [localhost-startStop-1] INFO  org.apache.catalina.core.ContainerBase.[Tomcat].[localhost].[/] - Initializing Spring embedded WebApplicationContext
2018-02-01 12:09:49.051 [localhost-startStop-1] INFO  org.springframework.web.context.ContextLoader - Root WebApplicationContext: initialization completed in 2074 ms
2018-02-01 12:09:49.280 [localhost-startStop-1] INFO  org.springframework.boot.web.servlet.ServletRegistrationBean - Mapping servlet: 'dispatcherServlet' to [/]
2018-02-01 12:09:49.286 [localhost-startStop-1] INFO  org.springframework.boot.web.servlet.FilterRegistrationBean - Mapping filter: 'characterEncodingFilter' to: [/*]
2018-02-01 12:09:49.287 [localhost-startStop-1] INFO  org.springframework.boot.web.servlet.FilterRegistrationBean - Mapping filter: 'hiddenHttpMethodFilter' to: [/*]
2018-02-01 12:09:49.287 [localhost-startStop-1] INFO  org.springframework.boot.web.servlet.FilterRegistrationBean - Mapping filter: 'httpPutFormContentFilter' to: [/*]
2018-02-01 12:09:49.287 [localhost-startStop-1] INFO  org.springframework.boot.web.servlet.FilterRegistrationBean - Mapping filter: 'requestContextFilter' to: [/*]
2018-02-01 12:09:49.287 [localhost-startStop-1] INFO  org.springframework.boot.web.servlet.FilterRegistrationBean - Mapping filter: 'resourceUrlEncodingFilter' to: [/*]
2018-02-01 12:09:49.621 [main] INFO  org.springframework.orm.jpa.LocalContainerEntityManagerFactoryBean - Building JPA container EntityManagerFactory for persistence unit 'default'
2018-02-01 12:09:49.721 [main] INFO  org.hibernate.jpa.internal.util.LogHelper - HHH000204: Processing PersistenceUnitInfo [
	name: default
	...]
2018-02-01 12:09:49.796 [main] INFO  org.hibernate.Version - HHH000412: Hibernate Core {5.0.12.Final}
2018-02-01 12:09:49.797 [main] INFO  org.hibernate.cfg.Environment - HHH000206: hibernate.properties not found
2018-02-01 12:09:49.799 [main] INFO  org.hibernate.cfg.Environment - HHH000021: Bytecode provider name : javassist
2018-02-01 12:09:49.844 [main] INFO  org.hibernate.annotations.common.Version - HCANN000001: Hibernate Commons Annotations {5.0.1.Final}
2018-02-01 12:09:51.110 [main] INFO  org.hibernate.dialect.Dialect - HHH000400: Using dialect: org.hibernate.dialect.MySQL5Dialect
2018-02-01 12:09:51.569 [main] INFO  org.hibernate.tool.hbm2ddl.SchemaUpdate - HHH000228: Running hbm2ddl schema update
2018-02-01 12:09:52.224 [main] INFO  org.springframework.orm.jpa.LocalContainerEntityManagerFactoryBean - Initialized JPA EntityManagerFactory for persistence unit 'default'
2018-02-01 12:09:52.254 [main] INFO  org.springframework.orm.jpa.LocalContainerEntityManagerFactoryBean - Closing JPA EntityManagerFactory for persistence unit 'default'
2018-02-01 12:09:52.257 [main] INFO  org.apache.catalina.core.StandardService - Stopping service [Tomcat]
2018-02-01 12:09:52.278 [main] INFO  org.springframework.boot.autoconfigure.logging.AutoConfigurationReportLoggingInitializer - 

Error starting ApplicationContext. To display the auto-configuration report re-run your application with 'debug' enabled.
2018-02-01 12:11:31.198 [main] INFO  com.fengmangbilu.blog.BlogApplication - Starting BlogApplication on Zx-PC with PID 4020 (E:\workspace\fengmangbilu-web-blog\target\classes started by Zx in E:\workspace\fengmangbilu-web-blog)
2018-02-01 12:11:31.202 [main] INFO  com.fengmangbilu.blog.BlogApplication - No active profile set, falling back to default profiles: default
2018-02-01 12:11:31.251 [main] INFO  org.springframework.boot.context.embedded.AnnotationConfigEmbeddedWebApplicationContext - Refreshing org.springframework.boot.context.embedded.AnnotationConfigEmbeddedWebApplicationContext@488d1cd7: startup date [Thu Feb 01 12:11:31 CST 2018]; root of context hierarchy
2018-02-01 12:11:31.432 [background-preinit] INFO  org.hibernate.validator.internal.util.Version - HV000001: Hibernate Validator 5.3.6.Final
2018-02-01 12:11:31.847 [main] INFO  org.springframework.data.repository.config.RepositoryConfigurationDelegate - Multiple Spring Data modules found, entering strict repository configuration mode!
2018-02-01 12:11:31.992 [main] INFO  org.springframework.data.repository.config.RepositoryConfigurationDelegate - Multiple Spring Data modules found, entering strict repository configuration mode!
2018-02-01 12:11:32.013 [main] INFO  org.springframework.data.repository.config.RepositoryConfigurationExtensionSupport - Spring Data Redis - Could not safely identify store assignment for repository candidate interface com.fengmangbilu.blog.repositories.BlogRepository.
2018-02-01 12:11:32.014 [main] INFO  org.springframework.data.repository.config.RepositoryConfigurationExtensionSupport - Spring Data Redis - Could not safely identify store assignment for repository candidate interface com.fengmangbilu.blog.repositories.TagRepository.
2018-02-01 12:11:32.290 [main] INFO  org.springframework.beans.factory.annotation.AutowiredAnnotationBeanPostProcessor - JSR-330 'javax.inject.Inject' annotation found and supported for autowiring
2018-02-01 12:11:32.574 [main] INFO  org.hibernate.validator.internal.xml.ValidationXmlParser - HV000007: META-INF/validation.xml found. Parsing XML based configuration.
2018-02-01 12:11:32.638 [main] INFO  org.hibernate.validator.internal.xml.ValidationBootstrapParameters - HV000004: Using com.fengmangbilu.validator.i18n.ValidationMessageInterpolator as message interpolator.
2018-02-01 12:11:32.639 [main] INFO  org.hibernate.validator.internal.xml.ValidationBootstrapParameters - HV000119: Using com.fengmangbilu.validator.provider.ReportOnParameterNameProvider as parameter name provider.
2018-02-01 12:11:33.113 [main] INFO  org.springframework.boot.context.embedded.tomcat.TomcatEmbeddedServletContainer - Tomcat initialized with port(s): 8080 (http)
2018-02-01 12:11:33.129 [main] INFO  org.apache.catalina.core.StandardService - Starting service [Tomcat]
2018-02-01 12:11:33.130 [main] INFO  org.apache.catalina.core.StandardEngine - Starting Servlet Engine: Apache Tomcat/8.5.23
2018-02-01 12:11:33.250 [localhost-startStop-1] INFO  org.apache.catalina.core.ContainerBase.[Tomcat].[localhost].[/] - Initializing Spring embedded WebApplicationContext
2018-02-01 12:11:33.251 [localhost-startStop-1] INFO  org.springframework.web.context.ContextLoader - Root WebApplicationContext: initialization completed in 2000 ms
2018-02-01 12:11:33.481 [localhost-startStop-1] INFO  org.springframework.boot.web.servlet.ServletRegistrationBean - Mapping servlet: 'dispatcherServlet' to [/]
2018-02-01 12:11:33.487 [localhost-startStop-1] INFO  org.springframework.boot.web.servlet.FilterRegistrationBean - Mapping filter: 'characterEncodingFilter' to: [/*]
2018-02-01 12:11:33.488 [localhost-startStop-1] INFO  org.springframework.boot.web.servlet.FilterRegistrationBean - Mapping filter: 'hiddenHttpMethodFilter' to: [/*]
2018-02-01 12:11:33.488 [localhost-startStop-1] INFO  org.springframework.boot.web.servlet.FilterRegistrationBean - Mapping filter: 'httpPutFormContentFilter' to: [/*]
2018-02-01 12:11:33.488 [localhost-startStop-1] INFO  org.springframework.boot.web.servlet.FilterRegistrationBean - Mapping filter: 'requestContextFilter' to: [/*]
2018-02-01 12:11:33.488 [localhost-startStop-1] INFO  org.springframework.boot.web.servlet.FilterRegistrationBean - Mapping filter: 'resourceUrlEncodingFilter' to: [/*]
2018-02-01 12:11:33.833 [main] INFO  org.springframework.orm.jpa.LocalContainerEntityManagerFactoryBean - Building JPA container EntityManagerFactory for persistence unit 'default'
2018-02-01 12:11:33.926 [main] INFO  org.hibernate.jpa.internal.util.LogHelper - HHH000204: Processing PersistenceUnitInfo [
	name: default
	...]
2018-02-01 12:11:34.002 [main] INFO  org.hibernate.Version - HHH000412: Hibernate Core {5.0.12.Final}
2018-02-01 12:11:34.003 [main] INFO  org.hibernate.cfg.Environment - HHH000206: hibernate.properties not found
2018-02-01 12:11:34.005 [main] INFO  org.hibernate.cfg.Environment - HHH000021: Bytecode provider name : javassist
2018-02-01 12:11:34.041 [main] INFO  org.hibernate.annotations.common.Version - HCANN000001: Hibernate Commons Annotations {5.0.1.Final}
2018-02-01 12:11:35.263 [main] INFO  org.hibernate.dialect.Dialect - HHH000400: Using dialect: org.hibernate.dialect.MySQL5Dialect
2018-02-01 12:11:35.688 [main] INFO  org.hibernate.tool.hbm2ddl.SchemaUpdate - HHH000228: Running hbm2ddl schema update
2018-02-01 12:11:36.349 [main] INFO  org.springframework.orm.jpa.LocalContainerEntityManagerFactoryBean - Initialized JPA EntityManagerFactory for persistence unit 'default'
2018-02-01 12:11:36.612 [main] INFO  org.springframework.orm.jpa.LocalContainerEntityManagerFactoryBean - Closing JPA EntityManagerFactory for persistence unit 'default'
2018-02-01 12:11:36.617 [main] INFO  org.apache.catalina.core.StandardService - Stopping service [Tomcat]
2018-02-01 12:11:36.630 [main] INFO  org.springframework.boot.autoconfigure.logging.AutoConfigurationReportLoggingInitializer - 

Error starting ApplicationContext. To display the auto-configuration report re-run your application with 'debug' enabled.
2018-02-01 12:12:05.090 [main] INFO  com.fengmangbilu.blog.BlogApplication - Starting BlogApplication on Zx-PC with PID 4044 (E:\workspace\fengmangbilu-web-blog\target\classes started by Zx in E:\workspace\fengmangbilu-web-blog)
2018-02-01 12:12:05.094 [main] INFO  com.fengmangbilu.blog.BlogApplication - No active profile set, falling back to default profiles: default
2018-02-01 12:12:05.142 [main] INFO  org.springframework.boot.context.embedded.AnnotationConfigEmbeddedWebApplicationContext - Refreshing org.springframework.boot.context.embedded.AnnotationConfigEmbeddedWebApplicationContext@488d1cd7: startup date [Thu Feb 01 12:12:05 CST 2018]; root of context hierarchy
2018-02-01 12:12:05.309 [background-preinit] INFO  org.hibernate.validator.internal.util.Version - HV000001: Hibernate Validator 5.3.6.Final
2018-02-01 12:12:05.698 [main] INFO  org.springframework.data.repository.config.RepositoryConfigurationDelegate - Multiple Spring Data modules found, entering strict repository configuration mode!
2018-02-01 12:12:05.830 [main] INFO  org.springframework.data.repository.config.RepositoryConfigurationDelegate - Multiple Spring Data modules found, entering strict repository configuration mode!
2018-02-01 12:12:05.856 [main] INFO  org.springframework.data.repository.config.RepositoryConfigurationExtensionSupport - Spring Data Redis - Could not safely identify store assignment for repository candidate interface com.fengmangbilu.blog.repositories.BlogRepository.
2018-02-01 12:12:05.857 [main] INFO  org.springframework.data.repository.config.RepositoryConfigurationExtensionSupport - Spring Data Redis - Could not safely identify store assignment for repository candidate interface com.fengmangbilu.blog.repositories.TagRepository.
2018-02-01 12:12:06.129 [main] INFO  org.springframework.beans.factory.annotation.AutowiredAnnotationBeanPostProcessor - JSR-330 'javax.inject.Inject' annotation found and supported for autowiring
2018-02-01 12:12:06.415 [main] INFO  org.hibernate.validator.internal.xml.ValidationXmlParser - HV000007: META-INF/validation.xml found. Parsing XML based configuration.
2018-02-01 12:12:06.468 [main] INFO  org.hibernate.validator.internal.xml.ValidationBootstrapParameters - HV000004: Using com.fengmangbilu.validator.i18n.ValidationMessageInterpolator as message interpolator.
2018-02-01 12:12:06.469 [main] INFO  org.hibernate.validator.internal.xml.ValidationBootstrapParameters - HV000119: Using com.fengmangbilu.validator.provider.ReportOnParameterNameProvider as parameter name provider.
2018-02-01 12:12:06.907 [main] INFO  org.springframework.boot.context.embedded.tomcat.TomcatEmbeddedServletContainer - Tomcat initialized with port(s): 8080 (http)
2018-02-01 12:12:06.920 [main] INFO  org.apache.catalina.core.StandardService - Starting service [Tomcat]
2018-02-01 12:12:06.921 [main] INFO  org.apache.catalina.core.StandardEngine - Starting Servlet Engine: Apache Tomcat/8.5.23
2018-02-01 12:12:07.046 [localhost-startStop-1] INFO  org.apache.catalina.core.ContainerBase.[Tomcat].[localhost].[/] - Initializing Spring embedded WebApplicationContext
2018-02-01 12:12:07.047 [localhost-startStop-1] INFO  org.springframework.web.context.ContextLoader - Root WebApplicationContext: initialization completed in 1905 ms
2018-02-01 12:12:07.258 [localhost-startStop-1] INFO  org.springframework.boot.web.servlet.ServletRegistrationBean - Mapping servlet: 'dispatcherServlet' to [/]
2018-02-01 12:12:07.264 [localhost-startStop-1] INFO  org.springframework.boot.web.servlet.FilterRegistrationBean - Mapping filter: 'characterEncodingFilter' to: [/*]
2018-02-01 12:12:07.265 [localhost-startStop-1] INFO  org.springframework.boot.web.servlet.FilterRegistrationBean - Mapping filter: 'hiddenHttpMethodFilter' to: [/*]
2018-02-01 12:12:07.265 [localhost-startStop-1] INFO  org.springframework.boot.web.servlet.FilterRegistrationBean - Mapping filter: 'httpPutFormContentFilter' to: [/*]
2018-02-01 12:12:07.265 [localhost-startStop-1] INFO  org.springframework.boot.web.servlet.FilterRegistrationBean - Mapping filter: 'requestContextFilter' to: [/*]
2018-02-01 12:12:07.265 [localhost-startStop-1] INFO  org.springframework.boot.web.servlet.FilterRegistrationBean - Mapping filter: 'resourceUrlEncodingFilter' to: [/*]
2018-02-01 12:12:07.579 [main] INFO  org.springframework.orm.jpa.LocalContainerEntityManagerFactoryBean - Building JPA container EntityManagerFactory for persistence unit 'default'
2018-02-01 12:12:07.651 [main] INFO  org.hibernate.jpa.internal.util.LogHelper - HHH000204: Processing PersistenceUnitInfo [
	name: default
	...]
2018-02-01 12:12:07.711 [main] INFO  org.hibernate.Version - HHH000412: Hibernate Core {5.0.12.Final}
2018-02-01 12:12:07.713 [main] INFO  org.hibernate.cfg.Environment - HHH000206: hibernate.properties not found
2018-02-01 12:12:07.715 [main] INFO  org.hibernate.cfg.Environment - HHH000021: Bytecode provider name : javassist
2018-02-01 12:12:07.751 [main] INFO  org.hibernate.annotations.common.Version - HCANN000001: Hibernate Commons Annotations {5.0.1.Final}
2018-02-01 12:12:08.982 [main] INFO  org.hibernate.dialect.Dialect - HHH000400: Using dialect: org.hibernate.dialect.MySQL5Dialect
2018-02-01 12:12:09.416 [main] INFO  org.hibernate.tool.hbm2ddl.SchemaUpdate - HHH000228: Running hbm2ddl schema update
2018-02-01 12:12:10.120 [main] INFO  org.springframework.orm.jpa.LocalContainerEntityManagerFactoryBean - Initialized JPA EntityManagerFactory for persistence unit 'default'
2018-02-01 12:12:10.976 [main] INFO  org.hibernate.validator.internal.xml.ValidationXmlParser - HV000007: META-INF/validation.xml found. Parsing XML based configuration.
2018-02-01 12:12:10.983 [main] INFO  org.hibernate.validator.internal.xml.ValidationBootstrapParameters - HV000004: Using com.fengmangbilu.validator.i18n.ValidationMessageInterpolator as message interpolator.
2018-02-01 12:12:10.983 [main] INFO  org.hibernate.validator.internal.xml.ValidationBootstrapParameters - HV000119: Using com.fengmangbilu.validator.provider.ReportOnParameterNameProvider as parameter name provider.
2018-02-01 12:12:11.145 [main] INFO  org.springframework.web.servlet.mvc.method.annotation.RequestMappingHandlerAdapter - Looking for @ControllerAdvice: org.springframework.boot.context.embedded.AnnotationConfigEmbeddedWebApplicationContext@488d1cd7: startup date [Thu Feb 01 12:12:05 CST 2018]; root of context hierarchy
2018-02-01 12:12:11.153 [main] INFO  org.springframework.web.servlet.mvc.method.annotation.RequestMappingHandlerAdapter - Detected ResponseBodyAdvice bean in jsonFilterResponseBodyAdvice
2018-02-01 12:12:11.154 [main] INFO  org.springframework.web.servlet.mvc.method.annotation.RequestMappingHandlerAdapter - Detected @ModelAttribute methods in resourceUrlController
2018-02-01 12:12:11.255 [main] INFO  org.springframework.web.servlet.mvc.method.annotation.RequestMappingHandlerMapping - Mapped "{[],methods=[GET]}" onto public java.lang.String com.fengmangbilu.blog.controllers.IndexController.index(org.springframework.ui.Model,int)
2018-02-01 12:12:11.256 [main] INFO  org.springframework.web.servlet.mvc.method.annotation.RequestMappingHandlerMapping - Mapped "{[/p],methods=[GET]}" onto public java.lang.String com.fengmangbilu.blog.controllers.IndexController.p()
2018-02-01 12:12:11.256 [main] INFO  org.springframework.web.servlet.mvc.method.annotation.RequestMappingHandlerMapping - Mapped "{[/about],methods=[GET]}" onto public java.lang.String com.fengmangbilu.blog.controllers.IndexController.about()
2018-02-01 12:12:11.259 [main] INFO  org.springframework.web.servlet.mvc.method.annotation.RequestMappingHandlerMapping - Mapped "{[/error]}" onto public org.springframework.http.ResponseEntity<java.util.Map<java.lang.String, java.lang.Object>> org.springframework.boot.autoconfigure.web.BasicErrorController.error(javax.servlet.http.HttpServletRequest)
2018-02-01 12:12:11.260 [main] INFO  org.springframework.web.servlet.mvc.method.annotation.RequestMappingHandlerMapping - Mapped "{[/error],produces=[text/html]}" onto public org.springframework.web.servlet.ModelAndView org.springframework.boot.autoconfigure.web.BasicErrorController.errorHtml(javax.servlet.http.HttpServletRequest,javax.servlet.http.HttpServletResponse)
2018-02-01 12:12:11.322 [main] INFO  org.springframework.web.servlet.handler.SimpleUrlHandlerMapping - Mapped URL path [/webjars/**] onto handler of type [class org.springframework.web.servlet.resource.ResourceHttpRequestHandler]
2018-02-01 12:12:11.323 [main] INFO  org.springframework.web.servlet.handler.SimpleUrlHandlerMapping - Mapped URL path [/**] onto handler of type [class org.springframework.web.servlet.resource.ResourceHttpRequestHandler]
2018-02-01 12:12:11.343 [main] INFO  org.springframework.web.servlet.mvc.method.annotation.ExceptionHandlerExceptionResolver - Detected ResponseBodyAdvice implementation in jsonFilterResponseBodyAdvice
2018-02-01 12:12:11.344 [main] INFO  org.springframework.web.servlet.mvc.method.annotation.ExceptionHandlerExceptionResolver - Detected @ExceptionHandler methods in defaultErrorController
2018-02-01 12:12:11.736 [main] INFO  org.springframework.web.servlet.view.freemarker.FreeMarkerConfigurer - ClassTemplateLoader for Spring macros added to FreeMarker configuration
2018-02-01 12:12:12.053 [main] INFO  org.springframework.jmx.export.annotation.AnnotationMBeanExporter - Registering beans for JMX exposure on startup
2018-02-01 12:12:12.108 [main] INFO  org.apache.coyote.http11.Http11NioProtocol - Initializing ProtocolHandler ["http-nio-8080"]
2018-02-01 12:12:12.134 [main] INFO  org.apache.coyote.http11.Http11NioProtocol - Starting ProtocolHandler ["http-nio-8080"]
2018-02-01 12:12:12.146 [main] INFO  org.apache.tomcat.util.net.NioSelectorPool - Using a shared selector for servlet write/read
2018-02-01 12:12:12.174 [main] INFO  org.springframework.boot.context.embedded.tomcat.TomcatEmbeddedServletContainer - Tomcat started on port(s): 8080 (http)
2018-02-01 12:12:12.180 [main] INFO  com.fengmangbilu.blog.BlogApplication - Started BlogApplication in 7.468 seconds (JVM running for 7.815)
2018-02-01 12:24:12.589 [http-nio-8080-exec-1] INFO  org.apache.catalina.core.ContainerBase.[Tomcat].[localhost].[/] - Initializing Spring FrameworkServlet 'dispatcherServlet'
2018-02-01 12:24:12.589 [http-nio-8080-exec-1] INFO  org.springframework.web.servlet.DispatcherServlet - FrameworkServlet 'dispatcherServlet': initialization started
2018-02-01 12:24:12.613 [http-nio-8080-exec-1] INFO  org.springframework.web.servlet.DispatcherServlet - FrameworkServlet 'dispatcherServlet': initialization completed in 24 ms
2018-02-01 12:24:54.105 [main] INFO  com.fengmangbilu.blog.BlogApplication - Starting BlogApplication on Zx-PC with PID 10080 (E:\workspace\fengmangbilu-web-blog\target\classes started by Zx in E:\workspace\fengmangbilu-web-blog)
2018-02-01 12:24:54.109 [main] INFO  com.fengmangbilu.blog.BlogApplication - No active profile set, falling back to default profiles: default
2018-02-01 12:24:54.159 [main] INFO  org.springframework.boot.context.embedded.AnnotationConfigEmbeddedWebApplicationContext - Refreshing org.springframework.boot.context.embedded.AnnotationConfigEmbeddedWebApplicationContext@488d1cd7: startup date [Thu Feb 01 12:24:54 CST 2018]; root of context hierarchy
2018-02-01 12:24:54.330 [background-preinit] INFO  org.hibernate.validator.internal.util.Version - HV000001: Hibernate Validator 5.3.6.Final
2018-02-01 12:24:54.848 [main] INFO  org.springframework.data.repository.config.RepositoryConfigurationDelegate - Multiple Spring Data modules found, entering strict repository configuration mode!
2018-02-01 12:24:54.993 [main] INFO  org.springframework.data.repository.config.RepositoryConfigurationDelegate - Multiple Spring Data modules found, entering strict repository configuration mode!
2018-02-01 12:24:55.019 [main] INFO  org.springframework.data.repository.config.RepositoryConfigurationExtensionSupport - Spring Data Redis - Could not safely identify store assignment for repository candidate interface com.fengmangbilu.blog.repositories.BlogRepository.
2018-02-01 12:24:55.020 [main] INFO  org.springframework.data.repository.config.RepositoryConfigurationExtensionSupport - Spring Data Redis - Could not safely identify store assignment for repository candidate interface com.fengmangbilu.blog.repositories.TagRepository.
2018-02-01 12:24:55.313 [main] INFO  org.springframework.beans.factory.annotation.AutowiredAnnotationBeanPostProcessor - JSR-330 'javax.inject.Inject' annotation found and supported for autowiring
2018-02-01 12:24:55.650 [main] INFO  org.hibernate.validator.internal.xml.ValidationXmlParser - HV000007: META-INF/validation.xml found. Parsing XML based configuration.
2018-02-01 12:24:55.724 [main] INFO  org.hibernate.validator.internal.xml.ValidationBootstrapParameters - HV000004: Using com.fengmangbilu.validator.i18n.ValidationMessageInterpolator as message interpolator.
2018-02-01 12:24:55.725 [main] INFO  org.hibernate.validator.internal.xml.ValidationBootstrapParameters - HV000119: Using com.fengmangbilu.validator.provider.ReportOnParameterNameProvider as parameter name provider.
2018-02-01 12:24:56.281 [main] INFO  org.springframework.boot.context.embedded.tomcat.TomcatEmbeddedServletContainer - Tomcat initialized with port(s): 8080 (http)
2018-02-01 12:24:56.301 [main] INFO  org.apache.catalina.core.StandardService - Starting service [Tomcat]
2018-02-01 12:24:56.302 [main] INFO  org.apache.catalina.core.StandardEngine - Starting Servlet Engine: Apache Tomcat/8.5.23
2018-02-01 12:24:56.444 [localhost-startStop-1] INFO  org.apache.catalina.core.ContainerBase.[Tomcat].[localhost].[/] - Initializing Spring embedded WebApplicationContext
2018-02-01 12:24:56.444 [localhost-startStop-1] INFO  org.springframework.web.context.ContextLoader - Root WebApplicationContext: initialization completed in 2285 ms
2018-02-01 12:24:56.729 [localhost-startStop-1] INFO  org.springframework.boot.web.servlet.ServletRegistrationBean - Mapping servlet: 'dispatcherServlet' to [/]
2018-02-01 12:24:56.734 [localhost-startStop-1] INFO  org.springframework.boot.web.servlet.FilterRegistrationBean - Mapping filter: 'characterEncodingFilter' to: [/*]
2018-02-01 12:24:56.735 [localhost-startStop-1] INFO  org.springframework.boot.web.servlet.FilterRegistrationBean - Mapping filter: 'hiddenHttpMethodFilter' to: [/*]
2018-02-01 12:24:56.735 [localhost-startStop-1] INFO  org.springframework.boot.web.servlet.FilterRegistrationBean - Mapping filter: 'httpPutFormContentFilter' to: [/*]
2018-02-01 12:24:56.735 [localhost-startStop-1] INFO  org.springframework.boot.web.servlet.FilterRegistrationBean - Mapping filter: 'requestContextFilter' to: [/*]
2018-02-01 12:24:56.735 [localhost-startStop-1] INFO  org.springframework.boot.web.servlet.FilterRegistrationBean - Mapping filter: 'resourceUrlEncodingFilter' to: [/*]
2018-02-01 12:24:57.212 [main] INFO  org.springframework.orm.jpa.LocalContainerEntityManagerFactoryBean - Building JPA container EntityManagerFactory for persistence unit 'default'
2018-02-01 12:24:57.229 [main] INFO  org.hibernate.jpa.internal.util.LogHelper - HHH000204: Processing PersistenceUnitInfo [
	name: default
	...]
2018-02-01 12:24:57.293 [main] INFO  org.hibernate.Version - HHH000412: Hibernate Core {5.0.12.Final}
2018-02-01 12:24:57.295 [main] INFO  org.hibernate.cfg.Environment - HHH000206: hibernate.properties not found
2018-02-01 12:24:57.297 [main] INFO  org.hibernate.cfg.Environment - HHH000021: Bytecode provider name : javassist
2018-02-01 12:24:57.345 [main] INFO  org.hibernate.annotations.common.Version - HCANN000001: Hibernate Commons Annotations {5.0.1.Final}
2018-02-01 12:24:58.660 [main] INFO  org.hibernate.dialect.Dialect - HHH000400: Using dialect: org.hibernate.dialect.MySQL5Dialect
2018-02-01 12:24:59.191 [main] INFO  org.hibernate.tool.hbm2ddl.SchemaUpdate - HHH000228: Running hbm2ddl schema update
2018-02-01 12:24:59.888 [main] INFO  org.springframework.orm.jpa.LocalContainerEntityManagerFactoryBean - Initialized JPA EntityManagerFactory for persistence unit 'default'
2018-02-01 12:25:01.011 [main] INFO  org.hibernate.validator.internal.xml.ValidationXmlParser - HV000007: META-INF/validation.xml found. Parsing XML based configuration.
2018-02-01 12:25:01.019 [main] INFO  org.hibernate.validator.internal.xml.ValidationBootstrapParameters - HV000004: Using com.fengmangbilu.validator.i18n.ValidationMessageInterpolator as message interpolator.
2018-02-01 12:25:01.020 [main] INFO  org.hibernate.validator.internal.xml.ValidationBootstrapParameters - HV000119: Using com.fengmangbilu.validator.provider.ReportOnParameterNameProvider as parameter name provider.
2018-02-01 12:25:01.195 [main] INFO  org.springframework.web.servlet.mvc.method.annotation.RequestMappingHandlerAdapter - Looking for @ControllerAdvice: org.springframework.boot.context.embedded.AnnotationConfigEmbeddedWebApplicationContext@488d1cd7: startup date [Thu Feb 01 12:24:54 CST 2018]; root of context hierarchy
2018-02-01 12:25:01.206 [main] INFO  org.springframework.web.servlet.mvc.method.annotation.RequestMappingHandlerAdapter - Detected ResponseBodyAdvice bean in jsonFilterResponseBodyAdvice
2018-02-01 12:25:01.208 [main] INFO  org.springframework.web.servlet.mvc.method.annotation.RequestMappingHandlerAdapter - Detected @ModelAttribute methods in resourceUrlController
2018-02-01 12:25:01.301 [main] INFO  org.springframework.web.servlet.mvc.method.annotation.RequestMappingHandlerMapping - Mapped "{[],methods=[GET]}" onto public java.lang.String com.fengmangbilu.blog.controllers.IndexController.index(org.springframework.ui.Model,int)
2018-02-01 12:25:01.303 [main] INFO  org.springframework.web.servlet.mvc.method.annotation.RequestMappingHandlerMapping - Mapped "{[/p],methods=[GET]}" onto public java.lang.String com.fengmangbilu.blog.controllers.IndexController.p()
2018-02-01 12:25:01.303 [main] INFO  org.springframework.web.servlet.mvc.method.annotation.RequestMappingHandlerMapping - Mapped "{[/about],methods=[GET]}" onto public java.lang.String com.fengmangbilu.blog.controllers.IndexController.about()
2018-02-01 12:25:01.306 [main] INFO  org.springframework.web.servlet.mvc.method.annotation.RequestMappingHandlerMapping - Mapped "{[/error]}" onto public org.springframework.http.ResponseEntity<java.util.Map<java.lang.String, java.lang.Object>> org.springframework.boot.autoconfigure.web.BasicErrorController.error(javax.servlet.http.HttpServletRequest)
2018-02-01 12:25:01.307 [main] INFO  org.springframework.web.servlet.mvc.method.annotation.RequestMappingHandlerMapping - Mapped "{[/error],produces=[text/html]}" onto public org.springframework.web.servlet.ModelAndView org.springframework.boot.autoconfigure.web.BasicErrorController.errorHtml(javax.servlet.http.HttpServletRequest,javax.servlet.http.HttpServletResponse)
2018-02-01 12:25:01.362 [main] INFO  org.springframework.web.servlet.handler.SimpleUrlHandlerMapping - Mapped URL path [/webjars/**] onto handler of type [class org.springframework.web.servlet.resource.ResourceHttpRequestHandler]
2018-02-01 12:25:01.362 [main] INFO  org.springframework.web.servlet.handler.SimpleUrlHandlerMapping - Mapped URL path [/**] onto handler of type [class org.springframework.web.servlet.resource.ResourceHttpRequestHandler]
2018-02-01 12:25:01.385 [main] INFO  org.springframework.web.servlet.mvc.method.annotation.ExceptionHandlerExceptionResolver - Detected ResponseBodyAdvice implementation in jsonFilterResponseBodyAdvice
2018-02-01 12:25:01.386 [main] INFO  org.springframework.web.servlet.mvc.method.annotation.ExceptionHandlerExceptionResolver - Detected @ExceptionHandler methods in defaultErrorController
2018-02-01 12:25:01.770 [main] INFO  org.springframework.web.servlet.view.freemarker.FreeMarkerConfigurer - ClassTemplateLoader for Spring macros added to FreeMarker configuration
2018-02-01 12:25:02.106 [main] INFO  org.springframework.jmx.export.annotation.AnnotationMBeanExporter - Registering beans for JMX exposure on startup
2018-02-01 12:25:02.126 [main] INFO  org.apache.coyote.http11.Http11NioProtocol - Initializing ProtocolHandler ["http-nio-8080"]
2018-02-01 12:25:02.138 [main] INFO  org.apache.coyote.http11.Http11NioProtocol - Starting ProtocolHandler ["http-nio-8080"]
2018-02-01 12:25:02.150 [main] INFO  org.apache.tomcat.util.net.NioSelectorPool - Using a shared selector for servlet write/read
2018-02-01 12:25:02.174 [main] INFO  org.springframework.boot.context.embedded.tomcat.TomcatEmbeddedServletContainer - Tomcat started on port(s): 8080 (http)
2018-02-01 12:25:02.180 [main] INFO  com.fengmangbilu.blog.BlogApplication - Started BlogApplication in 8.453 seconds (JVM running for 8.791)
2018-02-01 12:25:24.019 [http-nio-8080-exec-1] INFO  org.apache.catalina.core.ContainerBase.[Tomcat].[localhost].[/] - Initializing Spring FrameworkServlet 'dispatcherServlet'
2018-02-01 12:25:24.020 [http-nio-8080-exec-1] INFO  org.springframework.web.servlet.DispatcherServlet - FrameworkServlet 'dispatcherServlet': initialization started
2018-02-01 12:25:24.034 [http-nio-8080-exec-1] INFO  org.springframework.web.servlet.DispatcherServlet - FrameworkServlet 'dispatcherServlet': initialization completed in 14 ms
2018-02-01 12:25:59.526 [main] INFO  com.fengmangbilu.blog.BlogApplication - Starting BlogApplication on Zx-PC with PID 1052 (E:\workspace\fengmangbilu-web-blog\target\classes started by Zx in E:\workspace\fengmangbilu-web-blog)
2018-02-01 12:25:59.531 [main] INFO  com.fengmangbilu.blog.BlogApplication - No active profile set, falling back to default profiles: default
2018-02-01 12:25:59.582 [main] INFO  org.springframework.boot.context.embedded.AnnotationConfigEmbeddedWebApplicationContext - Refreshing org.springframework.boot.context.embedded.AnnotationConfigEmbeddedWebApplicationContext@488d1cd7: startup date [Thu Feb 01 12:25:59 CST 2018]; root of context hierarchy
2018-02-01 12:25:59.756 [background-preinit] INFO  org.hibernate.validator.internal.util.Version - HV000001: Hibernate Validator 5.3.6.Final
2018-02-01 12:26:00.160 [main] INFO  org.springframework.data.repository.config.RepositoryConfigurationDelegate - Multiple Spring Data modules found, entering strict repository configuration mode!
2018-02-01 12:26:00.298 [main] INFO  org.springframework.data.repository.config.RepositoryConfigurationDelegate - Multiple Spring Data modules found, entering strict repository configuration mode!
2018-02-01 12:26:00.321 [main] INFO  org.springframework.data.repository.config.RepositoryConfigurationExtensionSupport - Spring Data Redis - Could not safely identify store assignment for repository candidate interface com.fengmangbilu.blog.repositories.BlogRepository.
2018-02-01 12:26:00.321 [main] INFO  org.springframework.data.repository.config.RepositoryConfigurationExtensionSupport - Spring Data Redis - Could not safely identify store assignment for repository candidate interface com.fengmangbilu.blog.repositories.TagRepository.
2018-02-01 12:26:00.589 [main] INFO  org.springframework.beans.factory.annotation.AutowiredAnnotationBeanPostProcessor - JSR-330 'javax.inject.Inject' annotation found and supported for autowiring
2018-02-01 12:26:00.840 [main] INFO  org.hibernate.validator.internal.xml.ValidationXmlParser - HV000007: META-INF/validation.xml found. Parsing XML based configuration.
2018-02-01 12:26:00.900 [main] INFO  org.hibernate.validator.internal.xml.ValidationBootstrapParameters - HV000004: Using com.fengmangbilu.validator.i18n.ValidationMessageInterpolator as message interpolator.
2018-02-01 12:26:00.901 [main] INFO  org.hibernate.validator.internal.xml.ValidationBootstrapParameters - HV000119: Using com.fengmangbilu.validator.provider.ReportOnParameterNameProvider as parameter name provider.
2018-02-01 12:26:01.402 [main] INFO  org.springframework.boot.context.embedded.tomcat.TomcatEmbeddedServletContainer - Tomcat initialized with port(s): 8080 (http)
2018-02-01 12:26:01.415 [main] INFO  org.apache.catalina.core.StandardService - Starting service [Tomcat]
2018-02-01 12:26:01.416 [main] INFO  org.apache.catalina.core.StandardEngine - Starting Servlet Engine: Apache Tomcat/8.5.23
2018-02-01 12:26:01.530 [localhost-startStop-1] INFO  org.apache.catalina.core.ContainerBase.[Tomcat].[localhost].[/] - Initializing Spring embedded WebApplicationContext
2018-02-01 12:26:01.530 [localhost-startStop-1] INFO  org.springframework.web.context.ContextLoader - Root WebApplicationContext: initialization completed in 1948 ms
2018-02-01 12:26:01.733 [localhost-startStop-1] INFO  org.springframework.boot.web.servlet.ServletRegistrationBean - Mapping servlet: 'dispatcherServlet' to [/]
2018-02-01 12:26:01.738 [localhost-startStop-1] INFO  org.springframework.boot.web.servlet.FilterRegistrationBean - Mapping filter: 'characterEncodingFilter' to: [/*]
2018-02-01 12:26:01.738 [localhost-startStop-1] INFO  org.springframework.boot.web.servlet.FilterRegistrationBean - Mapping filter: 'hiddenHttpMethodFilter' to: [/*]
2018-02-01 12:26:01.738 [localhost-startStop-1] INFO  org.springframework.boot.web.servlet.FilterRegistrationBean - Mapping filter: 'httpPutFormContentFilter' to: [/*]
2018-02-01 12:26:01.738 [localhost-startStop-1] INFO  org.springframework.boot.web.servlet.FilterRegistrationBean - Mapping filter: 'requestContextFilter' to: [/*]
2018-02-01 12:26:01.739 [localhost-startStop-1] INFO  org.springframework.boot.web.servlet.FilterRegistrationBean - Mapping filter: 'resourceUrlEncodingFilter' to: [/*]
2018-02-01 12:26:02.104 [main] INFO  org.springframework.orm.jpa.LocalContainerEntityManagerFactoryBean - Building JPA container EntityManagerFactory for persistence unit 'default'
2018-02-01 12:26:02.118 [main] INFO  org.hibernate.jpa.internal.util.LogHelper - HHH000204: Processing PersistenceUnitInfo [
	name: default
	...]
2018-02-01 12:26:02.183 [main] INFO  org.hibernate.Version - HHH000412: Hibernate Core {5.0.12.Final}
2018-02-01 12:26:02.184 [main] INFO  org.hibernate.cfg.Environment - HHH000206: hibernate.properties not found
2018-02-01 12:26:02.187 [main] INFO  org.hibernate.cfg.Environment - HHH000021: Bytecode provider name : javassist
2018-02-01 12:26:02.224 [main] INFO  org.hibernate.annotations.common.Version - HCANN000001: Hibernate Commons Annotations {5.0.1.Final}
2018-02-01 12:26:03.524 [main] INFO  org.hibernate.dialect.Dialect - HHH000400: Using dialect: org.hibernate.dialect.MySQL5Dialect
2018-02-01 12:26:03.969 [main] INFO  org.hibernate.tool.hbm2ddl.SchemaUpdate - HHH000228: Running hbm2ddl schema update
2018-02-01 12:26:04.770 [main] INFO  org.springframework.orm.jpa.LocalContainerEntityManagerFactoryBean - Initialized JPA EntityManagerFactory for persistence unit 'default'
2018-02-01 12:26:05.570 [main] INFO  org.hibernate.validator.internal.xml.ValidationXmlParser - HV000007: META-INF/validation.xml found. Parsing XML based configuration.
2018-02-01 12:26:05.579 [main] INFO  org.hibernate.validator.internal.xml.ValidationBootstrapParameters - HV000004: Using com.fengmangbilu.validator.i18n.ValidationMessageInterpolator as message interpolator.
2018-02-01 12:26:05.579 [main] INFO  org.hibernate.validator.internal.xml.ValidationBootstrapParameters - HV000119: Using com.fengmangbilu.validator.provider.ReportOnParameterNameProvider as parameter name provider.
2018-02-01 12:26:05.716 [main] INFO  org.springframework.web.servlet.mvc.method.annotation.RequestMappingHandlerAdapter - Looking for @ControllerAdvice: org.springframework.boot.context.embedded.AnnotationConfigEmbeddedWebApplicationContext@488d1cd7: startup date [Thu Feb 01 12:25:59 CST 2018]; root of context hierarchy
2018-02-01 12:26:05.725 [main] INFO  org.springframework.web.servlet.mvc.method.annotation.RequestMappingHandlerAdapter - Detected ResponseBodyAdvice bean in jsonFilterResponseBodyAdvice
2018-02-01 12:26:05.726 [main] INFO  org.springframework.web.servlet.mvc.method.annotation.RequestMappingHandlerAdapter - Detected @ModelAttribute methods in resourceUrlController
2018-02-01 12:26:05.799 [main] INFO  org.springframework.web.servlet.mvc.method.annotation.RequestMappingHandlerMapping - Mapped "{[],methods=[GET]}" onto public java.lang.String com.fengmangbilu.blog.controllers.IndexController.index(org.springframework.ui.Model,java.lang.Integer)
2018-02-01 12:26:05.800 [main] INFO  org.springframework.web.servlet.mvc.method.annotation.RequestMappingHandlerMapping - Mapped "{[/p],methods=[GET]}" onto public java.lang.String com.fengmangbilu.blog.controllers.IndexController.p()
2018-02-01 12:26:05.800 [main] INFO  org.springframework.web.servlet.mvc.method.annotation.RequestMappingHandlerMapping - Mapped "{[/about],methods=[GET]}" onto public java.lang.String com.fengmangbilu.blog.controllers.IndexController.about()
2018-02-01 12:26:05.803 [main] INFO  org.springframework.web.servlet.mvc.method.annotation.RequestMappingHandlerMapping - Mapped "{[/error]}" onto public org.springframework.http.ResponseEntity<java.util.Map<java.lang.String, java.lang.Object>> org.springframework.boot.autoconfigure.web.BasicErrorController.error(javax.servlet.http.HttpServletRequest)
2018-02-01 12:26:05.804 [main] INFO  org.springframework.web.servlet.mvc.method.annotation.RequestMappingHandlerMapping - Mapped "{[/error],produces=[text/html]}" onto public org.springframework.web.servlet.ModelAndView org.springframework.boot.autoconfigure.web.BasicErrorController.errorHtml(javax.servlet.http.HttpServletRequest,javax.servlet.http.HttpServletResponse)
2018-02-01 12:26:05.850 [main] INFO  org.springframework.web.servlet.handler.SimpleUrlHandlerMapping - Mapped URL path [/webjars/**] onto handler of type [class org.springframework.web.servlet.resource.ResourceHttpRequestHandler]
2018-02-01 12:26:05.850 [main] INFO  org.springframework.web.servlet.handler.SimpleUrlHandlerMapping - Mapped URL path [/**] onto handler of type [class org.springframework.web.servlet.resource.ResourceHttpRequestHandler]
2018-02-01 12:26:05.875 [main] INFO  org.springframework.web.servlet.mvc.method.annotation.ExceptionHandlerExceptionResolver - Detected ResponseBodyAdvice implementation in jsonFilterResponseBodyAdvice
2018-02-01 12:26:05.875 [main] INFO  org.springframework.web.servlet.mvc.method.annotation.ExceptionHandlerExceptionResolver - Detected @ExceptionHandler methods in defaultErrorController
2018-02-01 12:26:06.209 [main] INFO  org.springframework.web.servlet.view.freemarker.FreeMarkerConfigurer - ClassTemplateLoader for Spring macros added to FreeMarker configuration
2018-02-01 12:26:06.493 [main] INFO  org.springframework.jmx.export.annotation.AnnotationMBeanExporter - Registering beans for JMX exposure on startup
2018-02-01 12:26:06.510 [main] INFO  org.apache.coyote.http11.Http11NioProtocol - Initializing ProtocolHandler ["http-nio-8080"]
2018-02-01 12:26:06.526 [main] INFO  org.apache.coyote.http11.Http11NioProtocol - Starting ProtocolHandler ["http-nio-8080"]
2018-02-01 12:26:06.538 [main] INFO  org.apache.tomcat.util.net.NioSelectorPool - Using a shared selector for servlet write/read
2018-02-01 12:26:06.563 [main] INFO  org.springframework.boot.context.embedded.tomcat.TomcatEmbeddedServletContainer - Tomcat started on port(s): 8080 (http)
2018-02-01 12:26:06.569 [main] INFO  com.fengmangbilu.blog.BlogApplication - Started BlogApplication in 7.421 seconds (JVM running for 7.869)
2018-02-01 13:21:51.181 [http-nio-8080-exec-1] INFO  org.apache.catalina.core.ContainerBase.[Tomcat].[localhost].[/] - Initializing Spring FrameworkServlet 'dispatcherServlet'
2018-02-01 13:21:51.181 [http-nio-8080-exec-1] INFO  org.springframework.web.servlet.DispatcherServlet - FrameworkServlet 'dispatcherServlet': initialization started
2018-02-01 13:21:51.196 [http-nio-8080-exec-1] INFO  org.springframework.web.servlet.DispatcherServlet - FrameworkServlet 'dispatcherServlet': initialization completed in 15 ms
2018-02-01 13:26:05.158 [main] INFO  com.fengmangbilu.blog.BlogApplication - Starting BlogApplication on Zx-PC with PID 4868 (E:\workspace\fengmangbilu-web-blog\target\classes started by Zx in E:\workspace\fengmangbilu-web-blog)
2018-02-01 13:26:05.162 [main] INFO  com.fengmangbilu.blog.BlogApplication - No active profile set, falling back to default profiles: default
2018-02-01 13:26:05.211 [main] INFO  org.springframework.boot.context.embedded.AnnotationConfigEmbeddedWebApplicationContext - Refreshing org.springframework.boot.context.embedded.AnnotationConfigEmbeddedWebApplicationContext@488d1cd7: startup date [Thu Feb 01 13:26:05 CST 2018]; root of context hierarchy
2018-02-01 13:26:05.383 [background-preinit] INFO  org.hibernate.validator.internal.util.Version - HV000001: Hibernate Validator 5.3.6.Final
2018-02-01 13:26:05.801 [main] INFO  org.springframework.data.repository.config.RepositoryConfigurationDelegate - Multiple Spring Data modules found, entering strict repository configuration mode!
2018-02-01 13:26:05.950 [main] INFO  org.springframework.data.repository.config.RepositoryConfigurationDelegate - Multiple Spring Data modules found, entering strict repository configuration mode!
2018-02-01 13:26:05.975 [main] INFO  org.springframework.data.repository.config.RepositoryConfigurationExtensionSupport - Spring Data Redis - Could not safely identify store assignment for repository candidate interface com.fengmangbilu.blog.repositories.BlogRepository.
2018-02-01 13:26:05.976 [main] INFO  org.springframework.data.repository.config.RepositoryConfigurationExtensionSupport - Spring Data Redis - Could not safely identify store assignment for repository candidate interface com.fengmangbilu.blog.repositories.TagRepository.
2018-02-01 13:26:06.236 [main] INFO  org.springframework.beans.factory.annotation.AutowiredAnnotationBeanPostProcessor - JSR-330 'javax.inject.Inject' annotation found and supported for autowiring
2018-02-01 13:26:06.471 [main] INFO  org.hibernate.validator.internal.xml.ValidationXmlParser - HV000007: META-INF/validation.xml found. Parsing XML based configuration.
2018-02-01 13:26:06.524 [main] INFO  org.hibernate.validator.internal.xml.ValidationBootstrapParameters - HV000004: Using com.fengmangbilu.validator.i18n.ValidationMessageInterpolator as message interpolator.
2018-02-01 13:26:06.524 [main] INFO  org.hibernate.validator.internal.xml.ValidationBootstrapParameters - HV000119: Using com.fengmangbilu.validator.provider.ReportOnParameterNameProvider as parameter name provider.
2018-02-01 13:26:06.968 [main] INFO  org.springframework.boot.context.embedded.tomcat.TomcatEmbeddedServletContainer - Tomcat initialized with port(s): 8080 (http)
2018-02-01 13:26:06.981 [main] INFO  org.apache.catalina.core.StandardService - Starting service [Tomcat]
2018-02-01 13:26:06.983 [main] INFO  org.apache.catalina.core.StandardEngine - Starting Servlet Engine: Apache Tomcat/8.5.23
2018-02-01 13:26:07.111 [localhost-startStop-1] INFO  org.apache.catalina.core.ContainerBase.[Tomcat].[localhost].[/] - Initializing Spring embedded WebApplicationContext
2018-02-01 13:26:07.111 [localhost-startStop-1] INFO  org.springframework.web.context.ContextLoader - Root WebApplicationContext: initialization completed in 1900 ms
2018-02-01 13:26:07.382 [localhost-startStop-1] INFO  org.springframework.boot.web.servlet.ServletRegistrationBean - Mapping servlet: 'dispatcherServlet' to [/]
2018-02-01 13:26:07.386 [localhost-startStop-1] INFO  org.springframework.boot.web.servlet.FilterRegistrationBean - Mapping filter: 'characterEncodingFilter' to: [/*]
2018-02-01 13:26:07.387 [localhost-startStop-1] INFO  org.springframework.boot.web.servlet.FilterRegistrationBean - Mapping filter: 'hiddenHttpMethodFilter' to: [/*]
2018-02-01 13:26:07.387 [localhost-startStop-1] INFO  org.springframework.boot.web.servlet.FilterRegistrationBean - Mapping filter: 'httpPutFormContentFilter' to: [/*]
2018-02-01 13:26:07.387 [localhost-startStop-1] INFO  org.springframework.boot.web.servlet.FilterRegistrationBean - Mapping filter: 'requestContextFilter' to: [/*]
2018-02-01 13:26:07.388 [localhost-startStop-1] INFO  org.springframework.boot.web.servlet.FilterRegistrationBean - Mapping filter: 'resourceUrlEncodingFilter' to: [/*]
2018-02-01 13:26:07.786 [main] INFO  org.springframework.orm.jpa.LocalContainerEntityManagerFactoryBean - Building JPA container EntityManagerFactory for persistence unit 'default'
2018-02-01 13:26:07.804 [main] INFO  org.hibernate.jpa.internal.util.LogHelper - HHH000204: Processing PersistenceUnitInfo [
	name: default
	...]
2018-02-01 13:26:07.878 [main] INFO  org.hibernate.Version - HHH000412: Hibernate Core {5.0.12.Final}
2018-02-01 13:26:07.880 [main] INFO  org.hibernate.cfg.Environment - HHH000206: hibernate.properties not found
2018-02-01 13:26:07.882 [main] INFO  org.hibernate.cfg.Environment - HHH000021: Bytecode provider name : javassist
2018-02-01 13:26:07.925 [main] INFO  org.hibernate.annotations.common.Version - HCANN000001: Hibernate Commons Annotations {5.0.1.Final}
2018-02-01 13:26:09.280 [main] INFO  org.hibernate.dialect.Dialect - HHH000400: Using dialect: org.hibernate.dialect.MySQL5Dialect
2018-02-01 13:26:09.734 [main] INFO  org.hibernate.tool.hbm2ddl.SchemaUpdate - HHH000228: Running hbm2ddl schema update
2018-02-01 13:26:10.513 [main] INFO  org.springframework.orm.jpa.LocalContainerEntityManagerFactoryBean - Initialized JPA EntityManagerFactory for persistence unit 'default'
2018-02-01 13:26:11.254 [main] INFO  org.hibernate.validator.internal.xml.ValidationXmlParser - HV000007: META-INF/validation.xml found. Parsing XML based configuration.
2018-02-01 13:26:11.262 [main] INFO  org.hibernate.validator.internal.xml.ValidationBootstrapParameters - HV000004: Using com.fengmangbilu.validator.i18n.ValidationMessageInterpolator as message interpolator.
2018-02-01 13:26:11.263 [main] INFO  org.hibernate.validator.internal.xml.ValidationBootstrapParameters - HV000119: Using com.fengmangbilu.validator.provider.ReportOnParameterNameProvider as parameter name provider.
2018-02-01 13:26:11.418 [main] INFO  org.springframework.web.servlet.mvc.method.annotation.RequestMappingHandlerAdapter - Looking for @ControllerAdvice: org.springframework.boot.context.embedded.AnnotationConfigEmbeddedWebApplicationContext@488d1cd7: startup date [Thu Feb 01 13:26:05 CST 2018]; root of context hierarchy
2018-02-01 13:26:11.424 [main] INFO  org.springframework.web.servlet.mvc.method.annotation.RequestMappingHandlerAdapter - Detected ResponseBodyAdvice bean in jsonFilterResponseBodyAdvice
2018-02-01 13:26:11.425 [main] INFO  org.springframework.web.servlet.mvc.method.annotation.RequestMappingHandlerAdapter - Detected @ModelAttribute methods in resourceUrlController
2018-02-01 13:26:11.501 [main] INFO  org.springframework.web.servlet.mvc.method.annotation.RequestMappingHandlerMapping - Mapped "{[],methods=[GET]}" onto public java.lang.String com.fengmangbilu.blog.controllers.IndexController.index(org.springframework.ui.Model,java.lang.Integer)
2018-02-01 13:26:11.503 [main] INFO  org.springframework.web.servlet.mvc.method.annotation.RequestMappingHandlerMapping - Mapped "{[/p],methods=[GET]}" onto public java.lang.String com.fengmangbilu.blog.controllers.IndexController.p()
2018-02-01 13:26:11.503 [main] INFO  org.springframework.web.servlet.mvc.method.annotation.RequestMappingHandlerMapping - Mapped "{[/about],methods=[GET]}" onto public java.lang.String com.fengmangbilu.blog.controllers.IndexController.about()
2018-02-01 13:26:11.506 [main] INFO  org.springframework.web.servlet.mvc.method.annotation.RequestMappingHandlerMapping - Mapped "{[/error]}" onto public org.springframework.http.ResponseEntity<java.util.Map<java.lang.String, java.lang.Object>> org.springframework.boot.autoconfigure.web.BasicErrorController.error(javax.servlet.http.HttpServletRequest)
2018-02-01 13:26:11.506 [main] INFO  org.springframework.web.servlet.mvc.method.annotation.RequestMappingHandlerMapping - Mapped "{[/error],produces=[text/html]}" onto public org.springframework.web.servlet.ModelAndView org.springframework.boot.autoconfigure.web.BasicErrorController.errorHtml(javax.servlet.http.HttpServletRequest,javax.servlet.http.HttpServletResponse)
2018-02-01 13:26:11.552 [main] INFO  org.springframework.web.servlet.handler.SimpleUrlHandlerMapping - Mapped URL path [/webjars/**] onto handler of type [class org.springframework.web.servlet.resource.ResourceHttpRequestHandler]
2018-02-01 13:26:11.553 [main] INFO  org.springframework.web.servlet.handler.SimpleUrlHandlerMapping - Mapped URL path [/**] onto handler of type [class org.springframework.web.servlet.resource.ResourceHttpRequestHandler]
2018-02-01 13:26:11.573 [main] INFO  org.springframework.web.servlet.mvc.method.annotation.ExceptionHandlerExceptionResolver - Detected ResponseBodyAdvice implementation in jsonFilterResponseBodyAdvice
2018-02-01 13:26:11.574 [main] INFO  org.springframework.web.servlet.mvc.method.annotation.ExceptionHandlerExceptionResolver - Detected @ExceptionHandler methods in defaultErrorController
2018-02-01 13:26:11.908 [main] INFO  org.springframework.web.servlet.view.freemarker.FreeMarkerConfigurer - ClassTemplateLoader for Spring macros added to FreeMarker configuration
2018-02-01 13:26:12.188 [main] INFO  org.springframework.jmx.export.annotation.AnnotationMBeanExporter - Registering beans for JMX exposure on startup
2018-02-01 13:26:12.206 [main] INFO  org.apache.coyote.http11.Http11NioProtocol - Initializing ProtocolHandler ["http-nio-8080"]
2018-02-01 13:26:12.218 [main] INFO  org.apache.coyote.http11.Http11NioProtocol - Starting ProtocolHandler ["http-nio-8080"]
2018-02-01 13:26:12.227 [main] INFO  org.apache.tomcat.util.net.NioSelectorPool - Using a shared selector for servlet write/read
2018-02-01 13:26:12.252 [main] INFO  org.springframework.boot.context.embedded.tomcat.TomcatEmbeddedServletContainer - Tomcat started on port(s): 8080 (http)
2018-02-01 13:26:12.257 [main] INFO  com.fengmangbilu.blog.BlogApplication - Started BlogApplication in 7.488 seconds (JVM running for 7.877)
2018-02-01 13:26:37.542 [http-nio-8080-exec-1] INFO  org.apache.catalina.core.ContainerBase.[Tomcat].[localhost].[/] - Initializing Spring FrameworkServlet 'dispatcherServlet'
2018-02-01 13:26:37.543 [http-nio-8080-exec-1] INFO  org.springframework.web.servlet.DispatcherServlet - FrameworkServlet 'dispatcherServlet': initialization started
2018-02-01 13:26:37.573 [http-nio-8080-exec-1] INFO  org.springframework.web.servlet.DispatcherServlet - FrameworkServlet 'dispatcherServlet': initialization completed in 30 ms
2018-02-01 13:26:37.686 [http-nio-8080-exec-1] INFO  org.hibernate.hql.internal.QueryTranslatorFactoryInitiator - HHH000397: Using ASTQueryTranslatorFactory
2018-02-01 13:26:37.884 [http-nio-8080-exec-1] INFO  p6spy - |13|statement|connection8|select blog0_.id as id1_0_, blog0_.created_date as created_2_0_, blog0_.last_modified_date as last_mod3_0_, blog0_.author as author4_0_, blog0_.content as content5_0_, blog0_.summary as summary6_0_, blog0_.title as title7_0_ from fengmangbilu_blog blog0_ limit 5, 5
2018-02-01 13:26:37.920 [http-nio-8080-exec-1] INFO  p6spy - |8|statement|connection8|select count(blog0_.id) as col_0_0_ from fengmangbilu_blog blog0_
2018-02-01 13:26:37.932 [http-nio-8080-exec-1] INFO  p6spy - |8|commit|connection8|
2018-02-01 13:26:37.989 [http-nio-8080-exec-1] INFO  p6spy - |9|statement|connection8|select tag0_.id as id1_2_, tag0_.created_date as created_2_2_, tag0_.last_modified_date as last_mod3_2_, tag0_.name as name4_2_ from fengmangbilu_tag tag0_
2018-02-01 13:26:38.001 [http-nio-8080-exec-1] INFO  p6spy - |8|commit|connection8|
2018-02-01 13:26:38.396 [http-nio-8080-exec-2] INFO  p6spy - |9|statement|connection9|select blog0_.id as id1_0_, blog0_.created_date as created_2_0_, blog0_.last_modified_date as last_mod3_0_, blog0_.author as author4_0_, blog0_.content as content5_0_, blog0_.summary as summary6_0_, blog0_.title as title7_0_ from fengmangbilu_blog blog0_ limit 5, 5
2018-02-01 13:26:38.407 [http-nio-8080-exec-2] INFO  p6spy - |9|statement|connection9|select count(blog0_.id) as col_0_0_ from fengmangbilu_blog blog0_
2018-02-01 13:26:38.417 [http-nio-8080-exec-2] INFO  p6spy - |9|commit|connection9|
2018-02-01 13:26:38.477 [http-nio-8080-exec-2] INFO  p6spy - |10|statement|connection9|select tag0_.id as id1_2_, tag0_.created_date as created_2_2_, tag0_.last_modified_date as last_mod3_2_, tag0_.name as name4_2_ from fengmangbilu_tag tag0_
2018-02-01 13:26:38.488 [http-nio-8080-exec-2] INFO  p6spy - |9|commit|connection9|
2018-02-01 13:26:53.760 [http-nio-8080-exec-8] INFO  p6spy - |11|statement|connection9|select blog0_.id as id1_0_, blog0_.created_date as created_2_0_, blog0_.last_modified_date as last_mod3_0_, blog0_.author as author4_0_, blog0_.content as content5_0_, blog0_.summary as summary6_0_, blog0_.title as title7_0_ from fengmangbilu_blog blog0_ limit 5, 5
2018-02-01 13:26:53.773 [http-nio-8080-exec-8] INFO  p6spy - |9|statement|connection9|select count(blog0_.id) as col_0_0_ from fengmangbilu_blog blog0_
2018-02-01 13:26:53.783 [http-nio-8080-exec-8] INFO  p6spy - |9|commit|connection9|
2018-02-01 13:26:53.852 [http-nio-8080-exec-8] INFO  p6spy - |18|statement|connection9|select tag0_.id as id1_2_, tag0_.created_date as created_2_2_, tag0_.last_modified_date as last_mod3_2_, tag0_.name as name4_2_ from fengmangbilu_tag tag0_
2018-02-01 13:26:53.862 [http-nio-8080-exec-8] INFO  p6spy - |8|commit|connection9|
2018-02-01 14:04:33.828 [http-nio-8080-exec-9] INFO  p6spy - |11|statement|connection9|select blog0_.id as id1_0_, blog0_.created_date as created_2_0_, blog0_.last_modified_date as last_mod3_0_, blog0_.author as author4_0_, blog0_.content as content5_0_, blog0_.summary as summary6_0_, blog0_.title as title7_0_ from fengmangbilu_blog blog0_ limit 5, 5
2018-02-01 14:04:33.841 [http-nio-8080-exec-9] INFO  p6spy - |10|statement|connection9|select count(blog0_.id) as col_0_0_ from fengmangbilu_blog blog0_
2018-02-01 14:04:33.853 [http-nio-8080-exec-9] INFO  p6spy - |9|commit|connection9|
2018-02-01 14:04:33.915 [http-nio-8080-exec-9] INFO  p6spy - |10|statement|connection9|select tag0_.id as id1_2_, tag0_.created_date as created_2_2_, tag0_.last_modified_date as last_mod3_2_, tag0_.name as name4_2_ from fengmangbilu_tag tag0_
2018-02-01 14:04:33.925 [http-nio-8080-exec-9] INFO  p6spy - |9|commit|connection9|
