2017-12-25 11:29:35.933 [http-nio-8080-exec-1] ERROR org.apache.catalina.core.ContainerBase.[Tomcat].[localhost].[/].[dispatcherServlet] - Servlet.service() for servlet [dispatcherServlet] in context with path [] threw exception [Request processing failed; nested exception is com.netflix.hystrix.exception.HystrixRuntimeException: UserClient#getToken(LoginRequest) timed-out and no fallback available.] with root cause
java.util.concurrent.TimeoutException: null
	at com.netflix.hystrix.AbstractCommand.handleTimeoutViaFallback(AbstractCommand.java:997)
	at com.netflix.hystrix.AbstractCommand.access$500(AbstractCommand.java:60)
	at com.netflix.hystrix.AbstractCommand$12.call(AbstractCommand.java:610)
	at com.netflix.hystrix.AbstractCommand$12.call(AbstractCommand.java:601)
	at rx.internal.operators.OperatorOnErrorResumeNextViaFunction$4.onError(OperatorOnErrorResumeNextViaFunction.java:140)
	at rx.internal.operators.OnSubscribeDoOnEach$DoOnEachSubscriber.onError(OnSubscribeDoOnEach.java:87)
	at rx.internal.operators.OnSubscribeDoOnEach$DoOnEachSubscriber.onError(OnSubscribeDoOnEach.java:87)
	at com.netflix.hystrix.AbstractCommand$HystrixObservableTimeoutOperator$1$1.run(AbstractCommand.java:1154)
	at com.netflix.hystrix.strategy.concurrency.HystrixContextRunnable$1.call(HystrixContextRunnable.java:45)
	at com.netflix.hystrix.strategy.concurrency.HystrixContextRunnable$1.call(HystrixContextRunnable.java:41)
	at com.netflix.hystrix.strategy.concurrency.HystrixContextRunnable.run(HystrixContextRunnable.java:61)
	at com.netflix.hystrix.AbstractCommand$HystrixObservableTimeoutOperator$1.tick(AbstractCommand.java:1159)
	at com.netflix.hystrix.util.HystrixTimer$1.run(HystrixTimer.java:99)
	at java.util.concurrent.Executors$RunnableAdapter.call(Executors.java:511)
	at java.util.concurrent.FutureTask.runAndReset(FutureTask.java:308)
	at java.util.concurrent.ScheduledThreadPoolExecutor$ScheduledFutureTask.access$301(ScheduledThreadPoolExecutor.java:180)
	at java.util.concurrent.ScheduledThreadPoolExecutor$ScheduledFutureTask.run(ScheduledThreadPoolExecutor.java:294)
	at java.util.concurrent.ThreadPoolExecutor.runWorker(ThreadPoolExecutor.java:1142)
	at java.util.concurrent.ThreadPoolExecutor$Worker.run(ThreadPoolExecutor.java:617)
	at java.lang.Thread.run(Thread.java:748)
2017-12-25 16:48:26.419 [main] ERROR org.springframework.boot.diagnostics.LoggingFailureAnalysisReporter - 

***************************
APPLICATION FAILED TO START
***************************

Description:

Field tokenService in com.fengmangbilu.api.controllers.AuthController required a bean of type 'com.fengmangbilu.security.token.TokenService' that could not be found.


Action:

Consider defining a bean of type 'com.fengmangbilu.security.token.TokenService' in your configuration.

2017-12-25 16:53:56.927 [main] ERROR org.springframework.boot.diagnostics.LoggingFailureAnalysisReporter - 

***************************
APPLICATION FAILED TO START
***************************

Description:

Field passwordEncoder in com.fengmangbilu.api.security.config.WebSecurityConfig required a bean of type 'org.springframework.security.crypto.password.PasswordEncoder' that could not be found.


Action:

Consider defining a bean of type 'org.springframework.security.crypto.password.PasswordEncoder' in your configuration.

2017-12-25 17:42:04.311 [main] ERROR org.springframework.boot.diagnostics.LoggingFailureAnalysisReporter - 

***************************
APPLICATION FAILED TO START
***************************

Description:

Field userClient in com.fengmangbilu.api.controllers.AuthController required a bean of type 'com.fengmangbilu.api.clients.UserClient' that could not be found.


Action:

Consider defining a bean of type 'com.fengmangbilu.api.clients.UserClient' in your configuration.

2017-12-25 17:42:50.837 [main] ERROR org.springframework.boot.diagnostics.LoggingFailureAnalysisReporter - 

***************************
APPLICATION FAILED TO START
***************************

Description:

Field userClient in com.fengmangbilu.api.controllers.AuthController required a bean of type 'com.fengmangbilu.api.clients.UserClient' that could not be found.


Action:

Consider defining a bean of type 'com.fengmangbilu.api.clients.UserClient' in your configuration.

2017-12-25 17:44:44.248 [main] ERROR org.springframework.boot.diagnostics.LoggingFailureAnalysisReporter - 

***************************
APPLICATION FAILED TO START
***************************

Description:

Field userClient in com.fengmangbilu.api.controllers.AuthController required a bean of type 'com.fengmangbilu.api.clients.UserClient' that could not be found.


Action:

Consider defining a bean of type 'com.fengmangbilu.api.clients.UserClient' in your configuration.

2017-12-25 17:48:04.795 [main] ERROR org.springframework.boot.diagnostics.LoggingFailureAnalysisReporter - 

***************************
APPLICATION FAILED TO START
***************************

Description:

Field userClient in com.fengmangbilu.api.controllers.AuthController required a bean of type 'com.fengmangbilu.api.clients.UserClient' that could not be found.


Action:

Consider defining a bean of type 'com.fengmangbilu.api.clients.UserClient' in your configuration.

2017-12-25 17:48:58.417 [main] ERROR org.springframework.boot.diagnostics.LoggingFailureAnalysisReporter - 

***************************
APPLICATION FAILED TO START
***************************

Description:

Parameter 0 of method token in com.fengmangbilu.api.controllers.AuthController required a bean of type 'com.fengmangbilu.api.clients.request.LoginRequest' that could not be found.


Action:

Consider defining a bean of type 'com.fengmangbilu.api.clients.request.LoginRequest' in your configuration.

2017-12-25 17:50:03.626 [main] ERROR org.springframework.boot.diagnostics.LoggingFailureAnalysisReporter - 

***************************
APPLICATION FAILED TO START
***************************

Description:

Field userClient in com.fengmangbilu.api.controllers.AuthController required a bean of type 'com.fengmangbilu.api.clients.UserClient' that could not be found.


Action:

Consider defining a bean of type 'com.fengmangbilu.api.clients.UserClient' in your configuration.

