2017-12-12 14:11:37.609 [main] INFO  org.springframework.context.annotation.AnnotationConfigApplicationContext - Refreshing org.springframework.context.annotation.AnnotationConfigApplicationContext@67304a40: startup date [Tue Dec 12 14:11:37 CST 2017]; root of context hierarchy
2017-12-12 14:11:37.810 [background-preinit] INFO  org.hibernate.validator.internal.util.Version - HV000001: Hibernate Validator 5.3.6.Final
2017-12-12 14:11:37.841 [main] INFO  org.springframework.beans.factory.annotation.AutowiredAnnotationBeanPostProcessor - JSR-330 'javax.inject.Inject' annotation found and supported for autowiring
2017-12-12 14:11:37.911 [main] INFO  org.springframework.context.support.PostProcessorRegistrationDelegate$BeanPostProcessorChecker - Bean 'configurationPropertiesRebinderAutoConfiguration' of type [org.springframework.cloud.autoconfigure.ConfigurationPropertiesRebinderAutoConfiguration$$EnhancerBySpringCGLIB$$f4f546be] is not eligible for getting processed by all BeanPostProcessors (for example: not eligible for auto-proxying)
2017-12-12 14:11:38.100 [main] INFO  org.hibernate.validator.internal.xml.ValidationXmlParser - HV000007: META-INF/validation.xml found. Parsing XML based configuration.
2017-12-12 14:11:38.155 [main] INFO  org.hibernate.validator.internal.xml.ValidationBootstrapParameters - HV000004: Using com.fengmangbilu.common.validator.messageinterpolation.ValidationMessageInterpolator as message interpolator.
2017-12-12 14:11:38.156 [main] INFO  org.hibernate.validator.internal.xml.ValidationBootstrapParameters - HV000119: Using com.fengmangbilu.common.validator.provider.ReportOnParameterNameProvider as parameter name provider.
2017-12-12 14:11:38.424 [main] INFO  com.fengmangbilu.api.ApiApplication - No active profile set, falling back to default profiles: default
2017-12-12 14:11:38.441 [main] INFO  org.springframework.boot.context.embedded.AnnotationConfigEmbeddedWebApplicationContext - Refreshing org.springframework.boot.context.embedded.AnnotationConfigEmbeddedWebApplicationContext@776802b0: startup date [Tue Dec 12 14:11:38 CST 2017]; parent: org.springframework.context.annotation.AnnotationConfigApplicationContext@67304a40
2017-12-12 14:11:39.733 [main] INFO  org.springframework.integration.config.IntegrationRegistrar - No bean named 'integrationHeaderChannelRegistry' has been explicitly defined. Therefore, a default DefaultHeaderChannelRegistry will be created.
2017-12-12 14:11:39.897 [main] INFO  org.springframework.beans.factory.support.DefaultListableBeanFactory - Overriding bean definition for bean 'counterFactory' with a different definition: replacing [Root bean: class [null]; scope=; abstract=false; lazyInit=false; autowireMode=3; dependencyCheck=0; autowireCandidate=true; primary=false; factoryBeanName=org.springframework.cloud.netflix.zuul.ZuulServerAutoConfiguration$ZuulMetricsConfiguration; factoryMethodName=counterFactory; initMethodName=null; destroyMethodName=(inferred); defined in class path resource [org/springframework/cloud/netflix/zuul/ZuulServerAutoConfiguration$ZuulMetricsConfiguration.class]] with [Root bean: class [null]; scope=; abstract=false; lazyInit=false; autowireMode=3; dependencyCheck=0; autowireCandidate=true; primary=false; factoryBeanName=org.springframework.cloud.netflix.zuul.ZuulServerAutoConfiguration$ZuulCounterFactoryConfiguration; factoryMethodName=counterFactory; initMethodName=null; destroyMethodName=(inferred); defined in class path resource [org/springframework/cloud/netflix/zuul/ZuulServerAutoConfiguration$ZuulCounterFactoryConfiguration.class]]
2017-12-12 14:11:40.340 [main] INFO  org.springframework.cloud.context.scope.GenericScope - BeanFactory id=34dee869-3e06-3278-bbb5-70ef5b936f91
2017-12-12 14:11:40.375 [main] INFO  org.springframework.integration.config.DefaultConfiguringBeanFactoryPostProcessor - No bean named 'errorChannel' has been explicitly defined. Therefore, a default PublishSubscribeChannel will be created.
2017-12-12 14:11:40.378 [main] INFO  org.springframework.integration.config.DefaultConfiguringBeanFactoryPostProcessor - No bean named 'taskScheduler' has been explicitly defined. Therefore, a default ThreadPoolTaskScheduler will be created.
2017-12-12 14:11:40.388 [main] INFO  org.springframework.beans.factory.annotation.AutowiredAnnotationBeanPostProcessor - JSR-330 'javax.inject.Inject' annotation found and supported for autowiring
2017-12-12 14:11:40.484 [main] INFO  org.springframework.context.support.PostProcessorRegistrationDelegate$BeanPostProcessorChecker - Bean 'org.springframework.amqp.rabbit.annotation.RabbitBootstrapConfiguration' of type [org.springframework.amqp.rabbit.annotation.RabbitBootstrapConfiguration$$EnhancerBySpringCGLIB$$9f4701ef] is not eligible for getting processed by all BeanPostProcessors (for example: not eligible for auto-proxying)
2017-12-12 14:11:40.627 [main] INFO  org.springframework.context.support.PostProcessorRegistrationDelegate$BeanPostProcessorChecker - Bean 'org.springframework.transaction.annotation.ProxyTransactionManagementConfiguration' of type [org.springframework.transaction.annotation.ProxyTransactionManagementConfiguration$$EnhancerBySpringCGLIB$$d8db43c1] is not eligible for getting processed by all BeanPostProcessors (for example: not eligible for auto-proxying)
2017-12-12 14:11:40.906 [main] INFO  org.springframework.context.support.PostProcessorRegistrationDelegate$BeanPostProcessorChecker - Bean 'org.springframework.cloud.netflix.metrics.MetricsInterceptorConfiguration$MetricsRestTemplateConfiguration' of type [org.springframework.cloud.netflix.metrics.MetricsInterceptorConfiguration$MetricsRestTemplateConfiguration$$EnhancerBySpringCGLIB$$b07ea02] is not eligible for getting processed by all BeanPostProcessors (for example: not eligible for auto-proxying)
2017-12-12 14:11:40.966 [main] INFO  org.springframework.context.support.PostProcessorRegistrationDelegate$BeanPostProcessorChecker - Bean 'integrationGlobalProperties' of type [org.springframework.beans.factory.config.PropertiesFactoryBean] is not eligible for getting processed by all BeanPostProcessors (for example: not eligible for auto-proxying)
2017-12-12 14:11:40.969 [main] INFO  org.springframework.context.support.PostProcessorRegistrationDelegate$BeanPostProcessorChecker - Bean 'integrationGlobalProperties' of type [java.util.Properties] is not eligible for getting processed by all BeanPostProcessors (for example: not eligible for auto-proxying)
2017-12-12 14:11:41.013 [main] INFO  org.springframework.context.support.PostProcessorRegistrationDelegate$BeanPostProcessorChecker - Bean 'org.springframework.cloud.autoconfigure.ConfigurationPropertiesRebinderAutoConfiguration' of type [org.springframework.cloud.autoconfigure.ConfigurationPropertiesRebinderAutoConfiguration$$EnhancerBySpringCGLIB$$f4f546be] is not eligible for getting processed by all BeanPostProcessors (for example: not eligible for auto-proxying)
2017-12-12 14:11:41.034 [main] INFO  org.springframework.context.support.PostProcessorRegistrationDelegate$BeanPostProcessorChecker - Bean 'org.springframework.cloud.stream.config.BindingServiceConfiguration$PostProcessorConfiguration' of type [org.springframework.cloud.stream.config.BindingServiceConfiguration$PostProcessorConfiguration$$EnhancerBySpringCGLIB$$9aa2e1c6] is not eligible for getting processed by all BeanPostProcessors (for example: not eligible for auto-proxying)
2017-12-12 14:11:41.056 [main] INFO  org.hibernate.validator.internal.xml.ValidationXmlParser - HV000007: META-INF/validation.xml found. Parsing XML based configuration.
2017-12-12 14:11:41.064 [main] INFO  org.hibernate.validator.internal.xml.ValidationBootstrapParameters - HV000004: Using com.fengmangbilu.common.validator.messageinterpolation.ValidationMessageInterpolator as message interpolator.
2017-12-12 14:11:41.064 [main] INFO  org.hibernate.validator.internal.xml.ValidationBootstrapParameters - HV000119: Using com.fengmangbilu.common.validator.provider.ReportOnParameterNameProvider as parameter name provider.
2017-12-12 14:11:41.082 [main] INFO  org.springframework.context.support.PostProcessorRegistrationDelegate$BeanPostProcessorChecker - Bean 'org.springframework.cloud.stream.config.SpelExpressionConverterConfiguration' of type [org.springframework.cloud.stream.config.SpelExpressionConverterConfiguration$$EnhancerBySpringCGLIB$$d9179bb6] is not eligible for getting processed by all BeanPostProcessors (for example: not eligible for auto-proxying)
2017-12-12 14:11:41.094 [main] INFO  org.springframework.context.support.PostProcessorRegistrationDelegate$BeanPostProcessorChecker - Bean 'spelConverter' of type [org.springframework.cloud.stream.config.SpelExpressionConverterConfiguration$SpelConverter] is not eligible for getting processed by all BeanPostProcessors (for example: not eligible for auto-proxying)
2017-12-12 14:11:41.099 [main] INFO  org.springframework.context.support.PostProcessorRegistrationDelegate$BeanPostProcessorChecker - Bean 'spring.cloud.stream.integration-org.springframework.cloud.stream.config.SpringIntegrationProperties' of type [org.springframework.cloud.stream.config.SpringIntegrationProperties] is not eligible for getting processed by all BeanPostProcessors (for example: not eligible for auto-proxying)
2017-12-12 14:11:41.542 [main] INFO  org.springframework.boot.context.embedded.tomcat.TomcatEmbeddedServletContainer - Tomcat initialized with port(s): 8080 (http)
2017-12-12 14:11:41.552 [main] INFO  org.apache.catalina.core.StandardService - Starting service [Tomcat]
2017-12-12 14:11:41.553 [main] INFO  org.apache.catalina.core.StandardEngine - Starting Servlet Engine: Apache Tomcat/8.5.23
2017-12-12 14:11:41.683 [localhost-startStop-1] INFO  org.apache.catalina.core.ContainerBase.[Tomcat].[localhost].[/] - Initializing Spring embedded WebApplicationContext
2017-12-12 14:11:41.683 [localhost-startStop-1] INFO  org.springframework.web.context.ContextLoader - Root WebApplicationContext: initialization completed in 3242 ms
2017-12-12 14:11:42.605 [localhost-startStop-1] INFO  org.springframework.boot.web.servlet.ServletRegistrationBean - Mapping servlet: 'dispatcherServlet' to [/]
2017-12-12 14:11:42.607 [localhost-startStop-1] INFO  org.springframework.boot.web.servlet.ServletRegistrationBean - Mapping servlet: 'zuulServlet' to [/zuul/*]
2017-12-12 14:11:42.612 [localhost-startStop-1] INFO  org.springframework.boot.web.servlet.FilterRegistrationBean - Mapping filter: 'metricsFilter' to: [/*]
2017-12-12 14:11:42.612 [localhost-startStop-1] INFO  org.springframework.boot.web.servlet.FilterRegistrationBean - Mapping filter: 'characterEncodingFilter' to: [/*]
2017-12-12 14:11:42.612 [localhost-startStop-1] INFO  org.springframework.boot.web.servlet.FilterRegistrationBean - Mapping filter: 'hiddenHttpMethodFilter' to: [/*]
2017-12-12 14:11:42.612 [localhost-startStop-1] INFO  org.springframework.boot.web.servlet.FilterRegistrationBean - Mapping filter: 'httpPutFormContentFilter' to: [/*]
2017-12-12 14:11:42.613 [localhost-startStop-1] INFO  org.springframework.boot.web.servlet.FilterRegistrationBean - Mapping filter: 'requestContextFilter' to: [/*]
2017-12-12 14:11:42.613 [localhost-startStop-1] INFO  org.springframework.boot.web.servlet.FilterRegistrationBean - Mapping filter: 'webRequestLoggingFilter' to: [/*]
2017-12-12 14:11:42.613 [localhost-startStop-1] INFO  org.springframework.boot.web.servlet.FilterRegistrationBean - Mapping filter: 'applicationContextIdFilter' to: [/*]
2017-12-12 14:11:42.990 [main] INFO  org.springframework.orm.jpa.LocalContainerEntityManagerFactoryBean - Building JPA container EntityManagerFactory for persistence unit 'default'
2017-12-12 14:11:43.009 [main] INFO  org.hibernate.jpa.internal.util.LogHelper - HHH000204: Processing PersistenceUnitInfo [
	name: default
	...]
2017-12-12 14:11:43.108 [main] INFO  org.hibernate.Version - HHH000412: Hibernate Core {5.0.12.Final}
2017-12-12 14:11:43.110 [main] INFO  org.hibernate.cfg.Environment - HHH000206: hibernate.properties not found
2017-12-12 14:11:43.112 [main] INFO  org.hibernate.cfg.Environment - HHH000021: Bytecode provider name : javassist
2017-12-12 14:11:43.162 [main] INFO  org.hibernate.annotations.common.Version - HCANN000001: Hibernate Commons Annotations {5.0.1.Final}
2017-12-12 14:11:44.226 [main] INFO  org.hibernate.dialect.Dialect - HHH000400: Using dialect: org.hibernate.dialect.MySQL5Dialect
2017-12-12 14:11:44.448 [main] INFO  org.hibernate.tool.hbm2ddl.SchemaUpdate - HHH000228: Running hbm2ddl schema update
2017-12-12 14:11:44.501 [main] INFO  org.springframework.orm.jpa.LocalContainerEntityManagerFactoryBean - Initialized JPA EntityManagerFactory for persistence unit 'default'
2017-12-12 14:11:45.187 [main] INFO  org.apache.catalina.core.ContainerBase.[Tomcat].[localhost].[/] - jolokia: No access restrictor found, access to any MBean is allowed
2017-12-12 14:11:45.780 [main] INFO  org.springframework.web.servlet.mvc.method.annotation.RequestMappingHandlerMapping - Mapped "{[/error]}" onto public org.springframework.http.ResponseEntity<com.fengmangbilu.data.domain.Response> com.fengmangbilu.api.controllers.ErrorController.error(javax.servlet.http.HttpServletRequest)
2017-12-12 14:11:45.783 [main] INFO  org.springframework.web.servlet.mvc.method.annotation.RequestMappingHandlerMapping - Mapped "{[/swagger-resources/configuration/security]}" onto public org.springframework.http.ResponseEntity<springfox.documentation.swagger.web.SecurityConfiguration> springfox.documentation.swagger.web.ApiResourceController.securityConfiguration()
2017-12-12 14:11:45.783 [main] INFO  org.springframework.web.servlet.mvc.method.annotation.RequestMappingHandlerMapping - Mapped "{[/swagger-resources]}" onto public org.springframework.http.ResponseEntity<java.util.List<springfox.documentation.swagger.web.SwaggerResource>> springfox.documentation.swagger.web.ApiResourceController.swaggerResources()
2017-12-12 14:11:45.784 [main] INFO  org.springframework.web.servlet.mvc.method.annotation.RequestMappingHandlerMapping - Mapped "{[/swagger-resources/configuration/ui]}" onto public org.springframework.http.ResponseEntity<springfox.documentation.swagger.web.UiConfiguration> springfox.documentation.swagger.web.ApiResourceController.uiConfiguration()
2017-12-12 14:11:45.857 [main] INFO  com.netflix.config.sources.URLConfigurationSource - To enable URLs as dynamic configuration sources, define System property archaius.configurationSource.additionalUrls or make config.properties available on classpath.
2017-12-12 14:11:45.867 [main] INFO  com.netflix.config.DynamicPropertyFactory - DynamicPropertyFactory is initialized with configuration sources: com.netflix.config.ConcurrentCompositeConfiguration@1fd77205
2017-12-12 14:11:47.105 [main] INFO  org.springframework.boot.actuate.endpoint.mvc.EndpointHandlerMapping - Mapped "{[/actuator/hystrix.stream/**]}" onto public org.springframework.web.servlet.ModelAndView org.springframework.cloud.netflix.endpoint.ServletWrappingEndpoint.handle(javax.servlet.http.HttpServletRequest,javax.servlet.http.HttpServletResponse) throws java.lang.Exception
2017-12-12 14:11:47.107 [main] INFO  org.springframework.boot.actuate.endpoint.mvc.EndpointHandlerMapping - Mapped "{[/actuator/heapdump || /actuator/heapdump.json],methods=[GET],produces=[application/octet-stream]}" onto public void org.springframework.boot.actuate.endpoint.mvc.HeapdumpMvcEndpoint.invoke(boolean,javax.servlet.http.HttpServletRequest,javax.servlet.http.HttpServletResponse) throws java.io.IOException,javax.servlet.ServletException
2017-12-12 14:11:47.108 [main] INFO  org.springframework.boot.actuate.endpoint.mvc.EndpointHandlerMapping - Mapped "{[/actuator/dump || /actuator/dump.json],methods=[GET],produces=[application/vnd.spring-boot.actuator.v1+json || application/json]}" onto public java.lang.Object org.springframework.boot.actuate.endpoint.mvc.EndpointMvcAdapter.invoke()
2017-12-12 14:11:47.109 [main] INFO  org.springframework.boot.actuate.endpoint.mvc.EndpointHandlerMapping - Mapped "{[/actuator/refresh || /actuator/refresh.json],methods=[POST]}" onto public java.lang.Object org.springframework.cloud.endpoint.GenericPostableMvcEndpoint.invoke()
2017-12-12 14:11:47.110 [main] INFO  org.springframework.boot.actuate.endpoint.mvc.EndpointHandlerMapping - Mapped "{[/actuator/archaius || /actuator/archaius.json],methods=[GET],produces=[application/vnd.spring-boot.actuator.v1+json || application/json]}" onto public java.lang.Object org.springframework.boot.actuate.endpoint.mvc.EndpointMvcAdapter.invoke()
2017-12-12 14:11:47.113 [main] INFO  org.springframework.boot.actuate.endpoint.mvc.EndpointHandlerMapping - Mapped "{[/actuator/loggers/{name:.*}],methods=[GET],produces=[application/vnd.spring-boot.actuator.v1+json || application/json]}" onto public java.lang.Object org.springframework.boot.actuate.endpoint.mvc.LoggersMvcEndpoint.get(java.lang.String)
2017-12-12 14:11:47.115 [main] INFO  org.springframework.boot.actuate.endpoint.mvc.EndpointHandlerMapping - Mapped "{[/actuator/loggers/{name:.*}],methods=[POST],consumes=[application/vnd.spring-boot.actuator.v1+json || application/json],produces=[application/vnd.spring-boot.actuator.v1+json || application/json]}" onto public java.lang.Object org.springframework.boot.actuate.endpoint.mvc.LoggersMvcEndpoint.set(java.lang.String,java.util.Map<java.lang.String, java.lang.String>)
2017-12-12 14:11:47.115 [main] INFO  org.springframework.boot.actuate.endpoint.mvc.EndpointHandlerMapping - Mapped "{[/actuator/loggers || /actuator/loggers.json],methods=[GET],produces=[application/vnd.spring-boot.actuator.v1+json || application/json]}" onto public java.lang.Object org.springframework.boot.actuate.endpoint.mvc.EndpointMvcAdapter.invoke()
2017-12-12 14:11:47.116 [main] INFO  org.springframework.boot.actuate.endpoint.mvc.EndpointHandlerMapping - Mapped "{[/actuator/filters || /actuator/filters.json],methods=[GET],produces=[application/vnd.spring-boot.actuator.v1+json || application/json]}" onto public java.lang.Object org.springframework.boot.actuate.endpoint.mvc.EndpointMvcAdapter.invoke()
2017-12-12 14:11:47.119 [main] INFO  org.springframework.boot.actuate.endpoint.mvc.EndpointHandlerMapping - Mapped "{[/actuator/metrics/{name:.*}],methods=[GET],produces=[application/vnd.spring-boot.actuator.v1+json || application/json]}" onto public java.lang.Object org.springframework.boot.actuate.endpoint.mvc.MetricsMvcEndpoint.value(java.lang.String)
2017-12-12 14:11:47.120 [main] INFO  org.springframework.boot.actuate.endpoint.mvc.EndpointHandlerMapping - Mapped "{[/actuator/metrics || /actuator/metrics.json],methods=[GET],produces=[application/vnd.spring-boot.actuator.v1+json || application/json]}" onto public java.lang.Object org.springframework.boot.actuate.endpoint.mvc.EndpointMvcAdapter.invoke()
2017-12-12 14:11:47.121 [main] INFO  org.springframework.boot.actuate.endpoint.mvc.EndpointHandlerMapping - Mapped "{[/actuator/auditevents || /actuator/auditevents.json],methods=[GET],produces=[application/vnd.spring-boot.actuator.v1+json || application/json]}" onto public org.springframework.http.ResponseEntity<?> org.springframework.boot.actuate.endpoint.mvc.AuditEventsMvcEndpoint.findByPrincipalAndAfterAndType(java.lang.String,java.util.Date,java.lang.String)
2017-12-12 14:11:47.123 [main] INFO  org.springframework.boot.actuate.endpoint.mvc.EndpointHandlerMapping - Mapped "{[/actuator/health || /actuator/health.json],methods=[GET],produces=[application/vnd.spring-boot.actuator.v1+json || application/json]}" onto public java.lang.Object org.springframework.boot.actuate.endpoint.mvc.HealthMvcEndpoint.invoke(javax.servlet.http.HttpServletRequest,java.security.Principal)
2017-12-12 14:11:47.124 [main] INFO  org.springframework.boot.actuate.endpoint.mvc.EndpointHandlerMapping - Mapped "{[/actuator/env],methods=[POST]}" onto public java.lang.Object org.springframework.cloud.context.environment.EnvironmentManagerMvcEndpoint.value(java.util.Map<java.lang.String, java.lang.String>)
2017-12-12 14:11:47.124 [main] INFO  org.springframework.boot.actuate.endpoint.mvc.EndpointHandlerMapping - Mapped "{[/actuator/env/reset],methods=[POST]}" onto public java.util.Map<java.lang.String, java.lang.Object> org.springframework.cloud.context.environment.EnvironmentManagerMvcEndpoint.reset()
2017-12-12 14:11:47.125 [main] INFO  org.springframework.boot.actuate.endpoint.mvc.EndpointHandlerMapping - Mapped "{[/actuator/info || /actuator/info.json],methods=[GET],produces=[application/vnd.spring-boot.actuator.v1+json || application/json]}" onto public java.lang.Object org.springframework.boot.actuate.endpoint.mvc.EndpointMvcAdapter.invoke()
2017-12-12 14:11:47.126 [main] INFO  org.springframework.boot.actuate.endpoint.mvc.EndpointHandlerMapping - Mapped "{[/actuator/autoconfig || /actuator/autoconfig.json],methods=[GET],produces=[application/vnd.spring-boot.actuator.v1+json || application/json]}" onto public java.lang.Object org.springframework.boot.actuate.endpoint.mvc.EndpointMvcAdapter.invoke()
2017-12-12 14:11:47.127 [main] INFO  org.springframework.boot.actuate.endpoint.mvc.EndpointHandlerMapping - Mapped "{[/actuator/mappings || /actuator/mappings.json],methods=[GET],produces=[application/vnd.spring-boot.actuator.v1+json || application/json]}" onto public java.lang.Object org.springframework.boot.actuate.endpoint.mvc.EndpointMvcAdapter.invoke()
2017-12-12 14:11:47.128 [main] INFO  org.springframework.boot.actuate.endpoint.mvc.EndpointHandlerMapping - Mapped "{[/actuator/features || /actuator/features.json],methods=[GET],produces=[application/vnd.spring-boot.actuator.v1+json || application/json]}" onto public java.lang.Object org.springframework.boot.actuate.endpoint.mvc.EndpointMvcAdapter.invoke()
2017-12-12 14:11:47.128 [main] INFO  org.springframework.boot.actuate.endpoint.mvc.EndpointHandlerMapping - Mapped "{[/actuator/beans || /actuator/beans.json],methods=[GET],produces=[application/vnd.spring-boot.actuator.v1+json || application/json]}" onto public java.lang.Object org.springframework.boot.actuate.endpoint.mvc.EndpointMvcAdapter.invoke()
2017-12-12 14:11:47.130 [main] INFO  org.springframework.boot.actuate.endpoint.mvc.EndpointHandlerMapping - Mapped "{[/actuator/jolokia/**]}" onto public org.springframework.web.servlet.ModelAndView org.springframework.boot.actuate.endpoint.mvc.JolokiaMvcEndpoint.handle(javax.servlet.http.HttpServletRequest,javax.servlet.http.HttpServletResponse) throws java.lang.Exception
2017-12-12 14:11:47.131 [main] INFO  org.springframework.boot.actuate.endpoint.mvc.EndpointHandlerMapping - Mapped "{[/actuator/service-registry/instance-status],methods=[POST]}" onto public org.springframework.http.ResponseEntity<?> org.springframework.cloud.client.serviceregistry.endpoint.ServiceRegistryEndpoint.setStatus(java.lang.String)
2017-12-12 14:11:47.131 [main] INFO  org.springframework.boot.actuate.endpoint.mvc.EndpointHandlerMapping - Mapped "{[/actuator/service-registry/instance-status],methods=[GET]}" onto public org.springframework.http.ResponseEntity org.springframework.cloud.client.serviceregistry.endpoint.ServiceRegistryEndpoint.getStatus()
2017-12-12 14:11:47.132 [main] INFO  org.springframework.boot.actuate.endpoint.mvc.EndpointHandlerMapping - Mapped "{[/actuator/trace || /actuator/trace.json],methods=[GET],produces=[application/vnd.spring-boot.actuator.v1+json || application/json]}" onto public java.lang.Object org.springframework.boot.actuate.endpoint.mvc.EndpointMvcAdapter.invoke()
2017-12-12 14:11:47.132 [main] INFO  org.springframework.boot.actuate.endpoint.mvc.EndpointHandlerMapping - Mapped "{[/actuator/configprops || /actuator/configprops.json],methods=[GET],produces=[application/vnd.spring-boot.actuator.v1+json || application/json]}" onto public java.lang.Object org.springframework.boot.actuate.endpoint.mvc.EndpointMvcAdapter.invoke()
2017-12-12 14:11:47.135 [main] INFO  org.springframework.boot.actuate.endpoint.mvc.EndpointHandlerMapping - Mapped "{[/actuator/routes || /actuator/routes.json],methods=[POST]}" onto public java.lang.Object org.springframework.cloud.netflix.zuul.RoutesMvcEndpoint.reset()
2017-12-12 14:11:47.136 [main] INFO  org.springframework.boot.actuate.endpoint.mvc.EndpointHandlerMapping - Mapped "{[/actuator/routes || /actuator/routes.json],methods=[GET],params=[format],produces=[application/vnd.spring-boot.actuator.v1+json || application/json]}" onto public java.lang.Object org.springframework.cloud.netflix.zuul.RoutesMvcEndpoint.invokeRouteDetails(java.lang.String)
2017-12-12 14:11:47.136 [main] INFO  org.springframework.boot.actuate.endpoint.mvc.EndpointHandlerMapping - Mapped "{[/actuator/routes || /actuator/routes.json],methods=[GET],produces=[application/vnd.spring-boot.actuator.v1+json || application/json]}" onto public java.lang.Object org.springframework.boot.actuate.endpoint.mvc.EndpointMvcAdapter.invoke()
2017-12-12 14:11:47.137 [main] INFO  org.springframework.boot.actuate.endpoint.mvc.EndpointHandlerMapping - Mapped "{[/actuator/channels || /actuator/channels.json],methods=[GET],produces=[application/vnd.spring-boot.actuator.v1+json || application/json]}" onto public java.lang.Object org.springframework.boot.actuate.endpoint.mvc.EndpointMvcAdapter.invoke()
2017-12-12 14:11:47.138 [main] INFO  org.springframework.boot.actuate.endpoint.mvc.EndpointHandlerMapping - Mapped "{[/actuator/env/{name:.*}],methods=[GET],produces=[application/vnd.spring-boot.actuator.v1+json || application/json]}" onto public java.lang.Object org.springframework.boot.actuate.endpoint.mvc.EnvironmentMvcEndpoint.value(java.lang.String)
2017-12-12 14:11:47.138 [main] INFO  org.springframework.boot.actuate.endpoint.mvc.EndpointHandlerMapping - Mapped "{[/actuator/env || /actuator/env.json],methods=[GET],produces=[application/vnd.spring-boot.actuator.v1+json || application/json]}" onto public java.lang.Object org.springframework.boot.actuate.endpoint.mvc.EndpointMvcAdapter.invoke()
2017-12-12 14:11:48.105 [main] INFO  springfox.documentation.spring.web.PropertySourcedRequestMappingHandlerMapping - Mapped URL path [/v2/api-docs] onto method [public org.springframework.http.ResponseEntity<springfox.documentation.spring.web.json.Json> springfox.documentation.swagger2.web.Swagger2Controller.getDocumentation(java.lang.String,javax.servlet.http.HttpServletRequest)]
2017-12-12 14:11:49.150 [main] INFO  com.netflix.config.sources.URLConfigurationSource - To enable URLs as dynamic configuration sources, define System property archaius.configurationSource.additionalUrls or make config.properties available on classpath.
2017-12-12 14:11:50.080 [main] INFO  org.hibernate.validator.internal.xml.ValidationXmlParser - HV000007: META-INF/validation.xml found. Parsing XML based configuration.
2017-12-12 14:11:50.278 [main] INFO  org.hibernate.validator.internal.xml.ValidationBootstrapParameters - HV000004: Using com.fengmangbilu.common.validator.messageinterpolation.ValidationMessageInterpolator as message interpolator.
2017-12-12 14:11:50.282 [main] INFO  org.hibernate.validator.internal.xml.ValidationBootstrapParameters - HV000119: Using com.fengmangbilu.common.validator.provider.ReportOnParameterNameProvider as parameter name provider.
2017-12-12 14:11:50.915 [main] INFO  org.hibernate.validator.internal.xml.ValidationXmlParser - HV000007: META-INF/validation.xml found. Parsing XML based configuration.
2017-12-12 14:11:50.923 [main] INFO  org.hibernate.validator.internal.xml.ValidationBootstrapParameters - HV000004: Using com.fengmangbilu.common.validator.messageinterpolation.ValidationMessageInterpolator as message interpolator.
2017-12-12 14:11:50.924 [main] INFO  org.hibernate.validator.internal.xml.ValidationBootstrapParameters - HV000119: Using com.fengmangbilu.common.validator.provider.ReportOnParameterNameProvider as parameter name provider.
2017-12-12 14:11:51.023 [main] INFO  org.springframework.web.servlet.mvc.method.annotation.RequestMappingHandlerAdapter - Looking for @ControllerAdvice: org.springframework.boot.context.embedded.AnnotationConfigEmbeddedWebApplicationContext@776802b0: startup date [Tue Dec 12 14:11:38 CST 2017]; parent: org.springframework.context.annotation.AnnotationConfigApplicationContext@67304a40
2017-12-12 14:11:51.038 [main] INFO  org.springframework.web.servlet.mvc.method.annotation.RequestMappingHandlerAdapter - Detected ResponseBodyAdvice bean in jsonFilterResponseBodyAdvice
2017-12-12 14:11:51.183 [main] INFO  org.springframework.web.servlet.handler.SimpleUrlHandlerMapping - Mapped URL path [/swagger-ui.html] onto handler of type [class org.springframework.web.servlet.resource.ResourceHttpRequestHandler]
2017-12-12 14:11:51.183 [main] INFO  org.springframework.web.servlet.handler.SimpleUrlHandlerMapping - Mapped URL path [/webjars/**] onto handler of type [class org.springframework.web.servlet.resource.ResourceHttpRequestHandler]
2017-12-12 14:11:51.183 [main] INFO  org.springframework.web.servlet.handler.SimpleUrlHandlerMapping - Mapped URL path [/**] onto handler of type [class org.springframework.web.servlet.resource.ResourceHttpRequestHandler]
2017-12-12 14:11:51.214 [main] INFO  org.springframework.web.servlet.mvc.method.annotation.ExceptionHandlerExceptionResolver - Detected @ExceptionHandler methods in errorController
2017-12-12 14:11:51.214 [main] INFO  org.springframework.web.servlet.mvc.method.annotation.ExceptionHandlerExceptionResolver - Detected ResponseBodyAdvice implementation in jsonFilterResponseBodyAdvice
2017-12-12 14:11:51.277 [main] INFO  org.springframework.web.servlet.handler.SimpleUrlHandlerMapping - Mapped URL path [/**/favicon.ico] onto handler of type [class org.springframework.web.servlet.resource.ResourceHttpRequestHandler]
2017-12-12 14:11:51.844 [main] INFO  org.springframework.scheduling.concurrent.ThreadPoolTaskScheduler - Initializing ExecutorService  'taskScheduler'
2017-12-12 14:11:52.373 [main] INFO  org.hibernate.validator.internal.xml.ValidationXmlParser - HV000007: META-INF/validation.xml found. Parsing XML based configuration.
2017-12-12 14:11:52.380 [main] INFO  org.hibernate.validator.internal.xml.ValidationBootstrapParameters - HV000004: Using com.fengmangbilu.common.validator.messageinterpolation.ValidationMessageInterpolator as message interpolator.
2017-12-12 14:11:52.380 [main] INFO  org.hibernate.validator.internal.xml.ValidationBootstrapParameters - HV000119: Using com.fengmangbilu.common.validator.provider.ReportOnParameterNameProvider as parameter name provider.
2017-12-12 14:11:52.925 [main] INFO  org.springframework.cloud.netflix.zuul.ZuulFilterInitializer - Starting filter initializer
2017-12-12 14:11:52.997 [main] INFO  org.springframework.integration.codec.kryo.CompositeKryoRegistrar - configured Kryo registration [40, java.io.File] with serializer org.springframework.integration.codec.kryo.FileSerializer
2017-12-12 14:11:53.357 [main] INFO  org.springframework.jmx.export.annotation.AnnotationMBeanExporter - Registering beans for JMX exposure on startup
2017-12-12 14:11:53.370 [main] INFO  org.springframework.jmx.export.annotation.AnnotationMBeanExporter - Bean with name 'environmentManager' has been autodetected for JMX exposure
2017-12-12 14:11:53.371 [main] INFO  org.springframework.jmx.export.annotation.AnnotationMBeanExporter - Bean with name 'rabbitConnectionFactory' has been autodetected for JMX exposure
2017-12-12 14:11:53.372 [main] INFO  org.springframework.jmx.export.annotation.AnnotationMBeanExporter - Bean with name 'integrationMbeanExporter' has been autodetected for JMX exposure
2017-12-12 14:11:53.373 [main] INFO  org.springframework.jmx.export.annotation.AnnotationMBeanExporter - Bean with name 'configurationPropertiesRebinder' has been autodetected for JMX exposure
2017-12-12 14:11:53.374 [main] INFO  org.springframework.jmx.export.annotation.AnnotationMBeanExporter - Bean with name 'refreshEndpoint' has been autodetected for JMX exposure
2017-12-12 14:11:53.374 [main] INFO  org.springframework.jmx.export.annotation.AnnotationMBeanExporter - Bean with name 'serviceRegistryEndpoint' has been autodetected for JMX exposure
2017-12-12 14:11:53.375 [main] INFO  org.springframework.jmx.export.annotation.AnnotationMBeanExporter - Bean with name 'routesEndpoint' has been autodetected for JMX exposure
2017-12-12 14:11:53.376 [main] INFO  org.springframework.jmx.export.annotation.AnnotationMBeanExporter - Bean with name 'routesMvcEndpoint' has been autodetected for JMX exposure
2017-12-12 14:11:53.376 [main] INFO  org.springframework.jmx.export.annotation.AnnotationMBeanExporter - Bean with name 'filtersEndpoint' has been autodetected for JMX exposure
2017-12-12 14:11:53.377 [main] INFO  org.springframework.jmx.export.annotation.AnnotationMBeanExporter - Bean with name 'refreshScope' has been autodetected for JMX exposure
2017-12-12 14:11:53.383 [main] INFO  org.springframework.jmx.export.annotation.AnnotationMBeanExporter - Located managed bean 'environmentManager': registering with JMX server as MBean [org.springframework.cloud.context.environment:name=environmentManager,type=EnvironmentManager]
2017-12-12 14:11:53.401 [main] INFO  org.springframework.jmx.export.annotation.AnnotationMBeanExporter - Located managed bean 'routesEndpoint': registering with JMX server as MBean [org.springframework.cloud.netflix.zuul:name=routesEndpoint,type=RoutesEndpoint]
2017-12-12 14:11:53.412 [main] INFO  org.springframework.jmx.export.annotation.AnnotationMBeanExporter - Located managed bean 'routesMvcEndpoint': registering with JMX server as MBean [org.springframework.cloud.netflix.zuul:name=routesMvcEndpoint,type=RoutesMvcEndpoint]
2017-12-12 14:11:53.422 [main] INFO  org.springframework.jmx.export.annotation.AnnotationMBeanExporter - Located managed bean 'serviceRegistryEndpoint': registering with JMX server as MBean [org.springframework.cloud.client.serviceregistry.endpoint:name=serviceRegistryEndpoint,type=ServiceRegistryEndpoint]
2017-12-12 14:11:53.432 [main] INFO  org.springframework.jmx.export.annotation.AnnotationMBeanExporter - Located managed bean 'filtersEndpoint': registering with JMX server as MBean [org.springframework.cloud.netflix.zuul:name=filtersEndpoint,type=FiltersEndpoint]
2017-12-12 14:11:53.436 [main] INFO  org.springframework.jmx.export.annotation.AnnotationMBeanExporter - Located managed bean 'refreshScope': registering with JMX server as MBean [org.springframework.cloud.context.scope.refresh:name=refreshScope,type=RefreshScope]
2017-12-12 14:11:53.455 [main] INFO  org.springframework.jmx.export.annotation.AnnotationMBeanExporter - Located managed bean 'integrationMbeanExporter': registering with JMX server as MBean [org.springframework.integration.monitor:name=integrationMbeanExporter,type=IntegrationMBeanExporter]
2017-12-12 14:11:53.487 [main] INFO  org.springframework.jmx.export.annotation.AnnotationMBeanExporter - Located managed bean 'configurationPropertiesRebinder': registering with JMX server as MBean [org.springframework.cloud.context.properties:name=configurationPropertiesRebinder,context=776802b0,type=ConfigurationPropertiesRebinder]
2017-12-12 14:11:53.491 [main] INFO  org.springframework.jmx.export.annotation.AnnotationMBeanExporter - Located managed bean 'rabbitConnectionFactory': registering with JMX server as MBean [org.springframework.amqp.rabbit.connection:name=rabbitConnectionFactory,type=CachingConnectionFactory]
2017-12-12 14:11:53.499 [main] INFO  org.springframework.jmx.export.annotation.AnnotationMBeanExporter - Located managed bean 'refreshEndpoint': registering with JMX server as MBean [org.springframework.cloud.endpoint:name=refreshEndpoint,type=RefreshEndpoint]
2017-12-12 14:11:53.508 [main] INFO  org.springframework.integration.monitor.IntegrationMBeanExporter - Registering beans for JMX exposure on startup
2017-12-12 14:11:53.508 [main] INFO  org.springframework.integration.monitor.IntegrationMBeanExporter - Registering MessageChannel errorChannel
2017-12-12 14:11:53.512 [main] INFO  org.springframework.integration.monitor.IntegrationMBeanExporter - Located managed bean 'org.springframework.integration:type=MessageChannel,name=errorChannel': registering with JMX server as MBean [org.springframework.integration:type=MessageChannel,name=errorChannel]
2017-12-12 14:11:53.579 [main] INFO  org.springframework.integration.monitor.IntegrationMBeanExporter - Registering MessageChannel nullChannel
2017-12-12 14:11:53.581 [main] INFO  org.springframework.integration.monitor.IntegrationMBeanExporter - Located managed bean 'org.springframework.integration:type=MessageChannel,name=nullChannel': registering with JMX server as MBean [org.springframework.integration:type=MessageChannel,name=nullChannel]
2017-12-12 14:11:53.588 [main] INFO  org.springframework.integration.monitor.IntegrationMBeanExporter - Registering MessageChannel hystrixStreamOutput
2017-12-12 14:11:53.590 [main] INFO  org.springframework.integration.monitor.IntegrationMBeanExporter - Located managed bean 'org.springframework.integration:type=MessageChannel,name=hystrixStreamOutput': registering with JMX server as MBean [org.springframework.integration:type=MessageChannel,name=hystrixStreamOutput]
2017-12-12 14:11:53.611 [main] INFO  org.springframework.integration.monitor.IntegrationMBeanExporter - Registering MessageHandler errorLogger
2017-12-12 14:11:53.613 [main] INFO  org.springframework.integration.monitor.IntegrationMBeanExporter - Located managed bean 'org.springframework.integration:type=MessageHandler,name=errorLogger,bean=internal': registering with JMX server as MBean [org.springframework.integration:type=MessageHandler,name=errorLogger,bean=internal]
2017-12-12 14:11:53.634 [main] INFO  org.springframework.boot.actuate.endpoint.jmx.EndpointMBeanExporter - Registering beans for JMX exposure on startup
2017-12-12 14:11:53.885 [main] INFO  org.apache.catalina.core.ContainerBase.[Tomcat].[localhost].[/] - jolokia: No access restrictor found, access to any MBean is allowed
2017-12-12 14:11:53.890 [main] INFO  org.apache.catalina.core.ContainerBase.[Tomcat].[localhost].[/] - jolokia: jolokia:type=Config is already registered. Adding it with jolokia:type=Config,uuid=44db71f7-a977-4dea-849a-5b6ebc239808, but you should revise your setup in order to either use a qualifier or ensure, that only a single agent gets registered (otherwise history functionality might not work)
2017-12-12 14:11:53.890 [main] INFO  org.apache.catalina.core.ContainerBase.[Tomcat].[localhost].[/] - jolokia: Cannot register (legacy) MBean handler for config store with name jmx4perl:type=Config since it already exists. This is the case if another agent has been already started within the same JVM. The registration is skipped.
2017-12-12 14:11:53.890 [main] INFO  org.apache.catalina.core.ContainerBase.[Tomcat].[localhost].[/] - jolokia: Jolokia Discovery MBean registration is skipped because there is already one registered.
2017-12-12 14:11:53.934 [main] INFO  org.hibernate.validator.internal.xml.ValidationXmlParser - HV000007: META-INF/validation.xml found. Parsing XML based configuration.
2017-12-12 14:11:53.941 [main] INFO  org.hibernate.validator.internal.xml.ValidationBootstrapParameters - HV000004: Using com.fengmangbilu.common.validator.messageinterpolation.ValidationMessageInterpolator as message interpolator.
2017-12-12 14:11:53.942 [main] INFO  org.hibernate.validator.internal.xml.ValidationBootstrapParameters - HV000119: Using com.fengmangbilu.common.validator.provider.ReportOnParameterNameProvider as parameter name provider.
2017-12-12 14:11:54.454 [main] INFO  org.springframework.context.support.DefaultLifecycleProcessor - Starting beans in phase -2147482648
2017-12-12 14:11:54.621 [main] INFO  com.fengmangbilu.api.ApiApplication - No active profile set, falling back to default profiles: default
2017-12-12 14:11:54.626 [main] INFO  org.springframework.context.annotation.AnnotationConfigApplicationContext - Refreshing org.springframework.context.annotation.AnnotationConfigApplicationContext@54ad9ff9: startup date [Tue Dec 12 14:11:54 CST 2017]; parent: org.springframework.boot.context.embedded.AnnotationConfigEmbeddedWebApplicationContext@776802b0
2017-12-12 14:11:54.682 [main] INFO  org.springframework.beans.factory.annotation.AutowiredAnnotationBeanPostProcessor - JSR-330 'javax.inject.Inject' annotation found and supported for autowiring
2017-12-12 14:11:54.696 [main] INFO  org.hibernate.validator.internal.xml.ValidationXmlParser - HV000007: META-INF/validation.xml found. Parsing XML based configuration.
2017-12-12 14:11:54.715 [main] INFO  org.hibernate.validator.internal.xml.ValidationBootstrapParameters - HV000004: Using com.fengmangbilu.common.validator.messageinterpolation.ValidationMessageInterpolator as message interpolator.
2017-12-12 14:11:54.716 [main] INFO  org.hibernate.validator.internal.xml.ValidationBootstrapParameters - HV000119: Using com.fengmangbilu.common.validator.provider.ReportOnParameterNameProvider as parameter name provider.
2017-12-12 14:11:54.830 [main] INFO  org.springframework.context.support.GenericApplicationContext - Refreshing org.springframework.context.support.GenericApplicationContext@1b9075c9: startup date [Tue Dec 12 14:11:54 CST 2017]; root of context hierarchy
2017-12-12 14:11:55.548 [main] INFO  org.springframework.cloud.netflix.eureka.InstanceInfoFactory - Setting initial instance status as: STARTING
2017-12-12 14:11:55.859 [main] INFO  com.netflix.discovery.DiscoveryClient - Initializing Eureka in region us-east-1
2017-12-12 14:11:55.989 [main] INFO  com.netflix.discovery.provider.DiscoveryJerseyProvider - Using JSON encoding codec LegacyJacksonJson
2017-12-12 14:11:55.990 [main] INFO  com.netflix.discovery.provider.DiscoveryJerseyProvider - Using JSON decoding codec LegacyJacksonJson
2017-12-12 14:11:56.660 [main] INFO  com.netflix.discovery.provider.DiscoveryJerseyProvider - Using XML encoding codec XStreamXml
2017-12-12 14:11:56.661 [main] INFO  com.netflix.discovery.provider.DiscoveryJerseyProvider - Using XML decoding codec XStreamXml
2017-12-12 14:11:57.038 [main] INFO  com.netflix.discovery.shared.resolver.aws.ConfigClusterResolver - Resolving eureka endpoints via configuration
2017-12-12 14:11:57.107 [main] INFO  com.netflix.discovery.DiscoveryClient - Disable delta property : false
2017-12-12 14:11:57.108 [main] INFO  com.netflix.discovery.DiscoveryClient - Single vip registry refresh property : null
2017-12-12 14:11:57.108 [main] INFO  com.netflix.discovery.DiscoveryClient - Force full registry fetch : false
2017-12-12 14:11:57.108 [main] INFO  com.netflix.discovery.DiscoveryClient - Application is null : false
2017-12-12 14:11:57.108 [main] INFO  com.netflix.discovery.DiscoveryClient - Registered Applications size is zero : true
2017-12-12 14:11:57.108 [main] INFO  com.netflix.discovery.DiscoveryClient - Application version is -1: true
2017-12-12 14:11:57.109 [main] INFO  com.netflix.discovery.DiscoveryClient - Getting all instance registry info from the eureka server
2017-12-12 14:11:57.650 [main] INFO  com.netflix.discovery.DiscoveryClient - The response status is 200
2017-12-12 14:11:57.653 [main] INFO  com.netflix.discovery.DiscoveryClient - Starting heartbeat executor: renew interval is: 30
2017-12-12 14:11:57.657 [main] INFO  com.netflix.discovery.InstanceInfoReplicator - InstanceInfoReplicator onDemand update allowed rate per min is 4
2017-12-12 14:11:57.663 [main] INFO  com.netflix.discovery.DiscoveryClient - Discovery Client initialized at timestamp 1513059117660 with initial instances count: 1
2017-12-12 14:11:57.677 [main] INFO  com.fengmangbilu.api.ApiApplication - Started ApiApplication in 3.203 seconds (JVM running for 21.11)
2017-12-12 14:11:57.797 [main] INFO  org.springframework.amqp.rabbit.connection.CachingConnectionFactory - Created new connection: rabbitConnectionFactory#64d691b2:0/SimpleConnection@4b7feb38 [delegate=amqp://admin@127.0.0.1:5672/, localPort= 60513]
2017-12-12 14:11:57.837 [main] INFO  org.springframework.integration.channel.DirectChannel - Channel 'api:8080.hystrixStreamOutput' has 1 subscriber(s).
2017-12-12 14:11:57.838 [main] INFO  org.springframework.context.support.DefaultLifecycleProcessor - Starting beans in phase 0
2017-12-12 14:11:57.838 [main] INFO  org.springframework.cloud.netflix.eureka.serviceregistry.EurekaServiceRegistry - Registering application api with eureka with status UP
2017-12-12 14:11:57.840 [main] INFO  com.netflix.discovery.DiscoveryClient - Saw local status change event StatusChangeEvent [timestamp=1513059117839, current=UP, previous=STARTING]
2017-12-12 14:11:57.843 [DiscoveryClient-InstanceInfoReplicator-0] INFO  com.netflix.discovery.DiscoveryClient - DiscoveryClient_API/Zx-PC:api:8080: registering service...
2017-12-12 14:11:57.849 [main] INFO  org.springframework.boot.actuate.endpoint.jmx.EndpointMBeanExporter - Located managed bean 'auditEventsEndpoint': registering with JMX server as MBean [org.springframework.boot:type=Endpoint,name=auditEventsEndpoint]
2017-12-12 14:11:57.864 [main] INFO  org.springframework.boot.actuate.endpoint.jmx.EndpointMBeanExporter - Located managed bean 'archaiusEndpoint': registering with JMX server as MBean [org.springframework.boot:type=Endpoint,name=archaiusEndpoint]
2017-12-12 14:11:57.875 [main] INFO  org.springframework.boot.actuate.endpoint.jmx.EndpointMBeanExporter - Located managed bean 'featuresEndpoint': registering with JMX server as MBean [org.springframework.boot:type=Endpoint,name=featuresEndpoint]
2017-12-12 14:11:57.878 [main] INFO  org.springframework.boot.actuate.endpoint.jmx.EndpointMBeanExporter - Located managed bean 'requestMappingEndpoint': registering with JMX server as MBean [org.springframework.boot:type=Endpoint,name=requestMappingEndpoint]
2017-12-12 14:11:57.882 [main] INFO  org.springframework.boot.actuate.endpoint.jmx.EndpointMBeanExporter - Located managed bean 'environmentEndpoint': registering with JMX server as MBean [org.springframework.boot:type=Endpoint,name=environmentEndpoint]
2017-12-12 14:11:57.883 [DiscoveryClient-InstanceInfoReplicator-0] INFO  com.netflix.discovery.DiscoveryClient - DiscoveryClient_API/Zx-PC:api:8080 - registration status: 204
2017-12-12 14:11:57.885 [main] INFO  org.springframework.boot.actuate.endpoint.jmx.EndpointMBeanExporter - Located managed bean 'healthEndpoint': registering with JMX server as MBean [org.springframework.boot:type=Endpoint,name=healthEndpoint]
2017-12-12 14:11:57.888 [main] INFO  org.springframework.boot.actuate.endpoint.jmx.EndpointMBeanExporter - Located managed bean 'beansEndpoint': registering with JMX server as MBean [org.springframework.boot:type=Endpoint,name=beansEndpoint]
2017-12-12 14:11:57.891 [main] INFO  org.springframework.boot.actuate.endpoint.jmx.EndpointMBeanExporter - Located managed bean 'infoEndpoint': registering with JMX server as MBean [org.springframework.boot:type=Endpoint,name=infoEndpoint]
2017-12-12 14:11:57.895 [main] INFO  org.springframework.boot.actuate.endpoint.jmx.EndpointMBeanExporter - Located managed bean 'loggersEndpoint': registering with JMX server as MBean [org.springframework.boot:type=Endpoint,name=loggersEndpoint]
2017-12-12 14:11:57.901 [main] INFO  org.springframework.boot.actuate.endpoint.jmx.EndpointMBeanExporter - Located managed bean 'metricsEndpoint': registering with JMX server as MBean [org.springframework.boot:type=Endpoint,name=metricsEndpoint]
2017-12-12 14:11:57.904 [main] INFO  org.springframework.boot.actuate.endpoint.jmx.EndpointMBeanExporter - Located managed bean 'traceEndpoint': registering with JMX server as MBean [org.springframework.boot:type=Endpoint,name=traceEndpoint]
2017-12-12 14:11:57.907 [main] INFO  org.springframework.boot.actuate.endpoint.jmx.EndpointMBeanExporter - Located managed bean 'dumpEndpoint': registering with JMX server as MBean [org.springframework.boot:type=Endpoint,name=dumpEndpoint]
2017-12-12 14:11:57.910 [main] INFO  org.springframework.boot.actuate.endpoint.jmx.EndpointMBeanExporter - Located managed bean 'autoConfigurationReportEndpoint': registering with JMX server as MBean [org.springframework.boot:type=Endpoint,name=autoConfigurationReportEndpoint]
2017-12-12 14:11:57.913 [main] INFO  org.springframework.boot.actuate.endpoint.jmx.EndpointMBeanExporter - Located managed bean 'configurationPropertiesReportEndpoint': registering with JMX server as MBean [org.springframework.boot:type=Endpoint,name=configurationPropertiesReportEndpoint]
2017-12-12 14:11:57.917 [main] INFO  org.springframework.boot.actuate.endpoint.jmx.EndpointMBeanExporter - Located managed bean 'channelsEndpoint': registering with JMX server as MBean [org.springframework.boot:type=Endpoint,name=channelsEndpoint]
2017-12-12 14:11:57.918 [main] INFO  org.springframework.integration.endpoint.EventDrivenConsumer - Adding {logging-channel-adapter:_org.springframework.integration.errorLogger} as a subscriber to the 'errorChannel' channel
2017-12-12 14:11:57.918 [main] INFO  org.springframework.integration.channel.PublishSubscribeChannel - Channel 'api:8080.errorChannel' has 1 subscriber(s).
2017-12-12 14:11:57.918 [main] INFO  org.springframework.integration.endpoint.EventDrivenConsumer - started _org.springframework.integration.errorLogger
2017-12-12 14:11:57.918 [main] INFO  org.springframework.context.support.DefaultLifecycleProcessor - Starting beans in phase 2147482647
2017-12-12 14:11:57.919 [main] INFO  org.springframework.context.support.DefaultLifecycleProcessor - Starting beans in phase 2147483647
2017-12-12 14:11:57.919 [main] INFO  springfox.documentation.spring.web.plugins.DocumentationPluginsBootstrapper - Context refreshed
2017-12-12 14:11:57.950 [main] INFO  springfox.documentation.spring.web.plugins.DocumentationPluginsBootstrapper - Found 1 custom documentation plugin(s)
2017-12-12 14:11:58.033 [main] INFO  springfox.documentation.spring.web.scanners.ApiListingReferenceScanner - Scanning for api listing references
2017-12-12 14:11:58.209 [main] INFO  org.springframework.cloud.netflix.hystrix.HystrixCircuitBreakerConfiguration$HystrixMetricsPollerConfiguration - Starting poller
2017-12-12 14:11:58.250 [main] INFO  org.apache.coyote.http11.Http11NioProtocol - Initializing ProtocolHandler ["http-nio-8080"]
2017-12-12 14:11:58.271 [main] INFO  org.apache.coyote.http11.Http11NioProtocol - Starting ProtocolHandler ["http-nio-8080"]
2017-12-12 14:11:58.291 [main] INFO  org.apache.tomcat.util.net.NioSelectorPool - Using a shared selector for servlet write/read
2017-12-12 14:11:58.318 [main] INFO  org.springframework.boot.context.embedded.tomcat.TomcatEmbeddedServletContainer - Tomcat started on port(s): 8080 (http)
2017-12-12 14:11:58.319 [main] INFO  org.springframework.cloud.netflix.eureka.serviceregistry.EurekaAutoServiceRegistration - Updating port to 8080
2017-12-12 14:11:58.322 [main] INFO  com.fengmangbilu.api.ApiApplication - Started ApiApplication in 21.263 seconds (JVM running for 21.755)
2017-12-12 14:12:48.826 [http-nio-8080-exec-3] INFO  org.apache.catalina.core.ContainerBase.[Tomcat].[localhost].[/] - Initializing Spring FrameworkServlet 'dispatcherServlet'
2017-12-12 14:12:48.826 [http-nio-8080-exec-3] INFO  org.springframework.web.servlet.DispatcherServlet - FrameworkServlet 'dispatcherServlet': initialization started
2017-12-12 14:12:48.859 [http-nio-8080-exec-3] INFO  org.springframework.web.servlet.DispatcherServlet - FrameworkServlet 'dispatcherServlet': initialization completed in 33 ms
2017-12-12 14:12:48.884 [http-nio-8080-exec-3] INFO  org.springframework.cloud.netflix.zuul.web.ZuulHandlerMapping - Mapped URL path [/api/v1/user/**] onto handler of type [class org.springframework.cloud.netflix.zuul.web.ZuulController]
2017-12-12 14:12:48.885 [http-nio-8080-exec-3] INFO  org.springframework.cloud.netflix.zuul.web.ZuulHandlerMapping - Mapped URL path [/api/v1/sms/**] onto handler of type [class org.springframework.cloud.netflix.zuul.web.ZuulController]
2017-12-12 14:12:48.885 [http-nio-8080-exec-3] INFO  org.springframework.cloud.netflix.zuul.web.ZuulHandlerMapping - Mapped URL path [/api/v1/game/**] onto handler of type [class org.springframework.cloud.netflix.zuul.web.ZuulController]
2017-12-12 14:12:49.205 [http-nio-8080-exec-1] INFO  org.springframework.context.annotation.AnnotationConfigApplicationContext - Refreshing org.springframework.context.annotation.AnnotationConfigApplicationContext@2f0ecdd3: startup date [Tue Dec 12 14:12:49 CST 2017]; parent: org.springframework.boot.context.embedded.AnnotationConfigEmbeddedWebApplicationContext@776802b0
2017-12-12 14:12:49.294 [http-nio-8080-exec-1] INFO  org.springframework.beans.factory.annotation.AutowiredAnnotationBeanPostProcessor - JSR-330 'javax.inject.Inject' annotation found and supported for autowiring
2017-12-12 14:12:49.534 [http-nio-8080-exec-1] INFO  com.netflix.config.ChainedDynamicProperty - Flipping property: user.ribbon.ActiveConnectionsLimit to use NEXT property: niws.loadbalancer.availabilityFilteringRule.activeConnectionsLimit = 2147483647
2017-12-12 14:12:49.561 [http-nio-8080-exec-1] INFO  com.netflix.util.concurrent.ShutdownEnabledTimer - Shutdown hook installed for: NFLoadBalancer-PingTimer-user
2017-12-12 14:12:49.566 [http-nio-8080-exec-1] INFO  com.netflix.loadbalancer.BaseLoadBalancer - Client: user instantiated a LoadBalancer: DynamicServerListLoadBalancer:{NFLoadBalancer:name=user,current list of Servers=[],Load balancer stats=Zone stats: {},Server stats: []}ServerList:null
2017-12-12 14:12:49.586 [http-nio-8080-exec-1] INFO  com.netflix.loadbalancer.DynamicServerListLoadBalancer - Using serverListUpdater PollingServerListUpdater
2017-12-12 14:12:49.629 [http-nio-8080-exec-1] INFO  com.netflix.config.ChainedDynamicProperty - Flipping property: user.ribbon.ActiveConnectionsLimit to use NEXT property: niws.loadbalancer.availabilityFilteringRule.activeConnectionsLimit = 2147483647
2017-12-12 14:12:49.634 [http-nio-8080-exec-1] INFO  com.netflix.loadbalancer.DynamicServerListLoadBalancer - DynamicServerListLoadBalancer for client user initialized: DynamicServerListLoadBalancer:{NFLoadBalancer:name=user,current list of Servers=[localhost:8001],Load balancer stats=Zone stats: {defaultzone=[Zone:defaultzone;	Instance count:1;	Active connections count: 0;	Circuit breaker tripped count: 0;	Active connections per server: 0.0;]
},Server stats: [[Server:localhost:8001;	Zone:defaultZone;	Total Requests:0;	Successive connection failure:0;	Total blackout seconds:0;	Last connection made:Thu Jan 01 08:00:00 CST 1970;	First connection made: Thu Jan 01 08:00:00 CST 1970;	Active Connections:0;	total failure count in last (1000) msecs:0;	average resp time:0.0;	90 percentile resp time:0.0;	95 percentile resp time:0.0;	min resp time:0.0;	max resp time:0.0;	stddev resp time:0.0]
]}ServerList:org.springframework.cloud.netflix.ribbon.eureka.DomainExtractingServerList@4e647e6
2017-12-12 14:12:50.590 [PollingServerListUpdater-0] INFO  com.netflix.config.ChainedDynamicProperty - Flipping property: user.ribbon.ActiveConnectionsLimit to use NEXT property: niws.loadbalancer.availabilityFilteringRule.activeConnectionsLimit = 2147483647
2017-12-12 14:12:50.771 [task-scheduler-5] INFO  org.springframework.amqp.rabbit.connection.CachingConnectionFactory - Created new connection: SpringAMQP#15d186cf:0/SimpleConnection@771142be [delegate=amqp://admin@127.0.0.1:5672/, localPort= 60689]
2017-12-12 14:16:57.149 [AsyncResolver-bootstrap-executor-0] INFO  com.netflix.discovery.shared.resolver.aws.ConfigClusterResolver - Resolving eureka endpoints via configuration
2017-12-12 14:21:57.155 [AsyncResolver-bootstrap-executor-0] INFO  com.netflix.discovery.shared.resolver.aws.ConfigClusterResolver - Resolving eureka endpoints via configuration
2017-12-12 14:26:57.160 [AsyncResolver-bootstrap-executor-0] INFO  com.netflix.discovery.shared.resolver.aws.ConfigClusterResolver - Resolving eureka endpoints via configuration
2017-12-12 14:30:05.085 [http-nio-8080-exec-3] INFO  org.springframework.context.annotation.AnnotationConfigApplicationContext - Refreshing org.springframework.context.annotation.AnnotationConfigApplicationContext@6f5eb434: startup date [Tue Dec 12 14:30:05 CST 2017]; parent: org.springframework.boot.context.embedded.AnnotationConfigEmbeddedWebApplicationContext@776802b0
2017-12-12 14:30:05.116 [http-nio-8080-exec-3] INFO  org.springframework.beans.factory.annotation.AutowiredAnnotationBeanPostProcessor - JSR-330 'javax.inject.Inject' annotation found and supported for autowiring
2017-12-12 14:30:05.140 [http-nio-8080-exec-3] INFO  com.netflix.config.ChainedDynamicProperty - Flipping property: sms.ribbon.ActiveConnectionsLimit to use NEXT property: niws.loadbalancer.availabilityFilteringRule.activeConnectionsLimit = 2147483647
2017-12-12 14:30:05.144 [http-nio-8080-exec-3] INFO  com.netflix.util.concurrent.ShutdownEnabledTimer - Shutdown hook installed for: NFLoadBalancer-PingTimer-sms
2017-12-12 14:30:05.145 [http-nio-8080-exec-3] INFO  com.netflix.loadbalancer.BaseLoadBalancer - Client: sms instantiated a LoadBalancer: DynamicServerListLoadBalancer:{NFLoadBalancer:name=sms,current list of Servers=[],Load balancer stats=Zone stats: {},Server stats: []}ServerList:null
2017-12-12 14:30:05.146 [http-nio-8080-exec-3] INFO  com.netflix.loadbalancer.DynamicServerListLoadBalancer - Using serverListUpdater PollingServerListUpdater
2017-12-12 14:30:05.147 [http-nio-8080-exec-3] INFO  com.netflix.loadbalancer.DynamicServerListLoadBalancer - DynamicServerListLoadBalancer for client sms initialized: DynamicServerListLoadBalancer:{NFLoadBalancer:name=sms,current list of Servers=[],Load balancer stats=Zone stats: {},Server stats: []}ServerList:org.springframework.cloud.netflix.ribbon.eureka.DomainExtractingServerList@593b1c9e
2017-12-12 14:30:36.164 [PollingServerListUpdater-1] INFO  com.netflix.config.ChainedDynamicProperty - Flipping property: sms.ribbon.ActiveConnectionsLimit to use NEXT property: niws.loadbalancer.availabilityFilteringRule.activeConnectionsLimit = 2147483647
2017-12-12 14:31:57.171 [AsyncResolver-bootstrap-executor-0] INFO  com.netflix.discovery.shared.resolver.aws.ConfigClusterResolver - Resolving eureka endpoints via configuration
2017-12-12 14:36:57.187 [AsyncResolver-bootstrap-executor-0] INFO  com.netflix.discovery.shared.resolver.aws.ConfigClusterResolver - Resolving eureka endpoints via configuration
2017-12-12 14:41:57.193 [AsyncResolver-bootstrap-executor-0] INFO  com.netflix.discovery.shared.resolver.aws.ConfigClusterResolver - Resolving eureka endpoints via configuration
2017-12-12 14:46:57.205 [AsyncResolver-bootstrap-executor-0] INFO  com.netflix.discovery.shared.resolver.aws.ConfigClusterResolver - Resolving eureka endpoints via configuration
2017-12-12 14:51:57.211 [AsyncResolver-bootstrap-executor-0] INFO  com.netflix.discovery.shared.resolver.aws.ConfigClusterResolver - Resolving eureka endpoints via configuration
2017-12-12 14:56:57.216 [AsyncResolver-bootstrap-executor-0] INFO  com.netflix.discovery.shared.resolver.aws.ConfigClusterResolver - Resolving eureka endpoints via configuration
2017-12-12 15:01:57.221 [AsyncResolver-bootstrap-executor-0] INFO  com.netflix.discovery.shared.resolver.aws.ConfigClusterResolver - Resolving eureka endpoints via configuration
2017-12-12 15:06:57.226 [AsyncResolver-bootstrap-executor-0] INFO  com.netflix.discovery.shared.resolver.aws.ConfigClusterResolver - Resolving eureka endpoints via configuration
2017-12-12 15:11:57.231 [AsyncResolver-bootstrap-executor-0] INFO  com.netflix.discovery.shared.resolver.aws.ConfigClusterResolver - Resolving eureka endpoints via configuration
